BLASTN 2.12.0+


Reference: Stephen F. Altschul, Thomas L. Madden, Alejandro A.
Schaffer, Jinghui Zhang, Zheng Zhang, Webb Miller, and David J.
Lipman (1997), "Gapped BLAST and PSI-BLAST: a new generation of
protein database search programs", Nucleic Acids Res. 25:3389-3402.



Database: datasets/ncbi_dataset/data/GCA_002271895.2/chr1.fna
           1 sequences; 241,225,625 total letters



Query= 
Length=21
                                                                      Score     E
Sequences producing significant alignments:                          (Bits)  Value

CM008431.1 Capsicum chinense isolate PI159236 chromosome 1, whole...  30.2    1.2  


>CM008431.1 Capsicum chinense isolate PI159236 chromosome 1, whole genome 
shotgun sequence
Length=241225625

 Score = 30.2 bits (15),  Expect = 1.2
 Identities = 18/19 (95%), Gaps = 0/19 (0%)
 Strand=Plus/Plus

Query  2         ACTCACTTTGGCAGTCTCT  20
                 ||||||||| |||||||||
Sbjct  81493923  ACTCACTTTTGCAGTCTCT  81493941


 Score = 28.2 bits (14),  Expect = 4.5
 Identities = 14/14 (100%), Gaps = 0/14 (0%)
 Strand=Plus/Plus

Query  5         CACTTTGGCAGTCT  18
                 ||||||||||||||
Sbjct  58794206  CACTTTGGCAGTCT  58794219


 Score = 28.2 bits (14),  Expect = 4.5
 Identities = 14/14 (100%), Gaps = 0/14 (0%)
 Strand=Plus/Plus

Query  1          AACTCACTTTGGCA  14
                  ||||||||||||||
Sbjct  126156851  AACTCACTTTGGCA  126156864


 Score = 28.2 bits (14),  Expect = 4.5
 Identities = 14/14 (100%), Gaps = 0/14 (0%)
 Strand=Plus/Minus

Query  5         CACTTTGGCAGTCT  18
                 ||||||||||||||
Sbjct  83368301  CACTTTGGCAGTCT  83368288


 Score = 28.2 bits (14),  Expect = 4.5
 Identities = 14/14 (100%), Gaps = 0/14 (0%)
 Strand=Plus/Minus

Query  3          CTCACTTTGGCAGT  16
                  ||||||||||||||
Sbjct  127828641  CTCACTTTGGCAGT  127828628


 Score = 28.2 bits (14),  Expect = 4.5
 Identities = 14/14 (100%), Gaps = 0/14 (0%)
 Strand=Plus/Minus

Query  4          TCACTTTGGCAGTC  17
                  ||||||||||||||
Sbjct  179946433  TCACTTTGGCAGTC  179946420



Lambda      K        H
    1.37    0.711     1.31 

Gapped
Lambda      K        H
    1.37    0.711     1.31 

Effective search space used: 1447353660


  Database: datasets/ncbi_dataset/data/GCA_002271895.2/chr1.fna
    Posted date:  Sep 10, 2021  3:03 PM
  Number of letters in database: 241,225,625
  Number of sequences in database:  1



Matrix: blastn matrix 1 -3
Gap Penalties: Existence: 5, Extension: 2
