BLASTN 2.12.0+


Reference: Stephen F. Altschul, Thomas L. Madden, Alejandro A.
Schaffer, Jinghui Zhang, Zheng Zhang, Webb Miller, and David J.
Lipman (1997), "Gapped BLAST and PSI-BLAST: a new generation of
protein database search programs", Nucleic Acids Res. 25:3389-3402.



Database: datasets/ncbi_dataset/data/GCA_002271895.2/chr6.fna
           1 sequences; 251,477,985 total letters



Query= 
Length=20
                                                                      Score     E
Sequences producing significant alignments:                          (Bits)  Value

CM008436.1 Capsicum chinense isolate PI159236 chromosome 6, whole...  40.1    0.001


>CM008436.1 Capsicum chinense isolate PI159236 chromosome 6, whole genome 
shotgun sequence
Length=251477985

 Score = 40.1 bits (20),  Expect = 0.001
 Identities = 20/20 (100%), Gaps = 0/20 (0%)
 Strand=Plus/Minus

Query  1          AATTGGGATGCAGCGTGTCT  20
                  ||||||||||||||||||||
Sbjct  142014295  AATTGGGATGCAGCGTGTCT  142014276


 Score = 30.2 bits (15),  Expect = 1.00
 Identities = 15/15 (100%), Gaps = 0/15 (0%)
 Strand=Plus/Plus

Query  1          AATTGGGATGCAGCG  15
                  |||||||||||||||
Sbjct  188420593  AATTGGGATGCAGCG  188420607


 Score = 28.2 bits (14),  Expect = 4.0
 Identities = 14/14 (100%), Gaps = 0/14 (0%)
 Strand=Plus/Plus

Query  2        ATTGGGATGCAGCG  15
                ||||||||||||||
Sbjct  1956750  ATTGGGATGCAGCG  1956763


 Score = 28.2 bits (14),  Expect = 4.0
 Identities = 14/14 (100%), Gaps = 0/14 (0%)
 Strand=Plus/Plus

Query  4          TGGGATGCAGCGTG  17
                  ||||||||||||||
Sbjct  251226467  TGGGATGCAGCGTG  251226480



Lambda      K        H
    1.37    0.711     1.31 

Gapped
Lambda      K        H
    1.37    0.711     1.31 

Effective search space used: 1257389850


  Database: datasets/ncbi_dataset/data/GCA_002271895.2/chr6.fna
    Posted date:  Sep 10, 2021  3:03 PM
  Number of letters in database: 251,477,985
  Number of sequences in database:  1



Matrix: blastn matrix 1 -3
Gap Penalties: Existence: 5, Extension: 2
