BLASTN 2.12.0+


Reference: Stephen F. Altschul, Thomas L. Madden, Alejandro A.
Schaffer, Jinghui Zhang, Zheng Zhang, Webb Miller, and David J.
Lipman (1997), "Gapped BLAST and PSI-BLAST: a new generation of
protein database search programs", Nucleic Acids Res. 25:3389-3402.



Database: datasets/ncbi_dataset/data/GCA_002271895.2/chr10.fna
           1 sequences; 233,440,839 total letters



Query= 
Length=23
                                                                      Score     E
Sequences producing significant alignments:                          (Bits)  Value

CM008440.1 Capsicum chinense isolate PI159236 chromosome 10, whol...  30.2    1.5  


>CM008440.1 Capsicum chinense isolate PI159236 chromosome 10, whole genome 
shotgun sequence
Length=233440839

 Score = 30.2 bits (15),  Expect = 1.5
 Identities = 15/15 (100%), Gaps = 0/15 (0%)
 Strand=Plus/Minus

Query  9          GTATCTGAGGCTAAA  23
                  |||||||||||||||
Sbjct  133808917  GTATCTGAGGCTAAA  133808903


 Score = 28.2 bits (14),  Expect = 5.9
 Identities = 14/14 (100%), Gaps = 0/14 (0%)
 Strand=Plus/Plus

Query  8         AGTATCTGAGGCTA  21
                 ||||||||||||||
Sbjct  42142844  AGTATCTGAGGCTA  42142857


 Score = 28.2 bits (14),  Expect = 5.9
 Identities = 14/14 (100%), Gaps = 0/14 (0%)
 Strand=Plus/Minus

Query  8         AGTATCTGAGGCTA  21
                 ||||||||||||||
Sbjct  51503531  AGTATCTGAGGCTA  51503518


 Score = 28.2 bits (14),  Expect = 5.9
 Identities = 14/14 (100%), Gaps = 0/14 (0%)
 Strand=Plus/Minus

Query  9          GTATCTGAGGCTAA  22
                  ||||||||||||||
Sbjct  116518007  GTATCTGAGGCTAA  116517994


 Score = 28.2 bits (14),  Expect = 5.9
 Identities = 14/14 (100%), Gaps = 0/14 (0%)
 Strand=Plus/Minus

Query  10         TATCTGAGGCTAAA  23
                  ||||||||||||||
Sbjct  198560015  TATCTGAGGCTAAA  198560002


 Score = 28.2 bits (14),  Expect = 5.9
 Identities = 14/14 (100%), Gaps = 0/14 (0%)
 Strand=Plus/Minus

Query  4          CACGAGTATCTGAG  17
                  ||||||||||||||
Sbjct  226250642  CACGAGTATCTGAG  226250629



Lambda      K        H
    1.37    0.711     1.31 

Gapped
Lambda      K        H
    1.37    0.711     1.31 

Effective search space used: 1867526592


  Database: datasets/ncbi_dataset/data/GCA_002271895.2/chr10.fna
    Posted date:  Sep 10, 2021  3:04 PM
  Number of letters in database: 233,440,839
  Number of sequences in database:  1



Matrix: blastn matrix 1 -3
Gap Penalties: Existence: 5, Extension: 2
