BLASTN 2.12.0+


Reference: Stephen F. Altschul, Thomas L. Madden, Alejandro A.
Schaffer, Jinghui Zhang, Zheng Zhang, Webb Miller, and David J.
Lipman (1997), "Gapped BLAST and PSI-BLAST: a new generation of
protein database search programs", Nucleic Acids Res. 25:3389-3402.



Database: datasets/ncbi_dataset/data/GCA_002271895.2/chr7.fna
           1 sequences; 234,238,532 total letters



Query= 
Length=22
                                                                      Score     E
Sequences producing significant alignments:                          (Bits)  Value

CM008437.1 Capsicum chinense isolate PI159236 chromosome 7, whole...  44.1    9e-05


>CM008437.1 Capsicum chinense isolate PI159236 chromosome 7, whole genome 
shotgun sequence
Length=234238532

 Score = 44.1 bits (22),  Expect = 9e-05
 Identities = 22/22 (100%), Gaps = 0/22 (0%)
 Strand=Plus/Minus

Query  1          AGAGGTAGAGAGAGCACAAGAG  22
                  ||||||||||||||||||||||
Sbjct  218536325  AGAGGTAGAGAGAGCACAAGAG  218536304


 Score = 32.2 bits (16),  Expect = 0.33
 Identities = 16/16 (100%), Gaps = 0/16 (0%)
 Strand=Plus/Minus

Query  7         AGAGAGAGCACAAGAG  22
                 ||||||||||||||||
Sbjct  13974762  AGAGAGAGCACAAGAG  13974747


 Score = 32.2 bits (16),  Expect = 0.33
 Identities = 16/16 (100%), Gaps = 0/16 (0%)
 Strand=Plus/Plus

Query  1          AGAGGTAGAGAGAGCA  16
                  ||||||||||||||||
Sbjct  202934257  AGAGGTAGAGAGAGCA  202934272


 Score = 28.2 bits (14),  Expect = 5.2
 Identities = 17/18 (94%), Gaps = 0/18 (0%)
 Strand=Plus/Minus

Query  5        GTAGAGAGAGCACAAGAG  22
                |||||||||| |||||||
Sbjct  1022142  GTAGAGAGAGAACAAGAG  1022125


 Score = 28.2 bits (14),  Expect = 5.2
 Identities = 14/14 (100%), Gaps = 0/14 (0%)
 Strand=Plus/Minus

Query  1        AGAGGTAGAGAGAG  14
                ||||||||||||||
Sbjct  7845784  AGAGGTAGAGAGAG  7845771


 Score = 28.2 bits (14),  Expect = 5.2
 Identities = 14/14 (100%), Gaps = 0/14 (0%)
 Strand=Plus/Minus

Query  1        AGAGGTAGAGAGAG  14
                ||||||||||||||
Sbjct  9519332  AGAGGTAGAGAGAG  9519319


 Score = 28.2 bits (14),  Expect = 5.2
 Identities = 14/14 (100%), Gaps = 0/14 (0%)
 Strand=Plus/Minus

Query  9         AGAGAGCACAAGAG  22
                 ||||||||||||||
Sbjct  11228017  AGAGAGCACAAGAG  11228004


 Score = 28.2 bits (14),  Expect = 5.2
 Identities = 14/14 (100%), Gaps = 0/14 (0%)
 Strand=Plus/Minus

Query  1         AGAGGTAGAGAGAG  14
                 ||||||||||||||
Sbjct  28749944  AGAGGTAGAGAGAG  28749931


 Score = 28.2 bits (14),  Expect = 5.2
 Identities = 14/14 (100%), Gaps = 0/14 (0%)
 Strand=Plus/Minus

Query  1         AGAGGTAGAGAGAG  14
                 ||||||||||||||
Sbjct  47966650  AGAGGTAGAGAGAG  47966637


 Score = 28.2 bits (14),  Expect = 5.2
 Identities = 14/14 (100%), Gaps = 0/14 (0%)
 Strand=Plus/Minus

Query  3         AGGTAGAGAGAGCA  16
                 ||||||||||||||
Sbjct  64423866  AGGTAGAGAGAGCA  64423853


 Score = 28.2 bits (14),  Expect = 5.2
 Identities = 14/14 (100%), Gaps = 0/14 (0%)
 Strand=Plus/Minus

Query  1         AGAGGTAGAGAGAG  14
                 ||||||||||||||
Sbjct  98088171  AGAGGTAGAGAGAG  98088158


 Score = 28.2 bits (14),  Expect = 5.2
 Identities = 14/14 (100%), Gaps = 0/14 (0%)
 Strand=Plus/Minus

Query  1          AGAGGTAGAGAGAG  14
                  ||||||||||||||
Sbjct  135710693  AGAGGTAGAGAGAG  135710680


 Score = 28.2 bits (14),  Expect = 5.2
 Identities = 14/14 (100%), Gaps = 0/14 (0%)
 Strand=Plus/Minus

Query  1          AGAGGTAGAGAGAG  14
                  ||||||||||||||
Sbjct  164335755  AGAGGTAGAGAGAG  164335742


 Score = 28.2 bits (14),  Expect = 5.2
 Identities = 14/14 (100%), Gaps = 0/14 (0%)
 Strand=Plus/Plus

Query  7         AGAGAGAGCACAAG  20
                 ||||||||||||||
Sbjct  23659609  AGAGAGAGCACAAG  23659622


 Score = 28.2 bits (14),  Expect = 5.2
 Identities = 14/14 (100%), Gaps = 0/14 (0%)
 Strand=Plus/Plus

Query  6         TAGAGAGAGCACAA  19
                 ||||||||||||||
Sbjct  88438537  TAGAGAGAGCACAA  88438550


 Score = 28.2 bits (14),  Expect = 5.2
 Identities = 14/14 (100%), Gaps = 0/14 (0%)
 Strand=Plus/Plus

Query  1          AGAGGTAGAGAGAG  14
                  ||||||||||||||
Sbjct  116348554  AGAGGTAGAGAGAG  116348567


 Score = 28.2 bits (14),  Expect = 5.2
 Identities = 14/14 (100%), Gaps = 0/14 (0%)
 Strand=Plus/Plus

Query  1          AGAGGTAGAGAGAG  14
                  ||||||||||||||
Sbjct  127949749  AGAGGTAGAGAGAG  127949762


 Score = 28.2 bits (14),  Expect = 5.2
 Identities = 14/14 (100%), Gaps = 0/14 (0%)
 Strand=Plus/Plus

Query  1          AGAGGTAGAGAGAG  14
                  ||||||||||||||
Sbjct  163930545  AGAGGTAGAGAGAG  163930558


 Score = 28.2 bits (14),  Expect = 5.2
 Identities = 14/14 (100%), Gaps = 0/14 (0%)
 Strand=Plus/Plus

Query  6          TAGAGAGAGCACAA  19
                  ||||||||||||||
Sbjct  171525485  TAGAGAGAGCACAA  171525498


 Score = 28.2 bits (14),  Expect = 5.2
 Identities = 14/14 (100%), Gaps = 0/14 (0%)
 Strand=Plus/Plus

Query  1          AGAGGTAGAGAGAG  14
                  ||||||||||||||
Sbjct  200658617  AGAGGTAGAGAGAG  200658630


 Score = 28.2 bits (14),  Expect = 5.2
 Identities = 17/18 (94%), Gaps = 0/18 (0%)
 Strand=Plus/Plus

Query  5          GTAGAGAGAGCACAAGAG  22
                  |||||||||| |||||||
Sbjct  207532873  GTAGAGAGAGAACAAGAG  207532890



Lambda      K        H
    1.37    0.711     1.31 

Gapped
Lambda      K        H
    1.37    0.711     1.31 

Effective search space used: 1639669619


  Database: datasets/ncbi_dataset/data/GCA_002271895.2/chr7.fna
    Posted date:  Sep 10, 2021  3:03 PM
  Number of letters in database: 234,238,532
  Number of sequences in database:  1



Matrix: blastn matrix 1 -3
Gap Penalties: Existence: 5, Extension: 2
