BLASTN 2.12.0+


Reference: Stephen F. Altschul, Thomas L. Madden, Alejandro A.
Schaffer, Jinghui Zhang, Zheng Zhang, Webb Miller, and David J.
Lipman (1997), "Gapped BLAST and PSI-BLAST: a new generation of
protein database search programs", Nucleic Acids Res. 25:3389-3402.



Database: datasets/ncbi_dataset/data/GCA_002271895.2/chr1.fna
           1 sequences; 241,225,625 total letters



Query= 
Length=20
                                                                      Score     E
Sequences producing significant alignments:                          (Bits)  Value

CM008431.1 Capsicum chinense isolate PI159236 chromosome 1, whole...  30.2    0.96 


>CM008431.1 Capsicum chinense isolate PI159236 chromosome 1, whole genome 
shotgun sequence
Length=241225625

 Score = 30.2 bits (15),  Expect = 0.96
 Identities = 15/15 (100%), Gaps = 0/15 (0%)
 Strand=Plus/Plus

Query  3         CATCGTTCATGACAC  17
                 |||||||||||||||
Sbjct  76981938  CATCGTTCATGACAC  76981952


 Score = 28.2 bits (14),  Expect = 3.8
 Identities = 14/14 (100%), Gaps = 0/14 (0%)
 Strand=Plus/Plus

Query  6         CGTTCATGACACCT  19
                 ||||||||||||||
Sbjct  65123158  CGTTCATGACACCT  65123171


 Score = 28.2 bits (14),  Expect = 3.8
 Identities = 14/14 (100%), Gaps = 0/14 (0%)
 Strand=Plus/Plus

Query  4          ATCGTTCATGACAC  17
                  ||||||||||||||
Sbjct  101666697  ATCGTTCATGACAC  101666710


 Score = 28.2 bits (14),  Expect = 3.8
 Identities = 14/14 (100%), Gaps = 0/14 (0%)
 Strand=Plus/Plus

Query  1          GGCATCGTTCATGA  14
                  ||||||||||||||
Sbjct  145091562  GGCATCGTTCATGA  145091575


 Score = 28.2 bits (14),  Expect = 3.8
 Identities = 14/14 (100%), Gaps = 0/14 (0%)
 Strand=Plus/Plus

Query  3          CATCGTTCATGACA  16
                  ||||||||||||||
Sbjct  176146946  CATCGTTCATGACA  176146959


 Score = 28.2 bits (14),  Expect = 3.8
 Identities = 14/14 (100%), Gaps = 0/14 (0%)
 Strand=Plus/Plus

Query  4          ATCGTTCATGACAC  17
                  ||||||||||||||
Sbjct  192730993  ATCGTTCATGACAC  192731006



Lambda      K        H
    1.37    0.711     1.31 

Gapped
Lambda      K        H
    1.37    0.711     1.31 

Effective search space used: 1206128050


  Database: datasets/ncbi_dataset/data/GCA_002271895.2/chr1.fna
    Posted date:  Sep 10, 2021  3:03 PM
  Number of letters in database: 241,225,625
  Number of sequences in database:  1



Matrix: blastn matrix 1 -3
Gap Penalties: Existence: 5, Extension: 2
