BLASTN 2.12.0+


Reference: Stephen F. Altschul, Thomas L. Madden, Alejandro A.
Schaffer, Jinghui Zhang, Zheng Zhang, Webb Miller, and David J.
Lipman (1997), "Gapped BLAST and PSI-BLAST: a new generation of
protein database search programs", Nucleic Acids Res. 25:3389-3402.



Database: datasets/ncbi_dataset/data/GCA_002271895.2/chr10.fna
           1 sequences; 233,440,839 total letters



Query= 
Length=22
                                                                      Score     E
Sequences producing significant alignments:                          (Bits)  Value

CM008440.1 Capsicum chinense isolate PI159236 chromosome 10, whol...  30.2    1.3  


>CM008440.1 Capsicum chinense isolate PI159236 chromosome 10, whole genome 
shotgun sequence
Length=233440839

 Score = 30.2 bits (15),  Expect = 1.3
 Identities = 15/15 (100%), Gaps = 0/15 (0%)
 Strand=Plus/Plus

Query  6         TTAATGCAACTGATG  20
                 |||||||||||||||
Sbjct  27399942  TTAATGCAACTGATG  27399956


 Score = 30.2 bits (15),  Expect = 1.3
 Identities = 15/15 (100%), Gaps = 0/15 (0%)
 Strand=Plus/Plus

Query  7         TAATGCAACTGATGT  21
                 |||||||||||||||
Sbjct  32816772  TAATGCAACTGATGT  32816786


 Score = 30.2 bits (15),  Expect = 1.3
 Identities = 15/15 (100%), Gaps = 0/15 (0%)
 Strand=Plus/Plus

Query  6          TTAATGCAACTGATG  20
                  |||||||||||||||
Sbjct  194785686  TTAATGCAACTGATG  194785700


 Score = 30.2 bits (15),  Expect = 1.3
 Identities = 15/15 (100%), Gaps = 0/15 (0%)
 Strand=Plus/Minus

Query  7          TAATGCAACTGATGT  21
                  |||||||||||||||
Sbjct  205332600  TAATGCAACTGATGT  205332586


 Score = 28.2 bits (14),  Expect = 5.1
 Identities = 14/14 (100%), Gaps = 0/14 (0%)
 Strand=Plus/Minus

Query  8        AATGCAACTGATGT  21
                ||||||||||||||
Sbjct  7932525  AATGCAACTGATGT  7932512


 Score = 28.2 bits (14),  Expect = 5.1
 Identities = 14/14 (100%), Gaps = 0/14 (0%)
 Strand=Plus/Minus

Query  1        GCAGCTTAATGCAA  14
                ||||||||||||||
Sbjct  8895788  GCAGCTTAATGCAA  8895775


 Score = 28.2 bits (14),  Expect = 5.1
 Identities = 14/14 (100%), Gaps = 0/14 (0%)
 Strand=Plus/Plus

Query  8         AATGCAACTGATGT  21
                 ||||||||||||||
Sbjct  11117919  AATGCAACTGATGT  11117932


 Score = 28.2 bits (14),  Expect = 5.1
 Identities = 14/14 (100%), Gaps = 0/14 (0%)
 Strand=Plus/Plus

Query  6         TTAATGCAACTGAT  19
                 ||||||||||||||
Sbjct  18692591  TTAATGCAACTGAT  18692604


 Score = 28.2 bits (14),  Expect = 5.1
 Identities = 14/14 (100%), Gaps = 0/14 (0%)
 Strand=Plus/Plus

Query  5         CTTAATGCAACTGA  18
                 ||||||||||||||
Sbjct  34563349  CTTAATGCAACTGA  34563362


 Score = 28.2 bits (14),  Expect = 5.1
 Identities = 14/14 (100%), Gaps = 0/14 (0%)
 Strand=Plus/Plus

Query  8         AATGCAACTGATGT  21
                 ||||||||||||||
Sbjct  36437538  AATGCAACTGATGT  36437551


 Score = 28.2 bits (14),  Expect = 5.1
 Identities = 14/14 (100%), Gaps = 0/14 (0%)
 Strand=Plus/Minus

Query  8         AATGCAACTGATGT  21
                 ||||||||||||||
Sbjct  45346706  AATGCAACTGATGT  45346693


 Score = 28.2 bits (14),  Expect = 5.1
 Identities = 14/14 (100%), Gaps = 0/14 (0%)
 Strand=Plus/Plus

Query  6         TTAATGCAACTGAT  19
                 ||||||||||||||
Sbjct  55327712  TTAATGCAACTGAT  55327725


 Score = 28.2 bits (14),  Expect = 5.1
 Identities = 14/14 (100%), Gaps = 0/14 (0%)
 Strand=Plus/Plus

Query  8         AATGCAACTGATGT  21
                 ||||||||||||||
Sbjct  75345576  AATGCAACTGATGT  75345589


 Score = 28.2 bits (14),  Expect = 5.1
 Identities = 14/14 (100%), Gaps = 0/14 (0%)
 Strand=Plus/Minus

Query  8         AATGCAACTGATGT  21
                 ||||||||||||||
Sbjct  91679111  AATGCAACTGATGT  91679098


 Score = 28.2 bits (14),  Expect = 5.1
 Identities = 14/14 (100%), Gaps = 0/14 (0%)
 Strand=Plus/Minus

Query  8         AATGCAACTGATGT  21
                 ||||||||||||||
Sbjct  97266630  AATGCAACTGATGT  97266617


 Score = 28.2 bits (14),  Expect = 5.1
 Identities = 14/14 (100%), Gaps = 0/14 (0%)
 Strand=Plus/Plus

Query  8          AATGCAACTGATGT  21
                  ||||||||||||||
Sbjct  105514372  AATGCAACTGATGT  105514385


 Score = 28.2 bits (14),  Expect = 5.1
 Identities = 14/14 (100%), Gaps = 0/14 (0%)
 Strand=Plus/Plus

Query  8          AATGCAACTGATGT  21
                  ||||||||||||||
Sbjct  142738825  AATGCAACTGATGT  142738838


 Score = 28.2 bits (14),  Expect = 5.1
 Identities = 14/14 (100%), Gaps = 0/14 (0%)
 Strand=Plus/Plus

Query  8          AATGCAACTGATGT  21
                  ||||||||||||||
Sbjct  156763675  AATGCAACTGATGT  156763688


 Score = 28.2 bits (14),  Expect = 5.1
 Identities = 14/14 (100%), Gaps = 0/14 (0%)
 Strand=Plus/Minus

Query  5          CTTAATGCAACTGA  18
                  ||||||||||||||
Sbjct  181600857  CTTAATGCAACTGA  181600844


 Score = 28.2 bits (14),  Expect = 5.1
 Identities = 14/14 (100%), Gaps = 0/14 (0%)
 Strand=Plus/Minus

Query  8          AATGCAACTGATGT  21
                  ||||||||||||||
Sbjct  185222361  AATGCAACTGATGT  185222348


 Score = 28.2 bits (14),  Expect = 5.1
 Identities = 14/14 (100%), Gaps = 0/14 (0%)
 Strand=Plus/Plus

Query  1          GCAGCTTAATGCAA  14
                  ||||||||||||||
Sbjct  192095502  GCAGCTTAATGCAA  192095515


 Score = 28.2 bits (14),  Expect = 5.1
 Identities = 14/14 (100%), Gaps = 0/14 (0%)
 Strand=Plus/Plus

Query  7          TAATGCAACTGATG  20
                  ||||||||||||||
Sbjct  231393510  TAATGCAACTGATG  231393523


 Score = 28.2 bits (14),  Expect = 5.1
 Identities = 14/14 (100%), Gaps = 0/14 (0%)
 Strand=Plus/Minus

Query  5          CTTAATGCAACTGA  18
                  ||||||||||||||
Sbjct  231613559  CTTAATGCAACTGA  231613546


 Score = 28.2 bits (14),  Expect = 5.1
 Identities = 14/14 (100%), Gaps = 0/14 (0%)
 Strand=Plus/Minus

Query  7          TAATGCAACTGATG  20
                  ||||||||||||||
Sbjct  233422179  TAATGCAACTGATG  233422166



Lambda      K        H
    1.37    0.711     1.31 

Gapped
Lambda      K        H
    1.37    0.711     1.31 

Effective search space used: 1634085768


  Database: datasets/ncbi_dataset/data/GCA_002271895.2/chr10.fna
    Posted date:  Sep 10, 2021  3:04 PM
  Number of letters in database: 233,440,839
  Number of sequences in database:  1



Matrix: blastn matrix 1 -3
Gap Penalties: Existence: 5, Extension: 2
