BLASTN 2.12.0+


Reference: Stephen F. Altschul, Thomas L. Madden, Alejandro A.
Schaffer, Jinghui Zhang, Zheng Zhang, Webb Miller, and David J.
Lipman (1997), "Gapped BLAST and PSI-BLAST: a new generation of
protein database search programs", Nucleic Acids Res. 25:3389-3402.



Database: datasets/ncbi_dataset/data/GCA_002271885.2/chr1.fna
           1 sequences; 259,277,713 total letters



Query= 
Length=21
                                                                      Score     E
Sequences producing significant alignments:                          (Bits)  Value

CM008443.1 Capsicum baccatum isolate PBC81 chromosome 1, whole ge...  34.2    0.079


>CM008443.1 Capsicum baccatum isolate PBC81 chromosome 1, whole genome shotgun 
sequence
Length=259277713

 Score = 34.2 bits (17),  Expect = 0.079
 Identities = 20/21 (95%), Gaps = 0/21 (0%)
 Strand=Plus/Minus

Query  1        AACTCACTTTGGCAGTCTCTC  21
                |||||||||||||| ||||||
Sbjct  5109581  AACTCACTTTGGCAATCTCTC  5109561


 Score = 30.2 bits (15),  Expect = 1.2
 Identities = 15/15 (100%), Gaps = 0/15 (0%)
 Strand=Plus/Plus

Query  3          CTCACTTTGGCAGTC  17
                  |||||||||||||||
Sbjct  167121906  CTCACTTTGGCAGTC  167121920


 Score = 28.2 bits (14),  Expect = 4.9
 Identities = 14/14 (100%), Gaps = 0/14 (0%)
 Strand=Plus/Plus

Query  2         ACTCACTTTGGCAG  15
                 ||||||||||||||
Sbjct  78809725  ACTCACTTTGGCAG  78809738


 Score = 28.2 bits (14),  Expect = 4.9
 Identities = 14/14 (100%), Gaps = 0/14 (0%)
 Strand=Plus/Minus

Query  3          CTCACTTTGGCAGT  16
                  ||||||||||||||
Sbjct  113950745  CTCACTTTGGCAGT  113950732



Lambda      K        H
    1.37    0.711     1.31 

Gapped
Lambda      K        H
    1.37    0.711     1.31 

Effective search space used: 1555666188


  Database: datasets/ncbi_dataset/data/GCA_002271885.2/chr1.fna
    Posted date:  Sep 10, 2021  3:02 PM
  Number of letters in database: 259,277,713
  Number of sequences in database:  1



Matrix: blastn matrix 1 -3
Gap Penalties: Existence: 5, Extension: 2
