BLASTN 2.12.0+


Reference: Stephen F. Altschul, Thomas L. Madden, Alejandro A.
Schaffer, Jinghui Zhang, Zheng Zhang, Webb Miller, and David J.
Lipman (1997), "Gapped BLAST and PSI-BLAST: a new generation of
protein database search programs", Nucleic Acids Res. 25:3389-3402.



Database: datasets/ncbi_dataset/data/GCA_002271885.2/chr10.fna
           1 sequences; 229,738,584 total letters



Query= 
Length=23
                                                                      Score     E
Sequences producing significant alignments:                          (Bits)  Value

CM008452.1 Capsicum baccatum isolate PBC81 chromosome 10, whole g...  30.2    1.5  


>CM008452.1 Capsicum baccatum isolate PBC81 chromosome 10, whole genome shotgun 
sequence
Length=229738584

 Score = 30.2 bits (15),  Expect = 1.5
 Identities = 15/15 (100%), Gaps = 0/15 (0%)
 Strand=Plus/Minus

Query  8          AGTATCTGAGGCTAA  22
                  |||||||||||||||
Sbjct  138365990  AGTATCTGAGGCTAA  138365976


 Score = 28.2 bits (14),  Expect = 5.8
 Identities = 14/14 (100%), Gaps = 0/14 (0%)
 Strand=Plus/Minus

Query  6         CGAGTATCTGAGGC  19
                 ||||||||||||||
Sbjct  81081161  CGAGTATCTGAGGC  81081148


 Score = 28.2 bits (14),  Expect = 5.8
 Identities = 14/14 (100%), Gaps = 0/14 (0%)
 Strand=Plus/Plus

Query  8          AGTATCTGAGGCTA  21
                  ||||||||||||||
Sbjct  176604236  AGTATCTGAGGCTA  176604249



Lambda      K        H
    1.37    0.711     1.31 

Gapped
Lambda      K        H
    1.37    0.711     1.31 

Effective search space used: 1837908552


  Database: datasets/ncbi_dataset/data/GCA_002271885.2/chr10.fna
    Posted date:  Sep 10, 2021  3:03 PM
  Number of letters in database: 229,738,584
  Number of sequences in database:  1



Matrix: blastn matrix 1 -3
Gap Penalties: Existence: 5, Extension: 2
