BLASTN 2.12.0+


Reference: Stephen F. Altschul, Thomas L. Madden, Alejandro A.
Schaffer, Jinghui Zhang, Zheng Zhang, Webb Miller, and David J.
Lipman (1997), "Gapped BLAST and PSI-BLAST: a new generation of
protein database search programs", Nucleic Acids Res. 25:3389-3402.



Database: datasets/ncbi_dataset/data/GCA_002271885.2/chr8.fna
           1 sequences; 210,184,557 total letters



Query= 
Length=17
                                                                      Score     E
Sequences producing significant alignments:                          (Bits)  Value

CM008450.1 Capsicum baccatum isolate PBC81 chromosome 8, whole ge...  34.2    0.032


>CM008450.1 Capsicum baccatum isolate PBC81 chromosome 8, whole genome shotgun 
sequence
Length=210184557

 Score = 34.2 bits (17),  Expect = 0.032
 Identities = 17/17 (100%), Gaps = 0/17 (0%)
 Strand=Plus/Minus

Query  1          TGGCGTGGCTGGATGAA  17
                  |||||||||||||||||
Sbjct  182502293  TGGCGTGGCTGGATGAA  182502277


 Score = 28.2 bits (14),  Expect = 2.0
 Identities = 14/14 (100%), Gaps = 0/14 (0%)
 Strand=Plus/Plus

Query  1         TGGCGTGGCTGGAT  14
                 ||||||||||||||
Sbjct  27070017  TGGCGTGGCTGGAT  27070030


 Score = 26.3 bits (13),  Expect = 7.8
 Identities = 16/17 (94%), Gaps = 0/17 (0%)
 Strand=Plus/Plus

Query  1         TGGCGTGGCTGGATGAA  17
                 |||| ||||||||||||
Sbjct  85925389  TGGCTTGGCTGGATGAA  85925405


 Score = 26.3 bits (13),  Expect = 7.8
 Identities = 13/13 (100%), Gaps = 0/13 (0%)
 Strand=Plus/Minus

Query  5          GTGGCTGGATGAA  17
                  |||||||||||||
Sbjct  123273081  GTGGCTGGATGAA  123273069



Lambda      K        H
    1.37    0.711     1.31 

Gapped
Lambda      K        H
    1.37    0.711     1.31 

Effective search space used: 630553629


  Database: datasets/ncbi_dataset/data/GCA_002271885.2/chr8.fna
    Posted date:  Sep 10, 2021  3:03 PM
  Number of letters in database: 210,184,557
  Number of sequences in database:  1



Matrix: blastn matrix 1 -3
Gap Penalties: Existence: 5, Extension: 2
