BLASTN 2.12.0+


Reference: Stephen F. Altschul, Thomas L. Madden, Alejandro A.
Schaffer, Jinghui Zhang, Zheng Zhang, Webb Miller, and David J.
Lipman (1997), "Gapped BLAST and PSI-BLAST: a new generation of
protein database search programs", Nucleic Acids Res. 25:3389-3402.



Database: datasets/ncbi_dataset/data/GCA_002271885.2/chr3.fna
           1 sequences; 297,848,814 total letters



Query= 
Length=21
                                                                      Score     E
Sequences producing significant alignments:                          (Bits)  Value

CM008445.1 Capsicum baccatum isolate PBC81 chromosome 3, whole ge...  30.2    1.4  


>CM008445.1 Capsicum baccatum isolate PBC81 chromosome 3, whole genome shotgun 
sequence
Length=297848814

 Score = 30.2 bits (15),  Expect = 1.4
 Identities = 15/15 (100%), Gaps = 0/15 (0%)
 Strand=Plus/Plus

Query  1         AGTGGAAGAACTTGG  15
                 |||||||||||||||
Sbjct  11874725  AGTGGAAGAACTTGG  11874739


 Score = 30.2 bits (15),  Expect = 1.4
 Identities = 15/15 (100%), Gaps = 0/15 (0%)
 Strand=Plus/Plus

Query  5         GAAGAACTTGGCATA  19
                 |||||||||||||||
Sbjct  42061863  GAAGAACTTGGCATA  42061877


 Score = 30.2 bits (15),  Expect = 1.4
 Identities = 15/15 (100%), Gaps = 0/15 (0%)
 Strand=Plus/Plus

Query  5          GAAGAACTTGGCATA  19
                  |||||||||||||||
Sbjct  147153846  GAAGAACTTGGCATA  147153860


 Score = 30.2 bits (15),  Expect = 1.4
 Identities = 15/15 (100%), Gaps = 0/15 (0%)
 Strand=Plus/Minus

Query  5         GAAGAACTTGGCATA  19
                 |||||||||||||||
Sbjct  92790717  GAAGAACTTGGCATA  92790703


 Score = 30.2 bits (15),  Expect = 1.4
 Identities = 15/15 (100%), Gaps = 0/15 (0%)
 Strand=Plus/Minus

Query  6          AAGAACTTGGCATAG  20
                  |||||||||||||||
Sbjct  281834469  AAGAACTTGGCATAG  281834455


 Score = 28.2 bits (14),  Expect = 5.6
 Identities = 14/14 (100%), Gaps = 0/14 (0%)
 Strand=Plus/Plus

Query  4        GGAAGAACTTGGCA  17
                ||||||||||||||
Sbjct  5725903  GGAAGAACTTGGCA  5725916


 Score = 28.2 bits (14),  Expect = 5.6
 Identities = 14/14 (100%), Gaps = 0/14 (0%)
 Strand=Plus/Plus

Query  6         AAGAACTTGGCATA  19
                 ||||||||||||||
Sbjct  18130402  AAGAACTTGGCATA  18130415


 Score = 28.2 bits (14),  Expect = 5.6
 Identities = 14/14 (100%), Gaps = 0/14 (0%)
 Strand=Plus/Plus

Query  6         AAGAACTTGGCATA  19
                 ||||||||||||||
Sbjct  35239950  AAGAACTTGGCATA  35239963


 Score = 28.2 bits (14),  Expect = 5.6
 Identities = 14/14 (100%), Gaps = 0/14 (0%)
 Strand=Plus/Plus

Query  6         AAGAACTTGGCATA  19
                 ||||||||||||||
Sbjct  43594795  AAGAACTTGGCATA  43594808


 Score = 28.2 bits (14),  Expect = 5.6
 Identities = 14/14 (100%), Gaps = 0/14 (0%)
 Strand=Plus/Plus

Query  6         AAGAACTTGGCATA  19
                 ||||||||||||||
Sbjct  80837362  AAGAACTTGGCATA  80837375


 Score = 28.2 bits (14),  Expect = 5.6
 Identities = 14/14 (100%), Gaps = 0/14 (0%)
 Strand=Plus/Plus

Query  6         AAGAACTTGGCATA  19
                 ||||||||||||||
Sbjct  83802889  AAGAACTTGGCATA  83802902


 Score = 28.2 bits (14),  Expect = 5.6
 Identities = 14/14 (100%), Gaps = 0/14 (0%)
 Strand=Plus/Plus

Query  5          GAAGAACTTGGCAT  18
                  ||||||||||||||
Sbjct  117773889  GAAGAACTTGGCAT  117773902


 Score = 28.2 bits (14),  Expect = 5.6
 Identities = 14/14 (100%), Gaps = 0/14 (0%)
 Strand=Plus/Plus

Query  6          AAGAACTTGGCATA  19
                  ||||||||||||||
Sbjct  121878453  AAGAACTTGGCATA  121878466


 Score = 28.2 bits (14),  Expect = 5.6
 Identities = 14/14 (100%), Gaps = 0/14 (0%)
 Strand=Plus/Plus

Query  6          AAGAACTTGGCATA  19
                  ||||||||||||||
Sbjct  143636840  AAGAACTTGGCATA  143636853


 Score = 28.2 bits (14),  Expect = 5.6
 Identities = 14/14 (100%), Gaps = 0/14 (0%)
 Strand=Plus/Plus

Query  1          AGTGGAAGAACTTG  14
                  ||||||||||||||
Sbjct  187629778  AGTGGAAGAACTTG  187629791


 Score = 28.2 bits (14),  Expect = 5.6
 Identities = 14/14 (100%), Gaps = 0/14 (0%)
 Strand=Plus/Plus

Query  5          GAAGAACTTGGCAT  18
                  ||||||||||||||
Sbjct  190466823  GAAGAACTTGGCAT  190466836


 Score = 28.2 bits (14),  Expect = 5.6
 Identities = 14/14 (100%), Gaps = 0/14 (0%)
 Strand=Plus/Plus

Query  4          GGAAGAACTTGGCA  17
                  ||||||||||||||
Sbjct  206263045  GGAAGAACTTGGCA  206263058


 Score = 28.2 bits (14),  Expect = 5.6
 Identities = 17/18 (94%), Gaps = 0/18 (0%)
 Strand=Plus/Plus

Query  1          AGTGGAAGAACTTGGCAT  18
                  |||||| |||||||||||
Sbjct  211385866  AGTGGATGAACTTGGCAT  211385883


 Score = 28.2 bits (14),  Expect = 5.6
 Identities = 14/14 (100%), Gaps = 0/14 (0%)
 Strand=Plus/Plus

Query  2          GTGGAAGAACTTGG  15
                  ||||||||||||||
Sbjct  225184968  GTGGAAGAACTTGG  225184981


 Score = 28.2 bits (14),  Expect = 5.6
 Identities = 14/14 (100%), Gaps = 0/14 (0%)
 Strand=Plus/Plus

Query  1          AGTGGAAGAACTTG  14
                  ||||||||||||||
Sbjct  256458055  AGTGGAAGAACTTG  256458068


 Score = 28.2 bits (14),  Expect = 5.6
 Identities = 14/14 (100%), Gaps = 0/14 (0%)
 Strand=Plus/Plus

Query  1          AGTGGAAGAACTTG  14
                  ||||||||||||||
Sbjct  258930524  AGTGGAAGAACTTG  258930537


 Score = 28.2 bits (14),  Expect = 5.6
 Identities = 14/14 (100%), Gaps = 0/14 (0%)
 Strand=Plus/Minus

Query  6          AAGAACTTGGCATA  19
                  ||||||||||||||
Sbjct  125929105  AAGAACTTGGCATA  125929092


 Score = 28.2 bits (14),  Expect = 5.6
 Identities = 14/14 (100%), Gaps = 0/14 (0%)
 Strand=Plus/Minus

Query  1          AGTGGAAGAACTTG  14
                  ||||||||||||||
Sbjct  160398754  AGTGGAAGAACTTG  160398741


 Score = 28.2 bits (14),  Expect = 5.6
 Identities = 14/14 (100%), Gaps = 0/14 (0%)
 Strand=Plus/Minus

Query  1          AGTGGAAGAACTTG  14
                  ||||||||||||||
Sbjct  190619403  AGTGGAAGAACTTG  190619390


 Score = 28.2 bits (14),  Expect = 5.6
 Identities = 14/14 (100%), Gaps = 0/14 (0%)
 Strand=Plus/Minus

Query  6          AAGAACTTGGCATA  19
                  ||||||||||||||
Sbjct  253493307  AAGAACTTGGCATA  253493294


 Score = 28.2 bits (14),  Expect = 5.6
 Identities = 14/14 (100%), Gaps = 0/14 (0%)
 Strand=Plus/Minus

Query  8          GAACTTGGCATAGG  21
                  ||||||||||||||
Sbjct  263940774  GAACTTGGCATAGG  263940761



Lambda      K        H
    1.37    0.711     1.31 

Gapped
Lambda      K        H
    1.37    0.711     1.31 

Effective search space used: 1787092794


  Database: datasets/ncbi_dataset/data/GCA_002271885.2/chr3.fna
    Posted date:  Sep 10, 2021  3:03 PM
  Number of letters in database: 297,848,814
  Number of sequences in database:  1



Matrix: blastn matrix 1 -3
Gap Penalties: Existence: 5, Extension: 2
