BLASTN 2.12.0+


Reference: Stephen F. Altschul, Thomas L. Madden, Alejandro A.
Schaffer, Jinghui Zhang, Zheng Zhang, Webb Miller, and David J.
Lipman (1997), "Gapped BLAST and PSI-BLAST: a new generation of
protein database search programs", Nucleic Acids Res. 25:3389-3402.



Database: datasets/ncbi_dataset/data/GCA_002271885.2/chr6.fna
           1 sequences; 253,157,891 total letters



Query= 
Length=20
                                                                      Score     E
Sequences producing significant alignments:                          (Bits)  Value

CM008448.1 Capsicum baccatum isolate PBC81 chromosome 6, whole ge...  40.1    0.001


>CM008448.1 Capsicum baccatum isolate PBC81 chromosome 6, whole genome shotgun 
sequence
Length=253157891

 Score = 40.1 bits (20),  Expect = 0.001
 Identities = 20/20 (100%), Gaps = 0/20 (0%)
 Strand=Plus/Plus

Query  1          AATTGGGATGCAGCGTGTCT  20
                  ||||||||||||||||||||
Sbjct  158952255  AATTGGGATGCAGCGTGTCT  158952274


 Score = 40.1 bits (20),  Expect = 0.001
 Identities = 20/20 (100%), Gaps = 0/20 (0%)
 Strand=Plus/Plus

Query  1          AATTGGGATGCAGCGTGTCT  20
                  ||||||||||||||||||||
Sbjct  158955369  AATTGGGATGCAGCGTGTCT  158955388


 Score = 28.2 bits (14),  Expect = 4.0
 Identities = 14/14 (100%), Gaps = 0/14 (0%)
 Strand=Plus/Minus

Query  2          ATTGGGATGCAGCG  15
                  ||||||||||||||
Sbjct  225934026  ATTGGGATGCAGCG  225934013



Lambda      K        H
    1.37    0.711     1.31 

Gapped
Lambda      K        H
    1.37    0.711     1.31 

Effective search space used: 1265789380


  Database: datasets/ncbi_dataset/data/GCA_002271885.2/chr6.fna
    Posted date:  Sep 10, 2021  3:03 PM
  Number of letters in database: 253,157,891
  Number of sequences in database:  1



Matrix: blastn matrix 1 -3
Gap Penalties: Existence: 5, Extension: 2
