BLASTN 2.12.0+


Reference: Stephen F. Altschul, Thomas L. Madden, Alejandro A.
Schaffer, Jinghui Zhang, Zheng Zhang, Webb Miller, and David J.
Lipman (1997), "Gapped BLAST and PSI-BLAST: a new generation of
protein database search programs", Nucleic Acids Res. 25:3389-3402.



Database: datasets/ncbi_dataset/data/GCA_002271885.2/chr1.fna
           1 sequences; 259,277,713 total letters



Query= 
Length=20
                                                                      Score     E
Sequences producing significant alignments:                          (Bits)  Value

CM008443.1 Capsicum baccatum isolate PBC81 chromosome 1, whole ge...  30.2    1.0  


>CM008443.1 Capsicum baccatum isolate PBC81 chromosome 1, whole genome shotgun 
sequence
Length=259277713

 Score = 30.2 bits (15),  Expect = 1.0
 Identities = 15/15 (100%), Gaps = 0/15 (0%)
 Strand=Plus/Plus

Query  3          CATCGTTCATGACAC  17
                  |||||||||||||||
Sbjct  213984364  CATCGTTCATGACAC  213984378


 Score = 28.2 bits (14),  Expect = 4.1
 Identities = 14/14 (100%), Gaps = 0/14 (0%)
 Strand=Plus/Minus

Query  7         GTTCATGACACCTA  20
                 ||||||||||||||
Sbjct  24171444  GTTCATGACACCTA  24171431


 Score = 28.2 bits (14),  Expect = 4.1
 Identities = 14/14 (100%), Gaps = 0/14 (0%)
 Strand=Plus/Minus

Query  1          GGCATCGTTCATGA  14
                  ||||||||||||||
Sbjct  119551189  GGCATCGTTCATGA  119551176


 Score = 28.2 bits (14),  Expect = 4.1
 Identities = 14/14 (100%), Gaps = 0/14 (0%)
 Strand=Plus/Plus

Query  3          CATCGTTCATGACA  16
                  ||||||||||||||
Sbjct  181423016  CATCGTTCATGACA  181423029


 Score = 28.2 bits (14),  Expect = 4.1
 Identities = 14/14 (100%), Gaps = 0/14 (0%)
 Strand=Plus/Minus

Query  7          GTTCATGACACCTA  20
                  ||||||||||||||
Sbjct  190029564  GTTCATGACACCTA  190029551


 Score = 28.2 bits (14),  Expect = 4.1
 Identities = 14/14 (100%), Gaps = 0/14 (0%)
 Strand=Plus/Minus

Query  7          GTTCATGACACCTA  20
                  ||||||||||||||
Sbjct  199836490  GTTCATGACACCTA  199836477


 Score = 28.2 bits (14),  Expect = 4.1
 Identities = 14/14 (100%), Gaps = 0/14 (0%)
 Strand=Plus/Plus

Query  1          GGCATCGTTCATGA  14
                  ||||||||||||||
Sbjct  209336739  GGCATCGTTCATGA  209336752


 Score = 28.2 bits (14),  Expect = 4.1
 Identities = 14/14 (100%), Gaps = 0/14 (0%)
 Strand=Plus/Plus

Query  6          CGTTCATGACACCT  19
                  ||||||||||||||
Sbjct  242463731  CGTTCATGACACCT  242463744



Lambda      K        H
    1.37    0.711     1.31 

Gapped
Lambda      K        H
    1.37    0.711     1.31 

Effective search space used: 1296388490


  Database: datasets/ncbi_dataset/data/GCA_002271885.2/chr1.fna
    Posted date:  Sep 10, 2021  3:02 PM
  Number of letters in database: 259,277,713
  Number of sequences in database:  1



Matrix: blastn matrix 1 -3
Gap Penalties: Existence: 5, Extension: 2
