BLASTN 2.12.0+


Reference: Stephen F. Altschul, Thomas L. Madden, Alejandro A.
Schaffer, Jinghui Zhang, Zheng Zhang, Webb Miller, and David J.
Lipman (1997), "Gapped BLAST and PSI-BLAST: a new generation of
protein database search programs", Nucleic Acids Res. 25:3389-3402.



Database: datasets/ncbi_dataset/data/GCA_002271885.2/chr11.fna
           1 sequences; 263,656,806 total letters



Query= 
Length=22
                                                                      Score     E
Sequences producing significant alignments:                          (Bits)  Value

CM008453.1 Capsicum baccatum isolate PBC81 chromosome 11, whole g...  36.2    0.024


>CM008453.1 Capsicum baccatum isolate PBC81 chromosome 11, whole genome shotgun 
sequence
Length=263656806

 Score = 36.2 bits (18),  Expect = 0.024
 Identities = 18/18 (100%), Gaps = 0/18 (0%)
 Strand=Plus/Minus

Query  5         AGTCGTGGCAAGCTTTAT  22
                 ||||||||||||||||||
Sbjct  18161744  AGTCGTGGCAAGCTTTAT  18161727


 Score = 30.2 bits (15),  Expect = 1.5
 Identities = 15/15 (100%), Gaps = 0/15 (0%)
 Strand=Plus/Minus

Query  1         CTCTAGTCGTGGCAA  15
                 |||||||||||||||
Sbjct  68559380  CTCTAGTCGTGGCAA  68559366


 Score = 30.2 bits (15),  Expect = 1.5
 Identities = 15/15 (100%), Gaps = 0/15 (0%)
 Strand=Plus/Minus

Query  1         CTCTAGTCGTGGCAA  15
                 |||||||||||||||
Sbjct  73770038  CTCTAGTCGTGGCAA  73770024


 Score = 28.2 bits (14),  Expect = 5.8
 Identities = 14/14 (100%), Gaps = 0/14 (0%)
 Strand=Plus/Minus

Query  4         TAGTCGTGGCAAGC  17
                 ||||||||||||||
Sbjct  63947707  TAGTCGTGGCAAGC  63947694



Lambda      K        H
    1.37    0.711     1.31 

Gapped
Lambda      K        H
    1.37    0.711     1.31 

Effective search space used: 1845597537


  Database: datasets/ncbi_dataset/data/GCA_002271885.2/chr11.fna
    Posted date:  Sep 10, 2021  3:03 PM
  Number of letters in database: 263,656,806
  Number of sequences in database:  1



Matrix: blastn matrix 1 -3
Gap Penalties: Existence: 5, Extension: 2
