BLASTN 2.12.0+


Reference: Stephen F. Altschul, Thomas L. Madden, Alejandro A.
Schaffer, Jinghui Zhang, Zheng Zhang, Webb Miller, and David J.
Lipman (1997), "Gapped BLAST and PSI-BLAST: a new generation of
protein database search programs", Nucleic Acids Res. 25:3389-3402.



Database: datasets/ncbi_dataset/data/GCA_011745865.1/GCA_011745865.1_SNU_SF_1.
0_genomic.fna
           44,704 sequences; 2,882,417,764 total letters



Query= 
Length=21
                                                                      Score     E
Sequences producing significant alignments:                          (Bits)  Value

VYZZ01001436.1 Capsicum annuum cultivar SF scaffold4711, whole ge...  42.1    0.002
VYZZ01007309.1 Capsicum annuum cultivar SF scaffold34369, whole g...  34.2    0.59 
VYZZ01012185.1 Capsicum annuum cultivar SF scaffold89402, whole g...  32.2    2.3  
VYZZ01006910.1 Capsicum annuum cultivar SF scaffold31646, whole g...  32.2    2.3  
VYZZ01003473.1 Capsicum annuum cultivar SF scaffold12555, whole g...  32.2    2.3  
VYZZ01003028.1 Capsicum annuum cultivar SF scaffold10606, whole g...  32.2    2.3  
VYZZ01000155.1 Capsicum annuum cultivar SF scaffold548, whole gen...  32.2    2.3  
VYZZ01009173.1 Capsicum annuum cultivar SF scaffold50822, whole g...  32.2    2.3  
VYZZ01007567.1 Capsicum annuum cultivar SF scaffold36327, whole g...  32.2    2.3  
VYZZ01004911.1 Capsicum annuum cultivar SF scaffold19319, whole g...  32.2    2.3  
VYZZ01028381.1 Capsicum annuum cultivar SF scaffold583192, whole ...  30.2    9.2  
VYZZ01016740.1 Capsicum annuum cultivar SF scaffold181075, whole ...  30.2    9.2  
VYZZ01015627.1 Capsicum annuum cultivar SF scaffold156121, whole ...  30.2    9.2  
VYZZ01013245.1 Capsicum annuum cultivar SF scaffold106738, whole ...  30.2    9.2  
VYZZ01012624.1 Capsicum annuum cultivar SF scaffold96213, whole g...  30.2    9.2  
VYZZ01012609.1 Capsicum annuum cultivar SF scaffold96009, whole g...  30.2    9.2  
VYZZ01011292.1 Capsicum annuum cultivar SF scaffold75768, whole g...  30.2    9.2  
VYZZ01010550.1 Capsicum annuum cultivar SF scaffold66220, whole g...  30.2    9.2  
VYZZ01009950.1 Capsicum annuum cultivar SF scaffold58509, whole g...  30.2    9.2  
VYZZ01008716.1 Capsicum annuum cultivar SF scaffold46410, whole g...  30.2    9.2  
VYZZ01008599.1 Capsicum annuum cultivar SF scaffold45190, whole g...  30.2    9.2  
VYZZ01007313.1 Capsicum annuum cultivar SF scaffold34398, whole g...  30.2    9.2  
VYZZ01006855.1 Capsicum annuum cultivar SF scaffold31276, whole g...  30.2    9.2  
VYZZ01006738.1 Capsicum annuum cultivar SF scaffold30489, whole g...  30.2    9.2  
VYZZ01006365.1 Capsicum annuum cultivar SF scaffold28025, whole g...  30.2    9.2  
VYZZ01006204.1 Capsicum annuum cultivar SF scaffold26998, whole g...  30.2    9.2  
VYZZ01005821.1 Capsicum annuum cultivar SF scaffold24658, whole g...  30.2    9.2  
VYZZ01005775.1 Capsicum annuum cultivar SF scaffold24332, whole g...  30.2    9.2  
VYZZ01005528.1 Capsicum annuum cultivar SF scaffold22803, whole g...  30.2    9.2  
VYZZ01005162.1 Capsicum annuum cultivar SF scaffold20713, whole g...  30.2    9.2  
VYZZ01004877.1 Capsicum annuum cultivar SF scaffold19108, whole g...  30.2    9.2  
VYZZ01003550.1 Capsicum annuum cultivar SF scaffold12876, whole g...  30.2    9.2  
VYZZ01002960.1 Capsicum annuum cultivar SF scaffold10328, whole g...  30.2    9.2  
VYZZ01002710.1 Capsicum annuum cultivar SF scaffold9412, whole ge...  30.2    9.2  
VYZZ01002475.1 Capsicum annuum cultivar SF scaffold8629, whole ge...  30.2    9.2  
VYZZ01002435.1 Capsicum annuum cultivar SF scaffold8490, whole ge...  30.2    9.2  
VYZZ01002221.1 Capsicum annuum cultivar SF scaffold7722, whole ge...  30.2    9.2  
VYZZ01002065.1 Capsicum annuum cultivar SF scaffold7095, whole ge...  30.2    9.2  
VYZZ01001881.1 Capsicum annuum cultivar SF scaffold6341, whole ge...  30.2    9.2  
VYZZ01001688.1 Capsicum annuum cultivar SF scaffold5666, whole ge...  30.2    9.2  
VYZZ01001233.1 Capsicum annuum cultivar SF scaffold4059, whole ge...  30.2    9.2  
VYZZ01001144.1 Capsicum annuum cultivar SF scaffold3801, whole ge...  30.2    9.2  
VYZZ01000604.1 Capsicum annuum cultivar SF scaffold1955, whole ge...  30.2    9.2  
VYZZ01000571.1 Capsicum annuum cultivar SF scaffold1870, whole ge...  30.2    9.2  
VYZZ01000385.1 Capsicum annuum cultivar SF scaffold1280, whole ge...  30.2    9.2  
VYZZ01000166.1 Capsicum annuum cultivar SF scaffold573, whole gen...  30.2    9.2  
VYZZ01000130.1 Capsicum annuum cultivar SF scaffold429, whole gen...  30.2    9.2  
VYZZ01000097.1 Capsicum annuum cultivar SF scaffold327, whole gen...  30.2    9.2  
VYZZ01039766.1 Capsicum annuum cultivar SF scaffold1327011, whole...  30.2    9.2  
VYZZ01024524.1 Capsicum annuum cultivar SF scaffold424106, whole ...  30.2    9.2  
VYZZ01013562.1 Capsicum annuum cultivar SF scaffold112931, whole ...  30.2    9.2  
VYZZ01013452.1 Capsicum annuum cultivar SF scaffold110445, whole ...  30.2    9.2  
VYZZ01011602.1 Capsicum annuum cultivar SF scaffold80271, whole g...  30.2    9.2  
VYZZ01011469.1 Capsicum annuum cultivar SF scaffold78365, whole g...  30.2    9.2  
VYZZ01010084.1 Capsicum annuum cultivar SF scaffold60403, whole g...  30.2    9.2  
VYZZ01009642.1 Capsicum annuum cultivar SF scaffold55368, whole g...  30.2    9.2  
VYZZ01008227.1 Capsicum annuum cultivar SF scaffold41912, whole g...  30.2    9.2  
VYZZ01008184.1 Capsicum annuum cultivar SF scaffold41543, whole g...  30.2    9.2  
VYZZ01007868.1 Capsicum annuum cultivar SF scaffold38658, whole g...  30.2    9.2  
VYZZ01007591.1 Capsicum annuum cultivar SF scaffold36531, whole g...  30.2    9.2  
VYZZ01007392.1 Capsicum annuum cultivar SF scaffold35043, whole g...  30.2    9.2  
VYZZ01007355.1 Capsicum annuum cultivar SF scaffold34789, whole g...  30.2    9.2  
VYZZ01007022.1 Capsicum annuum cultivar SF scaffold32473, whole g...  30.2    9.2  
VYZZ01006608.1 Capsicum annuum cultivar SF scaffold29696, whole g...  30.2    9.2  
VYZZ01006565.1 Capsicum annuum cultivar SF scaffold29419, whole g...  30.2    9.2  
VYZZ01006526.1 Capsicum annuum cultivar SF scaffold29124, whole g...  30.2    9.2  
VYZZ01006382.1 Capsicum annuum cultivar SF scaffold28112, whole g...  30.2    9.2  
VYZZ01006178.1 Capsicum annuum cultivar SF scaffold26788, whole g...  30.2    9.2  
VYZZ01005955.1 Capsicum annuum cultivar SF scaffold25499, whole g...  30.2    9.2  
VYZZ01005786.1 Capsicum annuum cultivar SF scaffold24430, whole g...  30.2    9.2  
VYZZ01005744.1 Capsicum annuum cultivar SF scaffold24143, whole g...  30.2    9.2  
VYZZ01005625.1 Capsicum annuum cultivar SF scaffold23429, whole g...  30.2    9.2  
VYZZ01004931.1 Capsicum annuum cultivar SF scaffold19438, whole g...  30.2    9.2  
VYZZ01003919.1 Capsicum annuum cultivar SF scaffold14593, whole g...  30.2    9.2  
VYZZ01003315.1 Capsicum annuum cultivar SF scaffold11865, whole g...  30.2    9.2  
VYZZ01003303.1 Capsicum annuum cultivar SF scaffold11830, whole g...  30.2    9.2  
VYZZ01003290.1 Capsicum annuum cultivar SF scaffold11794, whole g...  30.2    9.2  
VYZZ01003013.1 Capsicum annuum cultivar SF scaffold10557, whole g...  30.2    9.2  
VYZZ01002977.1 Capsicum annuum cultivar SF scaffold10402, whole g...  30.2    9.2  
VYZZ01002247.1 Capsicum annuum cultivar SF scaffold7808, whole ge...  30.2    9.2  
VYZZ01002193.1 Capsicum annuum cultivar SF scaffold7591, whole ge...  30.2    9.2  
VYZZ01002131.1 Capsicum annuum cultivar SF scaffold7336, whole ge...  30.2    9.2  
VYZZ01001975.1 Capsicum annuum cultivar SF scaffold6711, whole ge...  30.2    9.2  
VYZZ01001929.1 Capsicum annuum cultivar SF scaffold6553, whole ge...  30.2    9.2  
VYZZ01001381.1 Capsicum annuum cultivar SF scaffold4533, whole ge...  30.2    9.2  
VYZZ01001249.1 Capsicum annuum cultivar SF scaffold4107, whole ge...  30.2    9.2  
VYZZ01001067.1 Capsicum annuum cultivar SF scaffold3562, whole ge...  30.2    9.2  
VYZZ01000793.1 Capsicum annuum cultivar SF scaffold2552, whole ge...  30.2    9.2  
VYZZ01000025.1 Capsicum annuum cultivar SF scaffold94, whole geno...  30.2    9.2  


>VYZZ01001436.1 Capsicum annuum cultivar SF scaffold4711, whole genome shotgun 
sequence
Length=242695

 Score = 42.1 bits (21),  Expect = 0.002
 Identities = 21/21 (100%), Gaps = 0/21 (0%)
 Strand=Plus/Plus

Query  1       AGTGGAAGAACTTGGCATAGG  21
               |||||||||||||||||||||
Sbjct  217802  AGTGGAAGAACTTGGCATAGG  217822


>VYZZ01007309.1 Capsicum annuum cultivar SF scaffold34369, whole genome shotgun 
sequence
Length=1139650

 Score = 34.2 bits (17),  Expect = 0.59
 Identities = 17/17 (100%), Gaps = 0/17 (0%)
 Strand=Plus/Plus

Query  3       TGGAAGAACTTGGCATA  19
               |||||||||||||||||
Sbjct  970085  TGGAAGAACTTGGCATA  970101


>VYZZ01012185.1 Capsicum annuum cultivar SF scaffold89402, whole genome shotgun 
sequence
Length=583231

 Score = 32.2 bits (16),  Expect = 2.3
 Identities = 16/16 (100%), Gaps = 0/16 (0%)
 Strand=Plus/Plus

Query  3       TGGAAGAACTTGGCAT  18
               ||||||||||||||||
Sbjct  267659  TGGAAGAACTTGGCAT  267674


>VYZZ01006910.1 Capsicum annuum cultivar SF scaffold31646, whole genome shotgun 
sequence
Length=258605

 Score = 32.2 bits (16),  Expect = 2.3
 Identities = 16/16 (100%), Gaps = 0/16 (0%)
 Strand=Plus/Plus

Query  2      GTGGAAGAACTTGGCA  17
              ||||||||||||||||
Sbjct  99734  GTGGAAGAACTTGGCA  99749


>VYZZ01003473.1 Capsicum annuum cultivar SF scaffold12555, whole genome shotgun 
sequence
Length=436550

 Score = 32.2 bits (16),  Expect = 2.3
 Identities = 16/16 (100%), Gaps = 0/16 (0%)
 Strand=Plus/Plus

Query  3       TGGAAGAACTTGGCAT  18
               ||||||||||||||||
Sbjct  222921  TGGAAGAACTTGGCAT  222936


>VYZZ01003028.1 Capsicum annuum cultivar SF scaffold10606, whole genome shotgun 
sequence
Length=1328059

 Score = 32.2 bits (16),  Expect = 2.3
 Identities = 16/16 (100%), Gaps = 0/16 (0%)
 Strand=Plus/Plus

Query  3        TGGAAGAACTTGGCAT  18
                ||||||||||||||||
Sbjct  1261764  TGGAAGAACTTGGCAT  1261779


>VYZZ01000155.1 Capsicum annuum cultivar SF scaffold548, whole genome shotgun 
sequence
Length=3028203

 Score = 32.2 bits (16),  Expect = 2.3
 Identities = 16/16 (100%), Gaps = 0/16 (0%)
 Strand=Plus/Plus

Query  3        TGGAAGAACTTGGCAT  18
                ||||||||||||||||
Sbjct  1050091  TGGAAGAACTTGGCAT  1050106


 Score = 30.2 bits (15),  Expect = 9.2
 Identities = 15/15 (100%), Gaps = 0/15 (0%)
 Strand=Plus/Minus

Query  5      GAAGAACTTGGCATA  19
              |||||||||||||||
Sbjct  54328  GAAGAACTTGGCATA  54314


>VYZZ01009173.1 Capsicum annuum cultivar SF scaffold50822, whole genome shotgun 
sequence
Length=103733

 Score = 32.2 bits (16),  Expect = 2.3
 Identities = 16/16 (100%), Gaps = 0/16 (0%)
 Strand=Plus/Minus

Query  3      TGGAAGAACTTGGCAT  18
              ||||||||||||||||
Sbjct  88636  TGGAAGAACTTGGCAT  88621


>VYZZ01007567.1 Capsicum annuum cultivar SF scaffold36327, whole genome shotgun 
sequence
Length=40369

 Score = 32.2 bits (16),  Expect = 2.3
 Identities = 16/16 (100%), Gaps = 0/16 (0%)
 Strand=Plus/Minus

Query  4     GGAAGAACTTGGCATA  19
             ||||||||||||||||
Sbjct  7359  GGAAGAACTTGGCATA  7344


>VYZZ01004911.1 Capsicum annuum cultivar SF scaffold19319, whole genome shotgun 
sequence
Length=131560

 Score = 32.2 bits (16),  Expect = 2.3
 Identities = 16/16 (100%), Gaps = 0/16 (0%)
 Strand=Plus/Minus

Query  3      TGGAAGAACTTGGCAT  18
              ||||||||||||||||
Sbjct  50034  TGGAAGAACTTGGCAT  50019


>VYZZ01028381.1 Capsicum annuum cultivar SF scaffold583192, whole genome shotgun 
sequence
Length=1023

 Score = 30.2 bits (15),  Expect = 9.2
 Identities = 15/15 (100%), Gaps = 0/15 (0%)
 Strand=Plus/Plus

Query  5    GAAGAACTTGGCATA  19
            |||||||||||||||
Sbjct  599  GAAGAACTTGGCATA  613


>VYZZ01016740.1 Capsicum annuum cultivar SF scaffold181075, whole genome shotgun 
sequence
Length=209595

 Score = 30.2 bits (15),  Expect = 9.2
 Identities = 15/15 (100%), Gaps = 0/15 (0%)
 Strand=Plus/Plus

Query  5      GAAGAACTTGGCATA  19
              |||||||||||||||
Sbjct  62943  GAAGAACTTGGCATA  62957


>VYZZ01015627.1 Capsicum annuum cultivar SF scaffold156121, whole genome shotgun 
sequence
Length=102515

 Score = 30.2 bits (15),  Expect = 9.2
 Identities = 15/15 (100%), Gaps = 0/15 (0%)
 Strand=Plus/Plus

Query  5      GAAGAACTTGGCATA  19
              |||||||||||||||
Sbjct  29641  GAAGAACTTGGCATA  29655


>VYZZ01013245.1 Capsicum annuum cultivar SF scaffold106738, whole genome shotgun 
sequence
Length=74538

 Score = 30.2 bits (15),  Expect = 9.2
 Identities = 15/15 (100%), Gaps = 0/15 (0%)
 Strand=Plus/Plus

Query  5      GAAGAACTTGGCATA  19
              |||||||||||||||
Sbjct  64418  GAAGAACTTGGCATA  64432


>VYZZ01012624.1 Capsicum annuum cultivar SF scaffold96213, whole genome shotgun 
sequence
Length=213498

 Score = 30.2 bits (15),  Expect = 9.2
 Identities = 15/15 (100%), Gaps = 0/15 (0%)
 Strand=Plus/Plus

Query  6      AAGAACTTGGCATAG  20
              |||||||||||||||
Sbjct  82034  AAGAACTTGGCATAG  82048


>VYZZ01012609.1 Capsicum annuum cultivar SF scaffold96009, whole genome shotgun 
sequence
Length=314038

 Score = 30.2 bits (15),  Expect = 9.2
 Identities = 15/15 (100%), Gaps = 0/15 (0%)
 Strand=Plus/Plus

Query  5      GAAGAACTTGGCATA  19
              |||||||||||||||
Sbjct  12925  GAAGAACTTGGCATA  12939


>VYZZ01011292.1 Capsicum annuum cultivar SF scaffold75768, whole genome shotgun 
sequence
Length=443264

 Score = 30.2 bits (15),  Expect = 9.2
 Identities = 15/15 (100%), Gaps = 0/15 (0%)
 Strand=Plus/Plus

Query  5       GAAGAACTTGGCATA  19
               |||||||||||||||
Sbjct  155529  GAAGAACTTGGCATA  155543


>VYZZ01010550.1 Capsicum annuum cultivar SF scaffold66220, whole genome shotgun 
sequence
Length=415470

 Score = 30.2 bits (15),  Expect = 9.2
 Identities = 15/15 (100%), Gaps = 0/15 (0%)
 Strand=Plus/Plus

Query  5       GAAGAACTTGGCATA  19
               |||||||||||||||
Sbjct  407956  GAAGAACTTGGCATA  407970


>VYZZ01009950.1 Capsicum annuum cultivar SF scaffold58509, whole genome shotgun 
sequence
Length=153695

 Score = 30.2 bits (15),  Expect = 9.2
 Identities = 18/19 (95%), Gaps = 0/19 (0%)
 Strand=Plus/Plus

Query  2      GTGGAAGAACTTGGCATAG  20
              |||||||||||||| ||||
Sbjct  77713  GTGGAAGAACTTGGTATAG  77731


>VYZZ01008716.1 Capsicum annuum cultivar SF scaffold46410, whole genome shotgun 
sequence
Length=511920

 Score = 30.2 bits (15),  Expect = 9.2
 Identities = 15/15 (100%), Gaps = 0/15 (0%)
 Strand=Plus/Plus

Query  5       GAAGAACTTGGCATA  19
               |||||||||||||||
Sbjct  250748  GAAGAACTTGGCATA  250762


>VYZZ01008599.1 Capsicum annuum cultivar SF scaffold45190, whole genome shotgun 
sequence
Length=230343

 Score = 30.2 bits (15),  Expect = 9.2
 Identities = 15/15 (100%), Gaps = 0/15 (0%)
 Strand=Plus/Plus

Query  5       GAAGAACTTGGCATA  19
               |||||||||||||||
Sbjct  150114  GAAGAACTTGGCATA  150128


>VYZZ01007313.1 Capsicum annuum cultivar SF scaffold34398, whole genome shotgun 
sequence
Length=74336

 Score = 30.2 bits (15),  Expect = 9.2
 Identities = 15/15 (100%), Gaps = 0/15 (0%)
 Strand=Plus/Plus

Query  7      AGAACTTGGCATAGG  21
              |||||||||||||||
Sbjct  64383  AGAACTTGGCATAGG  64397


>VYZZ01006855.1 Capsicum annuum cultivar SF scaffold31276, whole genome shotgun 
sequence
Length=211273

 Score = 30.2 bits (15),  Expect = 9.2
 Identities = 15/15 (100%), Gaps = 0/15 (0%)
 Strand=Plus/Plus

Query  5       GAAGAACTTGGCATA  19
               |||||||||||||||
Sbjct  158205  GAAGAACTTGGCATA  158219


>VYZZ01006738.1 Capsicum annuum cultivar SF scaffold30489, whole genome shotgun 
sequence
Length=366603

 Score = 30.2 bits (15),  Expect = 9.2
 Identities = 15/15 (100%), Gaps = 0/15 (0%)
 Strand=Plus/Plus

Query  1       AGTGGAAGAACTTGG  15
               |||||||||||||||
Sbjct  211176  AGTGGAAGAACTTGG  211190


>VYZZ01006365.1 Capsicum annuum cultivar SF scaffold28025, whole genome shotgun 
sequence
Length=623826

 Score = 30.2 bits (15),  Expect = 9.2
 Identities = 15/15 (100%), Gaps = 0/15 (0%)
 Strand=Plus/Plus

Query  5      GAAGAACTTGGCATA  19
              |||||||||||||||
Sbjct  76620  GAAGAACTTGGCATA  76634


>VYZZ01006204.1 Capsicum annuum cultivar SF scaffold26998, whole genome shotgun 
sequence
Length=1516127

 Score = 30.2 bits (15),  Expect = 9.2
 Identities = 15/15 (100%), Gaps = 0/15 (0%)
 Strand=Plus/Plus

Query  5        GAAGAACTTGGCATA  19
                |||||||||||||||
Sbjct  1257346  GAAGAACTTGGCATA  1257360


>VYZZ01005821.1 Capsicum annuum cultivar SF scaffold24658, whole genome shotgun 
sequence
Length=217497

 Score = 30.2 bits (15),  Expect = 9.2
 Identities = 15/15 (100%), Gaps = 0/15 (0%)
 Strand=Plus/Plus

Query  5       GAAGAACTTGGCATA  19
               |||||||||||||||
Sbjct  171454  GAAGAACTTGGCATA  171468


>VYZZ01005775.1 Capsicum annuum cultivar SF scaffold24332, whole genome shotgun 
sequence
Length=189203

 Score = 30.2 bits (15),  Expect = 9.2
 Identities = 15/15 (100%), Gaps = 0/15 (0%)
 Strand=Plus/Plus

Query  5      GAAGAACTTGGCATA  19
              |||||||||||||||
Sbjct  19852  GAAGAACTTGGCATA  19866


>VYZZ01005528.1 Capsicum annuum cultivar SF scaffold22803, whole genome shotgun 
sequence
Length=743928

 Score = 30.2 bits (15),  Expect = 9.2
 Identities = 15/15 (100%), Gaps = 0/15 (0%)
 Strand=Plus/Plus

Query  5       GAAGAACTTGGCATA  19
               |||||||||||||||
Sbjct  565154  GAAGAACTTGGCATA  565168


>VYZZ01005162.1 Capsicum annuum cultivar SF scaffold20713, whole genome shotgun 
sequence
Length=271679

 Score = 30.2 bits (15),  Expect = 9.2
 Identities = 15/15 (100%), Gaps = 0/15 (0%)
 Strand=Plus/Plus

Query  5      GAAGAACTTGGCATA  19
              |||||||||||||||
Sbjct  43074  GAAGAACTTGGCATA  43088


>VYZZ01004877.1 Capsicum annuum cultivar SF scaffold19108, whole genome shotgun 
sequence
Length=410246

 Score = 30.2 bits (15),  Expect = 9.2
 Identities = 15/15 (100%), Gaps = 0/15 (0%)
 Strand=Plus/Plus

Query  5      GAAGAACTTGGCATA  19
              |||||||||||||||
Sbjct  29951  GAAGAACTTGGCATA  29965


>VYZZ01003550.1 Capsicum annuum cultivar SF scaffold12876, whole genome shotgun 
sequence
Length=168364

 Score = 30.2 bits (15),  Expect = 9.2
 Identities = 15/15 (100%), Gaps = 0/15 (0%)
 Strand=Plus/Plus

Query  5      GAAGAACTTGGCATA  19
              |||||||||||||||
Sbjct  54431  GAAGAACTTGGCATA  54445


>VYZZ01002960.1 Capsicum annuum cultivar SF scaffold10328, whole genome shotgun 
sequence
Length=705469

 Score = 30.2 bits (15),  Expect = 9.2
 Identities = 15/15 (100%), Gaps = 0/15 (0%)
 Strand=Plus/Plus

Query  5       GAAGAACTTGGCATA  19
               |||||||||||||||
Sbjct  109157  GAAGAACTTGGCATA  109171


>VYZZ01002710.1 Capsicum annuum cultivar SF scaffold9412, whole genome shotgun 
sequence
Length=997844

 Score = 30.2 bits (15),  Expect = 9.2
 Identities = 15/15 (100%), Gaps = 0/15 (0%)
 Strand=Plus/Plus

Query  6       AAGAACTTGGCATAG  20
               |||||||||||||||
Sbjct  772084  AAGAACTTGGCATAG  772098


>VYZZ01002475.1 Capsicum annuum cultivar SF scaffold8629, whole genome shotgun 
sequence
Length=658422

 Score = 30.2 bits (15),  Expect = 9.2
 Identities = 15/15 (100%), Gaps = 0/15 (0%)
 Strand=Plus/Plus

Query  7       AGAACTTGGCATAGG  21
               |||||||||||||||
Sbjct  279101  AGAACTTGGCATAGG  279115


>VYZZ01002435.1 Capsicum annuum cultivar SF scaffold8490, whole genome shotgun 
sequence
Length=315410

 Score = 30.2 bits (15),  Expect = 9.2
 Identities = 15/15 (100%), Gaps = 0/15 (0%)
 Strand=Plus/Plus

Query  6      AAGAACTTGGCATAG  20
              |||||||||||||||
Sbjct  83896  AAGAACTTGGCATAG  83910


>VYZZ01002221.1 Capsicum annuum cultivar SF scaffold7722, whole genome shotgun 
sequence
Length=407415

 Score = 30.2 bits (15),  Expect = 9.2
 Identities = 15/15 (100%), Gaps = 0/15 (0%)
 Strand=Plus/Plus

Query  5       GAAGAACTTGGCATA  19
               |||||||||||||||
Sbjct  206549  GAAGAACTTGGCATA  206563


>VYZZ01002065.1 Capsicum annuum cultivar SF scaffold7095, whole genome shotgun 
sequence
Length=893362

 Score = 30.2 bits (15),  Expect = 9.2
 Identities = 15/15 (100%), Gaps = 0/15 (0%)
 Strand=Plus/Plus

Query  1       AGTGGAAGAACTTGG  15
               |||||||||||||||
Sbjct  676456  AGTGGAAGAACTTGG  676470


>VYZZ01001881.1 Capsicum annuum cultivar SF scaffold6341, whole genome shotgun 
sequence
Length=218104

 Score = 30.2 bits (15),  Expect = 9.2
 Identities = 15/15 (100%), Gaps = 0/15 (0%)
 Strand=Plus/Plus

Query  5       GAAGAACTTGGCATA  19
               |||||||||||||||
Sbjct  155774  GAAGAACTTGGCATA  155788


>VYZZ01001688.1 Capsicum annuum cultivar SF scaffold5666, whole genome shotgun 
sequence
Length=1367897

 Score = 30.2 bits (15),  Expect = 9.2
 Identities = 15/15 (100%), Gaps = 0/15 (0%)
 Strand=Plus/Plus

Query  6        AAGAACTTGGCATAG  20
                |||||||||||||||
Sbjct  1277945  AAGAACTTGGCATAG  1277959


>VYZZ01001233.1 Capsicum annuum cultivar SF scaffold4059, whole genome shotgun 
sequence
Length=317699

 Score = 30.2 bits (15),  Expect = 9.2
 Identities = 15/15 (100%), Gaps = 0/15 (0%)
 Strand=Plus/Plus

Query  5       GAAGAACTTGGCATA  19
               |||||||||||||||
Sbjct  220384  GAAGAACTTGGCATA  220398


>VYZZ01001144.1 Capsicum annuum cultivar SF scaffold3801, whole genome shotgun 
sequence
Length=1815637

 Score = 30.2 bits (15),  Expect = 9.2
 Identities = 15/15 (100%), Gaps = 0/15 (0%)
 Strand=Plus/Plus

Query  5       GAAGAACTTGGCATA  19
               |||||||||||||||
Sbjct  347325  GAAGAACTTGGCATA  347339


>VYZZ01000604.1 Capsicum annuum cultivar SF scaffold1955, whole genome shotgun 
sequence
Length=518355

 Score = 30.2 bits (15),  Expect = 9.2
 Identities = 15/15 (100%), Gaps = 0/15 (0%)
 Strand=Plus/Plus

Query  5       GAAGAACTTGGCATA  19
               |||||||||||||||
Sbjct  144306  GAAGAACTTGGCATA  144320


>VYZZ01000571.1 Capsicum annuum cultivar SF scaffold1870, whole genome shotgun 
sequence
Length=316629

 Score = 30.2 bits (15),  Expect = 9.2
 Identities = 15/15 (100%), Gaps = 0/15 (0%)
 Strand=Plus/Plus

Query  5      GAAGAACTTGGCATA  19
              |||||||||||||||
Sbjct  11265  GAAGAACTTGGCATA  11279


>VYZZ01000385.1 Capsicum annuum cultivar SF scaffold1280, whole genome shotgun 
sequence
Length=1302993

 Score = 30.2 bits (15),  Expect = 9.2
 Identities = 15/15 (100%), Gaps = 0/15 (0%)
 Strand=Plus/Plus

Query  5        GAAGAACTTGGCATA  19
                |||||||||||||||
Sbjct  1232172  GAAGAACTTGGCATA  1232186


>VYZZ01000166.1 Capsicum annuum cultivar SF scaffold573, whole genome shotgun 
sequence
Length=519298

 Score = 30.2 bits (15),  Expect = 9.2
 Identities = 15/15 (100%), Gaps = 0/15 (0%)
 Strand=Plus/Plus

Query  5       GAAGAACTTGGCATA  19
               |||||||||||||||
Sbjct  167305  GAAGAACTTGGCATA  167319


>VYZZ01000130.1 Capsicum annuum cultivar SF scaffold429, whole genome shotgun 
sequence
Length=687069

 Score = 30.2 bits (15),  Expect = 9.2
 Identities = 15/15 (100%), Gaps = 0/15 (0%)
 Strand=Plus/Plus

Query  5       GAAGAACTTGGCATA  19
               |||||||||||||||
Sbjct  485859  GAAGAACTTGGCATA  485873


>VYZZ01000097.1 Capsicum annuum cultivar SF scaffold327, whole genome shotgun 
sequence
Length=244606

 Score = 30.2 bits (15),  Expect = 9.2
 Identities = 15/15 (100%), Gaps = 0/15 (0%)
 Strand=Plus/Plus

Query  1      AGTGGAAGAACTTGG  15
              |||||||||||||||
Sbjct  88877  AGTGGAAGAACTTGG  88891


>VYZZ01039766.1 Capsicum annuum cultivar SF scaffold1327011, whole genome shotgun 
sequence
Length=7869

 Score = 30.2 bits (15),  Expect = 9.2
 Identities = 15/15 (100%), Gaps = 0/15 (0%)
 Strand=Plus/Minus

Query  5     GAAGAACTTGGCATA  19
             |||||||||||||||
Sbjct  7043  GAAGAACTTGGCATA  7029


>VYZZ01024524.1 Capsicum annuum cultivar SF scaffold424106, whole genome shotgun 
sequence
Length=125932

 Score = 30.2 bits (15),  Expect = 9.2
 Identities = 15/15 (100%), Gaps = 0/15 (0%)
 Strand=Plus/Minus

Query  5      GAAGAACTTGGCATA  19
              |||||||||||||||
Sbjct  47348  GAAGAACTTGGCATA  47334


>VYZZ01013562.1 Capsicum annuum cultivar SF scaffold112931, whole genome shotgun 
sequence
Length=74414

 Score = 30.2 bits (15),  Expect = 9.2
 Identities = 15/15 (100%), Gaps = 0/15 (0%)
 Strand=Plus/Minus

Query  5      GAAGAACTTGGCATA  19
              |||||||||||||||
Sbjct  40561  GAAGAACTTGGCATA  40547


>VYZZ01013452.1 Capsicum annuum cultivar SF scaffold110445, whole genome shotgun 
sequence
Length=65717

 Score = 30.2 bits (15),  Expect = 9.2
 Identities = 15/15 (100%), Gaps = 0/15 (0%)
 Strand=Plus/Minus

Query  5      GAAGAACTTGGCATA  19
              |||||||||||||||
Sbjct  11621  GAAGAACTTGGCATA  11607


>VYZZ01011602.1 Capsicum annuum cultivar SF scaffold80271, whole genome shotgun 
sequence
Length=611648

 Score = 30.2 bits (15),  Expect = 9.2
 Identities = 15/15 (100%), Gaps = 0/15 (0%)
 Strand=Plus/Minus

Query  5      GAAGAACTTGGCATA  19
              |||||||||||||||
Sbjct  94583  GAAGAACTTGGCATA  94569


>VYZZ01011469.1 Capsicum annuum cultivar SF scaffold78365, whole genome shotgun 
sequence
Length=162847

 Score = 30.2 bits (15),  Expect = 9.2
 Identities = 15/15 (100%), Gaps = 0/15 (0%)
 Strand=Plus/Minus

Query  5       GAAGAACTTGGCATA  19
               |||||||||||||||
Sbjct  142501  GAAGAACTTGGCATA  142487


>VYZZ01010084.1 Capsicum annuum cultivar SF scaffold60403, whole genome shotgun 
sequence
Length=1415525

 Score = 30.2 bits (15),  Expect = 9.2
 Identities = 15/15 (100%), Gaps = 0/15 (0%)
 Strand=Plus/Minus

Query  5       GAAGAACTTGGCATA  19
               |||||||||||||||
Sbjct  590687  GAAGAACTTGGCATA  590673


>VYZZ01009642.1 Capsicum annuum cultivar SF scaffold55368, whole genome shotgun 
sequence
Length=353360

 Score = 30.2 bits (15),  Expect = 9.2
 Identities = 15/15 (100%), Gaps = 0/15 (0%)
 Strand=Plus/Minus

Query  5       GAAGAACTTGGCATA  19
               |||||||||||||||
Sbjct  260544  GAAGAACTTGGCATA  260530


>VYZZ01008227.1 Capsicum annuum cultivar SF scaffold41912, whole genome shotgun 
sequence
Length=324817

 Score = 30.2 bits (15),  Expect = 9.2
 Identities = 15/15 (100%), Gaps = 0/15 (0%)
 Strand=Plus/Minus

Query  6       AAGAACTTGGCATAG  20
               |||||||||||||||
Sbjct  320952  AAGAACTTGGCATAG  320938


>VYZZ01008184.1 Capsicum annuum cultivar SF scaffold41543, whole genome shotgun 
sequence
Length=346662

 Score = 30.2 bits (15),  Expect = 9.2
 Identities = 15/15 (100%), Gaps = 0/15 (0%)
 Strand=Plus/Minus

Query  6       AAGAACTTGGCATAG  20
               |||||||||||||||
Sbjct  134463  AAGAACTTGGCATAG  134449


>VYZZ01007868.1 Capsicum annuum cultivar SF scaffold38658, whole genome shotgun 
sequence
Length=900066

 Score = 30.2 bits (15),  Expect = 9.2
 Identities = 15/15 (100%), Gaps = 0/15 (0%)
 Strand=Plus/Minus

Query  5       GAAGAACTTGGCATA  19
               |||||||||||||||
Sbjct  219427  GAAGAACTTGGCATA  219413


>VYZZ01007591.1 Capsicum annuum cultivar SF scaffold36531, whole genome shotgun 
sequence
Length=596326

 Score = 30.2 bits (15),  Expect = 9.2
 Identities = 15/15 (100%), Gaps = 0/15 (0%)
 Strand=Plus/Minus

Query  5       GAAGAACTTGGCATA  19
               |||||||||||||||
Sbjct  322626  GAAGAACTTGGCATA  322612


>VYZZ01007392.1 Capsicum annuum cultivar SF scaffold35043, whole genome shotgun 
sequence
Length=447464

 Score = 30.2 bits (15),  Expect = 9.2
 Identities = 15/15 (100%), Gaps = 0/15 (0%)
 Strand=Plus/Minus

Query  6      AAGAACTTGGCATAG  20
              |||||||||||||||
Sbjct  31519  AAGAACTTGGCATAG  31505


>VYZZ01007355.1 Capsicum annuum cultivar SF scaffold34789, whole genome shotgun 
sequence
Length=302397

 Score = 30.2 bits (15),  Expect = 9.2
 Identities = 15/15 (100%), Gaps = 0/15 (0%)
 Strand=Plus/Minus

Query  5       GAAGAACTTGGCATA  19
               |||||||||||||||
Sbjct  106317  GAAGAACTTGGCATA  106303


>VYZZ01007022.1 Capsicum annuum cultivar SF scaffold32473, whole genome shotgun 
sequence
Length=408117

 Score = 30.2 bits (15),  Expect = 9.2
 Identities = 15/15 (100%), Gaps = 0/15 (0%)
 Strand=Plus/Minus

Query  5       GAAGAACTTGGCATA  19
               |||||||||||||||
Sbjct  388002  GAAGAACTTGGCATA  387988


>VYZZ01006608.1 Capsicum annuum cultivar SF scaffold29696, whole genome shotgun 
sequence
Length=961107

 Score = 30.2 bits (15),  Expect = 9.2
 Identities = 15/15 (100%), Gaps = 0/15 (0%)
 Strand=Plus/Minus

Query  6       AAGAACTTGGCATAG  20
               |||||||||||||||
Sbjct  434954  AAGAACTTGGCATAG  434940


>VYZZ01006565.1 Capsicum annuum cultivar SF scaffold29419, whole genome shotgun 
sequence
Length=455207

 Score = 30.2 bits (15),  Expect = 9.2
 Identities = 15/15 (100%), Gaps = 0/15 (0%)
 Strand=Plus/Minus

Query  5      GAAGAACTTGGCATA  19
              |||||||||||||||
Sbjct  43721  GAAGAACTTGGCATA  43707


>VYZZ01006526.1 Capsicum annuum cultivar SF scaffold29124, whole genome shotgun 
sequence
Length=793860

 Score = 30.2 bits (15),  Expect = 9.2
 Identities = 15/15 (100%), Gaps = 0/15 (0%)
 Strand=Plus/Minus

Query  5       GAAGAACTTGGCATA  19
               |||||||||||||||
Sbjct  184169  GAAGAACTTGGCATA  184155


>VYZZ01006382.1 Capsicum annuum cultivar SF scaffold28112, whole genome shotgun 
sequence
Length=1196725

 Score = 30.2 bits (15),  Expect = 9.2
 Identities = 18/19 (95%), Gaps = 0/19 (0%)
 Strand=Plus/Minus

Query  1        AGTGGAAGAACTTGGCATA  19
                ||||| |||||||||||||
Sbjct  1145194  AGTGGGAGAACTTGGCATA  1145176


>VYZZ01006178.1 Capsicum annuum cultivar SF scaffold26788, whole genome shotgun 
sequence
Length=329224

 Score = 30.2 bits (15),  Expect = 9.2
 Identities = 15/15 (100%), Gaps = 0/15 (0%)
 Strand=Plus/Minus

Query  5       GAAGAACTTGGCATA  19
               |||||||||||||||
Sbjct  145072  GAAGAACTTGGCATA  145058


>VYZZ01005955.1 Capsicum annuum cultivar SF scaffold25499, whole genome shotgun 
sequence
Length=738351

 Score = 30.2 bits (15),  Expect = 9.2
 Identities = 15/15 (100%), Gaps = 0/15 (0%)
 Strand=Plus/Minus

Query  5       GAAGAACTTGGCATA  19
               |||||||||||||||
Sbjct  287939  GAAGAACTTGGCATA  287925


>VYZZ01005786.1 Capsicum annuum cultivar SF scaffold24430, whole genome shotgun 
sequence
Length=456217

 Score = 30.2 bits (15),  Expect = 9.2
 Identities = 15/15 (100%), Gaps = 0/15 (0%)
 Strand=Plus/Minus

Query  6       AAGAACTTGGCATAG  20
               |||||||||||||||
Sbjct  194767  AAGAACTTGGCATAG  194753


>VYZZ01005744.1 Capsicum annuum cultivar SF scaffold24143, whole genome shotgun 
sequence
Length=794065

 Score = 30.2 bits (15),  Expect = 9.2
 Identities = 15/15 (100%), Gaps = 0/15 (0%)
 Strand=Plus/Minus

Query  5       GAAGAACTTGGCATA  19
               |||||||||||||||
Sbjct  378414  GAAGAACTTGGCATA  378400


>VYZZ01005625.1 Capsicum annuum cultivar SF scaffold23429, whole genome shotgun 
sequence
Length=659558

 Score = 30.2 bits (15),  Expect = 9.2
 Identities = 15/15 (100%), Gaps = 0/15 (0%)
 Strand=Plus/Minus

Query  3       TGGAAGAACTTGGCA  17
               |||||||||||||||
Sbjct  188847  TGGAAGAACTTGGCA  188833


>VYZZ01004931.1 Capsicum annuum cultivar SF scaffold19438, whole genome shotgun 
sequence
Length=440505

 Score = 30.2 bits (15),  Expect = 9.2
 Identities = 15/15 (100%), Gaps = 0/15 (0%)
 Strand=Plus/Minus

Query  5       GAAGAACTTGGCATA  19
               |||||||||||||||
Sbjct  387241  GAAGAACTTGGCATA  387227


>VYZZ01003919.1 Capsicum annuum cultivar SF scaffold14593, whole genome shotgun 
sequence
Length=684441

 Score = 30.2 bits (15),  Expect = 9.2
 Identities = 15/15 (100%), Gaps = 0/15 (0%)
 Strand=Plus/Minus

Query  5       GAAGAACTTGGCATA  19
               |||||||||||||||
Sbjct  545215  GAAGAACTTGGCATA  545201


>VYZZ01003315.1 Capsicum annuum cultivar SF scaffold11865, whole genome shotgun 
sequence
Length=874173

 Score = 30.2 bits (15),  Expect = 9.2
 Identities = 15/15 (100%), Gaps = 0/15 (0%)
 Strand=Plus/Minus

Query  5       GAAGAACTTGGCATA  19
               |||||||||||||||
Sbjct  630508  GAAGAACTTGGCATA  630494


>VYZZ01003303.1 Capsicum annuum cultivar SF scaffold11830, whole genome shotgun 
sequence
Length=836759

 Score = 30.2 bits (15),  Expect = 9.2
 Identities = 15/15 (100%), Gaps = 0/15 (0%)
 Strand=Plus/Minus

Query  5       GAAGAACTTGGCATA  19
               |||||||||||||||
Sbjct  786419  GAAGAACTTGGCATA  786405


>VYZZ01003290.1 Capsicum annuum cultivar SF scaffold11794, whole genome shotgun 
sequence
Length=322881

 Score = 30.2 bits (15),  Expect = 9.2
 Identities = 15/15 (100%), Gaps = 0/15 (0%)
 Strand=Plus/Minus

Query  6       AAGAACTTGGCATAG  20
               |||||||||||||||
Sbjct  133423  AAGAACTTGGCATAG  133409


>VYZZ01003013.1 Capsicum annuum cultivar SF scaffold10557, whole genome shotgun 
sequence
Length=455653

 Score = 30.2 bits (15),  Expect = 9.2
 Identities = 15/15 (100%), Gaps = 0/15 (0%)
 Strand=Plus/Minus

Query  5      GAAGAACTTGGCATA  19
              |||||||||||||||
Sbjct  85054  GAAGAACTTGGCATA  85040


>VYZZ01002977.1 Capsicum annuum cultivar SF scaffold10402, whole genome shotgun 
sequence
Length=93591

 Score = 30.2 bits (15),  Expect = 9.2
 Identities = 15/15 (100%), Gaps = 0/15 (0%)
 Strand=Plus/Minus

Query  4      GGAAGAACTTGGCAT  18
              |||||||||||||||
Sbjct  74915  GGAAGAACTTGGCAT  74901


>VYZZ01002247.1 Capsicum annuum cultivar SF scaffold7808, whole genome shotgun 
sequence
Length=1149560

 Score = 30.2 bits (15),  Expect = 9.2
 Identities = 15/15 (100%), Gaps = 0/15 (0%)
 Strand=Plus/Minus

Query  5       GAAGAACTTGGCATA  19
               |||||||||||||||
Sbjct  483486  GAAGAACTTGGCATA  483472


>VYZZ01002193.1 Capsicum annuum cultivar SF scaffold7591, whole genome shotgun 
sequence
Length=1120616

 Score = 30.2 bits (15),  Expect = 9.2
 Identities = 15/15 (100%), Gaps = 0/15 (0%)
 Strand=Plus/Minus

Query  5       GAAGAACTTGGCATA  19
               |||||||||||||||
Sbjct  969037  GAAGAACTTGGCATA  969023


>VYZZ01002131.1 Capsicum annuum cultivar SF scaffold7336, whole genome shotgun 
sequence
Length=766995

 Score = 30.2 bits (15),  Expect = 9.2
 Identities = 15/15 (100%), Gaps = 0/15 (0%)
 Strand=Plus/Minus

Query  5       GAAGAACTTGGCATA  19
               |||||||||||||||
Sbjct  713793  GAAGAACTTGGCATA  713779


>VYZZ01001975.1 Capsicum annuum cultivar SF scaffold6711, whole genome shotgun 
sequence
Length=343283

 Score = 30.2 bits (15),  Expect = 9.2
 Identities = 15/15 (100%), Gaps = 0/15 (0%)
 Strand=Plus/Minus

Query  5       GAAGAACTTGGCATA  19
               |||||||||||||||
Sbjct  269654  GAAGAACTTGGCATA  269640


>VYZZ01001929.1 Capsicum annuum cultivar SF scaffold6553, whole genome shotgun 
sequence
Length=398237

 Score = 30.2 bits (15),  Expect = 9.2
 Identities = 15/15 (100%), Gaps = 0/15 (0%)
 Strand=Plus/Minus

Query  5       GAAGAACTTGGCATA  19
               |||||||||||||||
Sbjct  321862  GAAGAACTTGGCATA  321848


>VYZZ01001381.1 Capsicum annuum cultivar SF scaffold4533, whole genome shotgun 
sequence
Length=886288

 Score = 30.2 bits (15),  Expect = 9.2
 Identities = 15/15 (100%), Gaps = 0/15 (0%)
 Strand=Plus/Minus

Query  5       GAAGAACTTGGCATA  19
               |||||||||||||||
Sbjct  648469  GAAGAACTTGGCATA  648455


>VYZZ01001249.1 Capsicum annuum cultivar SF scaffold4107, whole genome shotgun 
sequence
Length=521915

 Score = 30.2 bits (15),  Expect = 9.2
 Identities = 15/15 (100%), Gaps = 0/15 (0%)
 Strand=Plus/Minus

Query  5       GAAGAACTTGGCATA  19
               |||||||||||||||
Sbjct  199205  GAAGAACTTGGCATA  199191


>VYZZ01001067.1 Capsicum annuum cultivar SF scaffold3562, whole genome shotgun 
sequence
Length=1517092

 Score = 30.2 bits (15),  Expect = 9.2
 Identities = 15/15 (100%), Gaps = 0/15 (0%)
 Strand=Plus/Minus

Query  6        AAGAACTTGGCATAG  20
                |||||||||||||||
Sbjct  1353260  AAGAACTTGGCATAG  1353246


>VYZZ01000793.1 Capsicum annuum cultivar SF scaffold2552, whole genome shotgun 
sequence
Length=658466

 Score = 30.2 bits (15),  Expect = 9.2
 Identities = 15/15 (100%), Gaps = 0/15 (0%)
 Strand=Plus/Minus

Query  5       GAAGAACTTGGCATA  19
               |||||||||||||||
Sbjct  602522  GAAGAACTTGGCATA  602508


>VYZZ01000025.1 Capsicum annuum cultivar SF scaffold94, whole genome shotgun 
sequence
Length=920879

 Score = 30.2 bits (15),  Expect = 9.2
 Identities = 15/15 (100%), Gaps = 0/15 (0%)
 Strand=Plus/Minus

Query  7      AGAACTTGGCATAGG  21
              |||||||||||||||
Sbjct  23591  AGAACTTGGCATAGG  23577



Lambda      K        H
    1.37    0.711     1.31 

Gapped
Lambda      K        H
    1.37    0.711     1.31 

Effective search space used: 11526631184


  Database: datasets/ncbi_dataset/data/GCA_011745865.1/GCA_011745865.1_SNU_SF_1.
0_genomic.fna
    Posted date:  Sep 10, 2021  4:03 PM
  Number of letters in database: 2,882,417,764
  Number of sequences in database:  44,704



Matrix: blastn matrix 1 -3
Gap Penalties: Existence: 5, Extension: 2
