BLASTN 2.12.0+


Reference: Stephen F. Altschul, Thomas L. Madden, Alejandro A.
Schaffer, Jinghui Zhang, Zheng Zhang, Webb Miller, and David J.
Lipman (1997), "Gapped BLAST and PSI-BLAST: a new generation of
protein database search programs", Nucleic Acids Res. 25:3389-3402.



Database: datasets/ncbi_dataset/data/GCA_011745865.1/GCA_011745865.1_SNU_SF_1.
0_genomic.fna
           44,704 sequences; 2,882,417,764 total letters



Query= 
Length=22
                                                                      Score     E
Sequences producing significant alignments:                          (Bits)  Value

VYZZ01004508.1 Capsicum annuum cultivar SF scaffold17271, whole g...  44.1    8e-04
VYZZ01009027.1 Capsicum annuum cultivar SF scaffold49353, whole g...  34.2    0.73 
VYZZ01007392.1 Capsicum annuum cultivar SF scaffold35043, whole g...  34.2    0.73 
VYZZ01040696.1 Capsicum annuum cultivar SF scaffold1431240, whole...  32.2    2.9  
VYZZ01022339.1 Capsicum annuum cultivar SF scaffold345747, whole ...  32.2    2.9  
VYZZ01003852.1 Capsicum annuum cultivar SF scaffold14246, whole g...  32.2    2.9  
VYZZ01002824.1 Capsicum annuum cultivar SF scaffold9863, whole ge...  32.2    2.9  
VYZZ01001409.1 Capsicum annuum cultivar SF scaffold4638, whole ge...  32.2    2.9  
VYZZ01000503.1 Capsicum annuum cultivar SF scaffold1639, whole ge...  32.2    2.9  
VYZZ01000274.1 Capsicum annuum cultivar SF scaffold972, whole gen...  32.2    2.9  


>VYZZ01004508.1 Capsicum annuum cultivar SF scaffold17271, whole genome shotgun 
sequence
Length=104871

 Score = 44.1 bits (22),  Expect = 8e-04
 Identities = 22/22 (100%), Gaps = 0/22 (0%)
 Strand=Plus/Plus

Query  1      GCAGCTTAATGCAACTGATGTC  22
              ||||||||||||||||||||||
Sbjct  40504  GCAGCTTAATGCAACTGATGTC  40525


>VYZZ01009027.1 Capsicum annuum cultivar SF scaffold49353, whole genome shotgun 
sequence
Length=747186

 Score = 34.2 bits (17),  Expect = 0.73
 Identities = 17/17 (100%), Gaps = 0/17 (0%)
 Strand=Plus/Minus

Query  2       CAGCTTAATGCAACTGA  18
               |||||||||||||||||
Sbjct  254719  CAGCTTAATGCAACTGA  254703


>VYZZ01007392.1 Capsicum annuum cultivar SF scaffold35043, whole genome shotgun 
sequence
Length=447464

 Score = 34.2 bits (17),  Expect = 0.73
 Identities = 17/17 (100%), Gaps = 0/17 (0%)
 Strand=Plus/Minus

Query  6       TTAATGCAACTGATGTC  22
               |||||||||||||||||
Sbjct  407784  TTAATGCAACTGATGTC  407768


>VYZZ01040696.1 Capsicum annuum cultivar SF scaffold1431240, whole genome shotgun 
sequence
Length=21147

 Score = 32.2 bits (16),  Expect = 2.9
 Identities = 19/20 (95%), Gaps = 0/20 (0%)
 Strand=Plus/Plus

Query  3      AGCTTAATGCAACTGATGTC  22
              ||||||||||||| ||||||
Sbjct  15639  AGCTTAATGCAACAGATGTC  15658


>VYZZ01022339.1 Capsicum annuum cultivar SF scaffold345747, whole genome shotgun 
sequence
Length=88669

 Score = 32.2 bits (16),  Expect = 2.9
 Identities = 16/16 (100%), Gaps = 0/16 (0%)
 Strand=Plus/Plus

Query  6      TTAATGCAACTGATGT  21
              ||||||||||||||||
Sbjct  34989  TTAATGCAACTGATGT  35004


>VYZZ01003852.1 Capsicum annuum cultivar SF scaffold14246, whole genome shotgun 
sequence
Length=276166

 Score = 32.2 bits (16),  Expect = 2.9
 Identities = 16/16 (100%), Gaps = 0/16 (0%)
 Strand=Plus/Plus

Query  4       GCTTAATGCAACTGAT  19
               ||||||||||||||||
Sbjct  271429  GCTTAATGCAACTGAT  271444


>VYZZ01002824.1 Capsicum annuum cultivar SF scaffold9863, whole genome shotgun 
sequence
Length=578063

 Score = 32.2 bits (16),  Expect = 2.9
 Identities = 16/16 (100%), Gaps = 0/16 (0%)
 Strand=Plus/Plus

Query  7       TAATGCAACTGATGTC  22
               ||||||||||||||||
Sbjct  491818  TAATGCAACTGATGTC  491833


>VYZZ01001409.1 Capsicum annuum cultivar SF scaffold4638, whole genome shotgun 
sequence
Length=254931

 Score = 32.2 bits (16),  Expect = 2.9
 Identities = 16/16 (100%), Gaps = 0/16 (0%)
 Strand=Plus/Plus

Query  6       TTAATGCAACTGATGT  21
               ||||||||||||||||
Sbjct  208270  TTAATGCAACTGATGT  208285


>VYZZ01000503.1 Capsicum annuum cultivar SF scaffold1639, whole genome shotgun 
sequence
Length=512460

 Score = 32.2 bits (16),  Expect = 2.9
 Identities = 16/16 (100%), Gaps = 0/16 (0%)
 Strand=Plus/Minus

Query  5       CTTAATGCAACTGATG  20
               ||||||||||||||||
Sbjct  451211  CTTAATGCAACTGATG  451196


>VYZZ01000274.1 Capsicum annuum cultivar SF scaffold972, whole genome shotgun 
sequence
Length=367522

 Score = 32.2 bits (16),  Expect = 2.9
 Identities = 16/16 (100%), Gaps = 0/16 (0%)
 Strand=Plus/Minus

Query  5      CTTAATGCAACTGATG  20
              ||||||||||||||||
Sbjct  35396  CTTAATGCAACTGATG  35381



Lambda      K        H
    1.37    0.711     1.31 

Gapped
Lambda      K        H
    1.37    0.711     1.31 

Effective search space used: 14408288980


  Database: datasets/ncbi_dataset/data/GCA_011745865.1/GCA_011745865.1_SNU_SF_1.
0_genomic.fna
    Posted date:  Sep 10, 2021  4:03 PM
  Number of letters in database: 2,882,417,764
  Number of sequences in database:  44,704



Matrix: blastn matrix 1 -3
Gap Penalties: Existence: 5, Extension: 2
