BLASTN 2.12.0+


Reference: Stephen F. Altschul, Thomas L. Madden, Alejandro A.
Schaffer, Jinghui Zhang, Zheng Zhang, Webb Miller, and David J.
Lipman (1997), "Gapped BLAST and PSI-BLAST: a new generation of
protein database search programs", Nucleic Acids Res. 25:3389-3402.



Database: datasets/ncbi_dataset/data/GCA_011745865.1/GCA_011745865.1_SNU_SF_1.
0_genomic.fna
           44,704 sequences; 2,882,417,764 total letters



Query= 
Length=17
                                                                      Score     E
Sequences producing significant alignments:                          (Bits)  Value

VYZZ01008485.1 Capsicum annuum cultivar SF scaffold44283, whole g...  34.2    0.29 
VYZZ01005430.1 Capsicum annuum cultivar SF scaffold22240, whole g...  32.2    1.2  
VYZZ01003221.1 Capsicum annuum cultivar SF scaffold11430, whole g...  30.2    4.6  


>VYZZ01008485.1 Capsicum annuum cultivar SF scaffold44283, whole genome shotgun 
sequence
Length=243507

 Score = 34.2 bits (17),  Expect = 0.29
 Identities = 17/17 (100%), Gaps = 0/17 (0%)
 Strand=Plus/Minus

Query  1       TGGCGTGGCTGGATGAA  17
               |||||||||||||||||
Sbjct  195489  TGGCGTGGCTGGATGAA  195473


>VYZZ01005430.1 Capsicum annuum cultivar SF scaffold22240, whole genome shotgun 
sequence
Length=118236

 Score = 32.2 bits (16),  Expect = 1.2
 Identities = 16/16 (100%), Gaps = 0/16 (0%)
 Strand=Plus/Plus

Query  1      TGGCGTGGCTGGATGA  16
              ||||||||||||||||
Sbjct  19202  TGGCGTGGCTGGATGA  19217


>VYZZ01003221.1 Capsicum annuum cultivar SF scaffold11430, whole genome shotgun 
sequence
Length=391537

 Score = 30.2 bits (15),  Expect = 4.6
 Identities = 15/15 (100%), Gaps = 0/15 (0%)
 Strand=Plus/Plus

Query  3      GCGTGGCTGGATGAA  17
              |||||||||||||||
Sbjct  11544  GCGTGGCTGGATGAA  11558



Lambda      K        H
    1.37    0.711     1.31 

Gapped
Lambda      K        H
    1.37    0.711     1.31 

Effective search space used: 5763494408


  Database: datasets/ncbi_dataset/data/GCA_011745865.1/GCA_011745865.1_SNU_SF_1.
0_genomic.fna
    Posted date:  Sep 10, 2021  4:03 PM
  Number of letters in database: 2,882,417,764
  Number of sequences in database:  44,704



Matrix: blastn matrix 1 -3
Gap Penalties: Existence: 5, Extension: 2
