BLASTN 2.12.0+


Reference: Stephen F. Altschul, Thomas L. Madden, Alejandro A.
Schaffer, Jinghui Zhang, Zheng Zhang, Webb Miller, and David J.
Lipman (1997), "Gapped BLAST and PSI-BLAST: a new generation of
protein database search programs", Nucleic Acids Res. 25:3389-3402.



Database: datasets/ncbi_dataset/data/GCA_011745865.1/GCA_011745865.1_SNU_SF_1.
0_genomic.fna
           44,704 sequences; 2,882,417,764 total letters



Query= 
Length=22
                                                                      Score     E
Sequences producing significant alignments:                          (Bits)  Value

VYZZ01004268.1 Capsicum annuum cultivar SF scaffold16214, whole g...  44.1    8e-04
VYZZ01002418.1 Capsicum annuum cultivar SF scaffold8435, whole ge...  36.2    0.19 


>VYZZ01004268.1 Capsicum annuum cultivar SF scaffold16214, whole genome shotgun 
sequence
Length=760828

 Score = 44.1 bits (22),  Expect = 8e-04
 Identities = 22/22 (100%), Gaps = 0/22 (0%)
 Strand=Plus/Minus

Query  1       CTCTAGTCGTGGCAAGCTTTAT  22
               ||||||||||||||||||||||
Sbjct  416316  CTCTAGTCGTGGCAAGCTTTAT  416295


>VYZZ01002418.1 Capsicum annuum cultivar SF scaffold8435, whole genome shotgun 
sequence
Length=185405

 Score = 36.2 bits (18),  Expect = 0.19
 Identities = 21/22 (95%), Gaps = 0/22 (0%)
 Strand=Plus/Plus

Query  1       CTCTAGTCGTGGCAAGCTTTAT  22
               ||||||||||||||| ||||||
Sbjct  111302  CTCTAGTCGTGGCAAACTTTAT  111323



Lambda      K        H
    1.37    0.711     1.31 

Gapped
Lambda      K        H
    1.37    0.711     1.31 

Effective search space used: 14408288980


  Database: datasets/ncbi_dataset/data/GCA_011745865.1/GCA_011745865.1_SNU_SF_1.
0_genomic.fna
    Posted date:  Sep 10, 2021  4:03 PM
  Number of letters in database: 2,882,417,764
  Number of sequences in database:  44,704



Matrix: blastn matrix 1 -3
Gap Penalties: Existence: 5, Extension: 2
