BLASTN 2.12.0+


Reference: Stephen F. Altschul, Thomas L. Madden, Alejandro A.
Schaffer, Jinghui Zhang, Zheng Zhang, Webb Miller, and David J.
Lipman (1997), "Gapped BLAST and PSI-BLAST: a new generation of
protein database search programs", Nucleic Acids Res. 25:3389-3402.



Database: datasets/ncbi_dataset/data/GCA_011745865.1/GCA_011745865.1_SNU_SF_1.
0_genomic.fna
           44,704 sequences; 2,882,417,764 total letters



Query= 
Length=22
                                                                      Score     E
Sequences producing significant alignments:                          (Bits)  Value

VYZZ01006745.1 Capsicum annuum cultivar SF scaffold30556, whole g...  36.2    0.19 
VYZZ01002646.1 Capsicum annuum cultivar SF scaffold9324, whole ge...  36.2    0.19 
VYZZ01001115.1 Capsicum annuum cultivar SF scaffold3697, whole ge...  36.2    0.19 
VYZZ01000280.1 Capsicum annuum cultivar SF scaffold986, whole gen...  36.2    0.19 
VYZZ01030710.1 Capsicum annuum cultivar SF scaffold697344, whole ...  34.2    0.73 
VYZZ01002051.1 Capsicum annuum cultivar SF scaffold7005, whole ge...  34.2    0.73 
VYZZ01001475.1 Capsicum annuum cultivar SF scaffold4871, whole ge...  34.2    0.73 
VYZZ01001280.1 Capsicum annuum cultivar SF scaffold4201, whole ge...  34.2    0.73 
VYZZ01001055.1 Capsicum annuum cultivar SF scaffold3513, whole ge...  34.2    0.73 
VYZZ01000136.1 Capsicum annuum cultivar SF scaffold480, whole gen...  34.2    0.73 
VYZZ01000086.1 Capsicum annuum cultivar SF scaffold295, whole gen...  34.2    0.73 
VYZZ01013204.1 Capsicum annuum cultivar SF scaffold105738, whole ...  34.2    0.73 
VYZZ01006864.1 Capsicum annuum cultivar SF scaffold31347, whole g...  34.2    0.73 
VYZZ01005470.1 Capsicum annuum cultivar SF scaffold22458, whole g...  34.2    0.73 
VYZZ01004928.1 Capsicum annuum cultivar SF scaffold19420, whole g...  34.2    0.73 
VYZZ01022365.1 Capsicum annuum cultivar SF scaffold346598, whole ...  32.2    2.9  
VYZZ01016010.1 Capsicum annuum cultivar SF scaffold164072, whole ...  32.2    2.9  
VYZZ01014651.1 Capsicum annuum cultivar SF scaffold135360, whole ...  32.2    2.9  
VYZZ01014193.1 Capsicum annuum cultivar SF scaffold126240, whole ...  32.2    2.9  
VYZZ01013645.1 Capsicum annuum cultivar SF scaffold114761, whole ...  32.2    2.9  
VYZZ01013407.1 Capsicum annuum cultivar SF scaffold109737, whole ...  32.2    2.9  
VYZZ01010533.1 Capsicum annuum cultivar SF scaffold65945, whole g...  32.2    2.9  
VYZZ01008045.1 Capsicum annuum cultivar SF scaffold40192, whole g...  32.2    2.9  
VYZZ01008020.1 Capsicum annuum cultivar SF scaffold39966, whole g...  32.2    2.9  
VYZZ01007980.1 Capsicum annuum cultivar SF scaffold39554, whole g...  32.2    2.9  
VYZZ01007966.1 Capsicum annuum cultivar SF scaffold39467, whole g...  32.2    2.9  
VYZZ01007337.1 Capsicum annuum cultivar SF scaffold34649, whole g...  32.2    2.9  
VYZZ01007225.1 Capsicum annuum cultivar SF scaffold33755, whole g...  32.2    2.9  
VYZZ01005762.1 Capsicum annuum cultivar SF scaffold24284, whole g...  32.2    2.9  
VYZZ01005524.1 Capsicum annuum cultivar SF scaffold22760, whole g...  32.2    2.9  
VYZZ01005121.1 Capsicum annuum cultivar SF scaffold20431, whole g...  32.2    2.9  
VYZZ01004852.1 Capsicum annuum cultivar SF scaffold18990, whole g...  32.2    2.9  
VYZZ01004581.1 Capsicum annuum cultivar SF scaffold17561, whole g...  32.2    2.9  
VYZZ01004261.1 Capsicum annuum cultivar SF scaffold16187, whole g...  32.2    2.9  
VYZZ01004011.1 Capsicum annuum cultivar SF scaffold15056, whole g...  32.2    2.9  
VYZZ01003978.1 Capsicum annuum cultivar SF scaffold14897, whole g...  32.2    2.9  
VYZZ01003974.1 Capsicum annuum cultivar SF scaffold14888, whole g...  32.2    2.9  
VYZZ01003969.1 Capsicum annuum cultivar SF scaffold14868, whole g...  32.2    2.9  
VYZZ01003575.1 Capsicum annuum cultivar SF scaffold12963, whole g...  32.2    2.9  
VYZZ01003068.1 Capsicum annuum cultivar SF scaffold10764, whole g...  32.2    2.9  
VYZZ01003018.1 Capsicum annuum cultivar SF scaffold10567, whole g...  32.2    2.9  
VYZZ01002797.1 Capsicum annuum cultivar SF scaffold9754, whole ge...  32.2    2.9  
VYZZ01002033.1 Capsicum annuum cultivar SF scaffold6929, whole ge...  32.2    2.9  
VYZZ01001923.1 Capsicum annuum cultivar SF scaffold6492, whole ge...  32.2    2.9  
VYZZ01001695.1 Capsicum annuum cultivar SF scaffold5698, whole ge...  32.2    2.9  
VYZZ01001424.1 Capsicum annuum cultivar SF scaffold4677, whole ge...  32.2    2.9  
VYZZ01001030.1 Capsicum annuum cultivar SF scaffold3412, whole ge...  32.2    2.9  
VYZZ01000817.1 Capsicum annuum cultivar SF scaffold2620, whole ge...  32.2    2.9  
VYZZ01000747.1 Capsicum annuum cultivar SF scaffold2401, whole ge...  32.2    2.9  
VYZZ01000456.1 Capsicum annuum cultivar SF scaffold1471, whole ge...  32.2    2.9  
VYZZ01000256.1 Capsicum annuum cultivar SF scaffold901, whole gen...  32.2    2.9  
VYZZ01000080.1 Capsicum annuum cultivar SF scaffold283, whole gen...  32.2    2.9  
VYZZ01013876.1 Capsicum annuum cultivar SF scaffold119706, whole ...  32.2    2.9  
VYZZ01013170.1 Capsicum annuum cultivar SF scaffold105050, whole ...  32.2    2.9  
VYZZ01011587.1 Capsicum annuum cultivar SF scaffold80036, whole g...  32.2    2.9  
VYZZ01007900.1 Capsicum annuum cultivar SF scaffold38947, whole g...  32.2    2.9  
VYZZ01007646.1 Capsicum annuum cultivar SF scaffold36928, whole g...  32.2    2.9  
VYZZ01007640.1 Capsicum annuum cultivar SF scaffold36875, whole g...  32.2    2.9  
VYZZ01007492.1 Capsicum annuum cultivar SF scaffold35795, whole g...  32.2    2.9  
VYZZ01007313.1 Capsicum annuum cultivar SF scaffold34398, whole g...  32.2    2.9  
VYZZ01006901.1 Capsicum annuum cultivar SF scaffold31582, whole g...  32.2    2.9  
VYZZ01006543.1 Capsicum annuum cultivar SF scaffold29270, whole g...  32.2    2.9  
VYZZ01005746.1 Capsicum annuum cultivar SF scaffold24146, whole g...  32.2    2.9  
VYZZ01005420.1 Capsicum annuum cultivar SF scaffold22191, whole g...  32.2    2.9  
VYZZ01005397.1 Capsicum annuum cultivar SF scaffold22092, whole g...  32.2    2.9  
VYZZ01005317.1 Capsicum annuum cultivar SF scaffold21621, whole g...  32.2    2.9  
VYZZ01005193.1 Capsicum annuum cultivar SF scaffold20926, whole g...  32.2    2.9  
VYZZ01004933.1 Capsicum annuum cultivar SF scaffold19444, whole g...  32.2    2.9  
VYZZ01003483.1 Capsicum annuum cultivar SF scaffold12580, whole g...  32.2    2.9  
VYZZ01003451.1 Capsicum annuum cultivar SF scaffold12461, whole g...  32.2    2.9  
VYZZ01003450.1 Capsicum annuum cultivar SF scaffold12459, whole g...  32.2    2.9  
VYZZ01003386.1 Capsicum annuum cultivar SF scaffold12195, whole g...  32.2    2.9  
VYZZ01003203.1 Capsicum annuum cultivar SF scaffold11320, whole g...  32.2    2.9  
VYZZ01003151.1 Capsicum annuum cultivar SF scaffold11093, whole g...  32.2    2.9  
VYZZ01003099.1 Capsicum annuum cultivar SF scaffold10872, whole g...  32.2    2.9  
VYZZ01003030.1 Capsicum annuum cultivar SF scaffold10619, whole g...  32.2    2.9  
VYZZ01002956.1 Capsicum annuum cultivar SF scaffold10308, whole g...  32.2    2.9  
VYZZ01002897.1 Capsicum annuum cultivar SF scaffold10105, whole g...  32.2    2.9  
VYZZ01002704.1 Capsicum annuum cultivar SF scaffold9405, whole ge...  32.2    2.9  
VYZZ01002688.1 Capsicum annuum cultivar SF scaffold9386, whole ge...  32.2    2.9  
VYZZ01002599.1 Capsicum annuum cultivar SF scaffold9200, whole ge...  32.2    2.9  
VYZZ01002286.1 Capsicum annuum cultivar SF scaffold7972, whole ge...  32.2    2.9  
VYZZ01002121.1 Capsicum annuum cultivar SF scaffold7299, whole ge...  32.2    2.9  
VYZZ01001994.1 Capsicum annuum cultivar SF scaffold6780, whole ge...  32.2    2.9  
VYZZ01001734.1 Capsicum annuum cultivar SF scaffold5831, whole ge...  32.2    2.9  
VYZZ01001347.1 Capsicum annuum cultivar SF scaffold4412, whole ge...  32.2    2.9  
VYZZ01001306.1 Capsicum annuum cultivar SF scaffold4277, whole ge...  32.2    2.9  
VYZZ01001081.1 Capsicum annuum cultivar SF scaffold3599, whole ge...  32.2    2.9  
VYZZ01000654.1 Capsicum annuum cultivar SF scaffold2100, whole ge...  32.2    2.9  
VYZZ01000627.1 Capsicum annuum cultivar SF scaffold2028, whole ge...  32.2    2.9  
VYZZ01000620.1 Capsicum annuum cultivar SF scaffold1999, whole ge...  32.2    2.9  
VYZZ01000362.1 Capsicum annuum cultivar SF scaffold1209, whole ge...  32.2    2.9  
VYZZ01000192.1 Capsicum annuum cultivar SF scaffold678, whole gen...  32.2    2.9  
VYZZ01000154.1 Capsicum annuum cultivar SF scaffold544, whole gen...  32.2    2.9  
VYZZ01000089.1 Capsicum annuum cultivar SF scaffold300, whole gen...  32.2    2.9  


>VYZZ01006745.1 Capsicum annuum cultivar SF scaffold30556, whole genome shotgun 
sequence
Length=75189

 Score = 36.2 bits (18),  Expect = 0.19
 Identities = 21/22 (95%), Gaps = 0/22 (0%)
 Strand=Plus/Minus

Query  1      GAAGGGAAGAAGAAGGTGAAGG  22
              |||||||||||||||| |||||
Sbjct  20083  GAAGGGAAGAAGAAGGAGAAGG  20062


>VYZZ01002646.1 Capsicum annuum cultivar SF scaffold9324, whole genome shotgun 
sequence
Length=332714

 Score = 36.2 bits (18),  Expect = 0.19
 Identities = 18/18 (100%), Gaps = 0/18 (0%)
 Strand=Plus/Plus

Query  5       GGAAGAAGAAGGTGAAGG  22
               ||||||||||||||||||
Sbjct  118508  GGAAGAAGAAGGTGAAGG  118525


>VYZZ01001115.1 Capsicum annuum cultivar SF scaffold3697, whole genome shotgun 
sequence
Length=572262

 Score = 36.2 bits (18),  Expect = 0.19
 Identities = 18/18 (100%), Gaps = 0/18 (0%)
 Strand=Plus/Plus

Query  5       GGAAGAAGAAGGTGAAGG  22
               ||||||||||||||||||
Sbjct  346819  GGAAGAAGAAGGTGAAGG  346836


>VYZZ01000280.1 Capsicum annuum cultivar SF scaffold986, whole genome shotgun 
sequence
Length=751190

 Score = 36.2 bits (18),  Expect = 0.19
 Identities = 21/22 (95%), Gaps = 0/22 (0%)
 Strand=Plus/Plus

Query  1       GAAGGGAAGAAGAAGGTGAAGG  22
               |||||||||||||||| |||||
Sbjct  121707  GAAGGGAAGAAGAAGGAGAAGG  121728


>VYZZ01030710.1 Capsicum annuum cultivar SF scaffold697344, whole genome shotgun 
sequence
Length=155448

 Score = 34.2 bits (17),  Expect = 0.73
 Identities = 20/21 (95%), Gaps = 0/21 (0%)
 Strand=Plus/Minus

Query  2       AAGGGAAGAAGAAGGTGAAGG  22
               |||||||||||||| ||||||
Sbjct  126028  AAGGGAAGAAGAAGATGAAGG  126008


>VYZZ01002051.1 Capsicum annuum cultivar SF scaffold7005, whole genome shotgun 
sequence
Length=1004693

 Score = 34.2 bits (17),  Expect = 0.73
 Identities = 20/21 (95%), Gaps = 0/21 (0%)
 Strand=Plus/Minus

Query  2      AAGGGAAGAAGAAGGTGAAGG  22
              ||||||||||||||| |||||
Sbjct  18298  AAGGGAAGAAGAAGGGGAAGG  18278


>VYZZ01001475.1 Capsicum annuum cultivar SF scaffold4871, whole genome shotgun 
sequence
Length=598212

 Score = 34.2 bits (17),  Expect = 0.73
 Identities = 17/17 (100%), Gaps = 0/17 (0%)
 Strand=Plus/Minus

Query  5      GGAAGAAGAAGGTGAAG  21
              |||||||||||||||||
Sbjct  58146  GGAAGAAGAAGGTGAAG  58130


>VYZZ01001280.1 Capsicum annuum cultivar SF scaffold4201, whole genome shotgun 
sequence
Length=420537

 Score = 34.2 bits (17),  Expect = 0.73
 Identities = 17/17 (100%), Gaps = 0/17 (0%)
 Strand=Plus/Minus

Query  6       GAAGAAGAAGGTGAAGG  22
               |||||||||||||||||
Sbjct  258277  GAAGAAGAAGGTGAAGG  258261


>VYZZ01001055.1 Capsicum annuum cultivar SF scaffold3513, whole genome shotgun 
sequence
Length=292136

 Score = 34.2 bits (17),  Expect = 0.73
 Identities = 17/17 (100%), Gaps = 0/17 (0%)
 Strand=Plus/Minus

Query  6       GAAGAAGAAGGTGAAGG  22
               |||||||||||||||||
Sbjct  163356  GAAGAAGAAGGTGAAGG  163340


>VYZZ01000136.1 Capsicum annuum cultivar SF scaffold480, whole genome shotgun 
sequence
Length=263569

 Score = 34.2 bits (17),  Expect = 0.73
 Identities = 17/17 (100%), Gaps = 0/17 (0%)
 Strand=Plus/Minus

Query  6      GAAGAAGAAGGTGAAGG  22
              |||||||||||||||||
Sbjct  99068  GAAGAAGAAGGTGAAGG  99052


>VYZZ01000086.1 Capsicum annuum cultivar SF scaffold295, whole genome shotgun 
sequence
Length=695407

 Score = 34.2 bits (17),  Expect = 0.73
 Identities = 17/17 (100%), Gaps = 0/17 (0%)
 Strand=Plus/Minus

Query  5       GGAAGAAGAAGGTGAAG  21
               |||||||||||||||||
Sbjct  641563  GGAAGAAGAAGGTGAAG  641547


>VYZZ01013204.1 Capsicum annuum cultivar SF scaffold105738, whole genome shotgun 
sequence
Length=124740

 Score = 34.2 bits (17),  Expect = 0.73
 Identities = 17/17 (100%), Gaps = 0/17 (0%)
 Strand=Plus/Plus

Query  6      GAAGAAGAAGGTGAAGG  22
              |||||||||||||||||
Sbjct  13898  GAAGAAGAAGGTGAAGG  13914


>VYZZ01006864.1 Capsicum annuum cultivar SF scaffold31347, whole genome shotgun 
sequence
Length=786387

 Score = 34.2 bits (17),  Expect = 0.73
 Identities = 17/17 (100%), Gaps = 0/17 (0%)
 Strand=Plus/Plus

Query  6       GAAGAAGAAGGTGAAGG  22
               |||||||||||||||||
Sbjct  736803  GAAGAAGAAGGTGAAGG  736819


>VYZZ01005470.1 Capsicum annuum cultivar SF scaffold22458, whole genome shotgun 
sequence
Length=236274

 Score = 34.2 bits (17),  Expect = 0.73
 Identities = 17/17 (100%), Gaps = 0/17 (0%)
 Strand=Plus/Plus

Query  6       GAAGAAGAAGGTGAAGG  22
               |||||||||||||||||
Sbjct  132825  GAAGAAGAAGGTGAAGG  132841


>VYZZ01004928.1 Capsicum annuum cultivar SF scaffold19420, whole genome shotgun 
sequence
Length=204387

 Score = 34.2 bits (17),  Expect = 0.73
 Identities = 17/17 (100%), Gaps = 0/17 (0%)
 Strand=Plus/Plus

Query  6     GAAGAAGAAGGTGAAGG  22
             |||||||||||||||||
Sbjct  4465  GAAGAAGAAGGTGAAGG  4481


>VYZZ01022365.1 Capsicum annuum cultivar SF scaffold346598, whole genome shotgun 
sequence
Length=158084

 Score = 32.2 bits (16),  Expect = 2.9
 Identities = 16/16 (100%), Gaps = 0/16 (0%)
 Strand=Plus/Minus

Query  1      GAAGGGAAGAAGAAGG  16
              ||||||||||||||||
Sbjct  26525  GAAGGGAAGAAGAAGG  26510


>VYZZ01016010.1 Capsicum annuum cultivar SF scaffold164072, whole genome shotgun 
sequence
Length=110672

 Score = 32.2 bits (16),  Expect = 2.9
 Identities = 16/16 (100%), Gaps = 0/16 (0%)
 Strand=Plus/Minus

Query  1      GAAGGGAAGAAGAAGG  16
              ||||||||||||||||
Sbjct  23651  GAAGGGAAGAAGAAGG  23636


 Score = 32.2 bits (16),  Expect = 2.9
 Identities = 16/16 (100%), Gaps = 0/16 (0%)
 Strand=Plus/Minus

Query  6      GAAGAAGAAGGTGAAG  21
              ||||||||||||||||
Sbjct  80462  GAAGAAGAAGGTGAAG  80447


>VYZZ01014651.1 Capsicum annuum cultivar SF scaffold135360, whole genome shotgun 
sequence
Length=230395

 Score = 32.2 bits (16),  Expect = 2.9
 Identities = 16/16 (100%), Gaps = 0/16 (0%)
 Strand=Plus/Minus

Query  1      GAAGGGAAGAAGAAGG  16
              ||||||||||||||||
Sbjct  22889  GAAGGGAAGAAGAAGG  22874


>VYZZ01014193.1 Capsicum annuum cultivar SF scaffold126240, whole genome shotgun 
sequence
Length=289522

 Score = 32.2 bits (16),  Expect = 2.9
 Identities = 16/16 (100%), Gaps = 0/16 (0%)
 Strand=Plus/Minus

Query  6     GAAGAAGAAGGTGAAG  21
             ||||||||||||||||
Sbjct  1627  GAAGAAGAAGGTGAAG  1612


>VYZZ01013645.1 Capsicum annuum cultivar SF scaffold114761, whole genome shotgun 
sequence
Length=3987

 Score = 32.2 bits (16),  Expect = 2.9
 Identities = 16/16 (100%), Gaps = 0/16 (0%)
 Strand=Plus/Minus

Query  6     GAAGAAGAAGGTGAAG  21
             ||||||||||||||||
Sbjct  2128  GAAGAAGAAGGTGAAG  2113


>VYZZ01013407.1 Capsicum annuum cultivar SF scaffold109737, whole genome shotgun 
sequence
Length=344730

 Score = 32.2 bits (16),  Expect = 2.9
 Identities = 16/16 (100%), Gaps = 0/16 (0%)
 Strand=Plus/Minus

Query  1       GAAGGGAAGAAGAAGG  16
               ||||||||||||||||
Sbjct  225915  GAAGGGAAGAAGAAGG  225900


>VYZZ01010533.1 Capsicum annuum cultivar SF scaffold65945, whole genome shotgun 
sequence
Length=995503

 Score = 32.2 bits (16),  Expect = 2.9
 Identities = 16/16 (100%), Gaps = 0/16 (0%)
 Strand=Plus/Minus

Query  6       GAAGAAGAAGGTGAAG  21
               ||||||||||||||||
Sbjct  802397  GAAGAAGAAGGTGAAG  802382


>VYZZ01008045.1 Capsicum annuum cultivar SF scaffold40192, whole genome shotgun 
sequence
Length=302774

 Score = 32.2 bits (16),  Expect = 2.9
 Identities = 16/16 (100%), Gaps = 0/16 (0%)
 Strand=Plus/Minus

Query  6      GAAGAAGAAGGTGAAG  21
              ||||||||||||||||
Sbjct  66132  GAAGAAGAAGGTGAAG  66117


>VYZZ01008020.1 Capsicum annuum cultivar SF scaffold39966, whole genome shotgun 
sequence
Length=175122

 Score = 32.2 bits (16),  Expect = 2.9
 Identities = 16/16 (100%), Gaps = 0/16 (0%)
 Strand=Plus/Minus

Query  1       GAAGGGAAGAAGAAGG  16
               ||||||||||||||||
Sbjct  172027  GAAGGGAAGAAGAAGG  172012


>VYZZ01007980.1 Capsicum annuum cultivar SF scaffold39554, whole genome shotgun 
sequence
Length=615801

 Score = 32.2 bits (16),  Expect = 2.9
 Identities = 16/16 (100%), Gaps = 0/16 (0%)
 Strand=Plus/Minus

Query  1       GAAGGGAAGAAGAAGG  16
               ||||||||||||||||
Sbjct  361556  GAAGGGAAGAAGAAGG  361541


>VYZZ01007966.1 Capsicum annuum cultivar SF scaffold39467, whole genome shotgun 
sequence
Length=690518

 Score = 32.2 bits (16),  Expect = 2.9
 Identities = 16/16 (100%), Gaps = 0/16 (0%)
 Strand=Plus/Minus

Query  1       GAAGGGAAGAAGAAGG  16
               ||||||||||||||||
Sbjct  510823  GAAGGGAAGAAGAAGG  510808


>VYZZ01007337.1 Capsicum annuum cultivar SF scaffold34649, whole genome shotgun 
sequence
Length=121456

 Score = 32.2 bits (16),  Expect = 2.9
 Identities = 16/16 (100%), Gaps = 0/16 (0%)
 Strand=Plus/Minus

Query  1      GAAGGGAAGAAGAAGG  16
              ||||||||||||||||
Sbjct  99166  GAAGGGAAGAAGAAGG  99151


>VYZZ01007225.1 Capsicum annuum cultivar SF scaffold33755, whole genome shotgun 
sequence
Length=884175

 Score = 32.2 bits (16),  Expect = 2.9
 Identities = 16/16 (100%), Gaps = 0/16 (0%)
 Strand=Plus/Minus

Query  7       AAGAAGAAGGTGAAGG  22
               ||||||||||||||||
Sbjct  329320  AAGAAGAAGGTGAAGG  329305


>VYZZ01005762.1 Capsicum annuum cultivar SF scaffold24284, whole genome shotgun 
sequence
Length=339242

 Score = 32.2 bits (16),  Expect = 2.9
 Identities = 16/16 (100%), Gaps = 0/16 (0%)
 Strand=Plus/Minus

Query  6      GAAGAAGAAGGTGAAG  21
              ||||||||||||||||
Sbjct  74969  GAAGAAGAAGGTGAAG  74954


>VYZZ01005524.1 Capsicum annuum cultivar SF scaffold22760, whole genome shotgun 
sequence
Length=221300

 Score = 32.2 bits (16),  Expect = 2.9
 Identities = 16/16 (100%), Gaps = 0/16 (0%)
 Strand=Plus/Minus

Query  6       GAAGAAGAAGGTGAAG  21
               ||||||||||||||||
Sbjct  146163  GAAGAAGAAGGTGAAG  146148


>VYZZ01005121.1 Capsicum annuum cultivar SF scaffold20431, whole genome shotgun 
sequence
Length=518714

 Score = 32.2 bits (16),  Expect = 2.9
 Identities = 16/16 (100%), Gaps = 0/16 (0%)
 Strand=Plus/Minus

Query  5       GGAAGAAGAAGGTGAA  20
               ||||||||||||||||
Sbjct  385733  GGAAGAAGAAGGTGAA  385718


>VYZZ01004852.1 Capsicum annuum cultivar SF scaffold18990, whole genome shotgun 
sequence
Length=339534

 Score = 32.2 bits (16),  Expect = 2.9
 Identities = 16/16 (100%), Gaps = 0/16 (0%)
 Strand=Plus/Minus

Query  2       AAGGGAAGAAGAAGGT  17
               ||||||||||||||||
Sbjct  206641  AAGGGAAGAAGAAGGT  206626


>VYZZ01004581.1 Capsicum annuum cultivar SF scaffold17561, whole genome shotgun 
sequence
Length=210797

 Score = 32.2 bits (16),  Expect = 2.9
 Identities = 16/16 (100%), Gaps = 0/16 (0%)
 Strand=Plus/Minus

Query  5      GGAAGAAGAAGGTGAA  20
              ||||||||||||||||
Sbjct  49576  GGAAGAAGAAGGTGAA  49561


>VYZZ01004261.1 Capsicum annuum cultivar SF scaffold16187, whole genome shotgun 
sequence
Length=312016

 Score = 32.2 bits (16),  Expect = 2.9
 Identities = 16/16 (100%), Gaps = 0/16 (0%)
 Strand=Plus/Minus

Query  6       GAAGAAGAAGGTGAAG  21
               ||||||||||||||||
Sbjct  260403  GAAGAAGAAGGTGAAG  260388


>VYZZ01004011.1 Capsicum annuum cultivar SF scaffold15056, whole genome shotgun 
sequence
Length=271406

 Score = 32.2 bits (16),  Expect = 2.9
 Identities = 16/16 (100%), Gaps = 0/16 (0%)
 Strand=Plus/Minus

Query  5       GGAAGAAGAAGGTGAA  20
               ||||||||||||||||
Sbjct  260834  GGAAGAAGAAGGTGAA  260819


>VYZZ01003978.1 Capsicum annuum cultivar SF scaffold14897, whole genome shotgun 
sequence
Length=205336

 Score = 32.2 bits (16),  Expect = 2.9
 Identities = 16/16 (100%), Gaps = 0/16 (0%)
 Strand=Plus/Minus

Query  1       GAAGGGAAGAAGAAGG  16
               ||||||||||||||||
Sbjct  105330  GAAGGGAAGAAGAAGG  105315


 Score = 32.2 bits (16),  Expect = 2.9
 Identities = 16/16 (100%), Gaps = 0/16 (0%)
 Strand=Plus/Minus

Query  1       GAAGGGAAGAAGAAGG  16
               ||||||||||||||||
Sbjct  135442  GAAGGGAAGAAGAAGG  135427


>VYZZ01003974.1 Capsicum annuum cultivar SF scaffold14888, whole genome shotgun 
sequence
Length=478475

 Score = 32.2 bits (16),  Expect = 2.9
 Identities = 16/16 (100%), Gaps = 0/16 (0%)
 Strand=Plus/Minus

Query  1     GAAGGGAAGAAGAAGG  16
             ||||||||||||||||
Sbjct  8735  GAAGGGAAGAAGAAGG  8720


>VYZZ01003969.1 Capsicum annuum cultivar SF scaffold14868, whole genome shotgun 
sequence
Length=672651

 Score = 32.2 bits (16),  Expect = 2.9
 Identities = 16/16 (100%), Gaps = 0/16 (0%)
 Strand=Plus/Minus

Query  7       AAGAAGAAGGTGAAGG  22
               ||||||||||||||||
Sbjct  468989  AAGAAGAAGGTGAAGG  468974


>VYZZ01003575.1 Capsicum annuum cultivar SF scaffold12963, whole genome shotgun 
sequence
Length=2292671

 Score = 32.2 bits (16),  Expect = 2.9
 Identities = 16/16 (100%), Gaps = 0/16 (0%)
 Strand=Plus/Minus

Query  7        AAGAAGAAGGTGAAGG  22
                ||||||||||||||||
Sbjct  1047041  AAGAAGAAGGTGAAGG  1047026


>VYZZ01003068.1 Capsicum annuum cultivar SF scaffold10764, whole genome shotgun 
sequence
Length=263124

 Score = 32.2 bits (16),  Expect = 2.9
 Identities = 16/16 (100%), Gaps = 0/16 (0%)
 Strand=Plus/Minus

Query  7      AAGAAGAAGGTGAAGG  22
              ||||||||||||||||
Sbjct  42010  AAGAAGAAGGTGAAGG  41995


>VYZZ01003018.1 Capsicum annuum cultivar SF scaffold10567, whole genome shotgun 
sequence
Length=972000

 Score = 32.2 bits (16),  Expect = 2.9
 Identities = 16/16 (100%), Gaps = 0/16 (0%)
 Strand=Plus/Minus

Query  1       GAAGGGAAGAAGAAGG  16
               ||||||||||||||||
Sbjct  821416  GAAGGGAAGAAGAAGG  821401


>VYZZ01002797.1 Capsicum annuum cultivar SF scaffold9754, whole genome shotgun 
sequence
Length=345468

 Score = 32.2 bits (16),  Expect = 2.9
 Identities = 16/16 (100%), Gaps = 0/16 (0%)
 Strand=Plus/Minus

Query  1      GAAGGGAAGAAGAAGG  16
              ||||||||||||||||
Sbjct  92622  GAAGGGAAGAAGAAGG  92607


>VYZZ01002033.1 Capsicum annuum cultivar SF scaffold6929, whole genome shotgun 
sequence
Length=96314

 Score = 32.2 bits (16),  Expect = 2.9
 Identities = 16/16 (100%), Gaps = 0/16 (0%)
 Strand=Plus/Minus

Query  1      GAAGGGAAGAAGAAGG  16
              ||||||||||||||||
Sbjct  80987  GAAGGGAAGAAGAAGG  80972


>VYZZ01001923.1 Capsicum annuum cultivar SF scaffold6492, whole genome shotgun 
sequence
Length=617457

 Score = 32.2 bits (16),  Expect = 2.9
 Identities = 16/16 (100%), Gaps = 0/16 (0%)
 Strand=Plus/Minus

Query  6       GAAGAAGAAGGTGAAG  21
               ||||||||||||||||
Sbjct  328037  GAAGAAGAAGGTGAAG  328022


>VYZZ01001695.1 Capsicum annuum cultivar SF scaffold5698, whole genome shotgun 
sequence
Length=394774

 Score = 32.2 bits (16),  Expect = 2.9
 Identities = 16/16 (100%), Gaps = 0/16 (0%)
 Strand=Plus/Minus

Query  5       GGAAGAAGAAGGTGAA  20
               ||||||||||||||||
Sbjct  376486  GGAAGAAGAAGGTGAA  376471


>VYZZ01001424.1 Capsicum annuum cultivar SF scaffold4677, whole genome shotgun 
sequence
Length=199338

 Score = 32.2 bits (16),  Expect = 2.9
 Identities = 16/16 (100%), Gaps = 0/16 (0%)
 Strand=Plus/Minus

Query  1      GAAGGGAAGAAGAAGG  16
              ||||||||||||||||
Sbjct  53339  GAAGGGAAGAAGAAGG  53324


>VYZZ01001030.1 Capsicum annuum cultivar SF scaffold3412, whole genome shotgun 
sequence
Length=316481

 Score = 32.2 bits (16),  Expect = 2.9
 Identities = 16/16 (100%), Gaps = 0/16 (0%)
 Strand=Plus/Minus

Query  2       AAGGGAAGAAGAAGGT  17
               ||||||||||||||||
Sbjct  224510  AAGGGAAGAAGAAGGT  224495


>VYZZ01000817.1 Capsicum annuum cultivar SF scaffold2620, whole genome shotgun 
sequence
Length=1063790

 Score = 32.2 bits (16),  Expect = 2.9
 Identities = 16/16 (100%), Gaps = 0/16 (0%)
 Strand=Plus/Minus

Query  7       AAGAAGAAGGTGAAGG  22
               ||||||||||||||||
Sbjct  562622  AAGAAGAAGGTGAAGG  562607


>VYZZ01000747.1 Capsicum annuum cultivar SF scaffold2401, whole genome shotgun 
sequence
Length=390453

 Score = 32.2 bits (16),  Expect = 2.9
 Identities = 16/16 (100%), Gaps = 0/16 (0%)
 Strand=Plus/Minus

Query  6      GAAGAAGAAGGTGAAG  21
              ||||||||||||||||
Sbjct  23711  GAAGAAGAAGGTGAAG  23696


 Score = 32.2 bits (16),  Expect = 2.9
 Identities = 16/16 (100%), Gaps = 0/16 (0%)
 Strand=Plus/Minus

Query  6      GAAGAAGAAGGTGAAG  21
              ||||||||||||||||
Sbjct  24794  GAAGAAGAAGGTGAAG  24779


>VYZZ01000456.1 Capsicum annuum cultivar SF scaffold1471, whole genome shotgun 
sequence
Length=267157

 Score = 32.2 bits (16),  Expect = 2.9
 Identities = 16/16 (100%), Gaps = 0/16 (0%)
 Strand=Plus/Minus

Query  5      GGAAGAAGAAGGTGAA  20
              ||||||||||||||||
Sbjct  94676  GGAAGAAGAAGGTGAA  94661


>VYZZ01000256.1 Capsicum annuum cultivar SF scaffold901, whole genome shotgun 
sequence
Length=329800

 Score = 32.2 bits (16),  Expect = 2.9
 Identities = 16/16 (100%), Gaps = 0/16 (0%)
 Strand=Plus/Minus

Query  6      GAAGAAGAAGGTGAAG  21
              ||||||||||||||||
Sbjct  54564  GAAGAAGAAGGTGAAG  54549


>VYZZ01000080.1 Capsicum annuum cultivar SF scaffold283, whole genome shotgun 
sequence
Length=908123

 Score = 32.2 bits (16),  Expect = 2.9
 Identities = 16/16 (100%), Gaps = 0/16 (0%)
 Strand=Plus/Minus

Query  1       GAAGGGAAGAAGAAGG  16
               ||||||||||||||||
Sbjct  435855  GAAGGGAAGAAGAAGG  435840


>VYZZ01013876.1 Capsicum annuum cultivar SF scaffold119706, whole genome shotgun 
sequence
Length=70215

 Score = 32.2 bits (16),  Expect = 2.9
 Identities = 16/16 (100%), Gaps = 0/16 (0%)
 Strand=Plus/Plus

Query  1      GAAGGGAAGAAGAAGG  16
              ||||||||||||||||
Sbjct  22789  GAAGGGAAGAAGAAGG  22804


>VYZZ01013170.1 Capsicum annuum cultivar SF scaffold105050, whole genome shotgun 
sequence
Length=141407

 Score = 32.2 bits (16),  Expect = 2.9
 Identities = 16/16 (100%), Gaps = 0/16 (0%)
 Strand=Plus/Plus

Query  7      AAGAAGAAGGTGAAGG  22
              ||||||||||||||||
Sbjct  88833  AAGAAGAAGGTGAAGG  88848


>VYZZ01011587.1 Capsicum annuum cultivar SF scaffold80036, whole genome shotgun 
sequence
Length=93923

 Score = 32.2 bits (16),  Expect = 2.9
 Identities = 16/16 (100%), Gaps = 0/16 (0%)
 Strand=Plus/Plus

Query  2      AAGGGAAGAAGAAGGT  17
              ||||||||||||||||
Sbjct  93330  AAGGGAAGAAGAAGGT  93345


>VYZZ01007900.1 Capsicum annuum cultivar SF scaffold38947, whole genome shotgun 
sequence
Length=261551

 Score = 32.2 bits (16),  Expect = 2.9
 Identities = 16/16 (100%), Gaps = 0/16 (0%)
 Strand=Plus/Plus

Query  1       GAAGGGAAGAAGAAGG  16
               ||||||||||||||||
Sbjct  205767  GAAGGGAAGAAGAAGG  205782


>VYZZ01007646.1 Capsicum annuum cultivar SF scaffold36928, whole genome shotgun 
sequence
Length=497966

 Score = 32.2 bits (16),  Expect = 2.9
 Identities = 16/16 (100%), Gaps = 0/16 (0%)
 Strand=Plus/Plus

Query  1       GAAGGGAAGAAGAAGG  16
               ||||||||||||||||
Sbjct  223936  GAAGGGAAGAAGAAGG  223951


 Score = 32.2 bits (16),  Expect = 2.9
 Identities = 16/16 (100%), Gaps = 0/16 (0%)
 Strand=Plus/Plus

Query  1       GAAGGGAAGAAGAAGG  16
               ||||||||||||||||
Sbjct  276808  GAAGGGAAGAAGAAGG  276823


>VYZZ01007640.1 Capsicum annuum cultivar SF scaffold36875, whole genome shotgun 
sequence
Length=602883

 Score = 32.2 bits (16),  Expect = 2.9
 Identities = 16/16 (100%), Gaps = 0/16 (0%)
 Strand=Plus/Plus

Query  1       GAAGGGAAGAAGAAGG  16
               ||||||||||||||||
Sbjct  534674  GAAGGGAAGAAGAAGG  534689


>VYZZ01007492.1 Capsicum annuum cultivar SF scaffold35795, whole genome shotgun 
sequence
Length=590984

 Score = 32.2 bits (16),  Expect = 2.9
 Identities = 16/16 (100%), Gaps = 0/16 (0%)
 Strand=Plus/Plus

Query  1       GAAGGGAAGAAGAAGG  16
               ||||||||||||||||
Sbjct  337442  GAAGGGAAGAAGAAGG  337457


>VYZZ01007313.1 Capsicum annuum cultivar SF scaffold34398, whole genome shotgun 
sequence
Length=74336

 Score = 32.2 bits (16),  Expect = 2.9
 Identities = 16/16 (100%), Gaps = 0/16 (0%)
 Strand=Plus/Plus

Query  5     GGAAGAAGAAGGTGAA  20
             ||||||||||||||||
Sbjct  1567  GGAAGAAGAAGGTGAA  1582


>VYZZ01006901.1 Capsicum annuum cultivar SF scaffold31582, whole genome shotgun 
sequence
Length=85703

 Score = 32.2 bits (16),  Expect = 2.9
 Identities = 16/16 (100%), Gaps = 0/16 (0%)
 Strand=Plus/Plus

Query  6      GAAGAAGAAGGTGAAG  21
              ||||||||||||||||
Sbjct  20284  GAAGAAGAAGGTGAAG  20299


>VYZZ01006543.1 Capsicum annuum cultivar SF scaffold29270, whole genome shotgun 
sequence
Length=339879

 Score = 32.2 bits (16),  Expect = 2.9
 Identities = 16/16 (100%), Gaps = 0/16 (0%)
 Strand=Plus/Plus

Query  6       GAAGAAGAAGGTGAAG  21
               ||||||||||||||||
Sbjct  314827  GAAGAAGAAGGTGAAG  314842


>VYZZ01005746.1 Capsicum annuum cultivar SF scaffold24146, whole genome shotgun 
sequence
Length=575542

 Score = 32.2 bits (16),  Expect = 2.9
 Identities = 16/16 (100%), Gaps = 0/16 (0%)
 Strand=Plus/Plus

Query  1       GAAGGGAAGAAGAAGG  16
               ||||||||||||||||
Sbjct  505851  GAAGGGAAGAAGAAGG  505866


>VYZZ01005420.1 Capsicum annuum cultivar SF scaffold22191, whole genome shotgun 
sequence
Length=253246

 Score = 32.2 bits (16),  Expect = 2.9
 Identities = 19/20 (95%), Gaps = 0/20 (0%)
 Strand=Plus/Plus

Query  2       AAGGGAAGAAGAAGGTGAAG  21
               |||||||||||||| |||||
Sbjct  151054  AAGGGAAGAAGAAGATGAAG  151073


 Score = 32.2 bits (16),  Expect = 2.9
 Identities = 19/20 (95%), Gaps = 0/20 (0%)
 Strand=Plus/Plus

Query  2       AAGGGAAGAAGAAGGTGAAG  21
               |||||||||||||| |||||
Sbjct  151108  AAGGGAAGAAGAAGATGAAG  151127


>VYZZ01005397.1 Capsicum annuum cultivar SF scaffold22092, whole genome shotgun 
sequence
Length=448607

 Score = 32.2 bits (16),  Expect = 2.9
 Identities = 16/16 (100%), Gaps = 0/16 (0%)
 Strand=Plus/Plus

Query  1       GAAGGGAAGAAGAAGG  16
               ||||||||||||||||
Sbjct  438225  GAAGGGAAGAAGAAGG  438240


>VYZZ01005317.1 Capsicum annuum cultivar SF scaffold21621, whole genome shotgun 
sequence
Length=130548

 Score = 32.2 bits (16),  Expect = 2.9
 Identities = 16/16 (100%), Gaps = 0/16 (0%)
 Strand=Plus/Plus

Query  7      AAGAAGAAGGTGAAGG  22
              ||||||||||||||||
Sbjct  55873  AAGAAGAAGGTGAAGG  55888


>VYZZ01005193.1 Capsicum annuum cultivar SF scaffold20926, whole genome shotgun 
sequence
Length=252292

 Score = 32.2 bits (16),  Expect = 2.9
 Identities = 16/16 (100%), Gaps = 0/16 (0%)
 Strand=Plus/Plus

Query  3       AGGGAAGAAGAAGGTG  18
               ||||||||||||||||
Sbjct  216870  AGGGAAGAAGAAGGTG  216885


>VYZZ01004933.1 Capsicum annuum cultivar SF scaffold19444, whole genome shotgun 
sequence
Length=352932

 Score = 32.2 bits (16),  Expect = 2.9
 Identities = 16/16 (100%), Gaps = 0/16 (0%)
 Strand=Plus/Plus

Query  1       GAAGGGAAGAAGAAGG  16
               ||||||||||||||||
Sbjct  196287  GAAGGGAAGAAGAAGG  196302


 Score = 32.2 bits (16),  Expect = 2.9
 Identities = 16/16 (100%), Gaps = 0/16 (0%)
 Strand=Plus/Plus

Query  1       GAAGGGAAGAAGAAGG  16
               ||||||||||||||||
Sbjct  223142  GAAGGGAAGAAGAAGG  223157


>VYZZ01003483.1 Capsicum annuum cultivar SF scaffold12580, whole genome shotgun 
sequence
Length=98499

 Score = 32.2 bits (16),  Expect = 2.9
 Identities = 16/16 (100%), Gaps = 0/16 (0%)
 Strand=Plus/Plus

Query  6      GAAGAAGAAGGTGAAG  21
              ||||||||||||||||
Sbjct  89386  GAAGAAGAAGGTGAAG  89401


>VYZZ01003451.1 Capsicum annuum cultivar SF scaffold12461, whole genome shotgun 
sequence
Length=451128

 Score = 32.2 bits (16),  Expect = 2.9
 Identities = 16/16 (100%), Gaps = 0/16 (0%)
 Strand=Plus/Plus

Query  6       GAAGAAGAAGGTGAAG  21
               ||||||||||||||||
Sbjct  105784  GAAGAAGAAGGTGAAG  105799


>VYZZ01003450.1 Capsicum annuum cultivar SF scaffold12459, whole genome shotgun 
sequence
Length=582150

 Score = 32.2 bits (16),  Expect = 2.9
 Identities = 16/16 (100%), Gaps = 0/16 (0%)
 Strand=Plus/Plus

Query  6       GAAGAAGAAGGTGAAG  21
               ||||||||||||||||
Sbjct  211408  GAAGAAGAAGGTGAAG  211423


>VYZZ01003386.1 Capsicum annuum cultivar SF scaffold12195, whole genome shotgun 
sequence
Length=265474

 Score = 32.2 bits (16),  Expect = 2.9
 Identities = 16/16 (100%), Gaps = 0/16 (0%)
 Strand=Plus/Plus

Query  1       GAAGGGAAGAAGAAGG  16
               ||||||||||||||||
Sbjct  124903  GAAGGGAAGAAGAAGG  124918


>VYZZ01003203.1 Capsicum annuum cultivar SF scaffold11320, whole genome shotgun 
sequence
Length=1273917

 Score = 32.2 bits (16),  Expect = 2.9
 Identities = 16/16 (100%), Gaps = 0/16 (0%)
 Strand=Plus/Plus

Query  1      GAAGGGAAGAAGAAGG  16
              ||||||||||||||||
Sbjct  93357  GAAGGGAAGAAGAAGG  93372


>VYZZ01003151.1 Capsicum annuum cultivar SF scaffold11093, whole genome shotgun 
sequence
Length=1036999

 Score = 32.2 bits (16),  Expect = 2.9
 Identities = 16/16 (100%), Gaps = 0/16 (0%)
 Strand=Plus/Plus

Query  1       GAAGGGAAGAAGAAGG  16
               ||||||||||||||||
Sbjct  498783  GAAGGGAAGAAGAAGG  498798


>VYZZ01003099.1 Capsicum annuum cultivar SF scaffold10872, whole genome shotgun 
sequence
Length=729981

 Score = 32.2 bits (16),  Expect = 2.9
 Identities = 16/16 (100%), Gaps = 0/16 (0%)
 Strand=Plus/Plus

Query  1       GAAGGGAAGAAGAAGG  16
               ||||||||||||||||
Sbjct  604496  GAAGGGAAGAAGAAGG  604511


>VYZZ01003030.1 Capsicum annuum cultivar SF scaffold10619, whole genome shotgun 
sequence
Length=340075

 Score = 32.2 bits (16),  Expect = 2.9
 Identities = 16/16 (100%), Gaps = 0/16 (0%)
 Strand=Plus/Plus

Query  1       GAAGGGAAGAAGAAGG  16
               ||||||||||||||||
Sbjct  126643  GAAGGGAAGAAGAAGG  126658


>VYZZ01002956.1 Capsicum annuum cultivar SF scaffold10308, whole genome shotgun 
sequence
Length=359162

 Score = 32.2 bits (16),  Expect = 2.9
 Identities = 16/16 (100%), Gaps = 0/16 (0%)
 Strand=Plus/Plus

Query  7      AAGAAGAAGGTGAAGG  22
              ||||||||||||||||
Sbjct  66032  AAGAAGAAGGTGAAGG  66047


>VYZZ01002897.1 Capsicum annuum cultivar SF scaffold10105, whole genome shotgun 
sequence
Length=551292

 Score = 32.2 bits (16),  Expect = 2.9
 Identities = 16/16 (100%), Gaps = 0/16 (0%)
 Strand=Plus/Plus

Query  5      GGAAGAAGAAGGTGAA  20
              ||||||||||||||||
Sbjct  15790  GGAAGAAGAAGGTGAA  15805


>VYZZ01002704.1 Capsicum annuum cultivar SF scaffold9405, whole genome shotgun 
sequence
Length=205799

 Score = 32.2 bits (16),  Expect = 2.9
 Identities = 16/16 (100%), Gaps = 0/16 (0%)
 Strand=Plus/Plus

Query  6       GAAGAAGAAGGTGAAG  21
               ||||||||||||||||
Sbjct  195896  GAAGAAGAAGGTGAAG  195911


>VYZZ01002688.1 Capsicum annuum cultivar SF scaffold9386, whole genome shotgun 
sequence
Length=576051

 Score = 32.2 bits (16),  Expect = 2.9
 Identities = 16/16 (100%), Gaps = 0/16 (0%)
 Strand=Plus/Plus

Query  1       GAAGGGAAGAAGAAGG  16
               ||||||||||||||||
Sbjct  264565  GAAGGGAAGAAGAAGG  264580


>VYZZ01002599.1 Capsicum annuum cultivar SF scaffold9200, whole genome shotgun 
sequence
Length=667209

 Score = 32.2 bits (16),  Expect = 2.9
 Identities = 16/16 (100%), Gaps = 0/16 (0%)
 Strand=Plus/Plus

Query  5       GGAAGAAGAAGGTGAA  20
               ||||||||||||||||
Sbjct  153379  GGAAGAAGAAGGTGAA  153394


>VYZZ01002286.1 Capsicum annuum cultivar SF scaffold7972, whole genome shotgun 
sequence
Length=222659

 Score = 32.2 bits (16),  Expect = 2.9
 Identities = 16/16 (100%), Gaps = 0/16 (0%)
 Strand=Plus/Plus

Query  1     GAAGGGAAGAAGAAGG  16
             ||||||||||||||||
Sbjct  6706  GAAGGGAAGAAGAAGG  6721


>VYZZ01002121.1 Capsicum annuum cultivar SF scaffold7299, whole genome shotgun 
sequence
Length=926395

 Score = 32.2 bits (16),  Expect = 2.9
 Identities = 16/16 (100%), Gaps = 0/16 (0%)
 Strand=Plus/Plus

Query  1      GAAGGGAAGAAGAAGG  16
              ||||||||||||||||
Sbjct  39786  GAAGGGAAGAAGAAGG  39801


>VYZZ01001994.1 Capsicum annuum cultivar SF scaffold6780, whole genome shotgun 
sequence
Length=197307

 Score = 32.2 bits (16),  Expect = 2.9
 Identities = 16/16 (100%), Gaps = 0/16 (0%)
 Strand=Plus/Plus

Query  1       GAAGGGAAGAAGAAGG  16
               ||||||||||||||||
Sbjct  182340  GAAGGGAAGAAGAAGG  182355


>VYZZ01001734.1 Capsicum annuum cultivar SF scaffold5831, whole genome shotgun 
sequence
Length=358626

 Score = 32.2 bits (16),  Expect = 2.9
 Identities = 16/16 (100%), Gaps = 0/16 (0%)
 Strand=Plus/Plus

Query  5       GGAAGAAGAAGGTGAA  20
               ||||||||||||||||
Sbjct  355079  GGAAGAAGAAGGTGAA  355094


>VYZZ01001347.1 Capsicum annuum cultivar SF scaffold4412, whole genome shotgun 
sequence
Length=1503124

 Score = 32.2 bits (16),  Expect = 2.9
 Identities = 16/16 (100%), Gaps = 0/16 (0%)
 Strand=Plus/Plus

Query  7      AAGAAGAAGGTGAAGG  22
              ||||||||||||||||
Sbjct  88692  AAGAAGAAGGTGAAGG  88707


>VYZZ01001306.1 Capsicum annuum cultivar SF scaffold4277, whole genome shotgun 
sequence
Length=281265

 Score = 32.2 bits (16),  Expect = 2.9
 Identities = 16/16 (100%), Gaps = 0/16 (0%)
 Strand=Plus/Plus

Query  6       GAAGAAGAAGGTGAAG  21
               ||||||||||||||||
Sbjct  142561  GAAGAAGAAGGTGAAG  142576


>VYZZ01001081.1 Capsicum annuum cultivar SF scaffold3599, whole genome shotgun 
sequence
Length=594624

 Score = 32.2 bits (16),  Expect = 2.9
 Identities = 16/16 (100%), Gaps = 0/16 (0%)
 Strand=Plus/Plus

Query  1       GAAGGGAAGAAGAAGG  16
               ||||||||||||||||
Sbjct  531716  GAAGGGAAGAAGAAGG  531731


>VYZZ01000654.1 Capsicum annuum cultivar SF scaffold2100, whole genome shotgun 
sequence
Length=511410

 Score = 32.2 bits (16),  Expect = 2.9
 Identities = 16/16 (100%), Gaps = 0/16 (0%)
 Strand=Plus/Plus

Query  2       AAGGGAAGAAGAAGGT  17
               ||||||||||||||||
Sbjct  167140  AAGGGAAGAAGAAGGT  167155


>VYZZ01000627.1 Capsicum annuum cultivar SF scaffold2028, whole genome shotgun 
sequence
Length=195195

 Score = 32.2 bits (16),  Expect = 2.9
 Identities = 16/16 (100%), Gaps = 0/16 (0%)
 Strand=Plus/Plus

Query  1      GAAGGGAAGAAGAAGG  16
              ||||||||||||||||
Sbjct  14387  GAAGGGAAGAAGAAGG  14402


>VYZZ01000620.1 Capsicum annuum cultivar SF scaffold1999, whole genome shotgun 
sequence
Length=491202

 Score = 32.2 bits (16),  Expect = 2.9
 Identities = 16/16 (100%), Gaps = 0/16 (0%)
 Strand=Plus/Plus

Query  6       GAAGAAGAAGGTGAAG  21
               ||||||||||||||||
Sbjct  214665  GAAGAAGAAGGTGAAG  214680


>VYZZ01000362.1 Capsicum annuum cultivar SF scaffold1209, whole genome shotgun 
sequence
Length=268841

 Score = 32.2 bits (16),  Expect = 2.9
 Identities = 16/16 (100%), Gaps = 0/16 (0%)
 Strand=Plus/Plus

Query  5       GGAAGAAGAAGGTGAA  20
               ||||||||||||||||
Sbjct  208205  GGAAGAAGAAGGTGAA  208220


>VYZZ01000192.1 Capsicum annuum cultivar SF scaffold678, whole genome shotgun 
sequence
Length=846592

 Score = 32.2 bits (16),  Expect = 2.9
 Identities = 16/16 (100%), Gaps = 0/16 (0%)
 Strand=Plus/Plus

Query  6       GAAGAAGAAGGTGAAG  21
               ||||||||||||||||
Sbjct  767614  GAAGAAGAAGGTGAAG  767629


>VYZZ01000154.1 Capsicum annuum cultivar SF scaffold544, whole genome shotgun 
sequence
Length=506206

 Score = 32.2 bits (16),  Expect = 2.9
 Identities = 16/16 (100%), Gaps = 0/16 (0%)
 Strand=Plus/Plus

Query  1      GAAGGGAAGAAGAAGG  16
              ||||||||||||||||
Sbjct  11013  GAAGGGAAGAAGAAGG  11028


>VYZZ01000089.1 Capsicum annuum cultivar SF scaffold300, whole genome shotgun 
sequence
Length=744038

 Score = 32.2 bits (16),  Expect = 2.9
 Identities = 16/16 (100%), Gaps = 0/16 (0%)
 Strand=Plus/Plus

Query  7       AAGAAGAAGGTGAAGG  22
               ||||||||||||||||
Sbjct  329859  AAGAAGAAGGTGAAGG  329874



Lambda      K        H
    1.37    0.711     1.31 

Gapped
Lambda      K        H
    1.37    0.711     1.31 

Effective search space used: 14408288980


  Database: datasets/ncbi_dataset/data/GCA_011745865.1/GCA_011745865.1_SNU_SF_1.
0_genomic.fna
    Posted date:  Sep 10, 2021  4:03 PM
  Number of letters in database: 2,882,417,764
  Number of sequences in database:  44,704



Matrix: blastn matrix 1 -3
Gap Penalties: Existence: 5, Extension: 2
