BLASTN 2.12.0+


Reference: Stephen F. Altschul, Thomas L. Madden, Alejandro A.
Schaffer, Jinghui Zhang, Zheng Zhang, Webb Miller, and David J.
Lipman (1997), "Gapped BLAST and PSI-BLAST: a new generation of
protein database search programs", Nucleic Acids Res. 25:3389-3402.



Database: datasets/ncbi_dataset/data/GCA_011745865.1/GCA_011745865.1_SNU_SF_1.
0_genomic.fna
           44,704 sequences; 2,882,417,764 total letters



Query= 
Length=22
                                                                      Score     E
Sequences producing significant alignments:                          (Bits)  Value

VYZZ01001239.1 Capsicum annuum cultivar SF scaffold4072, whole ge...  44.1    8e-04
VYZZ01005870.1 Capsicum annuum cultivar SF scaffold24922, whole g...  34.2    0.73 
VYZZ01003630.1 Capsicum annuum cultivar SF scaffold13174, whole g...  34.2    0.73 
VYZZ01002379.1 Capsicum annuum cultivar SF scaffold8329, whole ge...  34.2    0.73 
VYZZ01001553.1 Capsicum annuum cultivar SF scaffold5128, whole ge...  34.2    0.73 
VYZZ01013817.1 Capsicum annuum cultivar SF scaffold118404, whole ...  32.2    2.9  
VYZZ01006881.1 Capsicum annuum cultivar SF scaffold31442, whole g...  32.2    2.9  
VYZZ01002424.1 Capsicum annuum cultivar SF scaffold8447, whole ge...  32.2    2.9  


>VYZZ01001239.1 Capsicum annuum cultivar SF scaffold4072, whole genome shotgun 
sequence
Length=261593

 Score = 44.1 bits (22),  Expect = 8e-04
 Identities = 22/22 (100%), Gaps = 0/22 (0%)
 Strand=Plus/Plus

Query  1      AGAGGTAGAGAGAGCACAAGAG  22
              ||||||||||||||||||||||
Sbjct  83439  AGAGGTAGAGAGAGCACAAGAG  83460


>VYZZ01005870.1 Capsicum annuum cultivar SF scaffold24922, whole genome shotgun 
sequence
Length=631031

 Score = 34.2 bits (17),  Expect = 0.73
 Identities = 17/17 (100%), Gaps = 0/17 (0%)
 Strand=Plus/Minus

Query  6       TAGAGAGAGCACAAGAG  22
               |||||||||||||||||
Sbjct  426079  TAGAGAGAGCACAAGAG  426063


>VYZZ01003630.1 Capsicum annuum cultivar SF scaffold13174, whole genome shotgun 
sequence
Length=536948

 Score = 34.2 bits (17),  Expect = 0.73
 Identities = 17/17 (100%), Gaps = 0/17 (0%)
 Strand=Plus/Minus

Query  6       TAGAGAGAGCACAAGAG  22
               |||||||||||||||||
Sbjct  325481  TAGAGAGAGCACAAGAG  325465


>VYZZ01002379.1 Capsicum annuum cultivar SF scaffold8329, whole genome shotgun 
sequence
Length=707069

 Score = 34.2 bits (17),  Expect = 0.73
 Identities = 17/17 (100%), Gaps = 0/17 (0%)
 Strand=Plus/Minus

Query  1       AGAGGTAGAGAGAGCAC  17
               |||||||||||||||||
Sbjct  584578  AGAGGTAGAGAGAGCAC  584562


>VYZZ01001553.1 Capsicum annuum cultivar SF scaffold5128, whole genome shotgun 
sequence
Length=913576

 Score = 34.2 bits (17),  Expect = 0.73
 Identities = 17/17 (100%), Gaps = 0/17 (0%)
 Strand=Plus/Plus

Query  3       AGGTAGAGAGAGCACAA  19
               |||||||||||||||||
Sbjct  520759  AGGTAGAGAGAGCACAA  520775


 Score = 32.2 bits (16),  Expect = 2.9
 Identities = 16/16 (100%), Gaps = 0/16 (0%)
 Strand=Plus/Plus

Query  1       AGAGGTAGAGAGAGCA  16
               ||||||||||||||||
Sbjct  519671  AGAGGTAGAGAGAGCA  519686


>VYZZ01013817.1 Capsicum annuum cultivar SF scaffold118404, whole genome shotgun 
sequence
Length=322610

 Score = 32.2 bits (16),  Expect = 2.9
 Identities = 19/20 (95%), Gaps = 0/20 (0%)
 Strand=Plus/Plus

Query  3      AGGTAGAGAGAGCACAAGAG  22
              |||||||| |||||||||||
Sbjct  71675  AGGTAGAGCGAGCACAAGAG  71694


>VYZZ01006881.1 Capsicum annuum cultivar SF scaffold31442, whole genome shotgun 
sequence
Length=821276

 Score = 32.2 bits (16),  Expect = 2.9
 Identities = 16/16 (100%), Gaps = 0/16 (0%)
 Strand=Plus/Plus

Query  7       AGAGAGAGCACAAGAG  22
               ||||||||||||||||
Sbjct  372698  AGAGAGAGCACAAGAG  372713


>VYZZ01002424.1 Capsicum annuum cultivar SF scaffold8447, whole genome shotgun 
sequence
Length=1229446

 Score = 32.2 bits (16),  Expect = 2.9
 Identities = 16/16 (100%), Gaps = 0/16 (0%)
 Strand=Plus/Plus

Query  1       AGAGGTAGAGAGAGCA  16
               ||||||||||||||||
Sbjct  329028  AGAGGTAGAGAGAGCA  329043



Lambda      K        H
    1.37    0.711     1.31 

Gapped
Lambda      K        H
    1.37    0.711     1.31 

Effective search space used: 14408288980


  Database: datasets/ncbi_dataset/data/GCA_011745865.1/GCA_011745865.1_SNU_SF_1.
0_genomic.fna
    Posted date:  Sep 10, 2021  4:03 PM
  Number of letters in database: 2,882,417,764
  Number of sequences in database:  44,704



Matrix: blastn matrix 1 -3
Gap Penalties: Existence: 5, Extension: 2
