BLASTN 2.12.0+


Reference: Stephen F. Altschul, Thomas L. Madden, Alejandro A.
Schaffer, Jinghui Zhang, Zheng Zhang, Webb Miller, and David J.
Lipman (1997), "Gapped BLAST and PSI-BLAST: a new generation of
protein database search programs", Nucleic Acids Res. 25:3389-3402.



Database: datasets/ncbi_dataset/data/GCA_011745865.1/GCA_011745865.1_SNU_SF_1.
0_genomic.fna
           44,704 sequences; 2,882,417,764 total letters



Query= 
Length=20
                                                                      Score     E
Sequences producing significant alignments:                          (Bits)  Value

VYZZ01002031.1 Capsicum annuum cultivar SF scaffold6918, whole ge...  40.1    0.007
VYZZ01009608.1 Capsicum annuum cultivar SF scaffold54913, whole g...  30.2    6.9  
VYZZ01008085.1 Capsicum annuum cultivar SF scaffold40632, whole g...  30.2    6.9  
VYZZ01006303.1 Capsicum annuum cultivar SF scaffold27592, whole g...  30.2    6.9  


>VYZZ01002031.1 Capsicum annuum cultivar SF scaffold6918, whole genome shotgun 
sequence
Length=1098128

 Score = 40.1 bits (20),  Expect = 0.007
 Identities = 20/20 (100%), Gaps = 0/20 (0%)
 Strand=Plus/Plus

Query  1       GGCATCGTTCATGACACCTA  20
               ||||||||||||||||||||
Sbjct  750693  GGCATCGTTCATGACACCTA  750712


>VYZZ01009608.1 Capsicum annuum cultivar SF scaffold54913, whole genome shotgun 
sequence
Length=449568

 Score = 30.2 bits (15),  Expect = 6.9
 Identities = 18/19 (95%), Gaps = 0/19 (0%)
 Strand=Plus/Minus

Query  1       GGCATCGTTCATGACACCT  19
               ||||||| |||||||||||
Sbjct  103807  GGCATCGATCATGACACCT  103789


>VYZZ01008085.1 Capsicum annuum cultivar SF scaffold40632, whole genome shotgun 
sequence
Length=238479

 Score = 30.2 bits (15),  Expect = 6.9
 Identities = 15/15 (100%), Gaps = 0/15 (0%)
 Strand=Plus/Minus

Query  2      GCATCGTTCATGACA  16
              |||||||||||||||
Sbjct  88231  GCATCGTTCATGACA  88217


>VYZZ01006303.1 Capsicum annuum cultivar SF scaffold27592, whole genome shotgun 
sequence
Length=1642740

 Score = 30.2 bits (15),  Expect = 6.9
 Identities = 15/15 (100%), Gaps = 0/15 (0%)
 Strand=Plus/Plus

Query  5        TCGTTCATGACACCT  19
                |||||||||||||||
Sbjct  1141737  TCGTTCATGACACCT  1141751



Lambda      K        H
    1.37    0.711     1.31 

Gapped
Lambda      K        H
    1.37    0.711     1.31 

Effective search space used: 8644973388


  Database: datasets/ncbi_dataset/data/GCA_011745865.1/GCA_011745865.1_SNU_SF_1.
0_genomic.fna
    Posted date:  Sep 10, 2021  4:03 PM
  Number of letters in database: 2,882,417,764
  Number of sequences in database:  44,704



Matrix: blastn matrix 1 -3
Gap Penalties: Existence: 5, Extension: 2
