BLASTN 2.12.0+


Reference: Stephen F. Altschul, Thomas L. Madden, Alejandro A.
Schaffer, Jinghui Zhang, Zheng Zhang, Webb Miller, and David J.
Lipman (1997), "Gapped BLAST and PSI-BLAST: a new generation of
protein database search programs", Nucleic Acids Res. 25:3389-3402.



Database: datasets/ncbi_dataset/data/GCA_011745845.1/GCA_011745845.1_SNU_ECW_1
.0_genomic.fna
           44,080 sequences; 2,879,589,612 total letters



Query= 
Length=20
                                                                      Score     E
Sequences producing significant alignments:                          (Bits)  Value

VYZY01000138.1 Capsicum annuum cultivar ECW scaffold453, whole ge...  40.1    0.007
VYZY01002425.1 Capsicum annuum cultivar ECW scaffold8385, whole g...  30.2    6.9  
VYZY01002423.1 Capsicum annuum cultivar ECW scaffold8375, whole g...  30.2    6.9  


>VYZY01000138.1 Capsicum annuum cultivar ECW scaffold453, whole genome shotgun 
sequence
Length=826681

 Score = 40.1 bits (20),  Expect = 0.007
 Identities = 20/20 (100%), Gaps = 0/20 (0%)
 Strand=Plus/Plus

Query  1       AATTGGGATGCAGCGTGTCT  20
               ||||||||||||||||||||
Sbjct  361055  AATTGGGATGCAGCGTGTCT  361074


>VYZY01002425.1 Capsicum annuum cultivar ECW scaffold8385, whole genome shotgun 
sequence
Length=1670142

 Score = 30.2 bits (15),  Expect = 6.9
 Identities = 15/15 (100%), Gaps = 0/15 (0%)
 Strand=Plus/Minus

Query  1        AATTGGGATGCAGCG  15
                |||||||||||||||
Sbjct  1256040  AATTGGGATGCAGCG  1256026


>VYZY01002423.1 Capsicum annuum cultivar ECW scaffold8375, whole genome shotgun 
sequence
Length=552980

 Score = 30.2 bits (15),  Expect = 6.9
 Identities = 15/15 (100%), Gaps = 0/15 (0%)
 Strand=Plus/Minus

Query  2       ATTGGGATGCAGCGT  16
               |||||||||||||||
Sbjct  458257  ATTGGGATGCAGCGT  458243



Lambda      K        H
    1.37    0.711     1.31 

Gapped
Lambda      K        H
    1.37    0.711     1.31 

Effective search space used: 8636520756


  Database: datasets/ncbi_dataset/data/GCA_011745845.1/GCA_011745845.1_SNU_ECW_1
.0_genomic.fna
    Posted date:  Sep 10, 2021  4:01 PM
  Number of letters in database: 2,879,589,612
  Number of sequences in database:  44,080



Matrix: blastn matrix 1 -3
Gap Penalties: Existence: 5, Extension: 2
