BLASTN 2.12.0+


Reference: Stephen F. Altschul, Thomas L. Madden, Alejandro A.
Schaffer, Jinghui Zhang, Zheng Zhang, Webb Miller, and David J.
Lipman (1997), "Gapped BLAST and PSI-BLAST: a new generation of
protein database search programs", Nucleic Acids Res. 25:3389-3402.



Database: datasets/ncbi_dataset/data/GCA_011745845.1/GCA_011745845.1_SNU_ECW_1
.0_genomic.fna
           44,080 sequences; 2,879,589,612 total letters



Query= 
Length=22
                                                                      Score     E
Sequences producing significant alignments:                          (Bits)  Value

VYZY01004376.1 Capsicum annuum cultivar ECW scaffold16452, whole ...  44.1    8e-04
VYZY01012563.1 Capsicum annuum cultivar ECW scaffold94412, whole ...  36.2    0.19 


>VYZY01004376.1 Capsicum annuum cultivar ECW scaffold16452, whole genome shotgun 
sequence
Length=395355

 Score = 44.1 bits (22),  Expect = 8e-04
 Identities = 22/22 (100%), Gaps = 0/22 (0%)
 Strand=Plus/Minus

Query  1       CTCTAGTCGTGGCAAGCTTTAT  22
               ||||||||||||||||||||||
Sbjct  340479  CTCTAGTCGTGGCAAGCTTTAT  340458


>VYZY01012563.1 Capsicum annuum cultivar ECW scaffold94412, whole genome shotgun 
sequence
Length=174874

 Score = 36.2 bits (18),  Expect = 0.19
 Identities = 21/22 (95%), Gaps = 0/22 (0%)
 Strand=Plus/Minus

Query  1      CTCTAGTCGTGGCAAGCTTTAT  22
              ||||||||||||||| ||||||
Sbjct  76486  CTCTAGTCGTGGCAAACTTTAT  76465



Lambda      K        H
    1.37    0.711     1.31 

Gapped
Lambda      K        H
    1.37    0.711     1.31 

Effective search space used: 14394201260


  Database: datasets/ncbi_dataset/data/GCA_011745845.1/GCA_011745845.1_SNU_ECW_1
.0_genomic.fna
    Posted date:  Sep 10, 2021  4:01 PM
  Number of letters in database: 2,879,589,612
  Number of sequences in database:  44,080



Matrix: blastn matrix 1 -3
Gap Penalties: Existence: 5, Extension: 2
