BLASTN 2.12.0+


Reference: Stephen F. Altschul, Thomas L. Madden, Alejandro A.
Schaffer, Jinghui Zhang, Zheng Zhang, Webb Miller, and David J.
Lipman (1997), "Gapped BLAST and PSI-BLAST: a new generation of
protein database search programs", Nucleic Acids Res. 25:3389-3402.



Database: datasets/ncbi_dataset/data/GCA_011745845.1/GCA_011745845.1_SNU_ECW_1
.0_genomic.fna
           44,080 sequences; 2,879,589,612 total letters



Query= 
Length=17
                                                                      Score     E
Sequences producing significant alignments:                          (Bits)  Value

VYZY01004242.1 Capsicum annuum cultivar ECW scaffold15873, whole ...  34.2    0.29 
VYZY01004330.1 Capsicum annuum cultivar ECW scaffold16208, whole ...  32.2    1.2  
VYZY01005185.1 Capsicum annuum cultivar ECW scaffold20398, whole ...  30.2    4.6  


>VYZY01004242.1 Capsicum annuum cultivar ECW scaffold15873, whole genome shotgun 
sequence
Length=210911

 Score = 34.2 bits (17),  Expect = 0.29
 Identities = 17/17 (100%), Gaps = 0/17 (0%)
 Strand=Plus/Minus

Query  1       TGGCGTGGCTGGATGAA  17
               |||||||||||||||||
Sbjct  175794  TGGCGTGGCTGGATGAA  175778


>VYZY01004330.1 Capsicum annuum cultivar ECW scaffold16208, whole genome shotgun 
sequence
Length=209654

 Score = 32.2 bits (16),  Expect = 1.2
 Identities = 16/16 (100%), Gaps = 0/16 (0%)
 Strand=Plus/Minus

Query  1       TGGCGTGGCTGGATGA  16
               ||||||||||||||||
Sbjct  190589  TGGCGTGGCTGGATGA  190574


>VYZY01005185.1 Capsicum annuum cultivar ECW scaffold20398, whole genome shotgun 
sequence
Length=230444

 Score = 30.2 bits (15),  Expect = 4.6
 Identities = 15/15 (100%), Gaps = 0/15 (0%)
 Strand=Plus/Minus

Query  3       GCGTGGCTGGATGAA  17
               |||||||||||||||
Sbjct  218924  GCGTGGCTGGATGAA  218910



Lambda      K        H
    1.37    0.711     1.31 

Gapped
Lambda      K        H
    1.37    0.711     1.31 

Effective search space used: 5757856824


  Database: datasets/ncbi_dataset/data/GCA_011745845.1/GCA_011745845.1_SNU_ECW_1
.0_genomic.fna
    Posted date:  Sep 10, 2021  4:01 PM
  Number of letters in database: 2,879,589,612
  Number of sequences in database:  44,080



Matrix: blastn matrix 1 -3
Gap Penalties: Existence: 5, Extension: 2
