BLASTN 2.12.0+


Reference: Stephen F. Altschul, Thomas L. Madden, Alejandro A.
Schaffer, Jinghui Zhang, Zheng Zhang, Webb Miller, and David J.
Lipman (1997), "Gapped BLAST and PSI-BLAST: a new generation of
protein database search programs", Nucleic Acids Res. 25:3389-3402.



Database: datasets/ncbi_dataset/data/GCA_011745845.1/GCA_011745845.1_SNU_ECW_1
.0_genomic.fna
           44,080 sequences; 2,879,589,612 total letters



Query= 
Length=23
                                                                      Score     E
Sequences producing significant alignments:                          (Bits)  Value

VYZY01007492.1 Capsicum annuum cultivar ECW scaffold35160, whole ...  46.1    2e-04
VYZY01005630.1 Capsicum annuum cultivar ECW scaffold22844, whole ...  32.2    3.5  
VYZY01003900.1 Capsicum annuum cultivar ECW scaffold14342, whole ...  32.2    3.5  
VYZY01003002.1 Capsicum annuum cultivar ECW scaffold10458, whole ...  32.2    3.5  


>VYZY01007492.1 Capsicum annuum cultivar ECW scaffold35160, whole genome shotgun 
sequence
Length=163027

 Score = 46.1 bits (23),  Expect = 2e-04
 Identities = 23/23 (100%), Gaps = 0/23 (0%)
 Strand=Plus/Minus

Query  1       TACCACGAGTATCTGAGGCTAAA  23
               |||||||||||||||||||||||
Sbjct  150461  TACCACGAGTATCTGAGGCTAAA  150439


>VYZY01005630.1 Capsicum annuum cultivar ECW scaffold22844, whole genome shotgun 
sequence
Length=218432

 Score = 32.2 bits (16),  Expect = 3.5
 Identities = 16/16 (100%), Gaps = 0/16 (0%)
 Strand=Plus/Plus

Query  8      AGTATCTGAGGCTAAA  23
              ||||||||||||||||
Sbjct  68629  AGTATCTGAGGCTAAA  68644


>VYZY01003900.1 Capsicum annuum cultivar ECW scaffold14342, whole genome shotgun 
sequence
Length=552293

 Score = 32.2 bits (16),  Expect = 3.5
 Identities = 16/16 (100%), Gaps = 0/16 (0%)
 Strand=Plus/Plus

Query  5       ACGAGTATCTGAGGCT  20
               ||||||||||||||||
Sbjct  531710  ACGAGTATCTGAGGCT  531725


>VYZY01003002.1 Capsicum annuum cultivar ECW scaffold10458, whole genome shotgun 
sequence
Length=123822

 Score = 32.2 bits (16),  Expect = 3.5
 Identities = 16/16 (100%), Gaps = 0/16 (0%)
 Strand=Plus/Minus

Query  8       AGTATCTGAGGCTAAA  23
               ||||||||||||||||
Sbjct  108005  AGTATCTGAGGCTAAA  107990



Lambda      K        H
    1.37    0.711     1.31 

Gapped
Lambda      K        H
    1.37    0.711     1.31 

Effective search space used: 17273041512


  Database: datasets/ncbi_dataset/data/GCA_011745845.1/GCA_011745845.1_SNU_ECW_1
.0_genomic.fna
    Posted date:  Sep 10, 2021  4:01 PM
  Number of letters in database: 2,879,589,612
  Number of sequences in database:  44,080



Matrix: blastn matrix 1 -3
Gap Penalties: Existence: 5, Extension: 2
