BLASTN 2.12.0+


Reference: Stephen F. Altschul, Thomas L. Madden, Alejandro A.
Schaffer, Jinghui Zhang, Zheng Zhang, Webb Miller, and David J.
Lipman (1997), "Gapped BLAST and PSI-BLAST: a new generation of
protein database search programs", Nucleic Acids Res. 25:3389-3402.



Database: datasets/ncbi_dataset/data/GCA_011745845.1/GCA_011745845.1_SNU_ECW_1
.0_genomic.fna
           44,080 sequences; 2,879,589,612 total letters



Query= 
Length=22
                                                                      Score     E
Sequences producing significant alignments:                          (Bits)  Value

VYZY01006047.1 Capsicum annuum cultivar ECW scaffold25372, whole ...  36.2    0.19 
VYZY01004775.1 Capsicum annuum cultivar ECW scaffold18243, whole ...  36.2    0.19 
VYZY01002385.1 Capsicum annuum cultivar ECW scaffold8223, whole g...  36.2    0.19 
VYZY01012161.1 Capsicum annuum cultivar ECW scaffold88088, whole ...  34.2    0.73 
VYZY01011313.1 Capsicum annuum cultivar ECW scaffold75300, whole ...  34.2    0.73 
VYZY01005556.1 Capsicum annuum cultivar ECW scaffold22305, whole ...  34.2    0.73 
VYZY01005127.1 Capsicum annuum cultivar ECW scaffold20038, whole ...  34.2    0.73 
VYZY01004740.1 Capsicum annuum cultivar ECW scaffold18060, whole ...  34.2    0.73 
VYZY01003089.1 Capsicum annuum cultivar ECW scaffold10838, whole ...  34.2    0.73 
VYZY01001272.1 Capsicum annuum cultivar ECW scaffold4160, whole g...  34.2    0.73 
VYZY01000580.1 Capsicum annuum cultivar ECW scaffold1857, whole g...  34.2    0.73 
VYZY01015091.1 Capsicum annuum cultivar ECW scaffold141075, whole...  34.2    0.73 
VYZY01004391.1 Capsicum annuum cultivar ECW scaffold16521, whole ...  34.2    0.73 
VYZY01001411.1 Capsicum annuum cultivar ECW scaffold4625, whole g...  34.2    0.73 
VYZY01012953.1 Capsicum annuum cultivar ECW scaffold100529, whole...  32.2    2.9  
VYZY01012922.1 Capsicum annuum cultivar ECW scaffold100094, whole...  32.2    2.9  
VYZY01012791.1 Capsicum annuum cultivar ECW scaffold98245, whole ...  32.2    2.9  
VYZY01012347.1 Capsicum annuum cultivar ECW scaffold91300, whole ...  32.2    2.9  
VYZY01012145.1 Capsicum annuum cultivar ECW scaffold87769, whole ...  32.2    2.9  
VYZY01011603.1 Capsicum annuum cultivar ECW scaffold79732, whole ...  32.2    2.9  
VYZY01011403.1 Capsicum annuum cultivar ECW scaffold76647, whole ...  32.2    2.9  
VYZY01011173.1 Capsicum annuum cultivar ECW scaffold73625, whole ...  32.2    2.9  
VYZY01010822.1 Capsicum annuum cultivar ECW scaffold69148, whole ...  32.2    2.9  
VYZY01009336.1 Capsicum annuum cultivar ECW scaffold52067, whole ...  32.2    2.9  
VYZY01008603.1 Capsicum annuum cultivar ECW scaffold45213, whole ...  32.2    2.9  
VYZY01008298.1 Capsicum annuum cultivar ECW scaffold42259, whole ...  32.2    2.9  
VYZY01008048.1 Capsicum annuum cultivar ECW scaffold39860, whole ...  32.2    2.9  
VYZY01007478.1 Capsicum annuum cultivar ECW scaffold35095, whole ...  32.2    2.9  
VYZY01007470.1 Capsicum annuum cultivar ECW scaffold35022, whole ...  32.2    2.9  
VYZY01006757.1 Capsicum annuum cultivar ECW scaffold29958, whole ...  32.2    2.9  
VYZY01006729.1 Capsicum annuum cultivar ECW scaffold29776, whole ...  32.2    2.9  
VYZY01006667.1 Capsicum annuum cultivar ECW scaffold29429, whole ...  32.2    2.9  
VYZY01006337.1 Capsicum annuum cultivar ECW scaffold27164, whole ...  32.2    2.9  
VYZY01005857.1 Capsicum annuum cultivar ECW scaffold24147, whole ...  32.2    2.9  
VYZY01005411.1 Capsicum annuum cultivar ECW scaffold21546, whole ...  32.2    2.9  
VYZY01005359.1 Capsicum annuum cultivar ECW scaffold21269, whole ...  32.2    2.9  
VYZY01005082.1 Capsicum annuum cultivar ECW scaffold19768, whole ...  32.2    2.9  
VYZY01005028.1 Capsicum annuum cultivar ECW scaffold19507, whole ...  32.2    2.9  
VYZY01004772.1 Capsicum annuum cultivar ECW scaffold18234, whole ...  32.2    2.9  
VYZY01004659.1 Capsicum annuum cultivar ECW scaffold17603, whole ...  32.2    2.9  
VYZY01004062.1 Capsicum annuum cultivar ECW scaffold15075, whole ...  32.2    2.9  
VYZY01004041.1 Capsicum annuum cultivar ECW scaffold15018, whole ...  32.2    2.9  
VYZY01003413.1 Capsicum annuum cultivar ECW scaffold12297, whole ...  32.2    2.9  
VYZY01003071.1 Capsicum annuum cultivar ECW scaffold10782, whole ...  32.2    2.9  
VYZY01002991.1 Capsicum annuum cultivar ECW scaffold10421, whole ...  32.2    2.9  
VYZY01002939.1 Capsicum annuum cultivar ECW scaffold10191, whole ...  32.2    2.9  
VYZY01002847.1 Capsicum annuum cultivar ECW scaffold9778, whole g...  32.2    2.9  
VYZY01002781.1 Capsicum annuum cultivar ECW scaffold9539, whole g...  32.2    2.9  
VYZY01002345.1 Capsicum annuum cultivar ECW scaffold8106, whole g...  32.2    2.9  
VYZY01002075.1 Capsicum annuum cultivar ECW scaffold6942, whole g...  32.2    2.9  
VYZY01001903.1 Capsicum annuum cultivar ECW scaffold6308, whole g...  32.2    2.9  
VYZY01001479.1 Capsicum annuum cultivar ECW scaffold4855, whole g...  32.2    2.9  
VYZY01001417.1 Capsicum annuum cultivar ECW scaffold4651, whole g...  32.2    2.9  
VYZY01001009.1 Capsicum annuum cultivar ECW scaffold3236, whole g...  32.2    2.9  
VYZY01000979.1 Capsicum annuum cultivar ECW scaffold3142, whole g...  32.2    2.9  
VYZY01000856.1 Capsicum annuum cultivar ECW scaffold2771, whole g...  32.2    2.9  
VYZY01000487.1 Capsicum annuum cultivar ECW scaffold1536, whole g...  32.2    2.9  
VYZY01000346.1 Capsicum annuum cultivar ECW scaffold1134, whole g...  32.2    2.9  
VYZY01000226.1 Capsicum annuum cultivar ECW scaffold728, whole ge...  32.2    2.9  
VYZY01000081.1 Capsicum annuum cultivar ECW scaffold283, whole ge...  32.2    2.9  
VYZY01000036.1 Capsicum annuum cultivar ECW scaffold149, whole ge...  32.2    2.9  
VYZY01000002.1 Capsicum annuum cultivar ECW scaffold22, whole gen...  32.2    2.9  
VYZY01025239.1 Capsicum annuum cultivar ECW scaffold455823, whole...  32.2    2.9  
VYZY01016112.1 Capsicum annuum cultivar ECW scaffold162769, whole...  32.2    2.9  
VYZY01013951.1 Capsicum annuum cultivar ECW scaffold118500, whole...  32.2    2.9  
VYZY01013493.1 Capsicum annuum cultivar ECW scaffold110355, whole...  32.2    2.9  
VYZY01013185.1 Capsicum annuum cultivar ECW scaffold104471, whole...  32.2    2.9  
VYZY01012257.1 Capsicum annuum cultivar ECW scaffold89675, whole ...  32.2    2.9  
VYZY01010334.1 Capsicum annuum cultivar ECW scaffold63285, whole ...  32.2    2.9  
VYZY01010312.1 Capsicum annuum cultivar ECW scaffold63109, whole ...  32.2    2.9  
VYZY01009479.1 Capsicum annuum cultivar ECW scaffold53572, whole ...  32.2    2.9  
VYZY01008825.1 Capsicum annuum cultivar ECW scaffold47251, whole ...  32.2    2.9  
VYZY01008364.1 Capsicum annuum cultivar ECW scaffold42997, whole ...  32.2    2.9  
VYZY01006745.1 Capsicum annuum cultivar ECW scaffold29887, whole ...  32.2    2.9  
VYZY01006533.1 Capsicum annuum cultivar ECW scaffold28583, whole ...  32.2    2.9  
VYZY01006286.1 Capsicum annuum cultivar ECW scaffold26836, whole ...  32.2    2.9  
VYZY01006056.1 Capsicum annuum cultivar ECW scaffold25456, whole ...  32.2    2.9  
VYZY01005991.1 Capsicum annuum cultivar ECW scaffold25015, whole ...  32.2    2.9  
VYZY01005978.1 Capsicum annuum cultivar ECW scaffold24960, whole ...  32.2    2.9  
VYZY01005422.1 Capsicum annuum cultivar ECW scaffold21600, whole ...  32.2    2.9  
VYZY01005048.1 Capsicum annuum cultivar ECW scaffold19606, whole ...  32.2    2.9  
VYZY01004872.1 Capsicum annuum cultivar ECW scaffold18750, whole ...  32.2    2.9  
VYZY01004433.1 Capsicum annuum cultivar ECW scaffold16736, whole ...  32.2    2.9  
VYZY01003831.1 Capsicum annuum cultivar ECW scaffold13974, whole ...  32.2    2.9  
VYZY01003405.1 Capsicum annuum cultivar ECW scaffold12272, whole ...  32.2    2.9  
VYZY01003377.1 Capsicum annuum cultivar ECW scaffold12102, whole ...  32.2    2.9  
VYZY01003068.1 Capsicum annuum cultivar ECW scaffold10776, whole ...  32.2    2.9  
VYZY01002441.1 Capsicum annuum cultivar ECW scaffold8433, whole g...  32.2    2.9  
VYZY01002072.1 Capsicum annuum cultivar ECW scaffold6925, whole g...  32.2    2.9  
VYZY01001706.1 Capsicum annuum cultivar ECW scaffold5677, whole g...  32.2    2.9  
VYZY01001321.1 Capsicum annuum cultivar ECW scaffold4324, whole g...  32.2    2.9  
VYZY01001175.1 Capsicum annuum cultivar ECW scaffold3790, whole g...  32.2    2.9  
VYZY01001039.1 Capsicum annuum cultivar ECW scaffold3309, whole g...  32.2    2.9  
VYZY01001000.1 Capsicum annuum cultivar ECW scaffold3211, whole g...  32.2    2.9  
VYZY01000855.1 Capsicum annuum cultivar ECW scaffold2770, whole g...  32.2    2.9  
VYZY01000625.1 Capsicum annuum cultivar ECW scaffold2011, whole g...  32.2    2.9  
VYZY01000603.1 Capsicum annuum cultivar ECW scaffold1942, whole g...  32.2    2.9  
VYZY01000325.1 Capsicum annuum cultivar ECW scaffold1071, whole g...  32.2    2.9  
VYZY01000211.1 Capsicum annuum cultivar ECW scaffold673, whole ge...  32.2    2.9  
VYZY01000087.1 Capsicum annuum cultivar ECW scaffold295, whole ge...  32.2    2.9  


>VYZY01006047.1 Capsicum annuum cultivar ECW scaffold25372, whole genome shotgun 
sequence
Length=75282

 Score = 36.2 bits (18),  Expect = 0.19
 Identities = 21/22 (95%), Gaps = 0/22 (0%)
 Strand=Plus/Minus

Query  1      GAAGGGAAGAAGAAGGTGAAGG  22
              |||||||||||||||| |||||
Sbjct  20149  GAAGGGAAGAAGAAGGAGAAGG  20128


>VYZY01004775.1 Capsicum annuum cultivar ECW scaffold18243, whole genome shotgun 
sequence
Length=354165

 Score = 36.2 bits (18),  Expect = 0.19
 Identities = 18/18 (100%), Gaps = 0/18 (0%)
 Strand=Plus/Minus

Query  5       GGAAGAAGAAGGTGAAGG  22
               ||||||||||||||||||
Sbjct  237526  GGAAGAAGAAGGTGAAGG  237509


>VYZY01002385.1 Capsicum annuum cultivar ECW scaffold8223, whole genome shotgun 
sequence
Length=571876

 Score = 36.2 bits (18),  Expect = 0.19
 Identities = 18/18 (100%), Gaps = 0/18 (0%)
 Strand=Plus/Plus

Query  5       GGAAGAAGAAGGTGAAGG  22
               ||||||||||||||||||
Sbjct  346647  GGAAGAAGAAGGTGAAGG  346664


>VYZY01012161.1 Capsicum annuum cultivar ECW scaffold88088, whole genome shotgun 
sequence
Length=126493

 Score = 34.2 bits (17),  Expect = 0.73
 Identities = 17/17 (100%), Gaps = 0/17 (0%)
 Strand=Plus/Minus

Query  6       GAAGAAGAAGGTGAAGG  22
               |||||||||||||||||
Sbjct  112593  GAAGAAGAAGGTGAAGG  112577


>VYZY01011313.1 Capsicum annuum cultivar ECW scaffold75300, whole genome shotgun 
sequence
Length=236339

 Score = 34.2 bits (17),  Expect = 0.73
 Identities = 17/17 (100%), Gaps = 0/17 (0%)
 Strand=Plus/Minus

Query  6       GAAGAAGAAGGTGAAGG  22
               |||||||||||||||||
Sbjct  103554  GAAGAAGAAGGTGAAGG  103538


>VYZY01005556.1 Capsicum annuum cultivar ECW scaffold22305, whole genome shotgun 
sequence
Length=204211

 Score = 34.2 bits (17),  Expect = 0.73
 Identities = 17/17 (100%), Gaps = 0/17 (0%)
 Strand=Plus/Minus

Query  6       GAAGAAGAAGGTGAAGG  22
               |||||||||||||||||
Sbjct  199748  GAAGAAGAAGGTGAAGG  199732


>VYZY01005127.1 Capsicum annuum cultivar ECW scaffold20038, whole genome shotgun 
sequence
Length=367982

 Score = 34.2 bits (17),  Expect = 0.73
 Identities = 17/17 (100%), Gaps = 0/17 (0%)
 Strand=Plus/Minus

Query  5      GGAAGAAGAAGGTGAAG  21
              |||||||||||||||||
Sbjct  59188  GGAAGAAGAAGGTGAAG  59172


>VYZY01004740.1 Capsicum annuum cultivar ECW scaffold18060, whole genome shotgun 
sequence
Length=686855

 Score = 34.2 bits (17),  Expect = 0.73
 Identities = 17/17 (100%), Gaps = 0/17 (0%)
 Strand=Plus/Minus

Query  5       GGAAGAAGAAGGTGAAG  21
               |||||||||||||||||
Sbjct  640950  GGAAGAAGAAGGTGAAG  640934


>VYZY01003089.1 Capsicum annuum cultivar ECW scaffold10838, whole genome shotgun 
sequence
Length=608008

 Score = 34.2 bits (17),  Expect = 0.73
 Identities = 17/17 (100%), Gaps = 0/17 (0%)
 Strand=Plus/Minus

Query  6       GAAGAAGAAGGTGAAGG  22
               |||||||||||||||||
Sbjct  343491  GAAGAAGAAGGTGAAGG  343475


>VYZY01001272.1 Capsicum annuum cultivar ECW scaffold4160, whole genome shotgun 
sequence
Length=421175

 Score = 34.2 bits (17),  Expect = 0.73
 Identities = 17/17 (100%), Gaps = 0/17 (0%)
 Strand=Plus/Minus

Query  6       GAAGAAGAAGGTGAAGG  22
               |||||||||||||||||
Sbjct  258236  GAAGAAGAAGGTGAAGG  258220


>VYZY01000580.1 Capsicum annuum cultivar ECW scaffold1857, whole genome shotgun 
sequence
Length=1004788

 Score = 34.2 bits (17),  Expect = 0.73
 Identities = 20/21 (95%), Gaps = 0/21 (0%)
 Strand=Plus/Minus

Query  2      AAGGGAAGAAGAAGGTGAAGG  22
              ||||||||||||||| |||||
Sbjct  18295  AAGGGAAGAAGAAGGGGAAGG  18275


>VYZY01015091.1 Capsicum annuum cultivar ECW scaffold141075, whole genome shotgun 
sequence
Length=155406

 Score = 34.2 bits (17),  Expect = 0.73
 Identities = 20/21 (95%), Gaps = 0/21 (0%)
 Strand=Plus/Plus

Query  2      AAGGGAAGAAGAAGGTGAAGG  22
              |||||||||||||| ||||||
Sbjct  29381  AAGGGAAGAAGAAGATGAAGG  29401


>VYZY01004391.1 Capsicum annuum cultivar ECW scaffold16521, whole genome shotgun 
sequence
Length=599816

 Score = 34.2 bits (17),  Expect = 0.73
 Identities = 17/17 (100%), Gaps = 0/17 (0%)
 Strand=Plus/Plus

Query  6       GAAGAAGAAGGTGAAGG  22
               |||||||||||||||||
Sbjct  425043  GAAGAAGAAGGTGAAGG  425059


>VYZY01001411.1 Capsicum annuum cultivar ECW scaffold4625, whole genome shotgun 
sequence
Length=681863

 Score = 34.2 bits (17),  Expect = 0.73
 Identities = 17/17 (100%), Gaps = 0/17 (0%)
 Strand=Plus/Plus

Query  6       GAAGAAGAAGGTGAAGG  22
               |||||||||||||||||
Sbjct  433033  GAAGAAGAAGGTGAAGG  433049


>VYZY01012953.1 Capsicum annuum cultivar ECW scaffold100529, whole genome shotgun 
sequence
Length=169832

 Score = 32.2 bits (16),  Expect = 2.9
 Identities = 16/16 (100%), Gaps = 0/16 (0%)
 Strand=Plus/Minus

Query  1       GAAGGGAAGAAGAAGG  16
               ||||||||||||||||
Sbjct  140577  GAAGGGAAGAAGAAGG  140562


>VYZY01012922.1 Capsicum annuum cultivar ECW scaffold100094, whole genome shotgun 
sequence
Length=506445

 Score = 32.2 bits (16),  Expect = 2.9
 Identities = 16/16 (100%), Gaps = 0/16 (0%)
 Strand=Plus/Minus

Query  5       GGAAGAAGAAGGTGAA  20
               ||||||||||||||||
Sbjct  372097  GGAAGAAGAAGGTGAA  372082


>VYZY01012791.1 Capsicum annuum cultivar ECW scaffold98245, whole genome shotgun 
sequence
Length=131707

 Score = 32.2 bits (16),  Expect = 2.9
 Identities = 16/16 (100%), Gaps = 0/16 (0%)
 Strand=Plus/Minus

Query  1      GAAGGGAAGAAGAAGG  16
              ||||||||||||||||
Sbjct  87617  GAAGGGAAGAAGAAGG  87602


 Score = 32.2 bits (16),  Expect = 2.9
 Identities = 16/16 (100%), Gaps = 0/16 (0%)
 Strand=Plus/Minus

Query  1      GAAGGGAAGAAGAAGG  16
              ||||||||||||||||
Sbjct  87714  GAAGGGAAGAAGAAGG  87699


>VYZY01012347.1 Capsicum annuum cultivar ECW scaffold91300, whole genome shotgun 
sequence
Length=81406

 Score = 32.2 bits (16),  Expect = 2.9
 Identities = 16/16 (100%), Gaps = 0/16 (0%)
 Strand=Plus/Minus

Query  6      GAAGAAGAAGGTGAAG  21
              ||||||||||||||||
Sbjct  57684  GAAGAAGAAGGTGAAG  57669


>VYZY01012145.1 Capsicum annuum cultivar ECW scaffold87769, whole genome shotgun 
sequence
Length=81061

 Score = 32.2 bits (16),  Expect = 2.9
 Identities = 16/16 (100%), Gaps = 0/16 (0%)
 Strand=Plus/Minus

Query  1      GAAGGGAAGAAGAAGG  16
              ||||||||||||||||
Sbjct  61050  GAAGGGAAGAAGAAGG  61035


>VYZY01011603.1 Capsicum annuum cultivar ECW scaffold79732, whole genome shotgun 
sequence
Length=65193

 Score = 32.2 bits (16),  Expect = 2.9
 Identities = 16/16 (100%), Gaps = 0/16 (0%)
 Strand=Plus/Minus

Query  6     GAAGAAGAAGGTGAAG  21
             ||||||||||||||||
Sbjct  1845  GAAGAAGAAGGTGAAG  1830


>VYZY01011403.1 Capsicum annuum cultivar ECW scaffold76647, whole genome shotgun 
sequence
Length=195545

 Score = 32.2 bits (16),  Expect = 2.9
 Identities = 16/16 (100%), Gaps = 0/16 (0%)
 Strand=Plus/Minus

Query  7      AAGAAGAAGGTGAAGG  22
              ||||||||||||||||
Sbjct  17609  AAGAAGAAGGTGAAGG  17594


>VYZY01011173.1 Capsicum annuum cultivar ECW scaffold73625, whole genome shotgun 
sequence
Length=186155

 Score = 32.2 bits (16),  Expect = 2.9
 Identities = 16/16 (100%), Gaps = 0/16 (0%)
 Strand=Plus/Minus

Query  6      GAAGAAGAAGGTGAAG  21
              ||||||||||||||||
Sbjct  54720  GAAGAAGAAGGTGAAG  54705


>VYZY01010822.1 Capsicum annuum cultivar ECW scaffold69148, whole genome shotgun 
sequence
Length=174016

 Score = 32.2 bits (16),  Expect = 2.9
 Identities = 16/16 (100%), Gaps = 0/16 (0%)
 Strand=Plus/Minus

Query  6      GAAGAAGAAGGTGAAG  21
              ||||||||||||||||
Sbjct  62204  GAAGAAGAAGGTGAAG  62189


>VYZY01009336.1 Capsicum annuum cultivar ECW scaffold52067, whole genome shotgun 
sequence
Length=85398

 Score = 32.2 bits (16),  Expect = 2.9
 Identities = 16/16 (100%), Gaps = 0/16 (0%)
 Strand=Plus/Minus

Query  1      GAAGGGAAGAAGAAGG  16
              ||||||||||||||||
Sbjct  64760  GAAGGGAAGAAGAAGG  64745


>VYZY01008603.1 Capsicum annuum cultivar ECW scaffold45213, whole genome shotgun 
sequence
Length=399834

 Score = 32.2 bits (16),  Expect = 2.9
 Identities = 16/16 (100%), Gaps = 0/16 (0%)
 Strand=Plus/Minus

Query  1       GAAGGGAAGAAGAAGG  16
               ||||||||||||||||
Sbjct  342902  GAAGGGAAGAAGAAGG  342887


>VYZY01008298.1 Capsicum annuum cultivar ECW scaffold42259, whole genome shotgun 
sequence
Length=1122700

 Score = 32.2 bits (16),  Expect = 2.9
 Identities = 16/16 (100%), Gaps = 0/16 (0%)
 Strand=Plus/Minus

Query  1       GAAGGGAAGAAGAAGG  16
               ||||||||||||||||
Sbjct  886374  GAAGGGAAGAAGAAGG  886359


>VYZY01008048.1 Capsicum annuum cultivar ECW scaffold39860, whole genome shotgun 
sequence
Length=175236

 Score = 32.2 bits (16),  Expect = 2.9
 Identities = 16/16 (100%), Gaps = 0/16 (0%)
 Strand=Plus/Minus

Query  1       GAAGGGAAGAAGAAGG  16
               ||||||||||||||||
Sbjct  172127  GAAGGGAAGAAGAAGG  172112


>VYZY01007478.1 Capsicum annuum cultivar ECW scaffold35095, whole genome shotgun 
sequence
Length=333530

 Score = 32.2 bits (16),  Expect = 2.9
 Identities = 16/16 (100%), Gaps = 0/16 (0%)
 Strand=Plus/Minus

Query  5      GGAAGAAGAAGGTGAA  20
              ||||||||||||||||
Sbjct  76718  GGAAGAAGAAGGTGAA  76703


>VYZY01007470.1 Capsicum annuum cultivar ECW scaffold35022, whole genome shotgun 
sequence
Length=563858

 Score = 32.2 bits (16),  Expect = 2.9
 Identities = 16/16 (100%), Gaps = 0/16 (0%)
 Strand=Plus/Minus

Query  1       GAAGGGAAGAAGAAGG  16
               ||||||||||||||||
Sbjct  226987  GAAGGGAAGAAGAAGG  226972


>VYZY01006757.1 Capsicum annuum cultivar ECW scaffold29958, whole genome shotgun 
sequence
Length=230042

 Score = 32.2 bits (16),  Expect = 2.9
 Identities = 16/16 (100%), Gaps = 0/16 (0%)
 Strand=Plus/Minus

Query  1      GAAGGGAAGAAGAAGG  16
              ||||||||||||||||
Sbjct  22896  GAAGGGAAGAAGAAGG  22881


>VYZY01006729.1 Capsicum annuum cultivar ECW scaffold29776, whole genome shotgun 
sequence
Length=741869

 Score = 32.2 bits (16),  Expect = 2.9
 Identities = 16/16 (100%), Gaps = 0/16 (0%)
 Strand=Plus/Minus

Query  7       AAGAAGAAGGTGAAGG  22
               ||||||||||||||||
Sbjct  253213  AAGAAGAAGGTGAAGG  253198


>VYZY01006667.1 Capsicum annuum cultivar ECW scaffold29429, whole genome shotgun 
sequence
Length=754366

 Score = 32.2 bits (16),  Expect = 2.9
 Identities = 16/16 (100%), Gaps = 0/16 (0%)
 Strand=Plus/Minus

Query  7      AAGAAGAAGGTGAAGG  22
              ||||||||||||||||
Sbjct  90536  AAGAAGAAGGTGAAGG  90521


>VYZY01006337.1 Capsicum annuum cultivar ECW scaffold27164, whole genome shotgun 
sequence
Length=351483

 Score = 32.2 bits (16),  Expect = 2.9
 Identities = 16/16 (100%), Gaps = 0/16 (0%)
 Strand=Plus/Minus

Query  1       GAAGGGAAGAAGAAGG  16
               ||||||||||||||||
Sbjct  130392  GAAGGGAAGAAGAAGG  130377


>VYZY01005857.1 Capsicum annuum cultivar ECW scaffold24147, whole genome shotgun 
sequence
Length=217574

 Score = 32.2 bits (16),  Expect = 2.9
 Identities = 16/16 (100%), Gaps = 0/16 (0%)
 Strand=Plus/Minus

Query  6       GAAGAAGAAGGTGAAG  21
               ||||||||||||||||
Sbjct  142347  GAAGAAGAAGGTGAAG  142332


>VYZY01005411.1 Capsicum annuum cultivar ECW scaffold21546, whole genome shotgun 
sequence
Length=595962

 Score = 32.2 bits (16),  Expect = 2.9
 Identities = 16/16 (100%), Gaps = 0/16 (0%)
 Strand=Plus/Minus

Query  6       GAAGAAGAAGGTGAAG  21
               ||||||||||||||||
Sbjct  464950  GAAGAAGAAGGTGAAG  464935


>VYZY01005359.1 Capsicum annuum cultivar ECW scaffold21269, whole genome shotgun 
sequence
Length=267167

 Score = 32.2 bits (16),  Expect = 2.9
 Identities = 16/16 (100%), Gaps = 0/16 (0%)
 Strand=Plus/Minus

Query  1       GAAGGGAAGAAGAAGG  16
               ||||||||||||||||
Sbjct  139246  GAAGGGAAGAAGAAGG  139231


>VYZY01005082.1 Capsicum annuum cultivar ECW scaffold19768, whole genome shotgun 
sequence
Length=298531

 Score = 32.2 bits (16),  Expect = 2.9
 Identities = 16/16 (100%), Gaps = 0/16 (0%)
 Strand=Plus/Minus

Query  4      GGGAAGAAGAAGGTGA  19
              ||||||||||||||||
Sbjct  56635  GGGAAGAAGAAGGTGA  56620


>VYZY01005028.1 Capsicum annuum cultivar ECW scaffold19507, whole genome shotgun 
sequence
Length=468378

 Score = 32.2 bits (16),  Expect = 2.9
 Identities = 16/16 (100%), Gaps = 0/16 (0%)
 Strand=Plus/Minus

Query  6       GAAGAAGAAGGTGAAG  21
               ||||||||||||||||
Sbjct  257332  GAAGAAGAAGGTGAAG  257317


>VYZY01004772.1 Capsicum annuum cultivar ECW scaffold18234, whole genome shotgun 
sequence
Length=861444

 Score = 32.2 bits (16),  Expect = 2.9
 Identities = 16/16 (100%), Gaps = 0/16 (0%)
 Strand=Plus/Minus

Query  1       GAAGGGAAGAAGAAGG  16
               ||||||||||||||||
Sbjct  538549  GAAGGGAAGAAGAAGG  538534


>VYZY01004659.1 Capsicum annuum cultivar ECW scaffold17603, whole genome shotgun 
sequence
Length=575885

 Score = 32.2 bits (16),  Expect = 2.9
 Identities = 16/16 (100%), Gaps = 0/16 (0%)
 Strand=Plus/Minus

Query  1       GAAGGGAAGAAGAAGG  16
               ||||||||||||||||
Sbjct  311460  GAAGGGAAGAAGAAGG  311445


>VYZY01004062.1 Capsicum annuum cultivar ECW scaffold15075, whole genome shotgun 
sequence
Length=373708

 Score = 32.2 bits (16),  Expect = 2.9
 Identities = 16/16 (100%), Gaps = 0/16 (0%)
 Strand=Plus/Minus

Query  2       AAGGGAAGAAGAAGGT  17
               ||||||||||||||||
Sbjct  344959  AAGGGAAGAAGAAGGT  344944


>VYZY01004041.1 Capsicum annuum cultivar ECW scaffold15018, whole genome shotgun 
sequence
Length=273254

 Score = 32.2 bits (16),  Expect = 2.9
 Identities = 16/16 (100%), Gaps = 0/16 (0%)
 Strand=Plus/Minus

Query  5       GGAAGAAGAAGGTGAA  20
               ||||||||||||||||
Sbjct  261084  GGAAGAAGAAGGTGAA  261069


>VYZY01003413.1 Capsicum annuum cultivar ECW scaffold12297, whole genome shotgun 
sequence
Length=544392

 Score = 32.2 bits (16),  Expect = 2.9
 Identities = 16/16 (100%), Gaps = 0/16 (0%)
 Strand=Plus/Minus

Query  6       GAAGAAGAAGGTGAAG  21
               ||||||||||||||||
Sbjct  474502  GAAGAAGAAGGTGAAG  474487


>VYZY01003071.1 Capsicum annuum cultivar ECW scaffold10782, whole genome shotgun 
sequence
Length=676507

 Score = 32.2 bits (16),  Expect = 2.9
 Identities = 16/16 (100%), Gaps = 0/16 (0%)
 Strand=Plus/Minus

Query  7       AAGAAGAAGGTGAAGG  22
               ||||||||||||||||
Sbjct  302278  AAGAAGAAGGTGAAGG  302263


>VYZY01002991.1 Capsicum annuum cultivar ECW scaffold10421, whole genome shotgun 
sequence
Length=390691

 Score = 32.2 bits (16),  Expect = 2.9
 Identities = 16/16 (100%), Gaps = 0/16 (0%)
 Strand=Plus/Minus

Query  6      GAAGAAGAAGGTGAAG  21
              ||||||||||||||||
Sbjct  23710  GAAGAAGAAGGTGAAG  23695


 Score = 32.2 bits (16),  Expect = 2.9
 Identities = 16/16 (100%), Gaps = 0/16 (0%)
 Strand=Plus/Minus

Query  6      GAAGAAGAAGGTGAAG  21
              ||||||||||||||||
Sbjct  24793  GAAGAAGAAGGTGAAG  24778


>VYZY01002939.1 Capsicum annuum cultivar ECW scaffold10191, whole genome shotgun 
sequence
Length=491237

 Score = 32.2 bits (16),  Expect = 2.9
 Identities = 16/16 (100%), Gaps = 0/16 (0%)
 Strand=Plus/Minus

Query  1      GAAGGGAAGAAGAAGG  16
              ||||||||||||||||
Sbjct  13201  GAAGGGAAGAAGAAGG  13186


>VYZY01002847.1 Capsicum annuum cultivar ECW scaffold9778, whole genome shotgun 
sequence
Length=364124

 Score = 32.2 bits (16),  Expect = 2.9
 Identities = 16/16 (100%), Gaps = 0/16 (0%)
 Strand=Plus/Minus

Query  1       GAAGGGAAGAAGAAGG  16
               ||||||||||||||||
Sbjct  112741  GAAGGGAAGAAGAAGG  112726


>VYZY01002781.1 Capsicum annuum cultivar ECW scaffold9539, whole genome shotgun 
sequence
Length=894082

 Score = 32.2 bits (16),  Expect = 2.9
 Identities = 16/16 (100%), Gaps = 0/16 (0%)
 Strand=Plus/Minus

Query  1       GAAGGGAAGAAGAAGG  16
               ||||||||||||||||
Sbjct  154493  GAAGGGAAGAAGAAGG  154478


 Score = 32.2 bits (16),  Expect = 2.9
 Identities = 16/16 (100%), Gaps = 0/16 (0%)
 Strand=Plus/Minus

Query  1       GAAGGGAAGAAGAAGG  16
               ||||||||||||||||
Sbjct  207364  GAAGGGAAGAAGAAGG  207349


>VYZY01002345.1 Capsicum annuum cultivar ECW scaffold8106, whole genome shotgun 
sequence
Length=207818

 Score = 32.2 bits (16),  Expect = 2.9
 Identities = 16/16 (100%), Gaps = 0/16 (0%)
 Strand=Plus/Minus

Query  6      GAAGAAGAAGGTGAAG  21
              ||||||||||||||||
Sbjct  22161  GAAGAAGAAGGTGAAG  22146


>VYZY01002075.1 Capsicum annuum cultivar ECW scaffold6942, whole genome shotgun 
sequence
Length=964186

 Score = 32.2 bits (16),  Expect = 2.9
 Identities = 16/16 (100%), Gaps = 0/16 (0%)
 Strand=Plus/Minus

Query  1       GAAGGGAAGAAGAAGG  16
               ||||||||||||||||
Sbjct  812750  GAAGGGAAGAAGAAGG  812735


>VYZY01001903.1 Capsicum annuum cultivar ECW scaffold6308, whole genome shotgun 
sequence
Length=455717

 Score = 32.2 bits (16),  Expect = 2.9
 Identities = 16/16 (100%), Gaps = 0/16 (0%)
 Strand=Plus/Minus

Query  1       GAAGGGAAGAAGAAGG  16
               ||||||||||||||||
Sbjct  171581  GAAGGGAAGAAGAAGG  171566


>VYZY01001479.1 Capsicum annuum cultivar ECW scaffold4855, whole genome shotgun 
sequence
Length=615053

 Score = 32.2 bits (16),  Expect = 2.9
 Identities = 16/16 (100%), Gaps = 0/16 (0%)
 Strand=Plus/Minus

Query  1       GAAGGGAAGAAGAAGG  16
               ||||||||||||||||
Sbjct  361520  GAAGGGAAGAAGAAGG  361505


>VYZY01001417.1 Capsicum annuum cultivar ECW scaffold4651, whole genome shotgun 
sequence
Length=301556

 Score = 32.2 bits (16),  Expect = 2.9
 Identities = 16/16 (100%), Gaps = 0/16 (0%)
 Strand=Plus/Minus

Query  1      GAAGGGAAGAAGAAGG  16
              ||||||||||||||||
Sbjct  89812  GAAGGGAAGAAGAAGG  89797


>VYZY01001009.1 Capsicum annuum cultivar ECW scaffold3236, whole genome shotgun 
sequence
Length=702180

 Score = 32.2 bits (16),  Expect = 2.9
 Identities = 16/16 (100%), Gaps = 0/16 (0%)
 Strand=Plus/Minus

Query  6       GAAGAAGAAGGTGAAG  21
               ||||||||||||||||
Sbjct  694960  GAAGAAGAAGGTGAAG  694945


>VYZY01000979.1 Capsicum annuum cultivar ECW scaffold3142, whole genome shotgun 
sequence
Length=1191240

 Score = 32.2 bits (16),  Expect = 2.9
 Identities = 16/16 (100%), Gaps = 0/16 (0%)
 Strand=Plus/Minus

Query  1       GAAGGGAAGAAGAAGG  16
               ||||||||||||||||
Sbjct  136881  GAAGGGAAGAAGAAGG  136866


>VYZY01000856.1 Capsicum annuum cultivar ECW scaffold2771, whole genome shotgun 
sequence
Length=842086

 Score = 32.2 bits (16),  Expect = 2.9
 Identities = 16/16 (100%), Gaps = 0/16 (0%)
 Strand=Plus/Minus

Query  2       AAGGGAAGAAGAAGGT  17
               ||||||||||||||||
Sbjct  820744  AAGGGAAGAAGAAGGT  820729


>VYZY01000487.1 Capsicum annuum cultivar ECW scaffold1536, whole genome shotgun 
sequence
Length=252218

 Score = 32.2 bits (16),  Expect = 2.9
 Identities = 16/16 (100%), Gaps = 0/16 (0%)
 Strand=Plus/Minus

Query  5      GGAAGAAGAAGGTGAA  20
              ||||||||||||||||
Sbjct  95348  GGAAGAAGAAGGTGAA  95333


>VYZY01000346.1 Capsicum annuum cultivar ECW scaffold1134, whole genome shotgun 
sequence
Length=1354012

 Score = 32.2 bits (16),  Expect = 2.9
 Identities = 16/16 (100%), Gaps = 0/16 (0%)
 Strand=Plus/Minus

Query  1       GAAGGGAAGAAGAAGG  16
               ||||||||||||||||
Sbjct  513972  GAAGGGAAGAAGAAGG  513957


>VYZY01000226.1 Capsicum annuum cultivar ECW scaffold728, whole genome shotgun 
sequence
Length=359917

 Score = 32.2 bits (16),  Expect = 2.9
 Identities = 16/16 (100%), Gaps = 0/16 (0%)
 Strand=Plus/Minus

Query  5     GGAAGAAGAAGGTGAA  20
             ||||||||||||||||
Sbjct  3564  GGAAGAAGAAGGTGAA  3549


>VYZY01000081.1 Capsicum annuum cultivar ECW scaffold283, whole genome shotgun 
sequence
Length=902909

 Score = 32.2 bits (16),  Expect = 2.9
 Identities = 16/16 (100%), Gaps = 0/16 (0%)
 Strand=Plus/Minus

Query  1       GAAGGGAAGAAGAAGG  16
               ||||||||||||||||
Sbjct  433340  GAAGGGAAGAAGAAGG  433325


>VYZY01000036.1 Capsicum annuum cultivar ECW scaffold149, whole genome shotgun 
sequence
Length=2078540

 Score = 32.2 bits (16),  Expect = 2.9
 Identities = 16/16 (100%), Gaps = 0/16 (0%)
 Strand=Plus/Minus

Query  5       GGAAGAAGAAGGTGAA  20
               ||||||||||||||||
Sbjct  674204  GGAAGAAGAAGGTGAA  674189


>VYZY01000002.1 Capsicum annuum cultivar ECW scaffold22, whole genome shotgun 
sequence
Length=613020

 Score = 32.2 bits (16),  Expect = 2.9
 Identities = 16/16 (100%), Gaps = 0/16 (0%)
 Strand=Plus/Minus

Query  1      GAAGGGAAGAAGAAGG  16
              ||||||||||||||||
Sbjct  15054  GAAGGGAAGAAGAAGG  15039


>VYZY01025239.1 Capsicum annuum cultivar ECW scaffold455823, whole genome shotgun 
sequence
Length=158094

 Score = 32.2 bits (16),  Expect = 2.9
 Identities = 16/16 (100%), Gaps = 0/16 (0%)
 Strand=Plus/Plus

Query  1       GAAGGGAAGAAGAAGG  16
               ||||||||||||||||
Sbjct  131556  GAAGGGAAGAAGAAGG  131571


>VYZY01016112.1 Capsicum annuum cultivar ECW scaffold162769, whole genome shotgun 
sequence
Length=141408

 Score = 32.2 bits (16),  Expect = 2.9
 Identities = 16/16 (100%), Gaps = 0/16 (0%)
 Strand=Plus/Plus

Query  7      AAGAAGAAGGTGAAGG  22
              ||||||||||||||||
Sbjct  88834  AAGAAGAAGGTGAAGG  88849


>VYZY01013951.1 Capsicum annuum cultivar ECW scaffold118500, whole genome shotgun 
sequence
Length=19803

 Score = 32.2 bits (16),  Expect = 2.9
 Identities = 16/16 (100%), Gaps = 0/16 (0%)
 Strand=Plus/Plus

Query  1     GAAGGGAAGAAGAAGG  16
             ||||||||||||||||
Sbjct  6537  GAAGGGAAGAAGAAGG  6552


>VYZY01013493.1 Capsicum annuum cultivar ECW scaffold110355, whole genome shotgun 
sequence
Length=730

 Score = 32.2 bits (16),  Expect = 2.9
 Identities = 16/16 (100%), Gaps = 0/16 (0%)
 Strand=Plus/Plus

Query  6   GAAGAAGAAGGTGAAG  21
           ||||||||||||||||
Sbjct  37  GAAGAAGAAGGTGAAG  52


>VYZY01013185.1 Capsicum annuum cultivar ECW scaffold104471, whole genome shotgun 
sequence
Length=168920

 Score = 32.2 bits (16),  Expect = 2.9
 Identities = 16/16 (100%), Gaps = 0/16 (0%)
 Strand=Plus/Plus

Query  5      GGAAGAAGAAGGTGAA  20
              ||||||||||||||||
Sbjct  91515  GGAAGAAGAAGGTGAA  91530


>VYZY01012257.1 Capsicum annuum cultivar ECW scaffold89675, whole genome shotgun 
sequence
Length=93722

 Score = 32.2 bits (16),  Expect = 2.9
 Identities = 16/16 (100%), Gaps = 0/16 (0%)
 Strand=Plus/Plus

Query  2      AAGGGAAGAAGAAGGT  17
              ||||||||||||||||
Sbjct  93130  AAGGGAAGAAGAAGGT  93145


>VYZY01010334.1 Capsicum annuum cultivar ECW scaffold63285, whole genome shotgun 
sequence
Length=435056

 Score = 32.2 bits (16),  Expect = 2.9
 Identities = 16/16 (100%), Gaps = 0/16 (0%)
 Strand=Plus/Plus

Query  2       AAGGGAAGAAGAAGGT  17
               ||||||||||||||||
Sbjct  187660  AAGGGAAGAAGAAGGT  187675


>VYZY01010312.1 Capsicum annuum cultivar ECW scaffold63109, whole genome shotgun 
sequence
Length=880869

 Score = 32.2 bits (16),  Expect = 2.9
 Identities = 16/16 (100%), Gaps = 0/16 (0%)
 Strand=Plus/Plus

Query  1       GAAGGGAAGAAGAAGG  16
               ||||||||||||||||
Sbjct  201478  GAAGGGAAGAAGAAGG  201493


>VYZY01009479.1 Capsicum annuum cultivar ECW scaffold53572, whole genome shotgun 
sequence
Length=248033

 Score = 32.2 bits (16),  Expect = 2.9
 Identities = 16/16 (100%), Gaps = 0/16 (0%)
 Strand=Plus/Plus

Query  6       GAAGAAGAAGGTGAAG  21
               ||||||||||||||||
Sbjct  215703  GAAGAAGAAGGTGAAG  215718


>VYZY01008825.1 Capsicum annuum cultivar ECW scaffold47251, whole genome shotgun 
sequence
Length=607303

 Score = 32.2 bits (16),  Expect = 2.9
 Identities = 16/16 (100%), Gaps = 0/16 (0%)
 Strand=Plus/Plus

Query  5      GGAAGAAGAAGGTGAA  20
              ||||||||||||||||
Sbjct  93860  GGAAGAAGAAGGTGAA  93875


>VYZY01008364.1 Capsicum annuum cultivar ECW scaffold42997, whole genome shotgun 
sequence
Length=317457

 Score = 32.2 bits (16),  Expect = 2.9
 Identities = 16/16 (100%), Gaps = 0/16 (0%)
 Strand=Plus/Plus

Query  1      GAAGGGAAGAAGAAGG  16
              ||||||||||||||||
Sbjct  71345  GAAGGGAAGAAGAAGG  71360


>VYZY01006745.1 Capsicum annuum cultivar ECW scaffold29887, whole genome shotgun 
sequence
Length=595166

 Score = 32.2 bits (16),  Expect = 2.9
 Identities = 16/16 (100%), Gaps = 0/16 (0%)
 Strand=Plus/Plus

Query  1       GAAGGGAAGAAGAAGG  16
               ||||||||||||||||
Sbjct  182112  GAAGGGAAGAAGAAGG  182127


>VYZY01006533.1 Capsicum annuum cultivar ECW scaffold28583, whole genome shotgun 
sequence
Length=1190392

 Score = 32.2 bits (16),  Expect = 2.9
 Identities = 16/16 (100%), Gaps = 0/16 (0%)
 Strand=Plus/Plus

Query  7       AAGAAGAAGGTGAAGG  22
               ||||||||||||||||
Sbjct  554611  AAGAAGAAGGTGAAGG  554626


>VYZY01006286.1 Capsicum annuum cultivar ECW scaffold26836, whole genome shotgun 
sequence
Length=278181

 Score = 32.2 bits (16),  Expect = 2.9
 Identities = 16/16 (100%), Gaps = 0/16 (0%)
 Strand=Plus/Plus

Query  1       GAAGGGAAGAAGAAGG  16
               ||||||||||||||||
Sbjct  245377  GAAGGGAAGAAGAAGG  245392


>VYZY01006056.1 Capsicum annuum cultivar ECW scaffold25456, whole genome shotgun 
sequence
Length=395152

 Score = 32.2 bits (16),  Expect = 2.9
 Identities = 16/16 (100%), Gaps = 0/16 (0%)
 Strand=Plus/Plus

Query  7      AAGAAGAAGGTGAAGG  22
              ||||||||||||||||
Sbjct  22090  AAGAAGAAGGTGAAGG  22105


>VYZY01005991.1 Capsicum annuum cultivar ECW scaffold25015, whole genome shotgun 
sequence
Length=359042

 Score = 32.2 bits (16),  Expect = 2.9
 Identities = 16/16 (100%), Gaps = 0/16 (0%)
 Strand=Plus/Plus

Query  2       AAGGGAAGAAGAAGGT  17
               ||||||||||||||||
Sbjct  268046  AAGGGAAGAAGAAGGT  268061


>VYZY01005978.1 Capsicum annuum cultivar ECW scaffold24960, whole genome shotgun 
sequence
Length=557405

 Score = 32.2 bits (16),  Expect = 2.9
 Identities = 16/16 (100%), Gaps = 0/16 (0%)
 Strand=Plus/Plus

Query  1       GAAGGGAAGAAGAAGG  16
               ||||||||||||||||
Sbjct  405561  GAAGGGAAGAAGAAGG  405576


>VYZY01005422.1 Capsicum annuum cultivar ECW scaffold21600, whole genome shotgun 
sequence
Length=336201

 Score = 32.2 bits (16),  Expect = 2.9
 Identities = 19/20 (95%), Gaps = 0/20 (0%)
 Strand=Plus/Plus

Query  2       AAGGGAAGAAGAAGGTGAAG  21
               |||||||||||||| |||||
Sbjct  151561  AAGGGAAGAAGAAGATGAAG  151580


 Score = 32.2 bits (16),  Expect = 2.9
 Identities = 19/20 (95%), Gaps = 0/20 (0%)
 Strand=Plus/Plus

Query  2       AAGGGAAGAAGAAGGTGAAG  21
               |||||||||||||| |||||
Sbjct  151615  AAGGGAAGAAGAAGATGAAG  151634


>VYZY01005048.1 Capsicum annuum cultivar ECW scaffold19606, whole genome shotgun 
sequence
Length=528538

 Score = 32.2 bits (16),  Expect = 2.9
 Identities = 16/16 (100%), Gaps = 0/16 (0%)
 Strand=Plus/Plus

Query  6       GAAGAAGAAGGTGAAG  21
               ||||||||||||||||
Sbjct  329405  GAAGAAGAAGGTGAAG  329420


>VYZY01004872.1 Capsicum annuum cultivar ECW scaffold18750, whole genome shotgun 
sequence
Length=288925

 Score = 32.2 bits (16),  Expect = 2.9
 Identities = 16/16 (100%), Gaps = 0/16 (0%)
 Strand=Plus/Plus

Query  6       GAAGAAGAAGGTGAAG  21
               ||||||||||||||||
Sbjct  222808  GAAGAAGAAGGTGAAG  222823


>VYZY01004433.1 Capsicum annuum cultivar ECW scaffold16736, whole genome shotgun 
sequence
Length=110886

 Score = 32.2 bits (16),  Expect = 2.9
 Identities = 16/16 (100%), Gaps = 0/16 (0%)
 Strand=Plus/Plus

Query  6      GAAGAAGAAGGTGAAG  21
              ||||||||||||||||
Sbjct  30222  GAAGAAGAAGGTGAAG  30237


 Score = 32.2 bits (16),  Expect = 2.9
 Identities = 16/16 (100%), Gaps = 0/16 (0%)
 Strand=Plus/Plus

Query  1      GAAGGGAAGAAGAAGG  16
              ||||||||||||||||
Sbjct  86968  GAAGGGAAGAAGAAGG  86983


>VYZY01003831.1 Capsicum annuum cultivar ECW scaffold13974, whole genome shotgun 
sequence
Length=296395

 Score = 32.2 bits (16),  Expect = 2.9
 Identities = 16/16 (100%), Gaps = 0/16 (0%)
 Strand=Plus/Plus

Query  5      GGAAGAAGAAGGTGAA  20
              ||||||||||||||||
Sbjct  45559  GGAAGAAGAAGGTGAA  45574


>VYZY01003405.1 Capsicum annuum cultivar ECW scaffold12272, whole genome shotgun 
sequence
Length=303478

 Score = 32.2 bits (16),  Expect = 2.9
 Identities = 16/16 (100%), Gaps = 0/16 (0%)
 Strand=Plus/Plus

Query  1      GAAGGGAAGAAGAAGG  16
              ||||||||||||||||
Sbjct  46500  GAAGGGAAGAAGAAGG  46515


 Score = 32.2 bits (16),  Expect = 2.9
 Identities = 16/16 (100%), Gaps = 0/16 (0%)
 Strand=Plus/Plus

Query  1      GAAGGGAAGAAGAAGG  16
              ||||||||||||||||
Sbjct  80570  GAAGGGAAGAAGAAGG  80585


>VYZY01003377.1 Capsicum annuum cultivar ECW scaffold12102, whole genome shotgun 
sequence
Length=763178

 Score = 32.2 bits (16),  Expect = 2.9
 Identities = 16/16 (100%), Gaps = 0/16 (0%)
 Strand=Plus/Plus

Query  7       AAGAAGAAGGTGAAGG  22
               ||||||||||||||||
Sbjct  126858  AAGAAGAAGGTGAAGG  126873


>VYZY01003068.1 Capsicum annuum cultivar ECW scaffold10776, whole genome shotgun 
sequence
Length=1320239

 Score = 32.2 bits (16),  Expect = 2.9
 Identities = 16/16 (100%), Gaps = 0/16 (0%)
 Strand=Plus/Plus

Query  7       AAGAAGAAGGTGAAGG  22
               ||||||||||||||||
Sbjct  757728  AAGAAGAAGGTGAAGG  757743


>VYZY01002441.1 Capsicum annuum cultivar ECW scaffold8433, whole genome shotgun 
sequence
Length=213502

 Score = 32.2 bits (16),  Expect = 2.9
 Identities = 16/16 (100%), Gaps = 0/16 (0%)
 Strand=Plus/Plus

Query  1      GAAGGGAAGAAGAAGG  16
              ||||||||||||||||
Sbjct  63316  GAAGGGAAGAAGAAGG  63331


>VYZY01002072.1 Capsicum annuum cultivar ECW scaffold6925, whole genome shotgun 
sequence
Length=372574

 Score = 32.2 bits (16),  Expect = 2.9
 Identities = 16/16 (100%), Gaps = 0/16 (0%)
 Strand=Plus/Plus

Query  6       GAAGAAGAAGGTGAAG  21
               ||||||||||||||||
Sbjct  265802  GAAGAAGAAGGTGAAG  265817


>VYZY01001706.1 Capsicum annuum cultivar ECW scaffold5677, whole genome shotgun 
sequence
Length=178447

 Score = 32.2 bits (16),  Expect = 2.9
 Identities = 16/16 (100%), Gaps = 0/16 (0%)
 Strand=Plus/Plus

Query  5      GGAAGAAGAAGGTGAA  20
              ||||||||||||||||
Sbjct  15790  GGAAGAAGAAGGTGAA  15805


>VYZY01001321.1 Capsicum annuum cultivar ECW scaffold4324, whole genome shotgun 
sequence
Length=9391

 Score = 32.2 bits (16),  Expect = 2.9
 Identities = 16/16 (100%), Gaps = 0/16 (0%)
 Strand=Plus/Plus

Query  2     AAGGGAAGAAGAAGGT  17
             ||||||||||||||||
Sbjct  6725  AAGGGAAGAAGAAGGT  6740


>VYZY01001175.1 Capsicum annuum cultivar ECW scaffold3790, whole genome shotgun 
sequence
Length=595741

 Score = 32.2 bits (16),  Expect = 2.9
 Identities = 16/16 (100%), Gaps = 0/16 (0%)
 Strand=Plus/Plus

Query  1       GAAGGGAAGAAGAAGG  16
               ||||||||||||||||
Sbjct  538262  GAAGGGAAGAAGAAGG  538277


>VYZY01001039.1 Capsicum annuum cultivar ECW scaffold3309, whole genome shotgun 
sequence
Length=1203887

 Score = 32.2 bits (16),  Expect = 2.9
 Identities = 16/16 (100%), Gaps = 0/16 (0%)
 Strand=Plus/Plus

Query  6       GAAGAAGAAGGTGAAG  21
               ||||||||||||||||
Sbjct  942878  GAAGAAGAAGGTGAAG  942893


>VYZY01001000.1 Capsicum annuum cultivar ECW scaffold3211, whole genome shotgun 
sequence
Length=36047

 Score = 32.2 bits (16),  Expect = 2.9
 Identities = 16/16 (100%), Gaps = 0/16 (0%)
 Strand=Plus/Plus

Query  1      GAAGGGAAGAAGAAGG  16
              ||||||||||||||||
Sbjct  19011  GAAGGGAAGAAGAAGG  19026


>VYZY01000855.1 Capsicum annuum cultivar ECW scaffold2770, whole genome shotgun 
sequence
Length=428221

 Score = 32.2 bits (16),  Expect = 2.9
 Identities = 16/16 (100%), Gaps = 0/16 (0%)
 Strand=Plus/Plus

Query  1       GAAGGGAAGAAGAAGG  16
               ||||||||||||||||
Sbjct  329052  GAAGGGAAGAAGAAGG  329067


>VYZY01000625.1 Capsicum annuum cultivar ECW scaffold2011, whole genome shotgun 
sequence
Length=192938

 Score = 32.2 bits (16),  Expect = 2.9
 Identities = 16/16 (100%), Gaps = 0/16 (0%)
 Strand=Plus/Plus

Query  1      GAAGGGAAGAAGAAGG  16
              ||||||||||||||||
Sbjct  14396  GAAGGGAAGAAGAAGG  14411


>VYZY01000603.1 Capsicum annuum cultivar ECW scaffold1942, whole genome shotgun 
sequence
Length=135366

 Score = 32.2 bits (16),  Expect = 2.9
 Identities = 16/16 (100%), Gaps = 0/16 (0%)
 Strand=Plus/Plus

Query  3      AGGGAAGAAGAAGGTG  18
              ||||||||||||||||
Sbjct  99863  AGGGAAGAAGAAGGTG  99878


>VYZY01000325.1 Capsicum annuum cultivar ECW scaffold1071, whole genome shotgun 
sequence
Length=406508

 Score = 32.2 bits (16),  Expect = 2.9
 Identities = 16/16 (100%), Gaps = 0/16 (0%)
 Strand=Plus/Plus

Query  6       GAAGAAGAAGGTGAAG  21
               ||||||||||||||||
Sbjct  138413  GAAGAAGAAGGTGAAG  138428


>VYZY01000211.1 Capsicum annuum cultivar ECW scaffold673, whole genome shotgun 
sequence
Length=688143

 Score = 32.2 bits (16),  Expect = 2.9
 Identities = 16/16 (100%), Gaps = 0/16 (0%)
 Strand=Plus/Plus

Query  6       GAAGAAGAAGGTGAAG  21
               ||||||||||||||||
Sbjct  455496  GAAGAAGAAGGTGAAG  455511


>VYZY01000087.1 Capsicum annuum cultivar ECW scaffold295, whole genome shotgun 
sequence
Length=1071616

 Score = 32.2 bits (16),  Expect = 2.9
 Identities = 16/16 (100%), Gaps = 0/16 (0%)
 Strand=Plus/Plus

Query  7       AAGAAGAAGGTGAAGG  22
               ||||||||||||||||
Sbjct  538252  AAGAAGAAGGTGAAGG  538267



Lambda      K        H
    1.37    0.711     1.31 

Gapped
Lambda      K        H
    1.37    0.711     1.31 

Effective search space used: 14394201260


  Database: datasets/ncbi_dataset/data/GCA_011745845.1/GCA_011745845.1_SNU_ECW_1
.0_genomic.fna
    Posted date:  Sep 10, 2021  4:01 PM
  Number of letters in database: 2,879,589,612
  Number of sequences in database:  44,080



Matrix: blastn matrix 1 -3
Gap Penalties: Existence: 5, Extension: 2
