BLASTN 2.12.0+


Reference: Stephen F. Altschul, Thomas L. Madden, Alejandro A.
Schaffer, Jinghui Zhang, Zheng Zhang, Webb Miller, and David J.
Lipman (1997), "Gapped BLAST and PSI-BLAST: a new generation of
protein database search programs", Nucleic Acids Res. 25:3389-3402.



Database: datasets/ncbi_dataset/data/GCA_011745845.1/GCA_011745845.1_SNU_ECW_1
.0_genomic.fna
           44,080 sequences; 2,879,589,612 total letters



Query= 
Length=20
                                                                      Score     E
Sequences producing significant alignments:                          (Bits)  Value

VYZY01012778.1 Capsicum annuum cultivar ECW scaffold98021, whole ...  40.1    0.007
VYZY01010312.1 Capsicum annuum cultivar ECW scaffold63109, whole ...  30.2    6.9  
VYZY01008770.1 Capsicum annuum cultivar ECW scaffold46786, whole ...  30.2    6.9  
VYZY01004436.1 Capsicum annuum cultivar ECW scaffold16743, whole ...  30.2    6.9  
VYZY01004133.1 Capsicum annuum cultivar ECW scaffold15420, whole ...  30.2    6.9  


>VYZY01012778.1 Capsicum annuum cultivar ECW scaffold98021, whole genome shotgun 
sequence
Length=568882

 Score = 40.1 bits (20),  Expect = 0.007
 Identities = 20/20 (100%), Gaps = 0/20 (0%)
 Strand=Plus/Plus

Query  1       GGCATCGTTCATGACACCTA  20
               ||||||||||||||||||||
Sbjct  541792  GGCATCGTTCATGACACCTA  541811


>VYZY01010312.1 Capsicum annuum cultivar ECW scaffold63109, whole genome shotgun 
sequence
Length=880869

 Score = 30.2 bits (15),  Expect = 6.9
 Identities = 18/19 (95%), Gaps = 0/19 (0%)
 Strand=Plus/Plus

Query  1       GGCATCGTTCATGACACCT  19
               ||||||| |||||||||||
Sbjct  777082  GGCATCGATCATGACACCT  777100


>VYZY01008770.1 Capsicum annuum cultivar ECW scaffold46786, whole genome shotgun 
sequence
Length=161544

 Score = 30.2 bits (15),  Expect = 6.9
 Identities = 15/15 (100%), Gaps = 0/15 (0%)
 Strand=Plus/Minus

Query  4      ATCGTTCATGACACC  18
              |||||||||||||||
Sbjct  30214  ATCGTTCATGACACC  30200


>VYZY01004436.1 Capsicum annuum cultivar ECW scaffold16743, whole genome shotgun 
sequence
Length=345774

 Score = 30.2 bits (15),  Expect = 6.9
 Identities = 15/15 (100%), Gaps = 0/15 (0%)
 Strand=Plus/Plus

Query  2       GCATCGTTCATGACA  16
               |||||||||||||||
Sbjct  257863  GCATCGTTCATGACA  257877


>VYZY01004133.1 Capsicum annuum cultivar ECW scaffold15420, whole genome shotgun 
sequence
Length=595029

 Score = 30.2 bits (15),  Expect = 6.9
 Identities = 15/15 (100%), Gaps = 0/15 (0%)
 Strand=Plus/Minus

Query  5       TCGTTCATGACACCT  19
               |||||||||||||||
Sbjct  500332  TCGTTCATGACACCT  500318



Lambda      K        H
    1.37    0.711     1.31 

Gapped
Lambda      K        H
    1.37    0.711     1.31 

Effective search space used: 8636520756


  Database: datasets/ncbi_dataset/data/GCA_011745845.1/GCA_011745845.1_SNU_ECW_1
.0_genomic.fna
    Posted date:  Sep 10, 2021  4:01 PM
  Number of letters in database: 2,879,589,612
  Number of sequences in database:  44,080



Matrix: blastn matrix 1 -3
Gap Penalties: Existence: 5, Extension: 2
