BLASTN 2.12.0+


Reference: Stephen F. Altschul, Thomas L. Madden, Alejandro A.
Schaffer, Jinghui Zhang, Zheng Zhang, Webb Miller, and David J.
Lipman (1997), "Gapped BLAST and PSI-BLAST: a new generation of
protein database search programs", Nucleic Acids Res. 25:3389-3402.



Database: datasets/ncbi_dataset/data/GCA_011745845.1/GCA_011745845.1_SNU_ECW_1
.0_genomic.fna
           44,080 sequences; 2,879,589,612 total letters



Query= 
Length=22
                                                                      Score     E
Sequences producing significant alignments:                          (Bits)  Value

VYZY01000058.1 Capsicum annuum cultivar ECW scaffold215, whole ge...  44.1    8e-04
VYZY01003715.1 Capsicum annuum cultivar ECW scaffold13499, whole ...  36.2    0.19 
VYZY01007436.1 Capsicum annuum cultivar ECW scaffold34775, whole ...  34.2    0.73 
VYZY01000227.1 Capsicum annuum cultivar ECW scaffold738, whole ge...  34.2    0.73 
VYZY01010784.1 Capsicum annuum cultivar ECW scaffold68744, whole ...  32.2    2.9  
VYZY01008758.1 Capsicum annuum cultivar ECW scaffold46613, whole ...  32.2    2.9  
VYZY01007398.1 Capsicum annuum cultivar ECW scaffold34497, whole ...  32.2    2.9  
VYZY01004589.1 Capsicum annuum cultivar ECW scaffold17310, whole ...  32.2    2.9  
VYZY01003849.1 Capsicum annuum cultivar ECW scaffold14033, whole ...  32.2    2.9  
VYZY01001588.1 Capsicum annuum cultivar ECW scaffold5217, whole g...  32.2    2.9  
VYZY01000416.1 Capsicum annuum cultivar ECW scaffold1347, whole g...  32.2    2.9  


>VYZY01000058.1 Capsicum annuum cultivar ECW scaffold215, whole genome shotgun 
sequence
Length=471233

 Score = 44.1 bits (22),  Expect = 8e-04
 Identities = 22/22 (100%), Gaps = 0/22 (0%)
 Strand=Plus/Plus

Query  1       GGGAAGGGAAGAGAACCATAAA  22
               ||||||||||||||||||||||
Sbjct  338710  GGGAAGGGAAGAGAACCATAAA  338731


>VYZY01003715.1 Capsicum annuum cultivar ECW scaffold13499, whole genome shotgun 
sequence
Length=127727

 Score = 36.2 bits (18),  Expect = 0.19
 Identities = 18/18 (100%), Gaps = 0/18 (0%)
 Strand=Plus/Plus

Query  5       AGGGAAGAGAACCATAAA  22
               ||||||||||||||||||
Sbjct  118616  AGGGAAGAGAACCATAAA  118633


>VYZY01007436.1 Capsicum annuum cultivar ECW scaffold34775, whole genome shotgun 
sequence
Length=149402

 Score = 34.2 bits (17),  Expect = 0.73
 Identities = 17/17 (100%), Gaps = 0/17 (0%)
 Strand=Plus/Plus

Query  4      AAGGGAAGAGAACCATA  20
              |||||||||||||||||
Sbjct  46017  AAGGGAAGAGAACCATA  46033


>VYZY01000227.1 Capsicum annuum cultivar ECW scaffold738, whole genome shotgun 
sequence
Length=903966

 Score = 34.2 bits (17),  Expect = 0.73
 Identities = 17/17 (100%), Gaps = 0/17 (0%)
 Strand=Plus/Plus

Query  5      AGGGAAGAGAACCATAA  21
              |||||||||||||||||
Sbjct  54846  AGGGAAGAGAACCATAA  54862


>VYZY01010784.1 Capsicum annuum cultivar ECW scaffold68744, whole genome shotgun 
sequence
Length=211348

 Score = 32.2 bits (16),  Expect = 2.9
 Identities = 16/16 (100%), Gaps = 0/16 (0%)
 Strand=Plus/Minus

Query  4      AAGGGAAGAGAACCAT  19
              ||||||||||||||||
Sbjct  59464  AAGGGAAGAGAACCAT  59449


>VYZY01008758.1 Capsicum annuum cultivar ECW scaffold46613, whole genome shotgun 
sequence
Length=634919

 Score = 32.2 bits (16),  Expect = 2.9
 Identities = 16/16 (100%), Gaps = 0/16 (0%)
 Strand=Plus/Minus

Query  3       GAAGGGAAGAGAACCA  18
               ||||||||||||||||
Sbjct  487487  GAAGGGAAGAGAACCA  487472


>VYZY01007398.1 Capsicum annuum cultivar ECW scaffold34497, whole genome shotgun 
sequence
Length=313323

 Score = 32.2 bits (16),  Expect = 2.9
 Identities = 16/16 (100%), Gaps = 0/16 (0%)
 Strand=Plus/Minus

Query  5       AGGGAAGAGAACCATA  20
               ||||||||||||||||
Sbjct  165807  AGGGAAGAGAACCATA  165792


>VYZY01004589.1 Capsicum annuum cultivar ECW scaffold17310, whole genome shotgun 
sequence
Length=263756

 Score = 32.2 bits (16),  Expect = 2.9
 Identities = 16/16 (100%), Gaps = 0/16 (0%)
 Strand=Plus/Plus

Query  4       AAGGGAAGAGAACCAT  19
               ||||||||||||||||
Sbjct  205203  AAGGGAAGAGAACCAT  205218


>VYZY01003849.1 Capsicum annuum cultivar ECW scaffold14033, whole genome shotgun 
sequence
Length=686181

 Score = 32.2 bits (16),  Expect = 2.9
 Identities = 16/16 (100%), Gaps = 0/16 (0%)
 Strand=Plus/Minus

Query  4      AAGGGAAGAGAACCAT  19
              ||||||||||||||||
Sbjct  82664  AAGGGAAGAGAACCAT  82649


>VYZY01001588.1 Capsicum annuum cultivar ECW scaffold5217, whole genome shotgun 
sequence
Length=272459

 Score = 32.2 bits (16),  Expect = 2.9
 Identities = 16/16 (100%), Gaps = 0/16 (0%)
 Strand=Plus/Plus

Query  4       AAGGGAAGAGAACCAT  19
               ||||||||||||||||
Sbjct  195446  AAGGGAAGAGAACCAT  195461


>VYZY01000416.1 Capsicum annuum cultivar ECW scaffold1347, whole genome shotgun 
sequence
Length=201369

 Score = 32.2 bits (16),  Expect = 2.9
 Identities = 16/16 (100%), Gaps = 0/16 (0%)
 Strand=Plus/Plus

Query  1      GGGAAGGGAAGAGAAC  16
              ||||||||||||||||
Sbjct  26480  GGGAAGGGAAGAGAAC  26495



Lambda      K        H
    1.37    0.711     1.31 

Gapped
Lambda      K        H
    1.37    0.711     1.31 

Effective search space used: 14394201260


  Database: datasets/ncbi_dataset/data/GCA_011745845.1/GCA_011745845.1_SNU_ECW_1
.0_genomic.fna
    Posted date:  Sep 10, 2021  4:01 PM
  Number of letters in database: 2,879,589,612
  Number of sequences in database:  44,080



Matrix: blastn matrix 1 -3
Gap Penalties: Existence: 5, Extension: 2
