BLASTN 2.12.0+


Reference: Stephen F. Altschul, Thomas L. Madden, Alejandro A.
Schaffer, Jinghui Zhang, Zheng Zhang, Webb Miller, and David J.
Lipman (1997), "Gapped BLAST and PSI-BLAST: a new generation of
protein database search programs", Nucleic Acids Res. 25:3389-3402.



Database: datasets/ncbi_dataset/data/GCA_011745845.1/GCA_011745845.1_SNU_ECW_1
.0_genomic.fna
           44,080 sequences; 2,879,589,612 total letters



Query= 
Length=21
                                                                      Score     E
Sequences producing significant alignments:                          (Bits)  Value

VYZY01002048.1 Capsicum annuum cultivar ECW scaffold6831, whole g...  34.2    0.59 
VYZY01009069.1 Capsicum annuum cultivar ECW scaffold49672, whole ...  32.2    2.3  
VYZY01001121.1 Capsicum annuum cultivar ECW scaffold3571, whole g...  32.2    2.3  
VYZY01001038.1 Capsicum annuum cultivar ECW scaffold3308, whole g...  32.2    2.3  
VYZY01005826.1 Capsicum annuum cultivar ECW scaffold23908, whole ...  32.2    2.3  
VYZY01003716.1 Capsicum annuum cultivar ECW scaffold13507, whole ...  32.2    2.3  
VYZY01003439.1 Capsicum annuum cultivar ECW scaffold12397, whole ...  32.2    2.3  
VYZY01003039.1 Capsicum annuum cultivar ECW scaffold10651, whole ...  32.2    2.3  
VYZY01011185.1 Capsicum annuum cultivar ECW scaffold73778, whole ...  30.2    9.2  
VYZY01001432.1 Capsicum annuum cultivar ECW scaffold4687, whole g...  30.2    9.2  
VYZY01000030.1 Capsicum annuum cultivar ECW scaffold116, whole ge...  30.2    9.2  
VYZY01020803.1 Capsicum annuum cultivar ECW scaffold294677, whole...  30.2    9.2  
VYZY01012922.1 Capsicum annuum cultivar ECW scaffold100094, whole...  30.2    9.2  
VYZY01010584.1 Capsicum annuum cultivar ECW scaffold66378, whole ...  30.2    9.2  
VYZY01003028.1 Capsicum annuum cultivar ECW scaffold10599, whole ...  30.2    9.2  
VYZY01002479.1 Capsicum annuum cultivar ECW scaffold8610, whole g...  30.2    9.2  
VYZY01001970.1 Capsicum annuum cultivar ECW scaffold6549, whole g...  30.2    9.2  
VYZY01001134.1 Capsicum annuum cultivar ECW scaffold3607, whole g...  30.2    9.2  


>VYZY01002048.1 Capsicum annuum cultivar ECW scaffold6831, whole genome shotgun 
sequence
Length=846862

 Score = 34.2 bits (17),  Expect = 0.59
 Identities = 20/21 (95%), Gaps = 0/21 (0%)
 Strand=Plus/Minus

Query  1      AACTCACTTTGGCAGTCTCTC  21
              |||||||||||||| ||||||
Sbjct  62448  AACTCACTTTGGCAATCTCTC  62428


>VYZY01009069.1 Capsicum annuum cultivar ECW scaffold49672, whole genome shotgun 
sequence
Length=147602

 Score = 32.2 bits (16),  Expect = 2.3
 Identities = 16/16 (100%), Gaps = 0/16 (0%)
 Strand=Plus/Plus

Query  1       AACTCACTTTGGCAGT  16
               ||||||||||||||||
Sbjct  126039  AACTCACTTTGGCAGT  126054


>VYZY01001121.1 Capsicum annuum cultivar ECW scaffold3571, whole genome shotgun 
sequence
Length=236006

 Score = 32.2 bits (16),  Expect = 2.3
 Identities = 16/16 (100%), Gaps = 0/16 (0%)
 Strand=Plus/Plus

Query  3      CTCACTTTGGCAGTCT  18
              ||||||||||||||||
Sbjct  52747  CTCACTTTGGCAGTCT  52762


>VYZY01001038.1 Capsicum annuum cultivar ECW scaffold3308, whole genome shotgun 
sequence
Length=1190143

 Score = 32.2 bits (16),  Expect = 2.3
 Identities = 16/16 (100%), Gaps = 0/16 (0%)
 Strand=Plus/Plus

Query  2        ACTCACTTTGGCAGTC  17
                ||||||||||||||||
Sbjct  1085713  ACTCACTTTGGCAGTC  1085728


>VYZY01005826.1 Capsicum annuum cultivar ECW scaffold23908, whole genome shotgun 
sequence
Length=834109

 Score = 32.2 bits (16),  Expect = 2.3
 Identities = 16/16 (100%), Gaps = 0/16 (0%)
 Strand=Plus/Minus

Query  3       CTCACTTTGGCAGTCT  18
               ||||||||||||||||
Sbjct  493572  CTCACTTTGGCAGTCT  493557


>VYZY01003716.1 Capsicum annuum cultivar ECW scaffold13507, whole genome shotgun 
sequence
Length=786958

 Score = 32.2 bits (16),  Expect = 2.3
 Identities = 16/16 (100%), Gaps = 0/16 (0%)
 Strand=Plus/Minus

Query  2       ACTCACTTTGGCAGTC  17
               ||||||||||||||||
Sbjct  736813  ACTCACTTTGGCAGTC  736798


>VYZY01003439.1 Capsicum annuum cultivar ECW scaffold12397, whole genome shotgun 
sequence
Length=377805

 Score = 32.2 bits (16),  Expect = 2.3
 Identities = 16/16 (100%), Gaps = 0/16 (0%)
 Strand=Plus/Minus

Query  2      ACTCACTTTGGCAGTC  17
              ||||||||||||||||
Sbjct  34557  ACTCACTTTGGCAGTC  34542


>VYZY01003039.1 Capsicum annuum cultivar ECW scaffold10651, whole genome shotgun 
sequence
Length=145471

 Score = 32.2 bits (16),  Expect = 2.3
 Identities = 16/16 (100%), Gaps = 0/16 (0%)
 Strand=Plus/Minus

Query  6      ACTTTGGCAGTCTCTC  21
              ||||||||||||||||
Sbjct  51337  ACTTTGGCAGTCTCTC  51322


>VYZY01011185.1 Capsicum annuum cultivar ECW scaffold73778, whole genome shotgun 
sequence
Length=121859

 Score = 30.2 bits (15),  Expect = 9.2
 Identities = 15/15 (100%), Gaps = 0/15 (0%)
 Strand=Plus/Plus

Query  4      TCACTTTGGCAGTCT  18
              |||||||||||||||
Sbjct  83922  TCACTTTGGCAGTCT  83936


>VYZY01001432.1 Capsicum annuum cultivar ECW scaffold4687, whole genome shotgun 
sequence
Length=1126933

 Score = 30.2 bits (15),  Expect = 9.2
 Identities = 15/15 (100%), Gaps = 0/15 (0%)
 Strand=Plus/Plus

Query  1       AACTCACTTTGGCAG  15
               |||||||||||||||
Sbjct  955326  AACTCACTTTGGCAG  955340


>VYZY01000030.1 Capsicum annuum cultivar ECW scaffold116, whole genome shotgun 
sequence
Length=1131348

 Score = 30.2 bits (15),  Expect = 9.2
 Identities = 15/15 (100%), Gaps = 0/15 (0%)
 Strand=Plus/Plus

Query  3       CTCACTTTGGCAGTC  17
               |||||||||||||||
Sbjct  680377  CTCACTTTGGCAGTC  680391


>VYZY01020803.1 Capsicum annuum cultivar ECW scaffold294677, whole genome shotgun 
sequence
Length=78090

 Score = 30.2 bits (15),  Expect = 9.2
 Identities = 15/15 (100%), Gaps = 0/15 (0%)
 Strand=Plus/Minus

Query  1      AACTCACTTTGGCAG  15
              |||||||||||||||
Sbjct  76414  AACTCACTTTGGCAG  76400


>VYZY01012922.1 Capsicum annuum cultivar ECW scaffold100094, whole genome shotgun 
sequence
Length=506445

 Score = 30.2 bits (15),  Expect = 9.2
 Identities = 15/15 (100%), Gaps = 0/15 (0%)
 Strand=Plus/Minus

Query  3       CTCACTTTGGCAGTC  17
               |||||||||||||||
Sbjct  174365  CTCACTTTGGCAGTC  174351


>VYZY01010584.1 Capsicum annuum cultivar ECW scaffold66378, whole genome shotgun 
sequence
Length=490614

 Score = 30.2 bits (15),  Expect = 9.2
 Identities = 15/15 (100%), Gaps = 0/15 (0%)
 Strand=Plus/Minus

Query  6       ACTTTGGCAGTCTCT  20
               |||||||||||||||
Sbjct  131669  ACTTTGGCAGTCTCT  131655


>VYZY01003028.1 Capsicum annuum cultivar ECW scaffold10599, whole genome shotgun 
sequence
Length=343489

 Score = 30.2 bits (15),  Expect = 9.2
 Identities = 15/15 (100%), Gaps = 0/15 (0%)
 Strand=Plus/Minus

Query  6      ACTTTGGCAGTCTCT  20
              |||||||||||||||
Sbjct  61985  ACTTTGGCAGTCTCT  61971


>VYZY01002479.1 Capsicum annuum cultivar ECW scaffold8610, whole genome shotgun 
sequence
Length=502104

 Score = 30.2 bits (15),  Expect = 9.2
 Identities = 15/15 (100%), Gaps = 0/15 (0%)
 Strand=Plus/Minus

Query  3       CTCACTTTGGCAGTC  17
               |||||||||||||||
Sbjct  424989  CTCACTTTGGCAGTC  424975


>VYZY01001970.1 Capsicum annuum cultivar ECW scaffold6549, whole genome shotgun 
sequence
Length=320653

 Score = 30.2 bits (15),  Expect = 9.2
 Identities = 15/15 (100%), Gaps = 0/15 (0%)
 Strand=Plus/Minus

Query  7       CTTTGGCAGTCTCTC  21
               |||||||||||||||
Sbjct  149747  CTTTGGCAGTCTCTC  149733


>VYZY01001134.1 Capsicum annuum cultivar ECW scaffold3607, whole genome shotgun 
sequence
Length=638246

 Score = 30.2 bits (15),  Expect = 9.2
 Identities = 15/15 (100%), Gaps = 0/15 (0%)
 Strand=Plus/Minus

Query  7       CTTTGGCAGTCTCTC  21
               |||||||||||||||
Sbjct  396320  CTTTGGCAGTCTCTC  396306



Lambda      K        H
    1.37    0.711     1.31 

Gapped
Lambda      K        H
    1.37    0.711     1.31 

Effective search space used: 11515361008


  Database: datasets/ncbi_dataset/data/GCA_011745845.1/GCA_011745845.1_SNU_ECW_1
.0_genomic.fna
    Posted date:  Sep 10, 2021  4:01 PM
  Number of letters in database: 2,879,589,612
  Number of sequences in database:  44,080



Matrix: blastn matrix 1 -3
Gap Penalties: Existence: 5, Extension: 2
