BLASTN 2.12.0+


Reference: Stephen F. Altschul, Thomas L. Madden, Alejandro A.
Schaffer, Jinghui Zhang, Zheng Zhang, Webb Miller, and David J.
Lipman (1997), "Gapped BLAST and PSI-BLAST: a new generation of
protein database search programs", Nucleic Acids Res. 25:3389-3402.



Database: datasets/ncbi_dataset/data/GCA_011745845.1/GCA_011745845.1_SNU_ECW_1
.0_genomic.fna
           44,080 sequences; 2,879,589,612 total letters



Query= 
Length=22
                                                                      Score     E
Sequences producing significant alignments:                          (Bits)  Value

VYZY01007492.1 Capsicum annuum cultivar ECW scaffold35160, whole ...  44.1    8e-04
VYZY01005710.1 Capsicum annuum cultivar ECW scaffold23273, whole ...  34.2    0.73 
VYZY01002225.1 Capsicum annuum cultivar ECW scaffold7459, whole g...  34.2    0.73 
VYZY01012267.1 Capsicum annuum cultivar ECW scaffold89915, whole ...  32.2    2.9  
VYZY01007055.1 Capsicum annuum cultivar ECW scaffold32052, whole ...  32.2    2.9  
VYZY01005446.1 Capsicum annuum cultivar ECW scaffold21741, whole ...  32.2    2.9  
VYZY01004567.1 Capsicum annuum cultivar ECW scaffold17276, whole ...  32.2    2.9  
VYZY01002919.1 Capsicum annuum cultivar ECW scaffold10088, whole ...  32.2    2.9  
VYZY01002868.1 Capsicum annuum cultivar ECW scaffold9879, whole g...  32.2    2.9  
VYZY01001639.1 Capsicum annuum cultivar ECW scaffold5414, whole g...  32.2    2.9  
VYZY01000521.1 Capsicum annuum cultivar ECW scaffold1684, whole g...  32.2    2.9  


>VYZY01007492.1 Capsicum annuum cultivar ECW scaffold35160, whole genome shotgun 
sequence
Length=163027

 Score = 44.1 bits (22),  Expect = 8e-04
 Identities = 22/22 (100%), Gaps = 0/22 (0%)
 Strand=Plus/Minus

Query  1       GCAGCTTAATGCAACTGATGTC  22
               ||||||||||||||||||||||
Sbjct  126459  GCAGCTTAATGCAACTGATGTC  126438


>VYZY01005710.1 Capsicum annuum cultivar ECW scaffold23273, whole genome shotgun 
sequence
Length=447282

 Score = 34.2 bits (17),  Expect = 0.73
 Identities = 17/17 (100%), Gaps = 0/17 (0%)
 Strand=Plus/Minus

Query  6       TTAATGCAACTGATGTC  22
               |||||||||||||||||
Sbjct  407717  TTAATGCAACTGATGTC  407701


>VYZY01002225.1 Capsicum annuum cultivar ECW scaffold7459, whole genome shotgun 
sequence
Length=466796

 Score = 34.2 bits (17),  Expect = 0.73
 Identities = 17/17 (100%), Gaps = 0/17 (0%)
 Strand=Plus/Minus

Query  2      CAGCTTAATGCAACTGA  18
              |||||||||||||||||
Sbjct  22108  CAGCTTAATGCAACTGA  22092


>VYZY01012267.1 Capsicum annuum cultivar ECW scaffold89915, whole genome shotgun 
sequence
Length=90199

 Score = 32.2 bits (16),  Expect = 2.9
 Identities = 16/16 (100%), Gaps = 0/16 (0%)
 Strand=Plus/Plus

Query  6      TTAATGCAACTGATGT  21
              ||||||||||||||||
Sbjct  35018  TTAATGCAACTGATGT  35033


>VYZY01007055.1 Capsicum annuum cultivar ECW scaffold32052, whole genome shotgun 
sequence
Length=385862

 Score = 32.2 bits (16),  Expect = 2.9
 Identities = 16/16 (100%), Gaps = 0/16 (0%)
 Strand=Plus/Minus

Query  5      CTTAATGCAACTGATG  20
              ||||||||||||||||
Sbjct  34589  CTTAATGCAACTGATG  34574


>VYZY01005446.1 Capsicum annuum cultivar ECW scaffold21741, whole genome shotgun 
sequence
Length=344525

 Score = 32.2 bits (16),  Expect = 2.9
 Identities = 16/16 (100%), Gaps = 0/16 (0%)
 Strand=Plus/Minus

Query  6      TTAATGCAACTGATGT  21
              ||||||||||||||||
Sbjct  47889  TTAATGCAACTGATGT  47874


>VYZY01004567.1 Capsicum annuum cultivar ECW scaffold17276, whole genome shotgun 
sequence
Length=419864

 Score = 32.2 bits (16),  Expect = 2.9
 Identities = 16/16 (100%), Gaps = 0/16 (0%)
 Strand=Plus/Plus

Query  4       GCTTAATGCAACTGAT  19
               ||||||||||||||||
Sbjct  415090  GCTTAATGCAACTGAT  415105


>VYZY01002919.1 Capsicum annuum cultivar ECW scaffold10088, whole genome shotgun 
sequence
Length=526741

 Score = 32.2 bits (16),  Expect = 2.9
 Identities = 19/20 (95%), Gaps = 0/20 (0%)
 Strand=Plus/Minus

Query  3       AGCTTAATGCAACTGATGTC  22
               ||||||||||||| ||||||
Sbjct  511103  AGCTTAATGCAACAGATGTC  511084


>VYZY01002868.1 Capsicum annuum cultivar ECW scaffold9879, whole genome shotgun 
sequence
Length=576322

 Score = 32.2 bits (16),  Expect = 2.9
 Identities = 16/16 (100%), Gaps = 0/16 (0%)
 Strand=Plus/Plus

Query  7       TAATGCAACTGATGTC  22
               ||||||||||||||||
Sbjct  490363  TAATGCAACTGATGTC  490378


>VYZY01001639.1 Capsicum annuum cultivar ECW scaffold5414, whole genome shotgun 
sequence
Length=863271

 Score = 32.2 bits (16),  Expect = 2.9
 Identities = 16/16 (100%), Gaps = 0/16 (0%)
 Strand=Plus/Minus

Query  6       TTAATGCAACTGATGT  21
               ||||||||||||||||
Sbjct  452467  TTAATGCAACTGATGT  452452


>VYZY01000521.1 Capsicum annuum cultivar ECW scaffold1684, whole genome shotgun 
sequence
Length=512937

 Score = 32.2 bits (16),  Expect = 2.9
 Identities = 16/16 (100%), Gaps = 0/16 (0%)
 Strand=Plus/Minus

Query  5       CTTAATGCAACTGATG  20
               ||||||||||||||||
Sbjct  451099  CTTAATGCAACTGATG  451084



Lambda      K        H
    1.37    0.711     1.31 

Gapped
Lambda      K        H
    1.37    0.711     1.31 

Effective search space used: 14394201260


  Database: datasets/ncbi_dataset/data/GCA_011745845.1/GCA_011745845.1_SNU_ECW_1
.0_genomic.fna
    Posted date:  Sep 10, 2021  4:01 PM
  Number of letters in database: 2,879,589,612
  Number of sequences in database:  44,080



Matrix: blastn matrix 1 -3
Gap Penalties: Existence: 5, Extension: 2
