BLASTN 2.12.0+


Reference: Stephen F. Altschul, Thomas L. Madden, Alejandro A.
Schaffer, Jinghui Zhang, Zheng Zhang, Webb Miller, and David J.
Lipman (1997), "Gapped BLAST and PSI-BLAST: a new generation of
protein database search programs", Nucleic Acids Res. 25:3389-3402.



Database: datasets/ncbi_dataset/data/GCA_000512255.2/chr3.fna
           1 sequences; 282,780,301 total letters



Query= 
Length=21
                                                                      Score     E
Sequences producing significant alignments:                          (Bits)  Value

CM008457.1 Capsicum annuum cultivar CM334 chromosome 3, whole gen...  42.1    4e-04


>CM008457.1 Capsicum annuum cultivar CM334 chromosome 3, whole genome shotgun 
sequence
Length=282780301

 Score = 42.1 bits (21),  Expect = 4e-04
 Identities = 21/21 (100%), Gaps = 0/21 (0%)
 Strand=Plus/Plus

Query  1         AGTGGAAGAACTTGGCATAGG  21
                 |||||||||||||||||||||
Sbjct  20249141  AGTGGAAGAACTTGGCATAGG  20249161


 Score = 30.2 bits (15),  Expect = 1.3
 Identities = 15/15 (100%), Gaps = 0/15 (0%)
 Strand=Plus/Plus

Query  5         GAAGAACTTGGCATA  19
                 |||||||||||||||
Sbjct  75885532  GAAGAACTTGGCATA  75885546


 Score = 30.2 bits (15),  Expect = 1.3
 Identities = 15/15 (100%), Gaps = 0/15 (0%)
 Strand=Plus/Plus

Query  5         GAAGAACTTGGCATA  19
                 |||||||||||||||
Sbjct  85856089  GAAGAACTTGGCATA  85856103


 Score = 30.2 bits (15),  Expect = 1.3
 Identities = 15/15 (100%), Gaps = 0/15 (0%)
 Strand=Plus/Minus

Query  5         GAAGAACTTGGCATA  19
                 |||||||||||||||
Sbjct  58102625  GAAGAACTTGGCATA  58102611


 Score = 30.2 bits (15),  Expect = 1.3
 Identities = 15/15 (100%), Gaps = 0/15 (0%)
 Strand=Plus/Minus

Query  5         GAAGAACTTGGCATA  19
                 |||||||||||||||
Sbjct  89282048  GAAGAACTTGGCATA  89282034


 Score = 30.2 bits (15),  Expect = 1.3
 Identities = 15/15 (100%), Gaps = 0/15 (0%)
 Strand=Plus/Minus

Query  3          TGGAAGAACTTGGCA  17
                  |||||||||||||||
Sbjct  176649448  TGGAAGAACTTGGCA  176649434


 Score = 30.2 bits (15),  Expect = 1.3
 Identities = 15/15 (100%), Gaps = 0/15 (0%)
 Strand=Plus/Minus

Query  5          GAAGAACTTGGCATA  19
                  |||||||||||||||
Sbjct  189462693  GAAGAACTTGGCATA  189462679


 Score = 28.2 bits (14),  Expect = 5.3
 Identities = 14/14 (100%), Gaps = 0/14 (0%)
 Strand=Plus/Plus

Query  1         AGTGGAAGAACTTG  14
                 ||||||||||||||
Sbjct  24747714  AGTGGAAGAACTTG  24747727


 Score = 28.2 bits (14),  Expect = 5.3
 Identities = 14/14 (100%), Gaps = 0/14 (0%)
 Strand=Plus/Plus

Query  6         AAGAACTTGGCATA  19
                 ||||||||||||||
Sbjct  55195164  AAGAACTTGGCATA  55195177


 Score = 28.2 bits (14),  Expect = 5.3
 Identities = 14/14 (100%), Gaps = 0/14 (0%)
 Strand=Plus/Plus

Query  3         TGGAAGAACTTGGC  16
                 ||||||||||||||
Sbjct  64213353  TGGAAGAACTTGGC  64213366


 Score = 28.2 bits (14),  Expect = 5.3
 Identities = 14/14 (100%), Gaps = 0/14 (0%)
 Strand=Plus/Plus

Query  5         GAAGAACTTGGCAT  18
                 ||||||||||||||
Sbjct  67300539  GAAGAACTTGGCAT  67300552


 Score = 28.2 bits (14),  Expect = 5.3
 Identities = 14/14 (100%), Gaps = 0/14 (0%)
 Strand=Plus/Plus

Query  1         AGTGGAAGAACTTG  14
                 ||||||||||||||
Sbjct  70413403  AGTGGAAGAACTTG  70413416


 Score = 28.2 bits (14),  Expect = 5.3
 Identities = 14/14 (100%), Gaps = 0/14 (0%)
 Strand=Plus/Plus

Query  2         GTGGAAGAACTTGG  15
                 ||||||||||||||
Sbjct  83511526  GTGGAAGAACTTGG  83511539


 Score = 28.2 bits (14),  Expect = 5.3
 Identities = 14/14 (100%), Gaps = 0/14 (0%)
 Strand=Plus/Plus

Query  6         AAGAACTTGGCATA  19
                 ||||||||||||||
Sbjct  83721408  AAGAACTTGGCATA  83721421


 Score = 28.2 bits (14),  Expect = 5.3
 Identities = 14/14 (100%), Gaps = 0/14 (0%)
 Strand=Plus/Plus

Query  7         AGAACTTGGCATAG  20
                 ||||||||||||||
Sbjct  85065970  AGAACTTGGCATAG  85065983


 Score = 28.2 bits (14),  Expect = 5.3
 Identities = 14/14 (100%), Gaps = 0/14 (0%)
 Strand=Plus/Plus

Query  7         AGAACTTGGCATAG  20
                 ||||||||||||||
Sbjct  93879888  AGAACTTGGCATAG  93879901


 Score = 28.2 bits (14),  Expect = 5.3
 Identities = 14/14 (100%), Gaps = 0/14 (0%)
 Strand=Plus/Plus

Query  6          AAGAACTTGGCATA  19
                  ||||||||||||||
Sbjct  132521394  AAGAACTTGGCATA  132521407


 Score = 28.2 bits (14),  Expect = 5.3
 Identities = 14/14 (100%), Gaps = 0/14 (0%)
 Strand=Plus/Plus

Query  6          AAGAACTTGGCATA  19
                  ||||||||||||||
Sbjct  133552669  AAGAACTTGGCATA  133552682


 Score = 28.2 bits (14),  Expect = 5.3
 Identities = 14/14 (100%), Gaps = 0/14 (0%)
 Strand=Plus/Plus

Query  4          GGAAGAACTTGGCA  17
                  ||||||||||||||
Sbjct  169779309  GGAAGAACTTGGCA  169779322


 Score = 28.2 bits (14),  Expect = 5.3
 Identities = 14/14 (100%), Gaps = 0/14 (0%)
 Strand=Plus/Plus

Query  6          AAGAACTTGGCATA  19
                  ||||||||||||||
Sbjct  197426159  AAGAACTTGGCATA  197426172


 Score = 28.2 bits (14),  Expect = 5.3
 Identities = 14/14 (100%), Gaps = 0/14 (0%)
 Strand=Plus/Plus

Query  1          AGTGGAAGAACTTG  14
                  ||||||||||||||
Sbjct  237574928  AGTGGAAGAACTTG  237574941


 Score = 28.2 bits (14),  Expect = 5.3
 Identities = 14/14 (100%), Gaps = 0/14 (0%)
 Strand=Plus/Plus

Query  1          AGTGGAAGAACTTG  14
                  ||||||||||||||
Sbjct  237640263  AGTGGAAGAACTTG  237640276


 Score = 28.2 bits (14),  Expect = 5.3
 Identities = 14/14 (100%), Gaps = 0/14 (0%)
 Strand=Plus/Plus

Query  1          AGTGGAAGAACTTG  14
                  ||||||||||||||
Sbjct  237682843  AGTGGAAGAACTTG  237682856


 Score = 28.2 bits (14),  Expect = 5.3
 Identities = 14/14 (100%), Gaps = 0/14 (0%)
 Strand=Plus/Plus

Query  4          GGAAGAACTTGGCA  17
                  ||||||||||||||
Sbjct  274160161  GGAAGAACTTGGCA  274160174


 Score = 28.2 bits (14),  Expect = 5.3
 Identities = 14/14 (100%), Gaps = 0/14 (0%)
 Strand=Plus/Minus

Query  7       AGAACTTGGCATAG  20
               ||||||||||||||
Sbjct  210774  AGAACTTGGCATAG  210761


 Score = 28.2 bits (14),  Expect = 5.3
 Identities = 14/14 (100%), Gaps = 0/14 (0%)
 Strand=Plus/Minus

Query  3         TGGAAGAACTTGGC  16
                 ||||||||||||||
Sbjct  11666801  TGGAAGAACTTGGC  11666788


 Score = 28.2 bits (14),  Expect = 5.3
 Identities = 14/14 (100%), Gaps = 0/14 (0%)
 Strand=Plus/Minus

Query  1         AGTGGAAGAACTTG  14
                 ||||||||||||||
Sbjct  27389801  AGTGGAAGAACTTG  27389788


 Score = 28.2 bits (14),  Expect = 5.3
 Identities = 14/14 (100%), Gaps = 0/14 (0%)
 Strand=Plus/Minus

Query  6         AAGAACTTGGCATA  19
                 ||||||||||||||
Sbjct  64421422  AAGAACTTGGCATA  64421409


 Score = 28.2 bits (14),  Expect = 5.3
 Identities = 14/14 (100%), Gaps = 0/14 (0%)
 Strand=Plus/Minus

Query  7         AGAACTTGGCATAG  20
                 ||||||||||||||
Sbjct  72331633  AGAACTTGGCATAG  72331620


 Score = 28.2 bits (14),  Expect = 5.3
 Identities = 14/14 (100%), Gaps = 0/14 (0%)
 Strand=Plus/Minus

Query  1         AGTGGAAGAACTTG  14
                 ||||||||||||||
Sbjct  81800742  AGTGGAAGAACTTG  81800729


 Score = 28.2 bits (14),  Expect = 5.3
 Identities = 14/14 (100%), Gaps = 0/14 (0%)
 Strand=Plus/Minus

Query  7         AGAACTTGGCATAG  20
                 ||||||||||||||
Sbjct  85036305  AGAACTTGGCATAG  85036292


 Score = 28.2 bits (14),  Expect = 5.3
 Identities = 14/14 (100%), Gaps = 0/14 (0%)
 Strand=Plus/Minus

Query  7          AGAACTTGGCATAG  20
                  ||||||||||||||
Sbjct  121265037  AGAACTTGGCATAG  121265024


 Score = 28.2 bits (14),  Expect = 5.3
 Identities = 14/14 (100%), Gaps = 0/14 (0%)
 Strand=Plus/Minus

Query  6          AAGAACTTGGCATA  19
                  ||||||||||||||
Sbjct  136092442  AAGAACTTGGCATA  136092429


 Score = 28.2 bits (14),  Expect = 5.3
 Identities = 14/14 (100%), Gaps = 0/14 (0%)
 Strand=Plus/Minus

Query  1          AGTGGAAGAACTTG  14
                  ||||||||||||||
Sbjct  166826858  AGTGGAAGAACTTG  166826845


 Score = 28.2 bits (14),  Expect = 5.3
 Identities = 14/14 (100%), Gaps = 0/14 (0%)
 Strand=Plus/Minus

Query  1          AGTGGAAGAACTTG  14
                  ||||||||||||||
Sbjct  173120992  AGTGGAAGAACTTG  173120979


 Score = 28.2 bits (14),  Expect = 5.3
 Identities = 14/14 (100%), Gaps = 0/14 (0%)
 Strand=Plus/Minus

Query  6          AAGAACTTGGCATA  19
                  ||||||||||||||
Sbjct  174575424  AAGAACTTGGCATA  174575411


 Score = 28.2 bits (14),  Expect = 5.3
 Identities = 14/14 (100%), Gaps = 0/14 (0%)
 Strand=Plus/Minus

Query  1          AGTGGAAGAACTTG  14
                  ||||||||||||||
Sbjct  178087266  AGTGGAAGAACTTG  178087253


 Score = 28.2 bits (14),  Expect = 5.3
 Identities = 14/14 (100%), Gaps = 0/14 (0%)
 Strand=Plus/Minus

Query  7          AGAACTTGGCATAG  20
                  ||||||||||||||
Sbjct  181289065  AGAACTTGGCATAG  181289052


 Score = 28.2 bits (14),  Expect = 5.3
 Identities = 14/14 (100%), Gaps = 0/14 (0%)
 Strand=Plus/Minus

Query  5          GAAGAACTTGGCAT  18
                  ||||||||||||||
Sbjct  189815006  GAAGAACTTGGCAT  189814993


 Score = 28.2 bits (14),  Expect = 5.3
 Identities = 14/14 (100%), Gaps = 0/14 (0%)
 Strand=Plus/Minus

Query  7          AGAACTTGGCATAG  20
                  ||||||||||||||
Sbjct  219183423  AGAACTTGGCATAG  219183410


 Score = 28.2 bits (14),  Expect = 5.3
 Identities = 14/14 (100%), Gaps = 0/14 (0%)
 Strand=Plus/Minus

Query  7          AGAACTTGGCATAG  20
                  ||||||||||||||
Sbjct  223492487  AGAACTTGGCATAG  223492474


 Score = 28.2 bits (14),  Expect = 5.3
 Identities = 14/14 (100%), Gaps = 0/14 (0%)
 Strand=Plus/Minus

Query  6          AAGAACTTGGCATA  19
                  ||||||||||||||
Sbjct  234060451  AAGAACTTGGCATA  234060438


 Score = 28.2 bits (14),  Expect = 5.3
 Identities = 14/14 (100%), Gaps = 0/14 (0%)
 Strand=Plus/Minus

Query  3          TGGAAGAACTTGGC  16
                  ||||||||||||||
Sbjct  241170478  TGGAAGAACTTGGC  241170465


 Score = 28.2 bits (14),  Expect = 5.3
 Identities = 14/14 (100%), Gaps = 0/14 (0%)
 Strand=Plus/Minus

Query  6          AAGAACTTGGCATA  19
                  ||||||||||||||
Sbjct  260635813  AAGAACTTGGCATA  260635800


 Score = 28.2 bits (14),  Expect = 5.3
 Identities = 14/14 (100%), Gaps = 0/14 (0%)
 Strand=Plus/Minus

Query  1          AGTGGAAGAACTTG  14
                  ||||||||||||||
Sbjct  272395694  AGTGGAAGAACTTG  272395681



Lambda      K        H
    1.37    0.711     1.31 

Gapped
Lambda      K        H
    1.37    0.711     1.31 

Effective search space used: 1696681716


  Database: datasets/ncbi_dataset/data/GCA_000512255.2/chr3.fna
    Posted date:  Sep 10, 2021  3:01 PM
  Number of letters in database: 282,780,301
  Number of sequences in database:  1



Matrix: blastn matrix 1 -3
Gap Penalties: Existence: 5, Extension: 2
