BLASTN 2.12.0+


Reference: Stephen F. Altschul, Thomas L. Madden, Alejandro A.
Schaffer, Jinghui Zhang, Zheng Zhang, Webb Miller, and David J.
Lipman (1997), "Gapped BLAST and PSI-BLAST: a new generation of
protein database search programs", Nucleic Acids Res. 25:3389-3402.



Database: datasets/ncbi_dataset/data/GCA_000512255.2/chr2.fna
           1 sequences; 169,555,599 total letters



Query= 
Length=22
                                                                      Score     E
Sequences producing significant alignments:                          (Bits)  Value

CM008456.1 Capsicum annuum cultivar CM334 chromosome 2, whole gen...  44.1    6e-05


>CM008456.1 Capsicum annuum cultivar CM334 chromosome 2, whole genome shotgun 
sequence
Length=169555599

 Score = 44.1 bits (22),  Expect = 6e-05
 Identities = 22/22 (100%), Gaps = 0/22 (0%)
 Strand=Plus/Plus

Query  1          GGGAAGGGAAGAGAACCATAAA  22
                  ||||||||||||||||||||||
Sbjct  141090247  GGGAAGGGAAGAGAACCATAAA  141090268


 Score = 32.2 bits (16),  Expect = 0.24
 Identities = 16/16 (100%), Gaps = 0/16 (0%)
 Strand=Plus/Minus

Query  4         AAGGGAAGAGAACCAT  19
                 ||||||||||||||||
Sbjct  49422411  AAGGGAAGAGAACCAT  49422396


 Score = 32.2 bits (16),  Expect = 0.24
 Identities = 16/16 (100%), Gaps = 0/16 (0%)
 Strand=Plus/Minus

Query  3         GAAGGGAAGAGAACCA  18
                 ||||||||||||||||
Sbjct  50635475  GAAGGGAAGAGAACCA  50635460


 Score = 30.2 bits (15),  Expect = 0.94
 Identities = 15/15 (100%), Gaps = 0/15 (0%)
 Strand=Plus/Minus

Query  5         AGGGAAGAGAACCAT  19
                 |||||||||||||||
Sbjct  49214399  AGGGAAGAGAACCAT  49214385


 Score = 30.2 bits (15),  Expect = 0.94
 Identities = 15/15 (100%), Gaps = 0/15 (0%)
 Strand=Plus/Minus

Query  1          GGGAAGGGAAGAGAA  15
                  |||||||||||||||
Sbjct  108900386  GGGAAGGGAAGAGAA  108900372


 Score = 30.2 bits (15),  Expect = 0.94
 Identities = 18/19 (95%), Gaps = 0/19 (0%)
 Strand=Plus/Minus

Query  1          GGGAAGGGAAGAGAACCAT  19
                  ||||| |||||||||||||
Sbjct  120030715  GGGAATGGAAGAGAACCAT  120030697


 Score = 30.2 bits (15),  Expect = 0.94
 Identities = 15/15 (100%), Gaps = 0/15 (0%)
 Strand=Plus/Minus

Query  8          GAAGAGAACCATAAA  22
                  |||||||||||||||
Sbjct  137086351  GAAGAGAACCATAAA  137086337


 Score = 30.2 bits (15),  Expect = 0.94
 Identities = 15/15 (100%), Gaps = 0/15 (0%)
 Strand=Plus/Plus

Query  8          GAAGAGAACCATAAA  22
                  |||||||||||||||
Sbjct  141914769  GAAGAGAACCATAAA  141914783


 Score = 30.2 bits (15),  Expect = 0.94
 Identities = 15/15 (100%), Gaps = 0/15 (0%)
 Strand=Plus/Minus

Query  1          GGGAAGGGAAGAGAA  15
                  |||||||||||||||
Sbjct  144744342  GGGAAGGGAAGAGAA  144744328


 Score = 30.2 bits (15),  Expect = 0.94
 Identities = 15/15 (100%), Gaps = 0/15 (0%)
 Strand=Plus/Plus

Query  1          GGGAAGGGAAGAGAA  15
                  |||||||||||||||
Sbjct  155092310  GGGAAGGGAAGAGAA  155092324


 Score = 28.2 bits (14),  Expect = 3.7
 Identities = 14/14 (100%), Gaps = 0/14 (0%)
 Strand=Plus/Minus

Query  1        GGGAAGGGAAGAGA  14
                ||||||||||||||
Sbjct  3064968  GGGAAGGGAAGAGA  3064955


 Score = 28.2 bits (14),  Expect = 3.7
 Identities = 14/14 (100%), Gaps = 0/14 (0%)
 Strand=Plus/Minus

Query  4        AAGGGAAGAGAACC  17
                ||||||||||||||
Sbjct  6722238  AAGGGAAGAGAACC  6722225


 Score = 28.2 bits (14),  Expect = 3.7
 Identities = 14/14 (100%), Gaps = 0/14 (0%)
 Strand=Plus/Minus

Query  9         AAGAGAACCATAAA  22
                 ||||||||||||||
Sbjct  18337267  AAGAGAACCATAAA  18337254


 Score = 28.2 bits (14),  Expect = 3.7
 Identities = 14/14 (100%), Gaps = 0/14 (0%)
 Strand=Plus/Plus

Query  3         GAAGGGAAGAGAAC  16
                 ||||||||||||||
Sbjct  31160965  GAAGGGAAGAGAAC  31160978


 Score = 28.2 bits (14),  Expect = 3.7
 Identities = 14/14 (100%), Gaps = 0/14 (0%)
 Strand=Plus/Minus

Query  2         GGAAGGGAAGAGAA  15
                 ||||||||||||||
Sbjct  41783943  GGAAGGGAAGAGAA  41783930


 Score = 28.2 bits (14),  Expect = 3.7
 Identities = 14/14 (100%), Gaps = 0/14 (0%)
 Strand=Plus/Plus

Query  9         AAGAGAACCATAAA  22
                 ||||||||||||||
Sbjct  42751165  AAGAGAACCATAAA  42751178


 Score = 28.2 bits (14),  Expect = 3.7
 Identities = 14/14 (100%), Gaps = 0/14 (0%)
 Strand=Plus/Minus

Query  5         AGGGAAGAGAACCA  18
                 ||||||||||||||
Sbjct  43416365  AGGGAAGAGAACCA  43416352


 Score = 28.2 bits (14),  Expect = 3.7
 Identities = 14/14 (100%), Gaps = 0/14 (0%)
 Strand=Plus/Minus

Query  4         AAGGGAAGAGAACC  17
                 ||||||||||||||
Sbjct  58416670  AAGGGAAGAGAACC  58416657


 Score = 28.2 bits (14),  Expect = 3.7
 Identities = 14/14 (100%), Gaps = 0/14 (0%)
 Strand=Plus/Minus

Query  9         AAGAGAACCATAAA  22
                 ||||||||||||||
Sbjct  68494400  AAGAGAACCATAAA  68494387


 Score = 28.2 bits (14),  Expect = 3.7
 Identities = 14/14 (100%), Gaps = 0/14 (0%)
 Strand=Plus/Minus

Query  1         GGGAAGGGAAGAGA  14
                 ||||||||||||||
Sbjct  94649358  GGGAAGGGAAGAGA  94649345


 Score = 28.2 bits (14),  Expect = 3.7
 Identities = 14/14 (100%), Gaps = 0/14 (0%)
 Strand=Plus/Plus

Query  3          GAAGGGAAGAGAAC  16
                  ||||||||||||||
Sbjct  119829500  GAAGGGAAGAGAAC  119829513


 Score = 28.2 bits (14),  Expect = 3.7
 Identities = 14/14 (100%), Gaps = 0/14 (0%)
 Strand=Plus/Minus

Query  1          GGGAAGGGAAGAGA  14
                  ||||||||||||||
Sbjct  137391563  GGGAAGGGAAGAGA  137391550


 Score = 28.2 bits (14),  Expect = 3.7
 Identities = 14/14 (100%), Gaps = 0/14 (0%)
 Strand=Plus/Plus

Query  9          AAGAGAACCATAAA  22
                  ||||||||||||||
Sbjct  150903898  AAGAGAACCATAAA  150903911


 Score = 28.2 bits (14),  Expect = 3.7
 Identities = 17/18 (94%), Gaps = 0/18 (0%)
 Strand=Plus/Plus

Query  5          AGGGAAGAGAACCATAAA  22
                  ||||||||||| ||||||
Sbjct  153419611  AGGGAAGAGAAGCATAAA  153419628


 Score = 28.2 bits (14),  Expect = 3.7
 Identities = 14/14 (100%), Gaps = 0/14 (0%)
 Strand=Plus/Minus

Query  2          GGAAGGGAAGAGAA  15
                  ||||||||||||||
Sbjct  157330690  GGAAGGGAAGAGAA  157330677



Lambda      K        H
    1.37    0.711     1.31 

Gapped
Lambda      K        H
    1.37    0.711     1.31 

Effective search space used: 1186889088


  Database: datasets/ncbi_dataset/data/GCA_000512255.2/chr2.fna
    Posted date:  Sep 10, 2021  3:01 PM
  Number of letters in database: 169,555,599
  Number of sequences in database:  1



Matrix: blastn matrix 1 -3
Gap Penalties: Existence: 5, Extension: 2
