BLASTN 2.12.0+


Reference: Stephen F. Altschul, Thomas L. Madden, Alejandro A.
Schaffer, Jinghui Zhang, Zheng Zhang, Webb Miller, and David J.
Lipman (1997), "Gapped BLAST and PSI-BLAST: a new generation of
protein database search programs", Nucleic Acids Res. 25:3389-3402.



Database: datasets/ncbi_dataset/data/GCA_000512255.2/chr6.fna
           1 sequences; 242,241,289 total letters



Query= 
Length=20
                                                                      Score     E
Sequences producing significant alignments:                          (Bits)  Value

CM008460.1 Capsicum annuum cultivar CM334 chromosome 6, whole gen...  40.1    0.001


>CM008460.1 Capsicum annuum cultivar CM334 chromosome 6, whole genome shotgun 
sequence
Length=242241289

 Score = 40.1 bits (20),  Expect = 0.001
 Identities = 20/20 (100%), Gaps = 0/20 (0%)
 Strand=Plus/Minus

Query  1          AATTGGGATGCAGCGTGTCT  20
                  ||||||||||||||||||||
Sbjct  149764299  AATTGGGATGCAGCGTGTCT  149764280


 Score = 28.2 bits (14),  Expect = 3.8
 Identities = 14/14 (100%), Gaps = 0/14 (0%)
 Strand=Plus/Minus

Query  2          ATTGGGATGCAGCG  15
                  ||||||||||||||
Sbjct  191116155  ATTGGGATGCAGCG  191116142


 Score = 28.2 bits (14),  Expect = 3.8
 Identities = 14/14 (100%), Gaps = 0/14 (0%)
 Strand=Plus/Plus

Query  2        ATTGGGATGCAGCG  15
                ||||||||||||||
Sbjct  2982532  ATTGGGATGCAGCG  2982545


 Score = 28.2 bits (14),  Expect = 3.8
 Identities = 14/14 (100%), Gaps = 0/14 (0%)
 Strand=Plus/Plus

Query  2         ATTGGGATGCAGCG  15
                 ||||||||||||||
Sbjct  37088331  ATTGGGATGCAGCG  37088344



Lambda      K        H
    1.37    0.711     1.31 

Gapped
Lambda      K        H
    1.37    0.711     1.31 

Effective search space used: 1211206370


  Database: datasets/ncbi_dataset/data/GCA_000512255.2/chr6.fna
    Posted date:  Sep 10, 2021  3:01 PM
  Number of letters in database: 242,241,289
  Number of sequences in database:  1



Matrix: blastn matrix 1 -3
Gap Penalties: Existence: 5, Extension: 2
