BLASTN 2.12.0+


Reference: Stephen F. Altschul, Thomas L. Madden, Alejandro A.
Schaffer, Jinghui Zhang, Zheng Zhang, Webb Miller, and David J.
Lipman (1997), "Gapped BLAST and PSI-BLAST: a new generation of
protein database search programs", Nucleic Acids Res. 25:3389-3402.



Database: datasets/ncbi_dataset/data/GCA_000512255.2/chr10.fna
           1 sequences; 233,321,800 total letters



Query= 
Length=22
                                                                      Score     E
Sequences producing significant alignments:                          (Bits)  Value

CM008464.1 Capsicum annuum cultivar CM334 chromosome 10, whole ge...  32.2    0.33 


>CM008464.1 Capsicum annuum cultivar CM334 chromosome 10, whole genome shotgun 
sequence
Length=233321800

 Score = 32.2 bits (16),  Expect = 0.33
 Identities = 16/16 (100%), Gaps = 0/16 (0%)
 Strand=Plus/Plus

Query  6         TTAATGCAACTGATGT  21
                 ||||||||||||||||
Sbjct  34352196  TTAATGCAACTGATGT  34352211


 Score = 32.2 bits (16),  Expect = 0.33
 Identities = 19/20 (95%), Gaps = 0/20 (0%)
 Strand=Plus/Minus

Query  3         AGCTTAATGCAACTGATGTC  22
                 ||||||||||||| ||||||
Sbjct  71716573  AGCTTAATGCAACAGATGTC  71716554


 Score = 30.2 bits (15),  Expect = 1.3
 Identities = 15/15 (100%), Gaps = 0/15 (0%)
 Strand=Plus/Minus

Query  6         TTAATGCAACTGATG  20
                 |||||||||||||||
Sbjct  29993636  TTAATGCAACTGATG  29993622


 Score = 30.2 bits (15),  Expect = 1.3
 Identities = 15/15 (100%), Gaps = 0/15 (0%)
 Strand=Plus/Plus

Query  6          TTAATGCAACTGATG  20
                  |||||||||||||||
Sbjct  200969491  TTAATGCAACTGATG  200969505


 Score = 28.2 bits (14),  Expect = 5.1
 Identities = 14/14 (100%), Gaps = 0/14 (0%)
 Strand=Plus/Plus

Query  8        AATGCAACTGATGT  21
                ||||||||||||||
Sbjct  2842065  AATGCAACTGATGT  2842078


 Score = 28.2 bits (14),  Expect = 5.1
 Identities = 14/14 (100%), Gaps = 0/14 (0%)
 Strand=Plus/Plus

Query  1         GCAGCTTAATGCAA  14
                 ||||||||||||||
Sbjct  10971199  GCAGCTTAATGCAA  10971212


 Score = 28.2 bits (14),  Expect = 5.1
 Identities = 14/14 (100%), Gaps = 0/14 (0%)
 Strand=Plus/Minus

Query  5         CTTAATGCAACTGA  18
                 ||||||||||||||
Sbjct  33153758  CTTAATGCAACTGA  33153745


 Score = 28.2 bits (14),  Expect = 5.1
 Identities = 14/14 (100%), Gaps = 0/14 (0%)
 Strand=Plus/Plus

Query  8         AATGCAACTGATGT  21
                 ||||||||||||||
Sbjct  77938177  AATGCAACTGATGT  77938190


 Score = 28.2 bits (14),  Expect = 5.1
 Identities = 14/14 (100%), Gaps = 0/14 (0%)
 Strand=Plus/Plus

Query  8         AATGCAACTGATGT  21
                 ||||||||||||||
Sbjct  78916504  AATGCAACTGATGT  78916517


 Score = 28.2 bits (14),  Expect = 5.1
 Identities = 14/14 (100%), Gaps = 0/14 (0%)
 Strand=Plus/Minus

Query  5          CTTAATGCAACTGA  18
                  ||||||||||||||
Sbjct  159052751  CTTAATGCAACTGA  159052738


 Score = 28.2 bits (14),  Expect = 5.1
 Identities = 14/14 (100%), Gaps = 0/14 (0%)
 Strand=Plus/Plus

Query  8          AATGCAACTGATGT  21
                  ||||||||||||||
Sbjct  160203042  AATGCAACTGATGT  160203055


 Score = 28.2 bits (14),  Expect = 5.1
 Identities = 14/14 (100%), Gaps = 0/14 (0%)
 Strand=Plus/Plus

Query  7          TAATGCAACTGATG  20
                  ||||||||||||||
Sbjct  162944663  TAATGCAACTGATG  162944676


 Score = 28.2 bits (14),  Expect = 5.1
 Identities = 14/14 (100%), Gaps = 0/14 (0%)
 Strand=Plus/Plus

Query  5          CTTAATGCAACTGA  18
                  ||||||||||||||
Sbjct  184903718  CTTAATGCAACTGA  184903731


 Score = 28.2 bits (14),  Expect = 5.1
 Identities = 14/14 (100%), Gaps = 0/14 (0%)
 Strand=Plus/Plus

Query  7          TAATGCAACTGATG  20
                  ||||||||||||||
Sbjct  191786022  TAATGCAACTGATG  191786035


 Score = 28.2 bits (14),  Expect = 5.1
 Identities = 14/14 (100%), Gaps = 0/14 (0%)
 Strand=Plus/Minus

Query  1          GCAGCTTAATGCAA  14
                  ||||||||||||||
Sbjct  207611393  GCAGCTTAATGCAA  207611380


 Score = 28.2 bits (14),  Expect = 5.1
 Identities = 14/14 (100%), Gaps = 0/14 (0%)
 Strand=Plus/Plus

Query  7          TAATGCAACTGATG  20
                  ||||||||||||||
Sbjct  225116686  TAATGCAACTGATG  225116699



Lambda      K        H
    1.37    0.711     1.31 

Gapped
Lambda      K        H
    1.37    0.711     1.31 

Effective search space used: 1633252495


  Database: datasets/ncbi_dataset/data/GCA_000512255.2/chr10.fna
    Posted date:  Sep 10, 2021  3:02 PM
  Number of letters in database: 233,321,800
  Number of sequences in database:  1



Matrix: blastn matrix 1 -3
Gap Penalties: Existence: 5, Extension: 2
