BLASTN 2.12.0+


Reference: Stephen F. Altschul, Thomas L. Madden, Alejandro A.
Schaffer, Jinghui Zhang, Zheng Zhang, Webb Miller, and David J.
Lipman (1997), "Gapped BLAST and PSI-BLAST: a new generation of
protein database search programs", Nucleic Acids Res. 25:3389-3402.



Database: datasets/ncbi_dataset/data/GCA_000512255.2/chr7.fna
           1 sequences; 251,293,532 total letters



Query= 
Length=22
                                                                      Score     E
Sequences producing significant alignments:                          (Bits)  Value

CM008461.1 Capsicum annuum cultivar CM334 chromosome 7, whole gen...  44.1    9e-05


>CM008461.1 Capsicum annuum cultivar CM334 chromosome 7, whole genome shotgun 
sequence
Length=251293532

 Score = 44.1 bits (22),  Expect = 9e-05
 Identities = 22/22 (100%), Gaps = 0/22 (0%)
 Strand=Plus/Plus

Query  1          AGAGGTAGAGAGAGCACAAGAG  22
                  ||||||||||||||||||||||
Sbjct  235706193  AGAGGTAGAGAGAGCACAAGAG  235706214


 Score = 32.2 bits (16),  Expect = 0.35
 Identities = 16/16 (100%), Gaps = 0/16 (0%)
 Strand=Plus/Plus

Query  7         AGAGAGAGCACAAGAG  22
                 ||||||||||||||||
Sbjct  13206498  AGAGAGAGCACAAGAG  13206513


 Score = 30.2 bits (15),  Expect = 1.4
 Identities = 15/15 (100%), Gaps = 0/15 (0%)
 Strand=Plus/Minus

Query  2          GAGGTAGAGAGAGCA  16
                  |||||||||||||||
Sbjct  187603440  GAGGTAGAGAGAGCA  187603426


 Score = 30.2 bits (15),  Expect = 1.4
 Identities = 15/15 (100%), Gaps = 0/15 (0%)
 Strand=Plus/Plus

Query  6         TAGAGAGAGCACAAG  20
                 |||||||||||||||
Sbjct  13223542  TAGAGAGAGCACAAG  13223556


 Score = 28.2 bits (14),  Expect = 5.5
 Identities = 14/14 (100%), Gaps = 0/14 (0%)
 Strand=Plus/Minus

Query  1         AGAGGTAGAGAGAG  14
                 ||||||||||||||
Sbjct  13286755  AGAGGTAGAGAGAG  13286742


 Score = 28.2 bits (14),  Expect = 5.5
 Identities = 14/14 (100%), Gaps = 0/14 (0%)
 Strand=Plus/Minus

Query  1         AGAGGTAGAGAGAG  14
                 ||||||||||||||
Sbjct  29077573  AGAGGTAGAGAGAG  29077560


 Score = 28.2 bits (14),  Expect = 5.5
 Identities = 14/14 (100%), Gaps = 0/14 (0%)
 Strand=Plus/Minus

Query  1         AGAGGTAGAGAGAG  14
                 ||||||||||||||
Sbjct  45905966  AGAGGTAGAGAGAG  45905953


 Score = 28.2 bits (14),  Expect = 5.5
 Identities = 14/14 (100%), Gaps = 0/14 (0%)
 Strand=Plus/Minus

Query  6         TAGAGAGAGCACAA  19
                 ||||||||||||||
Sbjct  63688502  TAGAGAGAGCACAA  63688489


 Score = 28.2 bits (14),  Expect = 5.5
 Identities = 14/14 (100%), Gaps = 0/14 (0%)
 Strand=Plus/Minus

Query  1         AGAGGTAGAGAGAG  14
                 ||||||||||||||
Sbjct  82316557  AGAGGTAGAGAGAG  82316544


 Score = 28.2 bits (14),  Expect = 5.5
 Identities = 14/14 (100%), Gaps = 0/14 (0%)
 Strand=Plus/Minus

Query  1          AGAGGTAGAGAGAG  14
                  ||||||||||||||
Sbjct  139980195  AGAGGTAGAGAGAG  139980182


 Score = 28.2 bits (14),  Expect = 5.5
 Identities = 14/14 (100%), Gaps = 0/14 (0%)
 Strand=Plus/Minus

Query  6          TAGAGAGAGCACAA  19
                  ||||||||||||||
Sbjct  157927774  TAGAGAGAGCACAA  157927761


 Score = 28.2 bits (14),  Expect = 5.5
 Identities = 14/14 (100%), Gaps = 0/14 (0%)
 Strand=Plus/Minus

Query  1          AGAGGTAGAGAGAG  14
                  ||||||||||||||
Sbjct  183096633  AGAGGTAGAGAGAG  183096620


 Score = 28.2 bits (14),  Expect = 5.5
 Identities = 14/14 (100%), Gaps = 0/14 (0%)
 Strand=Plus/Minus

Query  1          AGAGGTAGAGAGAG  14
                  ||||||||||||||
Sbjct  192007797  AGAGGTAGAGAGAG  192007784


 Score = 28.2 bits (14),  Expect = 5.5
 Identities = 14/14 (100%), Gaps = 0/14 (0%)
 Strand=Plus/Minus

Query  1          AGAGGTAGAGAGAG  14
                  ||||||||||||||
Sbjct  192223309  AGAGGTAGAGAGAG  192223296


 Score = 28.2 bits (14),  Expect = 5.5
 Identities = 14/14 (100%), Gaps = 0/14 (0%)
 Strand=Plus/Minus

Query  1          AGAGGTAGAGAGAG  14
                  ||||||||||||||
Sbjct  218588052  AGAGGTAGAGAGAG  218588039


 Score = 28.2 bits (14),  Expect = 5.5
 Identities = 14/14 (100%), Gaps = 0/14 (0%)
 Strand=Plus/Plus

Query  9         AGAGAGCACAAGAG  22
                 ||||||||||||||
Sbjct  10483369  AGAGAGCACAAGAG  10483382


 Score = 28.2 bits (14),  Expect = 5.5
 Identities = 14/14 (100%), Gaps = 0/14 (0%)
 Strand=Plus/Plus

Query  7         AGAGAGAGCACAAG  20
                 ||||||||||||||
Sbjct  24250324  AGAGAGAGCACAAG  24250337


 Score = 28.2 bits (14),  Expect = 5.5
 Identities = 17/18 (94%), Gaps = 0/18 (0%)
 Strand=Plus/Plus

Query  1         AGAGGTAGAGAGAGCACA  18
                 ||||||||| ||||||||
Sbjct  54641013  AGAGGTAGATAGAGCACA  54641030


 Score = 28.2 bits (14),  Expect = 5.5
 Identities = 14/14 (100%), Gaps = 0/14 (0%)
 Strand=Plus/Plus

Query  1         AGAGGTAGAGAGAG  14
                 ||||||||||||||
Sbjct  58130801  AGAGGTAGAGAGAG  58130814


 Score = 28.2 bits (14),  Expect = 5.5
 Identities = 14/14 (100%), Gaps = 0/14 (0%)
 Strand=Plus/Plus

Query  1         AGAGGTAGAGAGAG  14
                 ||||||||||||||
Sbjct  58140558  AGAGGTAGAGAGAG  58140571


 Score = 28.2 bits (14),  Expect = 5.5
 Identities = 14/14 (100%), Gaps = 0/14 (0%)
 Strand=Plus/Plus

Query  1         AGAGGTAGAGAGAG  14
                 ||||||||||||||
Sbjct  73139583  AGAGGTAGAGAGAG  73139596


 Score = 28.2 bits (14),  Expect = 5.5
 Identities = 14/14 (100%), Gaps = 0/14 (0%)
 Strand=Plus/Plus

Query  3         AGGTAGAGAGAGCA  16
                 ||||||||||||||
Sbjct  78947127  AGGTAGAGAGAGCA  78947140


 Score = 28.2 bits (14),  Expect = 5.5
 Identities = 14/14 (100%), Gaps = 0/14 (0%)
 Strand=Plus/Plus

Query  1          AGAGGTAGAGAGAG  14
                  ||||||||||||||
Sbjct  154991191  AGAGGTAGAGAGAG  154991204


 Score = 28.2 bits (14),  Expect = 5.5
 Identities = 20/22 (91%), Gaps = 0/22 (0%)
 Strand=Plus/Plus

Query  1          AGAGGTAGAGAGAGCACAAGAG  22
                  |||||||||| ||| |||||||
Sbjct  179288147  AGAGGTAGAGGGAGAACAAGAG  179288168


 Score = 28.2 bits (14),  Expect = 5.5
 Identities = 14/14 (100%), Gaps = 0/14 (0%)
 Strand=Plus/Plus

Query  8          GAGAGAGCACAAGA  21
                  ||||||||||||||
Sbjct  187265073  GAGAGAGCACAAGA  187265086


 Score = 28.2 bits (14),  Expect = 5.5
 Identities = 17/18 (94%), Gaps = 0/18 (0%)
 Strand=Plus/Plus

Query  5          GTAGAGAGAGCACAAGAG  22
                  |||||||||| |||||||
Sbjct  226610702  GTAGAGAGAGAACAAGAG  226610719


 Score = 28.2 bits (14),  Expect = 5.5
 Identities = 17/18 (94%), Gaps = 0/18 (0%)
 Strand=Plus/Plus

Query  5          GTAGAGAGAGCACAAGAG  22
                  |||||||||| |||||||
Sbjct  227347960  GTAGAGAGAGAACAAGAG  227347977



Lambda      K        H
    1.37    0.711     1.31 

Gapped
Lambda      K        H
    1.37    0.711     1.31 

Effective search space used: 1759054619


  Database: datasets/ncbi_dataset/data/GCA_000512255.2/chr7.fna
    Posted date:  Sep 10, 2021  3:01 PM
  Number of letters in database: 251,293,532
  Number of sequences in database:  1



Matrix: blastn matrix 1 -3
Gap Penalties: Existence: 5, Extension: 2
