BLASTN 2.12.0+


Reference: Stephen F. Altschul, Thomas L. Madden, Alejandro A.
Schaffer, Jinghui Zhang, Zheng Zhang, Webb Miller, and David J.
Lipman (1997), "Gapped BLAST and PSI-BLAST: a new generation of
protein database search programs", Nucleic Acids Res. 25:3389-3402.



Database: datasets/ncbi_dataset/data/GCA_000512255.2/chr11.fna
           1 sequences; 266,870,110 total letters



Query= 
Length=22
                                                                      Score     E
Sequences producing significant alignments:                          (Bits)  Value

CM008465.1 Capsicum annuum cultivar CM334 chromosome 11, whole ge...  44.1    1e-04


>CM008465.1 Capsicum annuum cultivar CM334 chromosome 11, whole genome shotgun 
sequence
Length=266870110

 Score = 44.1 bits (22),  Expect = 1e-04
 Identities = 22/22 (100%), Gaps = 0/22 (0%)
 Strand=Plus/Minus

Query  1         CTCTAGTCGTGGCAAGCTTTAT  22
                 ||||||||||||||||||||||
Sbjct  14760538  CTCTAGTCGTGGCAAGCTTTAT  14760517


 Score = 30.2 bits (15),  Expect = 1.5
 Identities = 15/15 (100%), Gaps = 0/15 (0%)
 Strand=Plus/Plus

Query  1         CTCTAGTCGTGGCAA  15
                 |||||||||||||||
Sbjct  59609389  CTCTAGTCGTGGCAA  59609403


 Score = 28.2 bits (14),  Expect = 5.9
 Identities = 14/14 (100%), Gaps = 0/14 (0%)
 Strand=Plus/Plus

Query  1         CTCTAGTCGTGGCA  14
                 ||||||||||||||
Sbjct  21589833  CTCTAGTCGTGGCA  21589846


 Score = 28.2 bits (14),  Expect = 5.9
 Identities = 14/14 (100%), Gaps = 0/14 (0%)
 Strand=Plus/Plus

Query  9         GTGGCAAGCTTTAT  22
                 ||||||||||||||
Sbjct  25477445  GTGGCAAGCTTTAT  25477458


 Score = 28.2 bits (14),  Expect = 5.9
 Identities = 14/14 (100%), Gaps = 0/14 (0%)
 Strand=Plus/Plus

Query  9          GTGGCAAGCTTTAT  22
                  ||||||||||||||
Sbjct  176323965  GTGGCAAGCTTTAT  176323978


 Score = 28.2 bits (14),  Expect = 5.9
 Identities = 14/14 (100%), Gaps = 0/14 (0%)
 Strand=Plus/Minus

Query  1         CTCTAGTCGTGGCA  14
                 ||||||||||||||
Sbjct  29457211  CTCTAGTCGTGGCA  29457198


 Score = 28.2 bits (14),  Expect = 5.9
 Identities = 14/14 (100%), Gaps = 0/14 (0%)
 Strand=Plus/Minus

Query  6         GTCGTGGCAAGCTT  19
                 ||||||||||||||
Sbjct  59288520  GTCGTGGCAAGCTT  59288507


 Score = 28.2 bits (14),  Expect = 5.9
 Identities = 14/14 (100%), Gaps = 0/14 (0%)
 Strand=Plus/Minus

Query  4         TAGTCGTGGCAAGC  17
                 ||||||||||||||
Sbjct  70366639  TAGTCGTGGCAAGC  70366626


 Score = 28.2 bits (14),  Expect = 5.9
 Identities = 14/14 (100%), Gaps = 0/14 (0%)
 Strand=Plus/Minus

Query  9          GTGGCAAGCTTTAT  22
                  ||||||||||||||
Sbjct  220050443  GTGGCAAGCTTTAT  220050430



Lambda      K        H
    1.37    0.711     1.31 

Gapped
Lambda      K        H
    1.37    0.711     1.31 

Effective search space used: 1868090665


  Database: datasets/ncbi_dataset/data/GCA_000512255.2/chr11.fna
    Posted date:  Sep 10, 2021  3:02 PM
  Number of letters in database: 266,870,110
  Number of sequences in database:  1



Matrix: blastn matrix 1 -3
Gap Penalties: Existence: 5, Extension: 2
