BLASTN 2.12.0+


Reference: Stephen F. Altschul, Thomas L. Madden, Alejandro A.
Schaffer, Jinghui Zhang, Zheng Zhang, Webb Miller, and David J.
Lipman (1997), "Gapped BLAST and PSI-BLAST: a new generation of
protein database search programs", Nucleic Acids Res. 25:3389-3402.



Database: datasets/ncbi_dataset/data/GCA_000512255.2/chr10.fna
           1 sequences; 233,321,800 total letters



Query= 
Length=23
                                                                      Score     E
Sequences producing significant alignments:                          (Bits)  Value

CM008464.1 Capsicum annuum cultivar CM334 chromosome 10, whole ge...  30.2    1.5  


>CM008464.1 Capsicum annuum cultivar CM334 chromosome 10, whole genome shotgun 
sequence
Length=233321800

 Score = 30.2 bits (15),  Expect = 1.5
 Identities = 15/15 (100%), Gaps = 0/15 (0%)
 Strand=Plus/Plus

Query  8          AGTATCTGAGGCTAA  22
                  |||||||||||||||
Sbjct  116931173  AGTATCTGAGGCTAA  116931187


 Score = 30.2 bits (15),  Expect = 1.5
 Identities = 15/15 (100%), Gaps = 0/15 (0%)
 Strand=Plus/Minus

Query  9          GTATCTGAGGCTAAA  23
                  |||||||||||||||
Sbjct  150696009  GTATCTGAGGCTAAA  150695995


 Score = 28.2 bits (14),  Expect = 5.9
 Identities = 14/14 (100%), Gaps = 0/14 (0%)
 Strand=Plus/Minus

Query  2         ACCACGAGTATCTG  15
                 ||||||||||||||
Sbjct  60189318  ACCACGAGTATCTG  60189305


 Score = 28.2 bits (14),  Expect = 5.9
 Identities = 14/14 (100%), Gaps = 0/14 (0%)
 Strand=Plus/Plus

Query  8         AGTATCTGAGGCTA  21
                 ||||||||||||||
Sbjct  61611207  AGTATCTGAGGCTA  61611220


 Score = 28.2 bits (14),  Expect = 5.9
 Identities = 14/14 (100%), Gaps = 0/14 (0%)
 Strand=Plus/Minus

Query  10         TATCTGAGGCTAAA  23
                  ||||||||||||||
Sbjct  109006700  TATCTGAGGCTAAA  109006687


 Score = 28.2 bits (14),  Expect = 5.9
 Identities = 14/14 (100%), Gaps = 0/14 (0%)
 Strand=Plus/Minus

Query  10         TATCTGAGGCTAAA  23
                  ||||||||||||||
Sbjct  117856746  TATCTGAGGCTAAA  117856733


 Score = 28.2 bits (14),  Expect = 5.9
 Identities = 14/14 (100%), Gaps = 0/14 (0%)
 Strand=Plus/Minus

Query  9          GTATCTGAGGCTAA  22
                  ||||||||||||||
Sbjct  124305281  GTATCTGAGGCTAA  124305268


 Score = 28.2 bits (14),  Expect = 5.9
 Identities = 14/14 (100%), Gaps = 0/14 (0%)
 Strand=Plus/Minus

Query  1          TACCACGAGTATCT  14
                  ||||||||||||||
Sbjct  152565334  TACCACGAGTATCT  152565321


 Score = 28.2 bits (14),  Expect = 5.9
 Identities = 14/14 (100%), Gaps = 0/14 (0%)
 Strand=Plus/Minus

Query  8          AGTATCTGAGGCTA  21
                  ||||||||||||||
Sbjct  185362172  AGTATCTGAGGCTA  185362159


 Score = 28.2 bits (14),  Expect = 5.9
 Identities = 14/14 (100%), Gaps = 0/14 (0%)
 Strand=Plus/Plus

Query  1          TACCACGAGTATCT  14
                  ||||||||||||||
Sbjct  201594323  TACCACGAGTATCT  201594336


 Score = 28.2 bits (14),  Expect = 5.9
 Identities = 14/14 (100%), Gaps = 0/14 (0%)
 Strand=Plus/Minus

Query  10         TATCTGAGGCTAAA  23
                  ||||||||||||||
Sbjct  204378204  TATCTGAGGCTAAA  204378191



Lambda      K        H
    1.37    0.711     1.31 

Gapped
Lambda      K        H
    1.37    0.711     1.31 

Effective search space used: 1866574280


  Database: datasets/ncbi_dataset/data/GCA_000512255.2/chr10.fna
    Posted date:  Sep 10, 2021  3:02 PM
  Number of letters in database: 233,321,800
  Number of sequences in database:  1



Matrix: blastn matrix 1 -3
Gap Penalties: Existence: 5, Extension: 2
