BLASTN 2.12.0+


Reference: Stephen F. Altschul, Thomas L. Madden, Alejandro A.
Schaffer, Jinghui Zhang, Zheng Zhang, Webb Miller, and David J.
Lipman (1997), "Gapped BLAST and PSI-BLAST: a new generation of
protein database search programs", Nucleic Acids Res. 25:3389-3402.



Database: datasets/ncbi_dataset/data/GCA_002878395.2/chr7.fna
           1 sequences; 227,195,441 total letters



Query= 
Length=22
                                                                      Score     E
Sequences producing significant alignments:                          (Bits)  Value

CM009392.1 Capsicum annuum cultivar UCD-10X-F1 chromosome 7, whol...  44.1    8e-05


>CM009392.1 Capsicum annuum cultivar UCD-10X-F1 chromosome 7, whole genome 
shotgun sequence
Length=227195441

 Score = 44.1 bits (22),  Expect = 8e-05
 Identities = 22/22 (100%), Gaps = 0/22 (0%)
 Strand=Plus/Plus

Query  1          AGAGGTAGAGAGAGCACAAGAG  22
                  ||||||||||||||||||||||
Sbjct  215110261  AGAGGTAGAGAGAGCACAAGAG  215110282


 Score = 30.2 bits (15),  Expect = 1.3
 Identities = 15/15 (100%), Gaps = 0/15 (0%)
 Strand=Plus/Minus

Query  2         GAGGTAGAGAGAGCA  16
                 |||||||||||||||
Sbjct  79859386  GAGGTAGAGAGAGCA  79859372


 Score = 28.2 bits (14),  Expect = 5.0
 Identities = 14/14 (100%), Gaps = 0/14 (0%)
 Strand=Plus/Minus

Query  1        AGAGGTAGAGAGAG  14
                ||||||||||||||
Sbjct  7773465  AGAGGTAGAGAGAG  7773452


 Score = 28.2 bits (14),  Expect = 5.0
 Identities = 14/14 (100%), Gaps = 0/14 (0%)
 Strand=Plus/Minus

Query  1         AGAGGTAGAGAGAG  14
                 ||||||||||||||
Sbjct  23093970  AGAGGTAGAGAGAG  23093957


 Score = 28.2 bits (14),  Expect = 5.0
 Identities = 20/22 (91%), Gaps = 0/22 (0%)
 Strand=Plus/Minus

Query  1         AGAGGTAGAGAGAGCACAAGAG  22
                 |||||||||| ||| |||||||
Sbjct  82978229  AGAGGTAGAGGGAGAACAAGAG  82978208


 Score = 28.2 bits (14),  Expect = 5.0
 Identities = 14/14 (100%), Gaps = 0/14 (0%)
 Strand=Plus/Minus

Query  3         AGGTAGAGAGAGCA  16
                 ||||||||||||||
Sbjct  89563585  AGGTAGAGAGAGCA  89563572


 Score = 28.2 bits (14),  Expect = 5.0
 Identities = 14/14 (100%), Gaps = 0/14 (0%)
 Strand=Plus/Minus

Query  1         AGAGGTAGAGAGAG  14
                 ||||||||||||||
Sbjct  93963437  AGAGGTAGAGAGAG  93963424


 Score = 28.2 bits (14),  Expect = 5.0
 Identities = 14/14 (100%), Gaps = 0/14 (0%)
 Strand=Plus/Minus

Query  1          AGAGGTAGAGAGAG  14
                  ||||||||||||||
Sbjct  100879430  AGAGGTAGAGAGAG  100879417


 Score = 28.2 bits (14),  Expect = 5.0
 Identities = 14/14 (100%), Gaps = 0/14 (0%)
 Strand=Plus/Minus

Query  1          AGAGGTAGAGAGAG  14
                  ||||||||||||||
Sbjct  100889020  AGAGGTAGAGAGAG  100889007


 Score = 28.2 bits (14),  Expect = 5.0
 Identities = 17/18 (94%), Gaps = 0/18 (0%)
 Strand=Plus/Minus

Query  1          AGAGGTAGAGAGAGCACA  18
                  ||||||||| ||||||||
Sbjct  138049559  AGAGGTAGATAGAGCACA  138049542


 Score = 28.2 bits (14),  Expect = 5.0
 Identities = 14/14 (100%), Gaps = 0/14 (0%)
 Strand=Plus/Minus

Query  1          AGAGGTAGAGAGAG  14
                  ||||||||||||||
Sbjct  140318126  AGAGGTAGAGAGAG  140318113


 Score = 28.2 bits (14),  Expect = 5.0
 Identities = 14/14 (100%), Gaps = 0/14 (0%)
 Strand=Plus/Minus

Query  1          AGAGGTAGAGAGAG  14
                  ||||||||||||||
Sbjct  147899166  AGAGGTAGAGAGAG  147899153


 Score = 28.2 bits (14),  Expect = 5.0
 Identities = 14/14 (100%), Gaps = 0/14 (0%)
 Strand=Plus/Minus

Query  1          AGAGGTAGAGAGAG  14
                  ||||||||||||||
Sbjct  200057772  AGAGGTAGAGAGAG  200057759


 Score = 28.2 bits (14),  Expect = 5.0
 Identities = 14/14 (100%), Gaps = 0/14 (0%)
 Strand=Plus/Plus

Query  9        AGAGAGCACAAGAG  22
                ||||||||||||||
Sbjct  6149126  AGAGAGCACAAGAG  6149139


 Score = 28.2 bits (14),  Expect = 5.0
 Identities = 14/14 (100%), Gaps = 0/14 (0%)
 Strand=Plus/Plus

Query  7         AGAGAGAGCACAAG  20
                 ||||||||||||||
Sbjct  16874843  AGAGAGAGCACAAG  16874856


 Score = 28.2 bits (14),  Expect = 5.0
 Identities = 14/14 (100%), Gaps = 0/14 (0%)
 Strand=Plus/Plus

Query  1          AGAGGTAGAGAGAG  14
                  ||||||||||||||
Sbjct  113411453  AGAGGTAGAGAGAG  113411466


 Score = 28.2 bits (14),  Expect = 5.0
 Identities = 14/14 (100%), Gaps = 0/14 (0%)
 Strand=Plus/Plus

Query  6          TAGAGAGAGCACAA  19
                  ||||||||||||||
Sbjct  120850284  TAGAGAGAGCACAA  120850297


 Score = 28.2 bits (14),  Expect = 5.0
 Identities = 14/14 (100%), Gaps = 0/14 (0%)
 Strand=Plus/Plus

Query  1          AGAGGTAGAGAGAG  14
                  ||||||||||||||
Sbjct  141011589  AGAGGTAGAGAGAG  141011602


 Score = 28.2 bits (14),  Expect = 5.0
 Identities = 14/14 (100%), Gaps = 0/14 (0%)
 Strand=Plus/Plus

Query  1          AGAGGTAGAGAGAG  14
                  ||||||||||||||
Sbjct  151252592  AGAGGTAGAGAGAG  151252605


 Score = 28.2 bits (14),  Expect = 5.0
 Identities = 17/18 (94%), Gaps = 0/18 (0%)
 Strand=Plus/Plus

Query  5          GTAGAGAGAGCACAAGAG  22
                  |||||||||| |||||||
Sbjct  207552129  GTAGAGAGAGAACAAGAG  207552146



Lambda      K        H
    1.37    0.711     1.31 

Gapped
Lambda      K        H
    1.37    0.711     1.31 

Effective search space used: 1590367982


  Database: datasets/ncbi_dataset/data/GCA_002878395.2/chr7.fna
    Posted date:  Sep 10, 2021  3:04 PM
  Number of letters in database: 227,195,441
  Number of sequences in database:  1



Matrix: blastn matrix 1 -3
Gap Penalties: Existence: 5, Extension: 2
