BLASTN 2.12.0+


Reference: Stephen F. Altschul, Thomas L. Madden, Alejandro A.
Schaffer, Jinghui Zhang, Zheng Zhang, Webb Miller, and David J.
Lipman (1997), "Gapped BLAST and PSI-BLAST: a new generation of
protein database search programs", Nucleic Acids Res. 25:3389-3402.



Database: datasets/ncbi_dataset/data/GCA_002878395.2/chr1.fna
           1 sequences; 255,602,192 total letters



Query= 
Length=20
                                                                      Score     E
Sequences producing significant alignments:                          (Bits)  Value

CM009386.1 Capsicum annuum cultivar UCD-10X-F1 chromosome 1, whol...  28.2    4.0  


>CM009386.1 Capsicum annuum cultivar UCD-10X-F1 chromosome 1, whole genome 
shotgun sequence
Length=255602192

 Score = 28.2 bits (14),  Expect = 4.0
 Identities = 14/14 (100%), Gaps = 0/14 (0%)
 Strand=Plus/Plus

Query  4         ATCGTTCATGACAC  17
                 ||||||||||||||
Sbjct  93486853  ATCGTTCATGACAC  93486866


 Score = 28.2 bits (14),  Expect = 4.0
 Identities = 14/14 (100%), Gaps = 0/14 (0%)
 Strand=Plus/Plus

Query  4          ATCGTTCATGACAC  17
                  ||||||||||||||
Sbjct  156528742  ATCGTTCATGACAC  156528755



Lambda      K        H
    1.37    0.711     1.31 

Gapped
Lambda      K        H
    1.37    0.711     1.31 

Effective search space used: 1278010885


  Database: datasets/ncbi_dataset/data/GCA_002878395.2/chr1.fna
    Posted date:  Sep 10, 2021  3:04 PM
  Number of letters in database: 255,602,192
  Number of sequences in database:  1



Matrix: blastn matrix 1 -3
Gap Penalties: Existence: 5, Extension: 2
