BLASTN 2.12.0+


Reference: Stephen F. Altschul, Thomas L. Madden, Alejandro A.
Schaffer, Jinghui Zhang, Zheng Zhang, Webb Miller, and David J.
Lipman (1997), "Gapped BLAST and PSI-BLAST: a new generation of
protein database search programs", Nucleic Acids Res. 25:3389-3402.



Database: datasets/ncbi_dataset/data/GCA_002878395.2/chr2.fna
           1 sequences; 154,330,250 total letters



Query= 
Length=22
                                                                      Score     E
Sequences producing significant alignments:                          (Bits)  Value

CM009387.1 Capsicum annuum cultivar UCD-10X-F1 chromosome 2, whol...  44.1    6e-05


>CM009387.1 Capsicum annuum cultivar UCD-10X-F1 chromosome 2, whole genome 
shotgun sequence
Length=154330250

 Score = 44.1 bits (22),  Expect = 6e-05
 Identities = 22/22 (100%), Gaps = 0/22 (0%)
 Strand=Plus/Minus

Query  1          GGGAAGGGAAGAGAACCATAAA  22
                  ||||||||||||||||||||||
Sbjct  128592184  GGGAAGGGAAGAGAACCATAAA  128592163


 Score = 32.2 bits (16),  Expect = 0.22
 Identities = 16/16 (100%), Gaps = 0/16 (0%)
 Strand=Plus/Minus

Query  4         AAGGGAAGAGAACCAT  19
                 ||||||||||||||||
Sbjct  46389397  AAGGGAAGAGAACCAT  46389382


 Score = 32.2 bits (16),  Expect = 0.22
 Identities = 16/16 (100%), Gaps = 0/16 (0%)
 Strand=Plus/Minus

Query  3         GAAGGGAAGAGAACCA  18
                 ||||||||||||||||
Sbjct  47527759  GAAGGGAAGAGAACCA  47527744


 Score = 30.2 bits (15),  Expect = 0.86
 Identities = 15/15 (100%), Gaps = 0/15 (0%)
 Strand=Plus/Plus

Query  5         AGGGAAGAGAACCAT  19
                 |||||||||||||||
Sbjct  47906310  AGGGAAGAGAACCAT  47906324


 Score = 30.2 bits (15),  Expect = 0.86
 Identities = 15/15 (100%), Gaps = 0/15 (0%)
 Strand=Plus/Plus

Query  8         GAAGAGAACCATAAA  22
                 |||||||||||||||
Sbjct  64870164  GAAGAGAACCATAAA  64870178


 Score = 30.2 bits (15),  Expect = 0.86
 Identities = 15/15 (100%), Gaps = 0/15 (0%)
 Strand=Plus/Minus

Query  1         GGGAAGGGAAGAGAA  15
                 |||||||||||||||
Sbjct  95430089  GGGAAGGGAAGAGAA  95430075


 Score = 30.2 bits (15),  Expect = 0.86
 Identities = 18/19 (95%), Gaps = 0/19 (0%)
 Strand=Plus/Plus

Query  1          GGGAAGGGAAGAGAACCAT  19
                  ||||| |||||||||||||
Sbjct  106376298  GGGAATGGAAGAGAACCAT  106376316


 Score = 30.2 bits (15),  Expect = 0.86
 Identities = 15/15 (100%), Gaps = 0/15 (0%)
 Strand=Plus/Plus

Query  5          AGGGAAGAGAACCAT  19
                  |||||||||||||||
Sbjct  112641471  AGGGAAGAGAACCAT  112641485


 Score = 30.2 bits (15),  Expect = 0.86
 Identities = 15/15 (100%), Gaps = 0/15 (0%)
 Strand=Plus/Plus

Query  8          GAAGAGAACCATAAA  22
                  |||||||||||||||
Sbjct  123834369  GAAGAGAACCATAAA  123834383


 Score = 30.2 bits (15),  Expect = 0.86
 Identities = 15/15 (100%), Gaps = 0/15 (0%)
 Strand=Plus/Minus

Query  8          GAAGAGAACCATAAA  22
                  |||||||||||||||
Sbjct  127800760  GAAGAGAACCATAAA  127800746


 Score = 30.2 bits (15),  Expect = 0.86
 Identities = 15/15 (100%), Gaps = 0/15 (0%)
 Strand=Plus/Minus

Query  1          GGGAAGGGAAGAGAA  15
                  |||||||||||||||
Sbjct  132744784  GGGAAGGGAAGAGAA  132744770


 Score = 30.2 bits (15),  Expect = 0.86
 Identities = 15/15 (100%), Gaps = 0/15 (0%)
 Strand=Plus/Plus

Query  1          GGGAAGGGAAGAGAA  15
                  |||||||||||||||
Sbjct  140768245  GGGAAGGGAAGAGAA  140768259


 Score = 28.2 bits (14),  Expect = 3.4
 Identities = 14/14 (100%), Gaps = 0/14 (0%)
 Strand=Plus/Plus

Query  9        AAGAGAACCATAAA  22
                ||||||||||||||
Sbjct  3823512  AAGAGAACCATAAA  3823525


 Score = 28.2 bits (14),  Expect = 3.4
 Identities = 14/14 (100%), Gaps = 0/14 (0%)
 Strand=Plus/Minus

Query  5        AGGGAAGAGAACCA  18
                ||||||||||||||
Sbjct  4428056  AGGGAAGAGAACCA  4428043


 Score = 28.2 bits (14),  Expect = 3.4
 Identities = 14/14 (100%), Gaps = 0/14 (0%)
 Strand=Plus/Minus

Query  9         AAGAGAACCATAAA  22
                 ||||||||||||||
Sbjct  12747008  AAGAGAACCATAAA  12746995


 Score = 28.2 bits (14),  Expect = 3.4
 Identities = 14/14 (100%), Gaps = 0/14 (0%)
 Strand=Plus/Plus

Query  4         AAGGGAAGAGAACC  17
                 ||||||||||||||
Sbjct  29255434  AAGGGAAGAGAACC  29255447


 Score = 28.2 bits (14),  Expect = 3.4
 Identities = 14/14 (100%), Gaps = 0/14 (0%)
 Strand=Plus/Plus

Query  9         AAGAGAACCATAAA  22
                 ||||||||||||||
Sbjct  53501658  AAGAGAACCATAAA  53501671


 Score = 28.2 bits (14),  Expect = 3.4
 Identities = 14/14 (100%), Gaps = 0/14 (0%)
 Strand=Plus/Minus

Query  3         GAAGGGAAGAGAAC  16
                 ||||||||||||||
Sbjct  66041514  GAAGGGAAGAGAAC  66041501


 Score = 28.2 bits (14),  Expect = 3.4
 Identities = 14/14 (100%), Gaps = 0/14 (0%)
 Strand=Plus/Minus

Query  1         GGGAAGGGAAGAGA  14
                 ||||||||||||||
Sbjct  75075178  GGGAAGGGAAGAGA  75075165


 Score = 28.2 bits (14),  Expect = 3.4
 Identities = 14/14 (100%), Gaps = 0/14 (0%)
 Strand=Plus/Plus

Query  1         GGGAAGGGAAGAGA  14
                 ||||||||||||||
Sbjct  86050607  GGGAAGGGAAGAGA  86050620


 Score = 28.2 bits (14),  Expect = 3.4
 Identities = 14/14 (100%), Gaps = 0/14 (0%)
 Strand=Plus/Minus

Query  9          AAGAGAACCATAAA  22
                  ||||||||||||||
Sbjct  113200941  AAGAGAACCATAAA  113200928


 Score = 28.2 bits (14),  Expect = 3.4
 Identities = 14/14 (100%), Gaps = 0/14 (0%)
 Strand=Plus/Plus

Query  1          GGGAAGGGAAGAGA  14
                  ||||||||||||||
Sbjct  123529794  GGGAAGGGAAGAGA  123529807


 Score = 28.2 bits (14),  Expect = 3.4
 Identities = 14/14 (100%), Gaps = 0/14 (0%)
 Strand=Plus/Minus

Query  9          AAGAGAACCATAAA  22
                  ||||||||||||||
Sbjct  136728678  AAGAGAACCATAAA  136728665


 Score = 28.2 bits (14),  Expect = 3.4
 Identities = 17/18 (94%), Gaps = 0/18 (0%)
 Strand=Plus/Plus

Query  5          AGGGAAGAGAACCATAAA  22
                  ||||||||||| ||||||
Sbjct  138620419  AGGGAAGAGAAGCATAAA  138620436


 Score = 28.2 bits (14),  Expect = 3.4
 Identities = 14/14 (100%), Gaps = 0/14 (0%)
 Strand=Plus/Plus

Query  2          GGAAGGGAAGAGAA  15
                  ||||||||||||||
Sbjct  142233101  GGAAGGGAAGAGAA  142233114



Lambda      K        H
    1.37    0.711     1.31 

Gapped
Lambda      K        H
    1.37    0.711     1.31 

Effective search space used: 1080311645


  Database: datasets/ncbi_dataset/data/GCA_002878395.2/chr2.fna
    Posted date:  Sep 10, 2021  3:04 PM
  Number of letters in database: 154,330,250
  Number of sequences in database:  1



Matrix: blastn matrix 1 -3
Gap Penalties: Existence: 5, Extension: 2
