BLASTN 2.12.0+


Reference: Stephen F. Altschul, Thomas L. Madden, Alejandro A.
Schaffer, Jinghui Zhang, Zheng Zhang, Webb Miller, and David J.
Lipman (1997), "Gapped BLAST and PSI-BLAST: a new generation of
protein database search programs", Nucleic Acids Res. 25:3389-3402.



Database: datasets/ncbi_dataset/data/GCA_002878395.2/chr3.fna
           1 sequences; 270,589,393 total letters



Query= 
Length=21
                                                                      Score     E
Sequences producing significant alignments:                          (Bits)  Value

CM009388.1 Capsicum annuum cultivar UCD-10X-F1 chromosome 3, whol...  42.1    3e-04


>CM009388.1 Capsicum annuum cultivar UCD-10X-F1 chromosome 3, whole genome 
shotgun sequence
Length=270589393

 Score = 42.1 bits (21),  Expect = 3e-04
 Identities = 21/21 (100%), Gaps = 0/21 (0%)
 Strand=Plus/Plus

Query  1         AGTGGAAGAACTTGGCATAGG  21
                 |||||||||||||||||||||
Sbjct  16102509  AGTGGAAGAACTTGGCATAGG  16102529


 Score = 30.2 bits (15),  Expect = 1.3
 Identities = 15/15 (100%), Gaps = 0/15 (0%)
 Strand=Plus/Plus

Query  5         GAAGAACTTGGCATA  19
                 |||||||||||||||
Sbjct  75001984  GAAGAACTTGGCATA  75001998


 Score = 30.2 bits (15),  Expect = 1.3
 Identities = 15/15 (100%), Gaps = 0/15 (0%)
 Strand=Plus/Plus

Query  5         GAAGAACTTGGCATA  19
                 |||||||||||||||
Sbjct  80816381  GAAGAACTTGGCATA  80816395


 Score = 30.2 bits (15),  Expect = 1.3
 Identities = 15/15 (100%), Gaps = 0/15 (0%)
 Strand=Plus/Plus

Query  5          GAAGAACTTGGCATA  19
                  |||||||||||||||
Sbjct  258871349  GAAGAACTTGGCATA  258871363


 Score = 30.2 bits (15),  Expect = 1.3
 Identities = 15/15 (100%), Gaps = 0/15 (0%)
 Strand=Plus/Minus

Query  5          GAAGAACTTGGCATA  19
                  |||||||||||||||
Sbjct  112976234  GAAGAACTTGGCATA  112976220


 Score = 30.2 bits (15),  Expect = 1.3
 Identities = 15/15 (100%), Gaps = 0/15 (0%)
 Strand=Plus/Minus

Query  3          TGGAAGAACTTGGCA  17
                  |||||||||||||||
Sbjct  116841242  TGGAAGAACTTGGCA  116841228


 Score = 30.2 bits (15),  Expect = 1.3
 Identities = 15/15 (100%), Gaps = 0/15 (0%)
 Strand=Plus/Minus

Query  5          GAAGAACTTGGCATA  19
                  |||||||||||||||
Sbjct  134628373  GAAGAACTTGGCATA  134628359


 Score = 30.2 bits (15),  Expect = 1.3
 Identities = 15/15 (100%), Gaps = 0/15 (0%)
 Strand=Plus/Minus

Query  5          GAAGAACTTGGCATA  19
                  |||||||||||||||
Sbjct  179135038  GAAGAACTTGGCATA  179135024


 Score = 28.2 bits (14),  Expect = 5.1
 Identities = 14/14 (100%), Gaps = 0/14 (0%)
 Strand=Plus/Plus

Query  1         AGTGGAAGAACTTG  14
                 ||||||||||||||
Sbjct  27032632  AGTGGAAGAACTTG  27032645


 Score = 28.2 bits (14),  Expect = 5.1
 Identities = 14/14 (100%), Gaps = 0/14 (0%)
 Strand=Plus/Plus

Query  6         AAGAACTTGGCATA  19
                 ||||||||||||||
Sbjct  50948115  AAGAACTTGGCATA  50948128


 Score = 28.2 bits (14),  Expect = 5.1
 Identities = 14/14 (100%), Gaps = 0/14 (0%)
 Strand=Plus/Plus

Query  7         AGAACTTGGCATAG  20
                 ||||||||||||||
Sbjct  74257255  AGAACTTGGCATAG  74257268


 Score = 28.2 bits (14),  Expect = 5.1
 Identities = 14/14 (100%), Gaps = 0/14 (0%)
 Strand=Plus/Plus

Query  1         AGTGGAAGAACTTG  14
                 ||||||||||||||
Sbjct  95062133  AGTGGAAGAACTTG  95062146


 Score = 28.2 bits (14),  Expect = 5.1
 Identities = 14/14 (100%), Gaps = 0/14 (0%)
 Strand=Plus/Plus

Query  1          AGTGGAAGAACTTG  14
                  ||||||||||||||
Sbjct  107488146  AGTGGAAGAACTTG  107488159


 Score = 28.2 bits (14),  Expect = 5.1
 Identities = 14/14 (100%), Gaps = 0/14 (0%)
 Strand=Plus/Plus

Query  1          AGTGGAAGAACTTG  14
                  ||||||||||||||
Sbjct  120493391  AGTGGAAGAACTTG  120493404


 Score = 28.2 bits (14),  Expect = 5.1
 Identities = 14/14 (100%), Gaps = 0/14 (0%)
 Strand=Plus/Plus

Query  7          AGAACTTGGCATAG  20
                  ||||||||||||||
Sbjct  123350059  AGAACTTGGCATAG  123350072


 Score = 28.2 bits (14),  Expect = 5.1
 Identities = 14/14 (100%), Gaps = 0/14 (0%)
 Strand=Plus/Plus

Query  6          AAGAACTTGGCATA  19
                  ||||||||||||||
Sbjct  141180798  AAGAACTTGGCATA  141180811


 Score = 28.2 bits (14),  Expect = 5.1
 Identities = 14/14 (100%), Gaps = 0/14 (0%)
 Strand=Plus/Plus

Query  2          GTGGAAGAACTTGG  15
                  ||||||||||||||
Sbjct  147676222  GTGGAAGAACTTGG  147676235


 Score = 28.2 bits (14),  Expect = 5.1
 Identities = 14/14 (100%), Gaps = 0/14 (0%)
 Strand=Plus/Plus

Query  6          AAGAACTTGGCATA  19
                  ||||||||||||||
Sbjct  147886476  AAGAACTTGGCATA  147886489


 Score = 28.2 bits (14),  Expect = 5.1
 Identities = 14/14 (100%), Gaps = 0/14 (0%)
 Strand=Plus/Plus

Query  6          AAGAACTTGGCATA  19
                  ||||||||||||||
Sbjct  151010083  AAGAACTTGGCATA  151010096


 Score = 28.2 bits (14),  Expect = 5.1
 Identities = 14/14 (100%), Gaps = 0/14 (0%)
 Strand=Plus/Plus

Query  6          AAGAACTTGGCATA  19
                  ||||||||||||||
Sbjct  182385457  AAGAACTTGGCATA  182385470


 Score = 28.2 bits (14),  Expect = 5.1
 Identities = 14/14 (100%), Gaps = 0/14 (0%)
 Strand=Plus/Plus

Query  7          AGAACTTGGCATAG  20
                  ||||||||||||||
Sbjct  211336341  AGAACTTGGCATAG  211336354


 Score = 28.2 bits (14),  Expect = 5.1
 Identities = 14/14 (100%), Gaps = 0/14 (0%)
 Strand=Plus/Plus

Query  1          AGTGGAAGAACTTG  14
                  ||||||||||||||
Sbjct  245093920  AGTGGAAGAACTTG  245093933


 Score = 28.2 bits (14),  Expect = 5.1
 Identities = 14/14 (100%), Gaps = 0/14 (0%)
 Strand=Plus/Plus

Query  1          AGTGGAAGAACTTG  14
                  ||||||||||||||
Sbjct  245163830  AGTGGAAGAACTTG  245163843


 Score = 28.2 bits (14),  Expect = 5.1
 Identities = 14/14 (100%), Gaps = 0/14 (0%)
 Strand=Plus/Plus

Query  1          AGTGGAAGAACTTG  14
                  ||||||||||||||
Sbjct  245185141  AGTGGAAGAACTTG  245185154


 Score = 28.2 bits (14),  Expect = 5.1
 Identities = 14/14 (100%), Gaps = 0/14 (0%)
 Strand=Plus/Plus

Query  4          GGAAGAACTTGGCA  17
                  ||||||||||||||
Sbjct  258329606  GGAAGAACTTGGCA  258329619


 Score = 28.2 bits (14),  Expect = 5.1
 Identities = 14/14 (100%), Gaps = 0/14 (0%)
 Strand=Plus/Minus

Query  3         TGGAAGAACTTGGC  16
                 ||||||||||||||
Sbjct  12174526  TGGAAGAACTTGGC  12174513


 Score = 28.2 bits (14),  Expect = 5.1
 Identities = 14/14 (100%), Gaps = 0/14 (0%)
 Strand=Plus/Minus

Query  1         AGTGGAAGAACTTG  14
                 ||||||||||||||
Sbjct  23066469  AGTGGAAGAACTTG  23066456


 Score = 28.2 bits (14),  Expect = 5.1
 Identities = 14/14 (100%), Gaps = 0/14 (0%)
 Strand=Plus/Minus

Query  6         AAGAACTTGGCATA  19
                 ||||||||||||||
Sbjct  49837815  AAGAACTTGGCATA  49837802


 Score = 28.2 bits (14),  Expect = 5.1
 Identities = 14/14 (100%), Gaps = 0/14 (0%)
 Strand=Plus/Minus

Query  6         AAGAACTTGGCATA  19
                 ||||||||||||||
Sbjct  59469553  AAGAACTTGGCATA  59469540


 Score = 28.2 bits (14),  Expect = 5.1
 Identities = 14/14 (100%), Gaps = 0/14 (0%)
 Strand=Plus/Minus

Query  1         AGTGGAAGAACTTG  14
                 ||||||||||||||
Sbjct  72318442  AGTGGAAGAACTTG  72318429


 Score = 28.2 bits (14),  Expect = 5.1
 Identities = 14/14 (100%), Gaps = 0/14 (0%)
 Strand=Plus/Minus

Query  7         AGAACTTGGCATAG  20
                 ||||||||||||||
Sbjct  74236800  AGAACTTGGCATAG  74236787


 Score = 28.2 bits (14),  Expect = 5.1
 Identities = 14/14 (100%), Gaps = 0/14 (0%)
 Strand=Plus/Minus

Query  7         AGAACTTGGCATAG  20
                 ||||||||||||||
Sbjct  76647140  AGAACTTGGCATAG  76647127


 Score = 28.2 bits (14),  Expect = 5.1
 Identities = 14/14 (100%), Gaps = 0/14 (0%)
 Strand=Plus/Minus

Query  4         GGAAGAACTTGGCA  17
                 ||||||||||||||
Sbjct  98119202  GGAAGAACTTGGCA  98119189


 Score = 28.2 bits (14),  Expect = 5.1
 Identities = 14/14 (100%), Gaps = 0/14 (0%)
 Strand=Plus/Minus

Query  7          AGAACTTGGCATAG  20
                  ||||||||||||||
Sbjct  104185282  AGAACTTGGCATAG  104185269


 Score = 28.2 bits (14),  Expect = 5.1
 Identities = 14/14 (100%), Gaps = 0/14 (0%)
 Strand=Plus/Minus

Query  1          AGTGGAAGAACTTG  14
                  ||||||||||||||
Sbjct  119031788  AGTGGAAGAACTTG  119031775


 Score = 28.2 bits (14),  Expect = 5.1
 Identities = 14/14 (100%), Gaps = 0/14 (0%)
 Strand=Plus/Minus

Query  3          TGGAAGAACTTGGC  16
                  ||||||||||||||
Sbjct  141388763  TGGAAGAACTTGGC  141388750


 Score = 28.2 bits (14),  Expect = 5.1
 Identities = 14/14 (100%), Gaps = 0/14 (0%)
 Strand=Plus/Minus

Query  5          GAAGAACTTGGCAT  18
                  ||||||||||||||
Sbjct  154272930  GAAGAACTTGGCAT  154272917


 Score = 28.2 bits (14),  Expect = 5.1
 Identities = 14/14 (100%), Gaps = 0/14 (0%)
 Strand=Plus/Minus

Query  6          AAGAACTTGGCATA  19
                  ||||||||||||||
Sbjct  163045415  AAGAACTTGGCATA  163045402


 Score = 28.2 bits (14),  Expect = 5.1
 Identities = 14/14 (100%), Gaps = 0/14 (0%)
 Strand=Plus/Minus

Query  7          AGAACTTGGCATAG  20
                  ||||||||||||||
Sbjct  171468717  AGAACTTGGCATAG  171468704


 Score = 28.2 bits (14),  Expect = 5.1
 Identities = 14/14 (100%), Gaps = 0/14 (0%)
 Strand=Plus/Minus

Query  5          GAAGAACTTGGCAT  18
                  ||||||||||||||
Sbjct  179494154  GAAGAACTTGGCAT  179494141


 Score = 28.2 bits (14),  Expect = 5.1
 Identities = 14/14 (100%), Gaps = 0/14 (0%)
 Strand=Plus/Minus

Query  7          AGAACTTGGCATAG  20
                  ||||||||||||||
Sbjct  205265559  AGAACTTGGCATAG  205265546


 Score = 28.2 bits (14),  Expect = 5.1
 Identities = 14/14 (100%), Gaps = 0/14 (0%)
 Strand=Plus/Minus

Query  2          GTGGAAGAACTTGG  15
                  ||||||||||||||
Sbjct  215727382  GTGGAAGAACTTGG  215727369


 Score = 28.2 bits (14),  Expect = 5.1
 Identities = 14/14 (100%), Gaps = 0/14 (0%)
 Strand=Plus/Minus

Query  6          AAGAACTTGGCATA  19
                  ||||||||||||||
Sbjct  218394311  AAGAACTTGGCATA  218394298


 Score = 28.2 bits (14),  Expect = 5.1
 Identities = 14/14 (100%), Gaps = 0/14 (0%)
 Strand=Plus/Minus

Query  6          AAGAACTTGGCATA  19
                  ||||||||||||||
Sbjct  221639203  AAGAACTTGGCATA  221639190


 Score = 28.2 bits (14),  Expect = 5.1
 Identities = 14/14 (100%), Gaps = 0/14 (0%)
 Strand=Plus/Minus

Query  6          AAGAACTTGGCATA  19
                  ||||||||||||||
Sbjct  242320948  AAGAACTTGGCATA  242320935


 Score = 28.2 bits (14),  Expect = 5.1
 Identities = 14/14 (100%), Gaps = 0/14 (0%)
 Strand=Plus/Minus

Query  1          AGTGGAAGAACTTG  14
                  ||||||||||||||
Sbjct  248456851  AGTGGAAGAACTTG  248456838


 Score = 28.2 bits (14),  Expect = 5.1
 Identities = 14/14 (100%), Gaps = 0/14 (0%)
 Strand=Plus/Minus

Query  1          AGTGGAAGAACTTG  14
                  ||||||||||||||
Sbjct  257030721  AGTGGAAGAACTTG  257030708


 Score = 28.2 bits (14),  Expect = 5.1
 Identities = 14/14 (100%), Gaps = 0/14 (0%)
 Strand=Plus/Minus

Query  6          AAGAACTTGGCATA  19
                  ||||||||||||||
Sbjct  261092634  AAGAACTTGGCATA  261092621



Lambda      K        H
    1.37    0.711     1.31 

Gapped
Lambda      K        H
    1.37    0.711     1.31 

Effective search space used: 1623536268


  Database: datasets/ncbi_dataset/data/GCA_002878395.2/chr3.fna
    Posted date:  Sep 10, 2021  3:04 PM
  Number of letters in database: 270,589,393
  Number of sequences in database:  1



Matrix: blastn matrix 1 -3
Gap Penalties: Existence: 5, Extension: 2
