BLASTN 2.12.0+


Reference: Stephen F. Altschul, Thomas L. Madden, Alejandro A.
Schaffer, Jinghui Zhang, Zheng Zhang, Webb Miller, and David J.
Lipman (1997), "Gapped BLAST and PSI-BLAST: a new generation of
protein database search programs", Nucleic Acids Res. 25:3389-3402.



Database: datasets/ncbi_dataset/data/GCA_002878395.2/chr10.fna
           1 sequences; 221,721,387 total letters



Query= 
Length=22
                                                                      Score     E
Sequences producing significant alignments:                          (Bits)  Value

CM009395.1 Capsicum annuum cultivar UCD-10X-F1 chromosome 10, who...  32.2    0.31 


>CM009395.1 Capsicum annuum cultivar UCD-10X-F1 chromosome 10, whole genome 
shotgun sequence
Length=221721387

 Score = 32.2 bits (16),  Expect = 0.31
 Identities = 16/16 (100%), Gaps = 0/16 (0%)
 Strand=Plus/Plus

Query  6         TTAATGCAACTGATGT  21
                 ||||||||||||||||
Sbjct  29545682  TTAATGCAACTGATGT  29545697


 Score = 32.2 bits (16),  Expect = 0.31
 Identities = 19/20 (95%), Gaps = 0/20 (0%)
 Strand=Plus/Plus

Query  3         AGCTTAATGCAACTGATGTC  22
                 ||||||||||||| ||||||
Sbjct  40864823  AGCTTAATGCAACAGATGTC  40864842


 Score = 30.2 bits (15),  Expect = 1.2
 Identities = 15/15 (100%), Gaps = 0/15 (0%)
 Strand=Plus/Plus

Query  6         TTAATGCAACTGATG  20
                 |||||||||||||||
Sbjct  24035445  TTAATGCAACTGATG  24035459


 Score = 30.2 bits (15),  Expect = 1.2
 Identities = 15/15 (100%), Gaps = 0/15 (0%)
 Strand=Plus/Minus

Query  6          TTAATGCAACTGATG  20
                  |||||||||||||||
Sbjct  189705212  TTAATGCAACTGATG  189705198


 Score = 28.2 bits (14),  Expect = 4.9
 Identities = 14/14 (100%), Gaps = 0/14 (0%)
 Strand=Plus/Plus

Query  8        AATGCAACTGATGT  21
                ||||||||||||||
Sbjct  2717707  AATGCAACTGATGT  2717720


 Score = 28.2 bits (14),  Expect = 4.9
 Identities = 14/14 (100%), Gaps = 0/14 (0%)
 Strand=Plus/Minus

Query  5         CTTAATGCAACTGA  18
                 ||||||||||||||
Sbjct  28414011  CTTAATGCAACTGA  28413998


 Score = 28.2 bits (14),  Expect = 4.9
 Identities = 14/14 (100%), Gaps = 0/14 (0%)
 Strand=Plus/Plus

Query  8         AATGCAACTGATGT  21
                 ||||||||||||||
Sbjct  40068786  AATGCAACTGATGT  40068799


 Score = 28.2 bits (14),  Expect = 4.9
 Identities = 14/14 (100%), Gaps = 0/14 (0%)
 Strand=Plus/Minus

Query  8         AATGCAACTGATGT  21
                 ||||||||||||||
Sbjct  45569532  AATGCAACTGATGT  45569519


 Score = 28.2 bits (14),  Expect = 4.9
 Identities = 14/14 (100%), Gaps = 0/14 (0%)
 Strand=Plus/Plus

Query  7          TAATGCAACTGATG  20
                  ||||||||||||||
Sbjct  154930373  TAATGCAACTGATG  154930386


 Score = 28.2 bits (14),  Expect = 4.9
 Identities = 14/14 (100%), Gaps = 0/14 (0%)
 Strand=Plus/Minus

Query  8          AATGCAACTGATGT  21
                  ||||||||||||||
Sbjct  159812725  AATGCAACTGATGT  159812712


 Score = 28.2 bits (14),  Expect = 4.9
 Identities = 14/14 (100%), Gaps = 0/14 (0%)
 Strand=Plus/Plus

Query  7          TAATGCAACTGATG  20
                  ||||||||||||||
Sbjct  180460589  TAATGCAACTGATG  180460602


 Score = 28.2 bits (14),  Expect = 4.9
 Identities = 14/14 (100%), Gaps = 0/14 (0%)
 Strand=Plus/Minus

Query  1          GCAGCTTAATGCAA  14
                  ||||||||||||||
Sbjct  196691645  GCAGCTTAATGCAA  196691632


 Score = 28.2 bits (14),  Expect = 4.9
 Identities = 14/14 (100%), Gaps = 0/14 (0%)
 Strand=Plus/Plus

Query  7          TAATGCAACTGATG  20
                  ||||||||||||||
Sbjct  213279292  TAATGCAACTGATG  213279305


 Score = 28.2 bits (14),  Expect = 4.9
 Identities = 14/14 (100%), Gaps = 0/14 (0%)
 Strand=Plus/Minus

Query  7          TAATGCAACTGATG  20
                  ||||||||||||||
Sbjct  220602950  TAATGCAACTGATG  220602937


 Score = 28.2 bits (14),  Expect = 4.9
 Identities = 14/14 (100%), Gaps = 0/14 (0%)
 Strand=Plus/Plus

Query  5          CTTAATGCAACTGA  18
                  ||||||||||||||
Sbjct  220836981  CTTAATGCAACTGA  220836994



Lambda      K        H
    1.37    0.711     1.31 

Gapped
Lambda      K        H
    1.37    0.711     1.31 

Effective search space used: 1552049604


  Database: datasets/ncbi_dataset/data/GCA_002878395.2/chr10.fna
    Posted date:  Sep 10, 2021  3:04 PM
  Number of letters in database: 221,721,387
  Number of sequences in database:  1



Matrix: blastn matrix 1 -3
Gap Penalties: Existence: 5, Extension: 2
