BLASTN 2.12.0+


Reference: Stephen F. Altschul, Thomas L. Madden, Alejandro A.
Schaffer, Jinghui Zhang, Zheng Zhang, Webb Miller, and David J.
Lipman (1997), "Gapped BLAST and PSI-BLAST: a new generation of
protein database search programs", Nucleic Acids Res. 25:3389-3402.



Database: datasets/ncbi_dataset/data/GCA_002878395.2/chr10.fna
           1 sequences; 221,721,387 total letters



Query= 
Length=23
                                                                      Score     E
Sequences producing significant alignments:                          (Bits)  Value

CM009395.1 Capsicum annuum cultivar UCD-10X-F1 chromosome 10, who...  30.2    1.4  


>CM009395.1 Capsicum annuum cultivar UCD-10X-F1 chromosome 10, whole genome 
shotgun sequence
Length=221721387

 Score = 30.2 bits (15),  Expect = 1.4
 Identities = 15/15 (100%), Gaps = 0/15 (0%)
 Strand=Plus/Minus

Query  8         AGTATCTGAGGCTAA  22
                 |||||||||||||||
Sbjct  50914954  AGTATCTGAGGCTAA  50914940


 Score = 30.2 bits (15),  Expect = 1.4
 Identities = 15/15 (100%), Gaps = 0/15 (0%)
 Strand=Plus/Minus

Query  9          GTATCTGAGGCTAAA  23
                  |||||||||||||||
Sbjct  102214343  GTATCTGAGGCTAAA  102214329


 Score = 28.2 bits (14),  Expect = 5.6
 Identities = 14/14 (100%), Gaps = 0/14 (0%)
 Strand=Plus/Plus

Query  10        TATCTGAGGCTAAA  23
                 ||||||||||||||
Sbjct  49995928  TATCTGAGGCTAAA  49995941


 Score = 28.2 bits (14),  Expect = 5.6
 Identities = 14/14 (100%), Gaps = 0/14 (0%)
 Strand=Plus/Minus

Query  8         AGTATCTGAGGCTA  21
                 ||||||||||||||
Sbjct  81812232  AGTATCTGAGGCTA  81812219


 Score = 28.2 bits (14),  Expect = 5.6
 Identities = 14/14 (100%), Gaps = 0/14 (0%)
 Strand=Plus/Plus

Query  2         ACCACGAGTATCTG  15
                 ||||||||||||||
Sbjct  83201288  ACCACGAGTATCTG  83201301


 Score = 28.2 bits (14),  Expect = 5.6
 Identities = 14/14 (100%), Gaps = 0/14 (0%)
 Strand=Plus/Plus

Query  10         TATCTGAGGCTAAA  23
                  ||||||||||||||
Sbjct  101927189  TATCTGAGGCTAAA  101927202


 Score = 28.2 bits (14),  Expect = 5.6
 Identities = 14/14 (100%), Gaps = 0/14 (0%)
 Strand=Plus/Plus

Query  9          GTATCTGAGGCTAA  22
                  ||||||||||||||
Sbjct  152078255  GTATCTGAGGCTAA  152078268


 Score = 28.2 bits (14),  Expect = 5.6
 Identities = 14/14 (100%), Gaps = 0/14 (0%)
 Strand=Plus/Plus

Query  1          TACCACGAGTATCT  14
                  ||||||||||||||
Sbjct  156865307  TACCACGAGTATCT  156865320


 Score = 28.2 bits (14),  Expect = 5.6
 Identities = 14/14 (100%), Gaps = 0/14 (0%)
 Strand=Plus/Plus

Query  8          AGTATCTGAGGCTA  21
                  ||||||||||||||
Sbjct  176457989  AGTATCTGAGGCTA  176458002


 Score = 28.2 bits (14),  Expect = 5.6
 Identities = 14/14 (100%), Gaps = 0/14 (0%)
 Strand=Plus/Plus

Query  1          TACCACGAGTATCT  14
                  ||||||||||||||
Sbjct  190339162  TACCACGAGTATCT  190339175


 Score = 28.2 bits (14),  Expect = 5.6
 Identities = 14/14 (100%), Gaps = 0/14 (0%)
 Strand=Plus/Minus

Query  10         TATCTGAGGCTAAA  23
                  ||||||||||||||
Sbjct  193482219  TATCTGAGGCTAAA  193482206



Lambda      K        H
    1.37    0.711     1.31 

Gapped
Lambda      K        H
    1.37    0.711     1.31 

Effective search space used: 1773770976


  Database: datasets/ncbi_dataset/data/GCA_002878395.2/chr10.fna
    Posted date:  Sep 10, 2021  3:04 PM
  Number of letters in database: 221,721,387
  Number of sequences in database:  1



Matrix: blastn matrix 1 -3
Gap Penalties: Existence: 5, Extension: 2
