BLASTN 2.12.0+


Reference: Stephen F. Altschul, Thomas L. Madden, Alejandro A.
Schaffer, Jinghui Zhang, Zheng Zhang, Webb Miller, and David J.
Lipman (1997), "Gapped BLAST and PSI-BLAST: a new generation of
protein database search programs", Nucleic Acids Res. 25:3389-3402.



Database: datasets/ncbi_dataset/data/GCA_000950795.1/chr1.fna
           1 sequences; 338,368,434 total letters



Query= 
Length=20
                                                                      Score     E
Sequences producing significant alignments:                          (Bits)  Value

CM003179.1 Capsicum annuum var. glabriusculum chromosome 1, whole...  30.2    1.3  


>CM003179.1 Capsicum annuum var. glabriusculum chromosome 1, whole genome 
shotgun sequence
Length=338368434

 Score = 30.2 bits (15),  Expect = 1.3
 Identities = 15/15 (100%), Gaps = 0/15 (0%)
 Strand=Plus/Minus

Query  6          CGTTCATGACACCTA  20
                  |||||||||||||||
Sbjct  162391190  CGTTCATGACACCTA  162391176


 Score = 28.2 bits (14),  Expect = 5.3
 Identities = 14/14 (100%), Gaps = 0/14 (0%)
 Strand=Plus/Minus

Query  4          ATCGTTCATGACAC  17
                  ||||||||||||||
Sbjct  114799344  ATCGTTCATGACAC  114799331


 Score = 28.2 bits (14),  Expect = 5.3
 Identities = 14/14 (100%), Gaps = 0/14 (0%)
 Strand=Plus/Minus

Query  1          GGCATCGTTCATGA  14
                  ||||||||||||||
Sbjct  120515508  GGCATCGTTCATGA  120515495


 Score = 28.2 bits (14),  Expect = 5.3
 Identities = 14/14 (100%), Gaps = 0/14 (0%)
 Strand=Plus/Plus

Query  4          ATCGTTCATGACAC  17
                  ||||||||||||||
Sbjct  168131381  ATCGTTCATGACAC  168131394


 Score = 28.2 bits (14),  Expect = 5.3
 Identities = 14/14 (100%), Gaps = 0/14 (0%)
 Strand=Plus/Minus

Query  1          GGCATCGTTCATGA  14
                  ||||||||||||||
Sbjct  201632298  GGCATCGTTCATGA  201632285


 Score = 28.2 bits (14),  Expect = 5.3
 Identities = 14/14 (100%), Gaps = 0/14 (0%)
 Strand=Plus/Minus

Query  7          GTTCATGACACCTA  20
                  ||||||||||||||
Sbjct  283843857  GTTCATGACACCTA  283843844



Lambda      K        H
    1.37    0.711     1.31 

Gapped
Lambda      K        H
    1.37    0.711     1.31 

Effective search space used: 1691842095


  Database: datasets/ncbi_dataset/data/GCA_000950795.1/chr1.fna
    Posted date:  Sep 10, 2021  3:02 PM
  Number of letters in database: 338,368,434
  Number of sequences in database:  1



Matrix: blastn matrix 1 -3
Gap Penalties: Existence: 5, Extension: 2
