BLASTN 2.12.0+


Reference: Stephen F. Altschul, Thomas L. Madden, Alejandro A.
Schaffer, Jinghui Zhang, Zheng Zhang, Webb Miller, and David J.
Lipman (1997), "Gapped BLAST and PSI-BLAST: a new generation of
protein database search programs", Nucleic Acids Res. 25:3389-3402.



Database: datasets/ncbi_dataset/data/GCA_000950795.1/chr10.fna
           1 sequences; 202,376,694 total letters



Query= 
Length=22
                                                                      Score     E
Sequences producing significant alignments:                          (Bits)  Value

CM003188.1 Capsicum annuum var. glabriusculum chromosome 10, whol...  44.1    7e-05


>CM003188.1 Capsicum annuum var. glabriusculum chromosome 10, whole genome 
shotgun sequence
Length=202376694

 Score = 44.1 bits (22),  Expect = 7e-05
 Identities = 22/22 (100%), Gaps = 0/22 (0%)
 Strand=Plus/Plus

Query  1         GCAGCTTAATGCAACTGATGTC  22
                 ||||||||||||||||||||||
Sbjct  37494976  GCAGCTTAATGCAACTGATGTC  37494997


 Score = 32.2 bits (16),  Expect = 0.29
 Identities = 16/16 (100%), Gaps = 0/16 (0%)
 Strand=Plus/Minus

Query  6         TTAATGCAACTGATGT  21
                 ||||||||||||||||
Sbjct  25381297  TTAATGCAACTGATGT  25381282


 Score = 30.2 bits (15),  Expect = 1.1
 Identities = 15/15 (100%), Gaps = 0/15 (0%)
 Strand=Plus/Minus

Query  6         TTAATGCAACTGATG  20
                 |||||||||||||||
Sbjct  21969780  TTAATGCAACTGATG  21969766


 Score = 30.2 bits (15),  Expect = 1.1
 Identities = 15/15 (100%), Gaps = 0/15 (0%)
 Strand=Plus/Plus

Query  7         TAATGCAACTGATGT  21
                 |||||||||||||||
Sbjct  25565110  TAATGCAACTGATGT  25565124


 Score = 28.2 bits (14),  Expect = 4.5
 Identities = 14/14 (100%), Gaps = 0/14 (0%)
 Strand=Plus/Plus

Query  8        AATGCAACTGATGT  21
                ||||||||||||||
Sbjct  1673671  AATGCAACTGATGT  1673684


 Score = 28.2 bits (14),  Expect = 4.5
 Identities = 14/14 (100%), Gaps = 0/14 (0%)
 Strand=Plus/Plus

Query  8        AATGCAACTGATGT  21
                ||||||||||||||
Sbjct  7017286  AATGCAACTGATGT  7017299


 Score = 28.2 bits (14),  Expect = 4.5
 Identities = 14/14 (100%), Gaps = 0/14 (0%)
 Strand=Plus/Minus

Query  5         CTTAATGCAACTGA  18
                 ||||||||||||||
Sbjct  23887393  CTTAATGCAACTGA  23887380


 Score = 28.2 bits (14),  Expect = 4.5
 Identities = 14/14 (100%), Gaps = 0/14 (0%)
 Strand=Plus/Minus

Query  8         AATGCAACTGATGT  21
                 ||||||||||||||
Sbjct  98191536  AATGCAACTGATGT  98191523


 Score = 28.2 bits (14),  Expect = 4.5
 Identities = 14/14 (100%), Gaps = 0/14 (0%)
 Strand=Plus/Plus

Query  8          AATGCAACTGATGT  21
                  ||||||||||||||
Sbjct  122332433  AATGCAACTGATGT  122332446


 Score = 28.2 bits (14),  Expect = 4.5
 Identities = 14/14 (100%), Gaps = 0/14 (0%)
 Strand=Plus/Plus

Query  8          AATGCAACTGATGT  21
                  ||||||||||||||
Sbjct  137201333  AATGCAACTGATGT  137201346


 Score = 28.2 bits (14),  Expect = 4.5
 Identities = 14/14 (100%), Gaps = 0/14 (0%)
 Strand=Plus/Plus

Query  5          CTTAATGCAACTGA  18
                  ||||||||||||||
Sbjct  154858539  CTTAATGCAACTGA  154858552


 Score = 28.2 bits (14),  Expect = 4.5
 Identities = 14/14 (100%), Gaps = 0/14 (0%)
 Strand=Plus/Plus

Query  1          GCAGCTTAATGCAA  14
                  ||||||||||||||
Sbjct  176562966  GCAGCTTAATGCAA  176562979


 Score = 28.2 bits (14),  Expect = 4.5
 Identities = 14/14 (100%), Gaps = 0/14 (0%)
 Strand=Plus/Minus

Query  9          ATGCAACTGATGTC  22
                  ||||||||||||||
Sbjct  179763798  ATGCAACTGATGTC  179763785


 Score = 28.2 bits (14),  Expect = 4.5
 Identities = 14/14 (100%), Gaps = 0/14 (0%)
 Strand=Plus/Minus

Query  7          TAATGCAACTGATG  20
                  ||||||||||||||
Sbjct  200935692  TAATGCAACTGATG  200935679


 Score = 28.2 bits (14),  Expect = 4.5
 Identities = 14/14 (100%), Gaps = 0/14 (0%)
 Strand=Plus/Plus

Query  5          CTTAATGCAACTGA  18
                  ||||||||||||||
Sbjct  201168082  CTTAATGCAACTGA  201168095



Lambda      K        H
    1.37    0.711     1.31 

Gapped
Lambda      K        H
    1.37    0.711     1.31 

Effective search space used: 1416636753


  Database: datasets/ncbi_dataset/data/GCA_000950795.1/chr10.fna
    Posted date:  Sep 10, 2021  3:02 PM
  Number of letters in database: 202,376,694
  Number of sequences in database:  1



Matrix: blastn matrix 1 -3
Gap Penalties: Existence: 5, Extension: 2
