BLASTN 2.12.0+


Reference: Stephen F. Altschul, Thomas L. Madden, Alejandro A.
Schaffer, Jinghui Zhang, Zheng Zhang, Webb Miller, and David J.
Lipman (1997), "Gapped BLAST and PSI-BLAST: a new generation of
protein database search programs", Nucleic Acids Res. 25:3389-3402.



Database: datasets/ncbi_dataset/data/GCA_000950795.1/chr2.fna
           1 sequences; 163,031,078 total letters



Query= 
Length=22
                                                                      Score     E
Sequences producing significant alignments:                          (Bits)  Value

CM003180.1 Capsicum annuum var. glabriusculum chromosome 2, whole...  44.1    6e-05


>CM003180.1 Capsicum annuum var. glabriusculum chromosome 2, whole genome 
shotgun sequence
Length=163031078

 Score = 44.1 bits (22),  Expect = 6e-05
 Identities = 22/22 (100%), Gaps = 0/22 (0%)
 Strand=Plus/Minus

Query  1          GGGAAGGGAAGAGAACCATAAA  22
                  ||||||||||||||||||||||
Sbjct  132044443  GGGAAGGGAAGAGAACCATAAA  132044422


 Score = 30.2 bits (15),  Expect = 0.91
 Identities = 15/15 (100%), Gaps = 0/15 (0%)
 Strand=Plus/Plus

Query  7        GGAAGAGAACCATAA  21
                |||||||||||||||
Sbjct  3735285  GGAAGAGAACCATAA  3735299


 Score = 30.2 bits (15),  Expect = 0.91
 Identities = 15/15 (100%), Gaps = 0/15 (0%)
 Strand=Plus/Minus

Query  5         AGGGAAGAGAACCAT  19
                 |||||||||||||||
Sbjct  22388670  AGGGAAGAGAACCAT  22388656


 Score = 30.2 bits (15),  Expect = 0.91
 Identities = 15/15 (100%), Gaps = 0/15 (0%)
 Strand=Plus/Minus

Query  1         GGGAAGGGAAGAGAA  15
                 |||||||||||||||
Sbjct  90964903  GGGAAGGGAAGAGAA  90964889


 Score = 30.2 bits (15),  Expect = 0.91
 Identities = 18/19 (95%), Gaps = 0/19 (0%)
 Strand=Plus/Plus

Query  1          GGGAAGGGAAGAGAACCAT  19
                  ||||| |||||||||||||
Sbjct  107503655  GGGAATGGAAGAGAACCAT  107503673


 Score = 30.2 bits (15),  Expect = 0.91
 Identities = 15/15 (100%), Gaps = 0/15 (0%)
 Strand=Plus/Plus

Query  5          AGGGAAGAGAACCAT  19
                  |||||||||||||||
Sbjct  113398491  AGGGAAGAGAACCAT  113398505


 Score = 30.2 bits (15),  Expect = 0.91
 Identities = 15/15 (100%), Gaps = 0/15 (0%)
 Strand=Plus/Plus

Query  5          AGGGAAGAGAACCAT  19
                  |||||||||||||||
Sbjct  123631713  AGGGAAGAGAACCAT  123631727


 Score = 30.2 bits (15),  Expect = 0.91
 Identities = 15/15 (100%), Gaps = 0/15 (0%)
 Strand=Plus/Minus

Query  8          GAAGAGAACCATAAA  22
                  |||||||||||||||
Sbjct  126266104  GAAGAGAACCATAAA  126266090


 Score = 30.2 bits (15),  Expect = 0.91
 Identities = 15/15 (100%), Gaps = 0/15 (0%)
 Strand=Plus/Plus

Query  5          AGGGAAGAGAACCAT  19
                  |||||||||||||||
Sbjct  143342016  AGGGAAGAGAACCAT  143342030


 Score = 30.2 bits (15),  Expect = 0.91
 Identities = 15/15 (100%), Gaps = 0/15 (0%)
 Strand=Plus/Plus

Query  1          GGGAAGGGAAGAGAA  15
                  |||||||||||||||
Sbjct  147369021  GGGAAGGGAAGAGAA  147369035


 Score = 28.2 bits (14),  Expect = 3.6
 Identities = 14/14 (100%), Gaps = 0/14 (0%)
 Strand=Plus/Minus

Query  3        GAAGGGAAGAGAAC  16
                ||||||||||||||
Sbjct  4675165  GAAGGGAAGAGAAC  4675152


 Score = 28.2 bits (14),  Expect = 3.6
 Identities = 14/14 (100%), Gaps = 0/14 (0%)
 Strand=Plus/Minus

Query  2        GGAAGGGAAGAGAA  15
                ||||||||||||||
Sbjct  9192458  GGAAGGGAAGAGAA  9192445


 Score = 28.2 bits (14),  Expect = 3.6
 Identities = 14/14 (100%), Gaps = 0/14 (0%)
 Strand=Plus/Minus

Query  4         AAGGGAAGAGAACC  17
                 ||||||||||||||
Sbjct  33590271  AAGGGAAGAGAACC  33590258


 Score = 28.2 bits (14),  Expect = 3.6
 Identities = 14/14 (100%), Gaps = 0/14 (0%)
 Strand=Plus/Plus

Query  9         AAGAGAACCATAAA  22
                 ||||||||||||||
Sbjct  49579891  AAGAGAACCATAAA  49579904


 Score = 28.2 bits (14),  Expect = 3.6
 Identities = 14/14 (100%), Gaps = 0/14 (0%)
 Strand=Plus/Minus

Query  4         AAGGGAAGAGAACC  17
                 ||||||||||||||
Sbjct  49999214  AAGGGAAGAGAACC  49999201


 Score = 28.2 bits (14),  Expect = 3.6
 Identities = 14/14 (100%), Gaps = 0/14 (0%)
 Strand=Plus/Minus

Query  1         GGGAAGGGAAGAGA  14
                 ||||||||||||||
Sbjct  55398813  GGGAAGGGAAGAGA  55398800


 Score = 28.2 bits (14),  Expect = 3.6
 Identities = 14/14 (100%), Gaps = 0/14 (0%)
 Strand=Plus/Plus

Query  1         GGGAAGGGAAGAGA  14
                 ||||||||||||||
Sbjct  79516226  GGGAAGGGAAGAGA  79516239


 Score = 28.2 bits (14),  Expect = 3.6
 Identities = 14/14 (100%), Gaps = 0/14 (0%)
 Strand=Plus/Minus

Query  9          AAGAGAACCATAAA  22
                  ||||||||||||||
Sbjct  113943410  AAGAGAACCATAAA  113943397


 Score = 28.2 bits (14),  Expect = 3.6
 Identities = 14/14 (100%), Gaps = 0/14 (0%)
 Strand=Plus/Plus

Query  5          AGGGAAGAGAACCA  18
                  ||||||||||||||
Sbjct  123640339  AGGGAAGAGAACCA  123640352


 Score = 28.2 bits (14),  Expect = 3.6
 Identities = 14/14 (100%), Gaps = 0/14 (0%)
 Strand=Plus/Plus

Query  3          GAAGGGAAGAGAAC  16
                  ||||||||||||||
Sbjct  124117175  GAAGGGAAGAGAAC  124117188


 Score = 28.2 bits (14),  Expect = 3.6
 Identities = 14/14 (100%), Gaps = 0/14 (0%)
 Strand=Plus/Minus

Query  1          GGGAAGGGAAGAGA  14
                  ||||||||||||||
Sbjct  126583020  GGGAAGGGAAGAGA  126583007


 Score = 28.2 bits (14),  Expect = 3.6
 Identities = 14/14 (100%), Gaps = 0/14 (0%)
 Strand=Plus/Minus

Query  9          AAGAGAACCATAAA  22
                  ||||||||||||||
Sbjct  141644469  AAGAGAACCATAAA  141644456


 Score = 28.2 bits (14),  Expect = 3.6
 Identities = 17/18 (94%), Gaps = 0/18 (0%)
 Strand=Plus/Plus

Query  5          AGGGAAGAGAACCATAAA  22
                  ||||||||||| ||||||
Sbjct  146159067  AGGGAAGAGAAGCATAAA  146159084



Lambda      K        H
    1.37    0.711     1.31 

Gapped
Lambda      K        H
    1.37    0.711     1.31 

Effective search space used: 1141217441


  Database: datasets/ncbi_dataset/data/GCA_000950795.1/chr2.fna
    Posted date:  Sep 10, 2021  3:02 PM
  Number of letters in database: 163,031,078
  Number of sequences in database:  1



Matrix: blastn matrix 1 -3
Gap Penalties: Existence: 5, Extension: 2
