BLASTN 2.12.0+


Reference: Stephen F. Altschul, Thomas L. Madden, Alejandro A.
Schaffer, Jinghui Zhang, Zheng Zhang, Webb Miller, and David J.
Lipman (1997), "Gapped BLAST and PSI-BLAST: a new generation of
protein database search programs", Nucleic Acids Res. 25:3389-3402.



Database: datasets/ncbi_dataset/data/GCA_000950795.1/chr3.fna
           1 sequences; 265,177,640 total letters



Query= 
Length=21
                                                                      Score     E
Sequences producing significant alignments:                          (Bits)  Value

CM003181.1 Capsicum annuum var. glabriusculum chromosome 3, whole...  42.1    3e-04


>CM003181.1 Capsicum annuum var. glabriusculum chromosome 3, whole genome 
shotgun sequence
Length=265177640

 Score = 42.1 bits (21),  Expect = 3e-04
 Identities = 21/21 (100%), Gaps = 0/21 (0%)
 Strand=Plus/Plus

Query  1          AGTGGAAGAACTTGGCATAGG  21
                  |||||||||||||||||||||
Sbjct  260956371  AGTGGAAGAACTTGGCATAGG  260956391


 Score = 32.2 bits (16),  Expect = 0.32
 Identities = 16/16 (100%), Gaps = 0/16 (0%)
 Strand=Plus/Plus

Query  5          GAAGAACTTGGCATAG  20
                  ||||||||||||||||
Sbjct  179910788  GAAGAACTTGGCATAG  179910803


 Score = 30.2 bits (15),  Expect = 1.3
 Identities = 15/15 (100%), Gaps = 0/15 (0%)
 Strand=Plus/Plus

Query  3          TGGAAGAACTTGGCA  17
                  |||||||||||||||
Sbjct  105857224  TGGAAGAACTTGGCA  105857238


 Score = 30.2 bits (15),  Expect = 1.3
 Identities = 15/15 (100%), Gaps = 0/15 (0%)
 Strand=Plus/Plus

Query  7          AGAACTTGGCATAGG  21
                  |||||||||||||||
Sbjct  129589836  AGAACTTGGCATAGG  129589850


 Score = 30.2 bits (15),  Expect = 1.3
 Identities = 15/15 (100%), Gaps = 0/15 (0%)
 Strand=Plus/Minus

Query  5          GAAGAACTTGGCATA  19
                  |||||||||||||||
Sbjct  168478757  GAAGAACTTGGCATA  168478743


 Score = 30.2 bits (15),  Expect = 1.3
 Identities = 15/15 (100%), Gaps = 0/15 (0%)
 Strand=Plus/Minus

Query  5          GAAGAACTTGGCATA  19
                  |||||||||||||||
Sbjct  184956790  GAAGAACTTGGCATA  184956776


 Score = 30.2 bits (15),  Expect = 1.3
 Identities = 15/15 (100%), Gaps = 0/15 (0%)
 Strand=Plus/Minus

Query  5          GAAGAACTTGGCATA  19
                  |||||||||||||||
Sbjct  203504541  GAAGAACTTGGCATA  203504527


 Score = 30.2 bits (15),  Expect = 1.3
 Identities = 15/15 (100%), Gaps = 0/15 (0%)
 Strand=Plus/Minus

Query  1          AGTGGAAGAACTTGG  15
                  |||||||||||||||
Sbjct  226206117  AGTGGAAGAACTTGG  226206103


 Score = 28.2 bits (14),  Expect = 5.0
 Identities = 14/14 (100%), Gaps = 0/14 (0%)
 Strand=Plus/Plus

Query  4        GGAAGAACTTGGCA  17
                ||||||||||||||
Sbjct  7032233  GGAAGAACTTGGCA  7032246


 Score = 28.2 bits (14),  Expect = 5.0
 Identities = 14/14 (100%), Gaps = 0/14 (0%)
 Strand=Plus/Plus

Query  6         AAGAACTTGGCATA  19
                 ||||||||||||||
Sbjct  20608976  AAGAACTTGGCATA  20608989


 Score = 28.2 bits (14),  Expect = 5.0
 Identities = 14/14 (100%), Gaps = 0/14 (0%)
 Strand=Plus/Plus

Query  1         AGTGGAAGAACTTG  14
                 ||||||||||||||
Sbjct  23707765  AGTGGAAGAACTTG  23707778


 Score = 28.2 bits (14),  Expect = 5.0
 Identities = 14/14 (100%), Gaps = 0/14 (0%)
 Strand=Plus/Plus

Query  1         AGTGGAAGAACTTG  14
                 ||||||||||||||
Sbjct  23721640  AGTGGAAGAACTTG  23721653


 Score = 28.2 bits (14),  Expect = 5.0
 Identities = 14/14 (100%), Gaps = 0/14 (0%)
 Strand=Plus/Plus

Query  6         AAGAACTTGGCATA  19
                 ||||||||||||||
Sbjct  26746434  AAGAACTTGGCATA  26746447


 Score = 28.2 bits (14),  Expect = 5.0
 Identities = 14/14 (100%), Gaps = 0/14 (0%)
 Strand=Plus/Plus

Query  1         AGTGGAAGAACTTG  14
                 ||||||||||||||
Sbjct  69624392  AGTGGAAGAACTTG  69624405


 Score = 28.2 bits (14),  Expect = 5.0
 Identities = 14/14 (100%), Gaps = 0/14 (0%)
 Strand=Plus/Plus

Query  5         GAAGAACTTGGCAT  18
                 ||||||||||||||
Sbjct  85443505  GAAGAACTTGGCAT  85443518


 Score = 28.2 bits (14),  Expect = 5.0
 Identities = 14/14 (100%), Gaps = 0/14 (0%)
 Strand=Plus/Plus

Query  2         GTGGAAGAACTTGG  15
                 ||||||||||||||
Sbjct  94297250  GTGGAAGAACTTGG  94297263


 Score = 28.2 bits (14),  Expect = 5.0
 Identities = 14/14 (100%), Gaps = 0/14 (0%)
 Strand=Plus/Plus

Query  6         AAGAACTTGGCATA  19
                 ||||||||||||||
Sbjct  94507846  AAGAACTTGGCATA  94507859


 Score = 28.2 bits (14),  Expect = 5.0
 Identities = 14/14 (100%), Gaps = 0/14 (0%)
 Strand=Plus/Plus

Query  4          GGAAGAACTTGGCA  17
                  ||||||||||||||
Sbjct  134703369  GGAAGAACTTGGCA  134703382


 Score = 28.2 bits (14),  Expect = 5.0
 Identities = 14/14 (100%), Gaps = 0/14 (0%)
 Strand=Plus/Plus

Query  1          AGTGGAAGAACTTG  14
                  ||||||||||||||
Sbjct  140629061  AGTGGAAGAACTTG  140629074


 Score = 28.2 bits (14),  Expect = 5.0
 Identities = 14/14 (100%), Gaps = 0/14 (0%)
 Strand=Plus/Plus

Query  1          AGTGGAAGAACTTG  14
                  ||||||||||||||
Sbjct  140633437  AGTGGAAGAACTTG  140633450


 Score = 28.2 bits (14),  Expect = 5.0
 Identities = 14/14 (100%), Gaps = 0/14 (0%)
 Strand=Plus/Plus

Query  6          AAGAACTTGGCATA  19
                  ||||||||||||||
Sbjct  150170672  AAGAACTTGGCATA  150170685


 Score = 28.2 bits (14),  Expect = 5.0
 Identities = 14/14 (100%), Gaps = 0/14 (0%)
 Strand=Plus/Plus

Query  5          GAAGAACTTGGCAT  18
                  ||||||||||||||
Sbjct  150845145  GAAGAACTTGGCAT  150845158


 Score = 28.2 bits (14),  Expect = 5.0
 Identities = 14/14 (100%), Gaps = 0/14 (0%)
 Strand=Plus/Plus

Query  6          AAGAACTTGGCATA  19
                  ||||||||||||||
Sbjct  202079042  AAGAACTTGGCATA  202079055


 Score = 28.2 bits (14),  Expect = 5.0
 Identities = 14/14 (100%), Gaps = 0/14 (0%)
 Strand=Plus/Plus

Query  7          AGAACTTGGCATAG  20
                  ||||||||||||||
Sbjct  218750546  AGAACTTGGCATAG  218750559


 Score = 28.2 bits (14),  Expect = 5.0
 Identities = 14/14 (100%), Gaps = 0/14 (0%)
 Strand=Plus/Plus

Query  7          AGAACTTGGCATAG  20
                  ||||||||||||||
Sbjct  252563119  AGAACTTGGCATAG  252563132


 Score = 28.2 bits (14),  Expect = 5.0
 Identities = 14/14 (100%), Gaps = 0/14 (0%)
 Strand=Plus/Plus

Query  8          GAACTTGGCATAGG  21
                  ||||||||||||||
Sbjct  261637763  GAACTTGGCATAGG  261637776


 Score = 28.2 bits (14),  Expect = 5.0
 Identities = 14/14 (100%), Gaps = 0/14 (0%)
 Strand=Plus/Minus

Query  1         AGTGGAAGAACTTG  14
                 ||||||||||||||
Sbjct  11914588  AGTGGAAGAACTTG  11914575


 Score = 28.2 bits (14),  Expect = 5.0
 Identities = 14/14 (100%), Gaps = 0/14 (0%)
 Strand=Plus/Minus

Query  1         AGTGGAAGAACTTG  14
                 ||||||||||||||
Sbjct  17674556  AGTGGAAGAACTTG  17674543


 Score = 28.2 bits (14),  Expect = 5.0
 Identities = 14/14 (100%), Gaps = 0/14 (0%)
 Strand=Plus/Minus

Query  6         AAGAACTTGGCATA  19
                 ||||||||||||||
Sbjct  55449630  AAGAACTTGGCATA  55449617


 Score = 28.2 bits (14),  Expect = 5.0
 Identities = 14/14 (100%), Gaps = 0/14 (0%)
 Strand=Plus/Minus

Query  2         GTGGAAGAACTTGG  15
                 ||||||||||||||
Sbjct  58169933  GTGGAAGAACTTGG  58169920


 Score = 28.2 bits (14),  Expect = 5.0
 Identities = 14/14 (100%), Gaps = 0/14 (0%)
 Strand=Plus/Minus

Query  7         AGAACTTGGCATAG  20
                 ||||||||||||||
Sbjct  60711696  AGAACTTGGCATAG  60711683


 Score = 28.2 bits (14),  Expect = 5.0
 Identities = 14/14 (100%), Gaps = 0/14 (0%)
 Strand=Plus/Minus

Query  5         GAAGAACTTGGCAT  18
                 ||||||||||||||
Sbjct  74792786  GAAGAACTTGGCAT  74792773


 Score = 28.2 bits (14),  Expect = 5.0
 Identities = 14/14 (100%), Gaps = 0/14 (0%)
 Strand=Plus/Minus

Query  6          AAGAACTTGGCATA  19
                  ||||||||||||||
Sbjct  124094288  AAGAACTTGGCATA  124094275


 Score = 28.2 bits (14),  Expect = 5.0
 Identities = 14/14 (100%), Gaps = 0/14 (0%)
 Strand=Plus/Minus

Query  7          AGAACTTGGCATAG  20
                  ||||||||||||||
Sbjct  157478775  AGAACTTGGCATAG  157478762


 Score = 28.2 bits (14),  Expect = 5.0
 Identities = 14/14 (100%), Gaps = 0/14 (0%)
 Strand=Plus/Minus

Query  7          AGAACTTGGCATAG  20
                  ||||||||||||||
Sbjct  159196793  AGAACTTGGCATAG  159196780


 Score = 28.2 bits (14),  Expect = 5.0
 Identities = 14/14 (100%), Gaps = 0/14 (0%)
 Strand=Plus/Minus

Query  1          AGTGGAAGAACTTG  14
                  ||||||||||||||
Sbjct  177929330  AGTGGAAGAACTTG  177929317


 Score = 28.2 bits (14),  Expect = 5.0
 Identities = 14/14 (100%), Gaps = 0/14 (0%)
 Strand=Plus/Minus

Query  7          AGAACTTGGCATAG  20
                  ||||||||||||||
Sbjct  179889594  AGAACTTGGCATAG  179889581


 Score = 28.2 bits (14),  Expect = 5.0
 Identities = 14/14 (100%), Gaps = 0/14 (0%)
 Strand=Plus/Minus

Query  6          AAGAACTTGGCATA  19
                  ||||||||||||||
Sbjct  199311365  AAGAACTTGGCATA  199311352


 Score = 28.2 bits (14),  Expect = 5.0
 Identities = 14/14 (100%), Gaps = 0/14 (0%)
 Strand=Plus/Minus

Query  1          AGTGGAAGAACTTG  14
                  ||||||||||||||
Sbjct  235633292  AGTGGAAGAACTTG  235633279



Lambda      K        H
    1.37    0.711     1.31 

Gapped
Lambda      K        H
    1.37    0.711     1.31 

Effective search space used: 1591065750


  Database: datasets/ncbi_dataset/data/GCA_000950795.1/chr3.fna
    Posted date:  Sep 10, 2021  3:02 PM
  Number of letters in database: 265,177,640
  Number of sequences in database:  1



Matrix: blastn matrix 1 -3
Gap Penalties: Existence: 5, Extension: 2
