BLASTN 2.12.0+


Reference: Stephen F. Altschul, Thomas L. Madden, Alejandro A.
Schaffer, Jinghui Zhang, Zheng Zhang, Webb Miller, and David J.
Lipman (1997), "Gapped BLAST and PSI-BLAST: a new generation of
protein database search programs", Nucleic Acids Res. 25:3389-3402.



Database: datasets/ncbi_dataset/data/GCA_000950795.1/chr10.fna
           1 sequences; 202,376,694 total letters



Query= 
Length=23
                                                                      Score     E
Sequences producing significant alignments:                          (Bits)  Value

CM003188.1 Capsicum annuum var. glabriusculum chromosome 10, whol...  46.1    2e-05


>CM003188.1 Capsicum annuum var. glabriusculum chromosome 10, whole genome 
shotgun sequence
Length=202376694

 Score = 46.1 bits (23),  Expect = 2e-05
 Identities = 23/23 (100%), Gaps = 0/23 (0%)
 Strand=Plus/Plus

Query  1         TACCACGAGTATCTGAGGCTAAA  23
                 |||||||||||||||||||||||
Sbjct  37468561  TACCACGAGTATCTGAGGCTAAA  37468583


 Score = 30.2 bits (15),  Expect = 1.3
 Identities = 15/15 (100%), Gaps = 0/15 (0%)
 Strand=Plus/Minus

Query  9          GTATCTGAGGCTAAA  23
                  |||||||||||||||
Sbjct  101398855  GTATCTGAGGCTAAA  101398841


 Score = 28.2 bits (14),  Expect = 5.1
 Identities = 14/14 (100%), Gaps = 0/14 (0%)
 Strand=Plus/Plus

Query  8         AGTATCTGAGGCTA  21
                 ||||||||||||||
Sbjct  34543005  AGTATCTGAGGCTA  34543018


 Score = 28.2 bits (14),  Expect = 5.1
 Identities = 14/14 (100%), Gaps = 0/14 (0%)
 Strand=Plus/Plus

Query  2         ACCACGAGTATCTG  15
                 ||||||||||||||
Sbjct  40761852  ACCACGAGTATCTG  40761865


 Score = 28.2 bits (14),  Expect = 5.1
 Identities = 14/14 (100%), Gaps = 0/14 (0%)
 Strand=Plus/Plus

Query  10         TATCTGAGGCTAAA  23
                  ||||||||||||||
Sbjct  101181956  TATCTGAGGCTAAA  101181969


 Score = 28.2 bits (14),  Expect = 5.1
 Identities = 14/14 (100%), Gaps = 0/14 (0%)
 Strand=Plus/Plus

Query  10         TATCTGAGGCTAAA  23
                  ||||||||||||||
Sbjct  111699084  TATCTGAGGCTAAA  111699097


 Score = 28.2 bits (14),  Expect = 5.1
 Identities = 14/14 (100%), Gaps = 0/14 (0%)
 Strand=Plus/Minus

Query  10         TATCTGAGGCTAAA  23
                  ||||||||||||||
Sbjct  112534588  TATCTGAGGCTAAA  112534575


 Score = 28.2 bits (14),  Expect = 5.1
 Identities = 14/14 (100%), Gaps = 0/14 (0%)
 Strand=Plus/Plus

Query  9          GTATCTGAGGCTAA  22
                  ||||||||||||||
Sbjct  134049951  GTATCTGAGGCTAA  134049964


 Score = 28.2 bits (14),  Expect = 5.1
 Identities = 14/14 (100%), Gaps = 0/14 (0%)
 Strand=Plus/Minus

Query  8          AGTATCTGAGGCTA  21
                  ||||||||||||||
Sbjct  155330272  AGTATCTGAGGCTA  155330259



Lambda      K        H
    1.37    0.711     1.31 

Gapped
Lambda      K        H
    1.37    0.711     1.31 

Effective search space used: 1619013432


  Database: datasets/ncbi_dataset/data/GCA_000950795.1/chr10.fna
    Posted date:  Sep 10, 2021  3:02 PM
  Number of letters in database: 202,376,694
  Number of sequences in database:  1



Matrix: blastn matrix 1 -3
Gap Penalties: Existence: 5, Extension: 2
