BLASTN 2.12.0+


Reference: Stephen F. Altschul, Thomas L. Madden, Alejandro A.
Schaffer, Jinghui Zhang, Zheng Zhang, Webb Miller, and David J.
Lipman (1997), "Gapped BLAST and PSI-BLAST: a new generation of
protein database search programs", Nucleic Acids Res. 25:3389-3402.



Database: datasets/ncbi_dataset/data/GCA_000950795.1/chr8.fna
           1 sequences; 83,400,622 total letters



Query= 
Length=17
                                                                      Score     E
Sequences producing significant alignments:                          (Bits)  Value

CM003186.1 Capsicum annuum var. glabriusculum chromosome 8, whole...  28.2    0.79 


>CM003186.1 Capsicum annuum var. glabriusculum chromosome 8, whole genome 
shotgun sequence
Length=83400622

 Score = 28.2 bits (14),  Expect = 0.79
 Identities = 14/14 (100%), Gaps = 0/14 (0%)
 Strand=Plus/Plus

Query  1         TGGCGTGGCTGGAT  14
                 ||||||||||||||
Sbjct  63571164  TGGCGTGGCTGGAT  63571177


 Score = 28.2 bits (14),  Expect = 0.79
 Identities = 14/14 (100%), Gaps = 0/14 (0%)
 Strand=Plus/Plus

Query  1         TGGCGTGGCTGGAT  14
                 ||||||||||||||
Sbjct  63579015  TGGCGTGGCTGGAT  63579028



Lambda      K        H
    1.37    0.711     1.31 

Gapped
Lambda      K        H
    1.37    0.711     1.31 

Effective search space used: 250201824


  Database: datasets/ncbi_dataset/data/GCA_000950795.1/chr8.fna
    Posted date:  Sep 10, 2021  3:02 PM
  Number of letters in database: 83,400,622
  Number of sequences in database:  1



Matrix: blastn matrix 1 -3
Gap Penalties: Existence: 5, Extension: 2
