BLASTN 2.12.0+


Reference: Stephen F. Altschul, Thomas L. Madden, Alejandro A.
Schaffer, Jinghui Zhang, Zheng Zhang, Webb Miller, and David J.
Lipman (1997), "Gapped BLAST and PSI-BLAST: a new generation of
protein database search programs", Nucleic Acids Res. 25:3389-3402.



Database: datasets/ncbi_dataset/data/GCA_000950795.1/chr6.fna
           1 sequences; 200,607,515 total letters



Query= 
Length=20
                                                                      Score     E
Sequences producing significant alignments:                          (Bits)  Value

CM003184.1 Capsicum annuum var. glabriusculum chromosome 6, whole...  40.1    8e-04


>CM003184.1 Capsicum annuum var. glabriusculum chromosome 6, whole genome 
shotgun sequence
Length=200607515

 Score = 40.1 bits (20),  Expect = 8e-04
 Identities = 20/20 (100%), Gaps = 0/20 (0%)
 Strand=Plus/Minus

Query  1          AATTGGGATGCAGCGTGTCT  20
                  ||||||||||||||||||||
Sbjct  104796499  AATTGGGATGCAGCGTGTCT  104796480



Lambda      K        H
    1.37    0.711     1.31 

Gapped
Lambda      K        H
    1.37    0.711     1.31 

Effective search space used: 1003037500


  Database: datasets/ncbi_dataset/data/GCA_000950795.1/chr6.fna
    Posted date:  Sep 10, 2021  3:02 PM
  Number of letters in database: 200,607,515
  Number of sequences in database:  1



Matrix: blastn matrix 1 -3
Gap Penalties: Existence: 5, Extension: 2
