BLASTN 2.12.0+


Reference: Stephen F. Altschul, Thomas L. Madden, Alejandro A.
Schaffer, Jinghui Zhang, Zheng Zhang, Webb Miller, and David J.
Lipman (1997), "Gapped BLAST and PSI-BLAST: a new generation of
protein database search programs", Nucleic Acids Res. 25:3389-3402.



Database: datasets/ncbi_dataset/data/GCA_000950795.1/chr1.fna
           1 sequences; 338,368,434 total letters



Query= 
Length=21
                                                                      Score     E
Sequences producing significant alignments:                          (Bits)  Value

CM003179.1 Capsicum annuum var. glabriusculum chromosome 1, whole...  34.2    0.10 


>CM003179.1 Capsicum annuum var. glabriusculum chromosome 1, whole genome 
shotgun sequence
Length=338368434

 Score = 34.2 bits (17),  Expect = 0.10
 Identities = 20/21 (95%), Gaps = 0/21 (0%)
 Strand=Plus/Plus

Query  1        AACTCACTTTGGCAGTCTCTC  21
                |||||||||||||| ||||||
Sbjct  6154620  AACTCACTTTGGCAATCTCTC  6154640


 Score = 28.2 bits (14),  Expect = 6.4
 Identities = 14/14 (100%), Gaps = 0/14 (0%)
 Strand=Plus/Minus

Query  8          TTTGGCAGTCTCTC  21
                  ||||||||||||||
Sbjct  221019481  TTTGGCAGTCTCTC  221019468


 Score = 28.2 bits (14),  Expect = 6.4
 Identities = 14/14 (100%), Gaps = 0/14 (0%)
 Strand=Plus/Minus

Query  7          CTTTGGCAGTCTCT  20
                  ||||||||||||||
Sbjct  248608233  CTTTGGCAGTCTCT  248608220


 Score = 28.2 bits (14),  Expect = 6.4
 Identities = 14/14 (100%), Gaps = 0/14 (0%)
 Strand=Plus/Minus

Query  3          CTCACTTTGGCAGT  16
                  ||||||||||||||
Sbjct  271671180  CTCACTTTGGCAGT  271671167



Lambda      K        H
    1.37    0.711     1.31 

Gapped
Lambda      K        H
    1.37    0.711     1.31 

Effective search space used: 2030210514


  Database: datasets/ncbi_dataset/data/GCA_000950795.1/chr1.fna
    Posted date:  Sep 10, 2021  3:02 PM
  Number of letters in database: 338,368,434
  Number of sequences in database:  1



Matrix: blastn matrix 1 -3
Gap Penalties: Existence: 5, Extension: 2
