BLASTN 2.12.0+


Reference: Stephen F. Altschul, Thomas L. Madden, Alejandro A.
Schaffer, Jinghui Zhang, Zheng Zhang, Webb Miller, and David J.
Lipman (1997), "Gapped BLAST and PSI-BLAST: a new generation of
protein database search programs", Nucleic Acids Res. 25:3389-3402.



Database: datasets/ncbi_dataset/data/GCA_000950795.1/chr10.fna
           1 sequences; 202,376,694 total letters



Query= 
Length=22
                                                                      Score     E
Sequences producing significant alignments:                          (Bits)  Value

CM003188.1 Capsicum annuum var. glabriusculum chromosome 10, whol...  32.2    0.29 


>CM003188.1 Capsicum annuum var. glabriusculum chromosome 10, whole genome 
shotgun sequence
Length=202376694

 Score = 32.2 bits (16),  Expect = 0.29
 Identities = 16/16 (100%), Gaps = 0/16 (0%)
 Strand=Plus/Minus

Query  7          AAGAAGAAGGTGAAGG  22
                  ||||||||||||||||
Sbjct  102062089  AAGAAGAAGGTGAAGG  102062074


 Score = 32.2 bits (16),  Expect = 0.29
 Identities = 16/16 (100%), Gaps = 0/16 (0%)
 Strand=Plus/Plus

Query  7         AAGAAGAAGGTGAAGG  22
                 ||||||||||||||||
Sbjct  76950350  AAGAAGAAGGTGAAGG  76950365


 Score = 32.2 bits (16),  Expect = 0.29
 Identities = 16/16 (100%), Gaps = 0/16 (0%)
 Strand=Plus/Plus

Query  1          GAAGGGAAGAAGAAGG  16
                  ||||||||||||||||
Sbjct  164839724  GAAGGGAAGAAGAAGG  164839739


 Score = 30.2 bits (15),  Expect = 1.1
 Identities = 15/15 (100%), Gaps = 0/15 (0%)
 Strand=Plus/Minus

Query  2        AAGGGAAGAAGAAGG  16
                |||||||||||||||
Sbjct  3040717  AAGGGAAGAAGAAGG  3040703


 Score = 30.2 bits (15),  Expect = 1.1
 Identities = 15/15 (100%), Gaps = 0/15 (0%)
 Strand=Plus/Minus

Query  2        AAGGGAAGAAGAAGG  16
                |||||||||||||||
Sbjct  3365048  AAGGGAAGAAGAAGG  3365034


 Score = 30.2 bits (15),  Expect = 1.1
 Identities = 15/15 (100%), Gaps = 0/15 (0%)
 Strand=Plus/Minus

Query  7         AAGAAGAAGGTGAAG  21
                 |||||||||||||||
Sbjct  36862207  AAGAAGAAGGTGAAG  36862193


 Score = 30.2 bits (15),  Expect = 1.1
 Identities = 15/15 (100%), Gaps = 0/15 (0%)
 Strand=Plus/Minus

Query  7         AAGAAGAAGGTGAAG  21
                 |||||||||||||||
Sbjct  41740522  AAGAAGAAGGTGAAG  41740508


 Score = 30.2 bits (15),  Expect = 1.1
 Identities = 15/15 (100%), Gaps = 0/15 (0%)
 Strand=Plus/Minus

Query  6         GAAGAAGAAGGTGAA  20
                 |||||||||||||||
Sbjct  57477534  GAAGAAGAAGGTGAA  57477520


 Score = 30.2 bits (15),  Expect = 1.1
 Identities = 15/15 (100%), Gaps = 0/15 (0%)
 Strand=Plus/Minus

Query  6          GAAGAAGAAGGTGAA  20
                  |||||||||||||||
Sbjct  106336915  GAAGAAGAAGGTGAA  106336901


 Score = 30.2 bits (15),  Expect = 1.1
 Identities = 15/15 (100%), Gaps = 0/15 (0%)
 Strand=Plus/Minus

Query  7          AAGAAGAAGGTGAAG  21
                  |||||||||||||||
Sbjct  107441358  AAGAAGAAGGTGAAG  107441344


 Score = 30.2 bits (15),  Expect = 1.1
 Identities = 15/15 (100%), Gaps = 0/15 (0%)
 Strand=Plus/Minus

Query  6          GAAGAAGAAGGTGAA  20
                  |||||||||||||||
Sbjct  108282439  GAAGAAGAAGGTGAA  108282425


 Score = 30.2 bits (15),  Expect = 1.1
 Identities = 15/15 (100%), Gaps = 0/15 (0%)
 Strand=Plus/Minus

Query  6          GAAGAAGAAGGTGAA  20
                  |||||||||||||||
Sbjct  114344421  GAAGAAGAAGGTGAA  114344407


 Score = 30.2 bits (15),  Expect = 1.1
 Identities = 15/15 (100%), Gaps = 0/15 (0%)
 Strand=Plus/Minus

Query  1          GAAGGGAAGAAGAAG  15
                  |||||||||||||||
Sbjct  133232258  GAAGGGAAGAAGAAG  133232244


 Score = 30.2 bits (15),  Expect = 1.1
 Identities = 15/15 (100%), Gaps = 0/15 (0%)
 Strand=Plus/Minus

Query  7          AAGAAGAAGGTGAAG  21
                  |||||||||||||||
Sbjct  135555170  AAGAAGAAGGTGAAG  135555156


 Score = 30.2 bits (15),  Expect = 1.1
 Identities = 15/15 (100%), Gaps = 0/15 (0%)
 Strand=Plus/Minus

Query  2          AAGGGAAGAAGAAGG  16
                  |||||||||||||||
Sbjct  144514953  AAGGGAAGAAGAAGG  144514939


 Score = 30.2 bits (15),  Expect = 1.1
 Identities = 15/15 (100%), Gaps = 0/15 (0%)
 Strand=Plus/Minus

Query  2          AAGGGAAGAAGAAGG  16
                  |||||||||||||||
Sbjct  146827620  AAGGGAAGAAGAAGG  146827606


 Score = 30.2 bits (15),  Expect = 1.1
 Identities = 15/15 (100%), Gaps = 0/15 (0%)
 Strand=Plus/Minus

Query  2          AAGGGAAGAAGAAGG  16
                  |||||||||||||||
Sbjct  150967820  AAGGGAAGAAGAAGG  150967806


 Score = 30.2 bits (15),  Expect = 1.1
 Identities = 15/15 (100%), Gaps = 0/15 (0%)
 Strand=Plus/Minus

Query  2          AAGGGAAGAAGAAGG  16
                  |||||||||||||||
Sbjct  160738615  AAGGGAAGAAGAAGG  160738601


 Score = 30.2 bits (15),  Expect = 1.1
 Identities = 15/15 (100%), Gaps = 0/15 (0%)
 Strand=Plus/Minus

Query  2          AAGGGAAGAAGAAGG  16
                  |||||||||||||||
Sbjct  163717600  AAGGGAAGAAGAAGG  163717586


 Score = 30.2 bits (15),  Expect = 1.1
 Identities = 15/15 (100%), Gaps = 0/15 (0%)
 Strand=Plus/Minus

Query  7          AAGAAGAAGGTGAAG  21
                  |||||||||||||||
Sbjct  167420626  AAGAAGAAGGTGAAG  167420612


 Score = 30.2 bits (15),  Expect = 1.1
 Identities = 15/15 (100%), Gaps = 0/15 (0%)
 Strand=Plus/Minus

Query  6          GAAGAAGAAGGTGAA  20
                  |||||||||||||||
Sbjct  190219618  GAAGAAGAAGGTGAA  190219604


 Score = 30.2 bits (15),  Expect = 1.1
 Identities = 15/15 (100%), Gaps = 0/15 (0%)
 Strand=Plus/Minus

Query  6          GAAGAAGAAGGTGAA  20
                  |||||||||||||||
Sbjct  190255116  GAAGAAGAAGGTGAA  190255102


 Score = 30.2 bits (15),  Expect = 1.1
 Identities = 15/15 (100%), Gaps = 0/15 (0%)
 Strand=Plus/Plus

Query  5         GGAAGAAGAAGGTGA  19
                 |||||||||||||||
Sbjct  14049380  GGAAGAAGAAGGTGA  14049394


 Score = 30.2 bits (15),  Expect = 1.1
 Identities = 15/15 (100%), Gaps = 0/15 (0%)
 Strand=Plus/Plus

Query  2         AAGGGAAGAAGAAGG  16
                 |||||||||||||||
Sbjct  16908870  AAGGGAAGAAGAAGG  16908884


 Score = 30.2 bits (15),  Expect = 1.1
 Identities = 15/15 (100%), Gaps = 0/15 (0%)
 Strand=Plus/Plus

Query  6         GAAGAAGAAGGTGAA  20
                 |||||||||||||||
Sbjct  19990256  GAAGAAGAAGGTGAA  19990270


 Score = 30.2 bits (15),  Expect = 1.1
 Identities = 15/15 (100%), Gaps = 0/15 (0%)
 Strand=Plus/Plus

Query  6         GAAGAAGAAGGTGAA  20
                 |||||||||||||||
Sbjct  19992647  GAAGAAGAAGGTGAA  19992661


 Score = 30.2 bits (15),  Expect = 1.1
 Identities = 18/19 (95%), Gaps = 0/19 (0%)
 Strand=Plus/Plus

Query  2         AAGGGAAGAAGAAGGTGAA  20
                 |||| ||||||||||||||
Sbjct  28083608  AAGGAAAGAAGAAGGTGAA  28083626


 Score = 30.2 bits (15),  Expect = 1.1
 Identities = 15/15 (100%), Gaps = 0/15 (0%)
 Strand=Plus/Plus

Query  7         AAGAAGAAGGTGAAG  21
                 |||||||||||||||
Sbjct  52822366  AAGAAGAAGGTGAAG  52822380


 Score = 30.2 bits (15),  Expect = 1.1
 Identities = 15/15 (100%), Gaps = 0/15 (0%)
 Strand=Plus/Plus

Query  7         AAGAAGAAGGTGAAG  21
                 |||||||||||||||
Sbjct  62003187  AAGAAGAAGGTGAAG  62003201


 Score = 30.2 bits (15),  Expect = 1.1
 Identities = 15/15 (100%), Gaps = 0/15 (0%)
 Strand=Plus/Plus

Query  8         AGAAGAAGGTGAAGG  22
                 |||||||||||||||
Sbjct  62989754  AGAAGAAGGTGAAGG  62989768


 Score = 30.2 bits (15),  Expect = 1.1
 Identities = 15/15 (100%), Gaps = 0/15 (0%)
 Strand=Plus/Plus

Query  2         AAGGGAAGAAGAAGG  16
                 |||||||||||||||
Sbjct  65452246  AAGGGAAGAAGAAGG  65452260


 Score = 30.2 bits (15),  Expect = 1.1
 Identities = 15/15 (100%), Gaps = 0/15 (0%)
 Strand=Plus/Plus

Query  1         GAAGGGAAGAAGAAG  15
                 |||||||||||||||
Sbjct  70334511  GAAGGGAAGAAGAAG  70334525


 Score = 30.2 bits (15),  Expect = 1.1
 Identities = 15/15 (100%), Gaps = 0/15 (0%)
 Strand=Plus/Plus

Query  7         AAGAAGAAGGTGAAG  21
                 |||||||||||||||
Sbjct  82016897  AAGAAGAAGGTGAAG  82016911


 Score = 30.2 bits (15),  Expect = 1.1
 Identities = 15/15 (100%), Gaps = 0/15 (0%)
 Strand=Plus/Plus

Query  7         AAGAAGAAGGTGAAG  21
                 |||||||||||||||
Sbjct  98602809  AAGAAGAAGGTGAAG  98602823


 Score = 30.2 bits (15),  Expect = 1.1
 Identities = 15/15 (100%), Gaps = 0/15 (0%)
 Strand=Plus/Plus

Query  7          AAGAAGAAGGTGAAG  21
                  |||||||||||||||
Sbjct  115086424  AAGAAGAAGGTGAAG  115086438


 Score = 30.2 bits (15),  Expect = 1.1
 Identities = 15/15 (100%), Gaps = 0/15 (0%)
 Strand=Plus/Plus

Query  6          GAAGAAGAAGGTGAA  20
                  |||||||||||||||
Sbjct  136552996  GAAGAAGAAGGTGAA  136553010


 Score = 30.2 bits (15),  Expect = 1.1
 Identities = 15/15 (100%), Gaps = 0/15 (0%)
 Strand=Plus/Plus

Query  2          AAGGGAAGAAGAAGG  16
                  |||||||||||||||
Sbjct  146304331  AAGGGAAGAAGAAGG  146304345


 Score = 30.2 bits (15),  Expect = 1.1
 Identities = 15/15 (100%), Gaps = 0/15 (0%)
 Strand=Plus/Plus

Query  2          AAGGGAAGAAGAAGG  16
                  |||||||||||||||
Sbjct  147123007  AAGGGAAGAAGAAGG  147123021


 Score = 30.2 bits (15),  Expect = 1.1
 Identities = 15/15 (100%), Gaps = 0/15 (0%)
 Strand=Plus/Plus

Query  1          GAAGGGAAGAAGAAG  15
                  |||||||||||||||
Sbjct  150068984  GAAGGGAAGAAGAAG  150068998


 Score = 30.2 bits (15),  Expect = 1.1
 Identities = 15/15 (100%), Gaps = 0/15 (0%)
 Strand=Plus/Plus

Query  1          GAAGGGAAGAAGAAG  15
                  |||||||||||||||
Sbjct  154027759  GAAGGGAAGAAGAAG  154027773


 Score = 30.2 bits (15),  Expect = 1.1
 Identities = 15/15 (100%), Gaps = 0/15 (0%)
 Strand=Plus/Plus

Query  6          GAAGAAGAAGGTGAA  20
                  |||||||||||||||
Sbjct  157057683  GAAGAAGAAGGTGAA  157057697


 Score = 30.2 bits (15),  Expect = 1.1
 Identities = 18/19 (95%), Gaps = 0/19 (0%)
 Strand=Plus/Plus

Query  2          AAGGGAAGAAGAAGGTGAA  20
                  |||||||||||||| ||||
Sbjct  161473126  AAGGGAAGAAGAAGATGAA  161473144


 Score = 30.2 bits (15),  Expect = 1.1
 Identities = 15/15 (100%), Gaps = 0/15 (0%)
 Strand=Plus/Plus

Query  2          AAGGGAAGAAGAAGG  16
                  |||||||||||||||
Sbjct  177365944  AAGGGAAGAAGAAGG  177365958


 Score = 30.2 bits (15),  Expect = 1.1
 Identities = 15/15 (100%), Gaps = 0/15 (0%)
 Strand=Plus/Plus

Query  1          GAAGGGAAGAAGAAG  15
                  |||||||||||||||
Sbjct  191213192  GAAGGGAAGAAGAAG  191213206


 Score = 28.2 bits (14),  Expect = 4.5
 Identities = 14/14 (100%), Gaps = 0/14 (0%)
 Strand=Plus/Minus

Query  7        AAGAAGAAGGTGAA  20
                ||||||||||||||
Sbjct  2806237  AAGAAGAAGGTGAA  2806224


 Score = 28.2 bits (14),  Expect = 4.5
 Identities = 14/14 (100%), Gaps = 0/14 (0%)
 Strand=Plus/Minus

Query  8         AGAAGAAGGTGAAG  21
                 ||||||||||||||
Sbjct  15781936  AGAAGAAGGTGAAG  15781923


 Score = 28.2 bits (14),  Expect = 4.5
 Identities = 14/14 (100%), Gaps = 0/14 (0%)
 Strand=Plus/Minus

Query  9         GAAGAAGGTGAAGG  22
                 ||||||||||||||
Sbjct  20166745  GAAGAAGGTGAAGG  20166732


 Score = 28.2 bits (14),  Expect = 4.5
 Identities = 14/14 (100%), Gaps = 0/14 (0%)
 Strand=Plus/Minus

Query  6         GAAGAAGAAGGTGA  19
                 ||||||||||||||
Sbjct  23406306  GAAGAAGAAGGTGA  23406293


 Score = 28.2 bits (14),  Expect = 4.5
 Identities = 14/14 (100%), Gaps = 0/14 (0%)
 Strand=Plus/Minus

Query  8         AGAAGAAGGTGAAG  21
                 ||||||||||||||
Sbjct  33976554  AGAAGAAGGTGAAG  33976541


 Score = 28.2 bits (14),  Expect = 4.5
 Identities = 14/14 (100%), Gaps = 0/14 (0%)
 Strand=Plus/Minus

Query  8         AGAAGAAGGTGAAG  21
                 ||||||||||||||
Sbjct  33991411  AGAAGAAGGTGAAG  33991398


 Score = 28.2 bits (14),  Expect = 4.5
 Identities = 14/14 (100%), Gaps = 0/14 (0%)
 Strand=Plus/Minus

Query  8         AGAAGAAGGTGAAG  21
                 ||||||||||||||
Sbjct  35167623  AGAAGAAGGTGAAG  35167610


 Score = 28.2 bits (14),  Expect = 4.5
 Identities = 14/14 (100%), Gaps = 0/14 (0%)
 Strand=Plus/Minus

Query  8         AGAAGAAGGTGAAG  21
                 ||||||||||||||
Sbjct  37963641  AGAAGAAGGTGAAG  37963628


 Score = 28.2 bits (14),  Expect = 4.5
 Identities = 14/14 (100%), Gaps = 0/14 (0%)
 Strand=Plus/Minus

Query  8         AGAAGAAGGTGAAG  21
                 ||||||||||||||
Sbjct  40586589  AGAAGAAGGTGAAG  40586576


 Score = 28.2 bits (14),  Expect = 4.5
 Identities = 14/14 (100%), Gaps = 0/14 (0%)
 Strand=Plus/Minus

Query  1         GAAGGGAAGAAGAA  14
                 ||||||||||||||
Sbjct  42871605  GAAGGGAAGAAGAA  42871592


 Score = 28.2 bits (14),  Expect = 4.5
 Identities = 14/14 (100%), Gaps = 0/14 (0%)
 Strand=Plus/Minus

Query  5         GGAAGAAGAAGGTG  18
                 ||||||||||||||
Sbjct  51671840  GGAAGAAGAAGGTG  51671827


 Score = 28.2 bits (14),  Expect = 4.5
 Identities = 14/14 (100%), Gaps = 0/14 (0%)
 Strand=Plus/Minus

Query  7         AAGAAGAAGGTGAA  20
                 ||||||||||||||
Sbjct  53529042  AAGAAGAAGGTGAA  53529029


 Score = 28.2 bits (14),  Expect = 4.5
 Identities = 14/14 (100%), Gaps = 0/14 (0%)
 Strand=Plus/Minus

Query  7         AAGAAGAAGGTGAA  20
                 ||||||||||||||
Sbjct  53649014  AAGAAGAAGGTGAA  53649001


 Score = 28.2 bits (14),  Expect = 4.5
 Identities = 14/14 (100%), Gaps = 0/14 (0%)
 Strand=Plus/Minus

Query  8         AGAAGAAGGTGAAG  21
                 ||||||||||||||
Sbjct  62172814  AGAAGAAGGTGAAG  62172801


 Score = 28.2 bits (14),  Expect = 4.5
 Identities = 14/14 (100%), Gaps = 0/14 (0%)
 Strand=Plus/Minus

Query  8         AGAAGAAGGTGAAG  21
                 ||||||||||||||
Sbjct  62178672  AGAAGAAGGTGAAG  62178659


 Score = 28.2 bits (14),  Expect = 4.5
 Identities = 14/14 (100%), Gaps = 0/14 (0%)
 Strand=Plus/Minus

Query  9         GAAGAAGGTGAAGG  22
                 ||||||||||||||
Sbjct  64213731  GAAGAAGGTGAAGG  64213718


 Score = 28.2 bits (14),  Expect = 4.5
 Identities = 14/14 (100%), Gaps = 0/14 (0%)
 Strand=Plus/Minus

Query  7         AAGAAGAAGGTGAA  20
                 ||||||||||||||
Sbjct  65925641  AAGAAGAAGGTGAA  65925628


 Score = 28.2 bits (14),  Expect = 4.5
 Identities = 14/14 (100%), Gaps = 0/14 (0%)
 Strand=Plus/Minus

Query  7         AAGAAGAAGGTGAA  20
                 ||||||||||||||
Sbjct  78034786  AAGAAGAAGGTGAA  78034773


 Score = 28.2 bits (14),  Expect = 4.5
 Identities = 14/14 (100%), Gaps = 0/14 (0%)
 Strand=Plus/Minus

Query  9         GAAGAAGGTGAAGG  22
                 ||||||||||||||
Sbjct  79733368  GAAGAAGGTGAAGG  79733355


 Score = 28.2 bits (14),  Expect = 4.5
 Identities = 14/14 (100%), Gaps = 0/14 (0%)
 Strand=Plus/Minus

Query  8         AGAAGAAGGTGAAG  21
                 ||||||||||||||
Sbjct  84095697  AGAAGAAGGTGAAG  84095684


 Score = 28.2 bits (14),  Expect = 4.5
 Identities = 14/14 (100%), Gaps = 0/14 (0%)
 Strand=Plus/Minus

Query  2         AAGGGAAGAAGAAG  15
                 ||||||||||||||
Sbjct  85277088  AAGGGAAGAAGAAG  85277075


 Score = 28.2 bits (14),  Expect = 4.5
 Identities = 14/14 (100%), Gaps = 0/14 (0%)
 Strand=Plus/Minus

Query  8         AGAAGAAGGTGAAG  21
                 ||||||||||||||
Sbjct  85326086  AGAAGAAGGTGAAG  85326073


 Score = 28.2 bits (14),  Expect = 4.5
 Identities = 14/14 (100%), Gaps = 0/14 (0%)
 Strand=Plus/Minus

Query  8         AGAAGAAGGTGAAG  21
                 ||||||||||||||
Sbjct  88316964  AGAAGAAGGTGAAG  88316951


 Score = 28.2 bits (14),  Expect = 4.5
 Identities = 14/14 (100%), Gaps = 0/14 (0%)
 Strand=Plus/Minus

Query  7         AAGAAGAAGGTGAA  20
                 ||||||||||||||
Sbjct  88822498  AAGAAGAAGGTGAA  88822485


 Score = 28.2 bits (14),  Expect = 4.5
 Identities = 14/14 (100%), Gaps = 0/14 (0%)
 Strand=Plus/Minus

Query  8         AGAAGAAGGTGAAG  21
                 ||||||||||||||
Sbjct  88849395  AGAAGAAGGTGAAG  88849382


 Score = 28.2 bits (14),  Expect = 4.5
 Identities = 14/14 (100%), Gaps = 0/14 (0%)
 Strand=Plus/Minus

Query  9         GAAGAAGGTGAAGG  22
                 ||||||||||||||
Sbjct  88883536  GAAGAAGGTGAAGG  88883523


 Score = 28.2 bits (14),  Expect = 4.5
 Identities = 14/14 (100%), Gaps = 0/14 (0%)
 Strand=Plus/Minus

Query  9         GAAGAAGGTGAAGG  22
                 ||||||||||||||
Sbjct  89785636  GAAGAAGGTGAAGG  89785623


 Score = 28.2 bits (14),  Expect = 4.5
 Identities = 14/14 (100%), Gaps = 0/14 (0%)
 Strand=Plus/Minus

Query  8         AGAAGAAGGTGAAG  21
                 ||||||||||||||
Sbjct  90239452  AGAAGAAGGTGAAG  90239439


 Score = 28.2 bits (14),  Expect = 4.5
 Identities = 14/14 (100%), Gaps = 0/14 (0%)
 Strand=Plus/Minus

Query  7         AAGAAGAAGGTGAA  20
                 ||||||||||||||
Sbjct  91519878  AAGAAGAAGGTGAA  91519865


 Score = 28.2 bits (14),  Expect = 4.5
 Identities = 14/14 (100%), Gaps = 0/14 (0%)
 Strand=Plus/Minus

Query  6         GAAGAAGAAGGTGA  19
                 ||||||||||||||
Sbjct  92475930  GAAGAAGAAGGTGA  92475917


 Score = 28.2 bits (14),  Expect = 4.5
 Identities = 14/14 (100%), Gaps = 0/14 (0%)
 Strand=Plus/Minus

Query  9         GAAGAAGGTGAAGG  22
                 ||||||||||||||
Sbjct  93213306  GAAGAAGGTGAAGG  93213293


 Score = 28.2 bits (14),  Expect = 4.5
 Identities = 14/14 (100%), Gaps = 0/14 (0%)
 Strand=Plus/Minus

Query  9         GAAGAAGGTGAAGG  22
                 ||||||||||||||
Sbjct  94431333  GAAGAAGGTGAAGG  94431320


 Score = 28.2 bits (14),  Expect = 4.5
 Identities = 14/14 (100%), Gaps = 0/14 (0%)
 Strand=Plus/Minus

Query  8         AGAAGAAGGTGAAG  21
                 ||||||||||||||
Sbjct  95582220  AGAAGAAGGTGAAG  95582207


 Score = 28.2 bits (14),  Expect = 4.5
 Identities = 14/14 (100%), Gaps = 0/14 (0%)
 Strand=Plus/Minus

Query  6         GAAGAAGAAGGTGA  19
                 ||||||||||||||
Sbjct  98579934  GAAGAAGAAGGTGA  98579921


 Score = 28.2 bits (14),  Expect = 4.5
 Identities = 14/14 (100%), Gaps = 0/14 (0%)
 Strand=Plus/Minus

Query  2          AAGGGAAGAAGAAG  15
                  ||||||||||||||
Sbjct  106988607  AAGGGAAGAAGAAG  106988594


 Score = 28.2 bits (14),  Expect = 4.5
 Identities = 14/14 (100%), Gaps = 0/14 (0%)
 Strand=Plus/Minus

Query  8          AGAAGAAGGTGAAG  21
                  ||||||||||||||
Sbjct  109159304  AGAAGAAGGTGAAG  109159291


 Score = 28.2 bits (14),  Expect = 4.5
 Identities = 14/14 (100%), Gaps = 0/14 (0%)
 Strand=Plus/Minus

Query  9          GAAGAAGGTGAAGG  22
                  ||||||||||||||
Sbjct  109402751  GAAGAAGGTGAAGG  109402738


 Score = 28.2 bits (14),  Expect = 4.5
 Identities = 14/14 (100%), Gaps = 0/14 (0%)
 Strand=Plus/Minus

Query  7          AAGAAGAAGGTGAA  20
                  ||||||||||||||
Sbjct  109810843  AAGAAGAAGGTGAA  109810830


 Score = 28.2 bits (14),  Expect = 4.5
 Identities = 14/14 (100%), Gaps = 0/14 (0%)
 Strand=Plus/Minus

Query  8          AGAAGAAGGTGAAG  21
                  ||||||||||||||
Sbjct  111851028  AGAAGAAGGTGAAG  111851015


 Score = 28.2 bits (14),  Expect = 4.5
 Identities = 14/14 (100%), Gaps = 0/14 (0%)
 Strand=Plus/Minus

Query  8          AGAAGAAGGTGAAG  21
                  ||||||||||||||
Sbjct  114234243  AGAAGAAGGTGAAG  114234230


 Score = 28.2 bits (14),  Expect = 4.5
 Identities = 14/14 (100%), Gaps = 0/14 (0%)
 Strand=Plus/Minus

Query  9          GAAGAAGGTGAAGG  22
                  ||||||||||||||
Sbjct  116308095  GAAGAAGGTGAAGG  116308082


 Score = 28.2 bits (14),  Expect = 4.5
 Identities = 14/14 (100%), Gaps = 0/14 (0%)
 Strand=Plus/Minus

Query  9          GAAGAAGGTGAAGG  22
                  ||||||||||||||
Sbjct  116433087  GAAGAAGGTGAAGG  116433074


 Score = 28.2 bits (14),  Expect = 4.5
 Identities = 14/14 (100%), Gaps = 0/14 (0%)
 Strand=Plus/Minus

Query  8          AGAAGAAGGTGAAG  21
                  ||||||||||||||
Sbjct  124951701  AGAAGAAGGTGAAG  124951688


 Score = 28.2 bits (14),  Expect = 4.5
 Identities = 14/14 (100%), Gaps = 0/14 (0%)
 Strand=Plus/Minus

Query  9          GAAGAAGGTGAAGG  22
                  ||||||||||||||
Sbjct  125946103  GAAGAAGGTGAAGG  125946090


 Score = 28.2 bits (14),  Expect = 4.5
 Identities = 14/14 (100%), Gaps = 0/14 (0%)
 Strand=Plus/Minus

Query  8          AGAAGAAGGTGAAG  21
                  ||||||||||||||
Sbjct  125947342  AGAAGAAGGTGAAG  125947329


 Score = 28.2 bits (14),  Expect = 4.5
 Identities = 14/14 (100%), Gaps = 0/14 (0%)
 Strand=Plus/Minus

Query  8          AGAAGAAGGTGAAG  21
                  ||||||||||||||
Sbjct  129371795  AGAAGAAGGTGAAG  129371782


 Score = 28.2 bits (14),  Expect = 4.5
 Identities = 14/14 (100%), Gaps = 0/14 (0%)
 Strand=Plus/Minus

Query  2          AAGGGAAGAAGAAG  15
                  ||||||||||||||
Sbjct  134335816  AAGGGAAGAAGAAG  134335803


 Score = 28.2 bits (14),  Expect = 4.5
 Identities = 14/14 (100%), Gaps = 0/14 (0%)
 Strand=Plus/Minus

Query  1          GAAGGGAAGAAGAA  14
                  ||||||||||||||
Sbjct  134675677  GAAGGGAAGAAGAA  134675664


 Score = 28.2 bits (14),  Expect = 4.5
 Identities = 14/14 (100%), Gaps = 0/14 (0%)
 Strand=Plus/Minus

Query  8          AGAAGAAGGTGAAG  21
                  ||||||||||||||
Sbjct  136822046  AGAAGAAGGTGAAG  136822033


 Score = 28.2 bits (14),  Expect = 4.5
 Identities = 14/14 (100%), Gaps = 0/14 (0%)
 Strand=Plus/Minus

Query  8          AGAAGAAGGTGAAG  21
                  ||||||||||||||
Sbjct  138009608  AGAAGAAGGTGAAG  138009595


 Score = 28.2 bits (14),  Expect = 4.5
 Identities = 14/14 (100%), Gaps = 0/14 (0%)
 Strand=Plus/Minus

Query  9          GAAGAAGGTGAAGG  22
                  ||||||||||||||
Sbjct  140808974  GAAGAAGGTGAAGG  140808961


 Score = 28.2 bits (14),  Expect = 4.5
 Identities = 14/14 (100%), Gaps = 0/14 (0%)
 Strand=Plus/Minus

Query  9          GAAGAAGGTGAAGG  22
                  ||||||||||||||
Sbjct  146953036  GAAGAAGGTGAAGG  146953023


 Score = 28.2 bits (14),  Expect = 4.5
 Identities = 14/14 (100%), Gaps = 0/14 (0%)
 Strand=Plus/Minus

Query  2          AAGGGAAGAAGAAG  15
                  ||||||||||||||
Sbjct  154015502  AAGGGAAGAAGAAG  154015489


 Score = 28.2 bits (14),  Expect = 4.5
 Identities = 14/14 (100%), Gaps = 0/14 (0%)
 Strand=Plus/Minus

Query  2          AAGGGAAGAAGAAG  15
                  ||||||||||||||
Sbjct  154050142  AAGGGAAGAAGAAG  154050129


 Score = 28.2 bits (14),  Expect = 4.5
 Identities = 14/14 (100%), Gaps = 0/14 (0%)
 Strand=Plus/Minus

Query  8          AGAAGAAGGTGAAG  21
                  ||||||||||||||
Sbjct  157600497  AGAAGAAGGTGAAG  157600484


 Score = 28.2 bits (14),  Expect = 4.5
 Identities = 14/14 (100%), Gaps = 0/14 (0%)
 Strand=Plus/Minus

Query  7          AAGAAGAAGGTGAA  20
                  ||||||||||||||
Sbjct  164002103  AAGAAGAAGGTGAA  164002090


 Score = 28.2 bits (14),  Expect = 4.5
 Identities = 14/14 (100%), Gaps = 0/14 (0%)
 Strand=Plus/Minus

Query  6          GAAGAAGAAGGTGA  19
                  ||||||||||||||
Sbjct  164418247  GAAGAAGAAGGTGA  164418234


 Score = 28.2 bits (14),  Expect = 4.5
 Identities = 14/14 (100%), Gaps = 0/14 (0%)
 Strand=Plus/Minus

Query  6          GAAGAAGAAGGTGA  19
                  ||||||||||||||
Sbjct  169770888  GAAGAAGAAGGTGA  169770875


 Score = 28.2 bits (14),  Expect = 4.5
 Identities = 14/14 (100%), Gaps = 0/14 (0%)
 Strand=Plus/Minus

Query  7          AAGAAGAAGGTGAA  20
                  ||||||||||||||
Sbjct  176388583  AAGAAGAAGGTGAA  176388570


 Score = 28.2 bits (14),  Expect = 4.5
 Identities = 14/14 (100%), Gaps = 0/14 (0%)
 Strand=Plus/Minus

Query  9          GAAGAAGGTGAAGG  22
                  ||||||||||||||
Sbjct  181101318  GAAGAAGGTGAAGG  181101305


 Score = 28.2 bits (14),  Expect = 4.5
 Identities = 14/14 (100%), Gaps = 0/14 (0%)
 Strand=Plus/Minus

Query  3          AGGGAAGAAGAAGG  16
                  ||||||||||||||
Sbjct  181433739  AGGGAAGAAGAAGG  181433726


 Score = 28.2 bits (14),  Expect = 4.5
 Identities = 20/22 (91%), Gaps = 0/22 (0%)
 Strand=Plus/Minus

Query  1          GAAGGGAAGAAGAAGGTGAAGG  22
                  |||| ||||||||| |||||||
Sbjct  182462946  GAAGTGAAGAAGAAAGTGAAGG  182462925


 Score = 28.2 bits (14),  Expect = 4.5
 Identities = 14/14 (100%), Gaps = 0/14 (0%)
 Strand=Plus/Minus

Query  2          AAGGGAAGAAGAAG  15
                  ||||||||||||||
Sbjct  199840154  AAGGGAAGAAGAAG  199840141


 Score = 28.2 bits (14),  Expect = 4.5
 Identities = 20/22 (91%), Gaps = 0/22 (0%)
 Strand=Plus/Plus

Query  1        GAAGGGAAGAAGAAGGTGAAGG  22
                ||||||||||| || |||||||
Sbjct  6387560  GAAGGGAAGAAAAAAGTGAAGG  6387581


 Score = 28.2 bits (14),  Expect = 4.5
 Identities = 17/18 (94%), Gaps = 0/18 (0%)
 Strand=Plus/Plus

Query  3         AGGGAAGAAGAAGGTGAA  20
                 ||||||||||||| ||||
Sbjct  13889953  AGGGAAGAAGAAGATGAA  13889970


 Score = 28.2 bits (14),  Expect = 4.5
 Identities = 14/14 (100%), Gaps = 0/14 (0%)
 Strand=Plus/Plus

Query  8         AGAAGAAGGTGAAG  21
                 ||||||||||||||
Sbjct  16660776  AGAAGAAGGTGAAG  16660789


 Score = 28.2 bits (14),  Expect = 4.5
 Identities = 14/14 (100%), Gaps = 0/14 (0%)
 Strand=Plus/Plus

Query  8         AGAAGAAGGTGAAG  21
                 ||||||||||||||
Sbjct  18675891  AGAAGAAGGTGAAG  18675904


 Score = 28.2 bits (14),  Expect = 4.5
 Identities = 14/14 (100%), Gaps = 0/14 (0%)
 Strand=Plus/Plus

Query  7         AAGAAGAAGGTGAA  20
                 ||||||||||||||
Sbjct  21528776  AAGAAGAAGGTGAA  21528789


 Score = 28.2 bits (14),  Expect = 4.5
 Identities = 14/14 (100%), Gaps = 0/14 (0%)
 Strand=Plus/Plus

Query  9         GAAGAAGGTGAAGG  22
                 ||||||||||||||
Sbjct  21859833  GAAGAAGGTGAAGG  21859846


 Score = 28.2 bits (14),  Expect = 4.5
 Identities = 14/14 (100%), Gaps = 0/14 (0%)
 Strand=Plus/Plus

Query  7         AAGAAGAAGGTGAA  20
                 ||||||||||||||
Sbjct  24639696  AAGAAGAAGGTGAA  24639709


 Score = 28.2 bits (14),  Expect = 4.5
 Identities = 14/14 (100%), Gaps = 0/14 (0%)
 Strand=Plus/Plus

Query  1         GAAGGGAAGAAGAA  14
                 ||||||||||||||
Sbjct  26155984  GAAGGGAAGAAGAA  26155997


 Score = 28.2 bits (14),  Expect = 4.5
 Identities = 14/14 (100%), Gaps = 0/14 (0%)
 Strand=Plus/Plus

Query  8         AGAAGAAGGTGAAG  21
                 ||||||||||||||
Sbjct  27669158  AGAAGAAGGTGAAG  27669171


 Score = 28.2 bits (14),  Expect = 4.5
 Identities = 14/14 (100%), Gaps = 0/14 (0%)
 Strand=Plus/Plus

Query  8         AGAAGAAGGTGAAG  21
                 ||||||||||||||
Sbjct  32455014  AGAAGAAGGTGAAG  32455027


 Score = 28.2 bits (14),  Expect = 4.5
 Identities = 14/14 (100%), Gaps = 0/14 (0%)
 Strand=Plus/Plus

Query  9         GAAGAAGGTGAAGG  22
                 ||||||||||||||
Sbjct  36725492  GAAGAAGGTGAAGG  36725505


 Score = 28.2 bits (14),  Expect = 4.5
 Identities = 14/14 (100%), Gaps = 0/14 (0%)
 Strand=Plus/Plus

Query  9         GAAGAAGGTGAAGG  22
                 ||||||||||||||
Sbjct  37351159  GAAGAAGGTGAAGG  37351172


 Score = 28.2 bits (14),  Expect = 4.5
 Identities = 14/14 (100%), Gaps = 0/14 (0%)
 Strand=Plus/Plus

Query  8         AGAAGAAGGTGAAG  21
                 ||||||||||||||
Sbjct  42148227  AGAAGAAGGTGAAG  42148240


 Score = 28.2 bits (14),  Expect = 4.5
 Identities = 14/14 (100%), Gaps = 0/14 (0%)
 Strand=Plus/Plus

Query  9         GAAGAAGGTGAAGG  22
                 ||||||||||||||
Sbjct  46277721  GAAGAAGGTGAAGG  46277734


 Score = 28.2 bits (14),  Expect = 4.5
 Identities = 14/14 (100%), Gaps = 0/14 (0%)
 Strand=Plus/Plus

Query  9         GAAGAAGGTGAAGG  22
                 ||||||||||||||
Sbjct  57972910  GAAGAAGGTGAAGG  57972923


 Score = 28.2 bits (14),  Expect = 4.5
 Identities = 14/14 (100%), Gaps = 0/14 (0%)
 Strand=Plus/Plus

Query  7         AAGAAGAAGGTGAA  20
                 ||||||||||||||
Sbjct  58014515  AAGAAGAAGGTGAA  58014528


 Score = 28.2 bits (14),  Expect = 4.5
 Identities = 14/14 (100%), Gaps = 0/14 (0%)
 Strand=Plus/Plus

Query  9         GAAGAAGGTGAAGG  22
                 ||||||||||||||
Sbjct  58761049  GAAGAAGGTGAAGG  58761062


 Score = 28.2 bits (14),  Expect = 4.5
 Identities = 14/14 (100%), Gaps = 0/14 (0%)
 Strand=Plus/Plus

Query  9         GAAGAAGGTGAAGG  22
                 ||||||||||||||
Sbjct  60185983  GAAGAAGGTGAAGG  60185996


 Score = 28.2 bits (14),  Expect = 4.5
 Identities = 14/14 (100%), Gaps = 0/14 (0%)
 Strand=Plus/Plus

Query  8         AGAAGAAGGTGAAG  21
                 ||||||||||||||
Sbjct  68436212  AGAAGAAGGTGAAG  68436225


 Score = 28.2 bits (14),  Expect = 4.5
 Identities = 14/14 (100%), Gaps = 0/14 (0%)
 Strand=Plus/Plus

Query  8         AGAAGAAGGTGAAG  21
                 ||||||||||||||
Sbjct  68770306  AGAAGAAGGTGAAG  68770319


 Score = 28.2 bits (14),  Expect = 4.5
 Identities = 14/14 (100%), Gaps = 0/14 (0%)
 Strand=Plus/Plus

Query  1         GAAGGGAAGAAGAA  14
                 ||||||||||||||
Sbjct  70234354  GAAGGGAAGAAGAA  70234367


 Score = 28.2 bits (14),  Expect = 4.5
 Identities = 14/14 (100%), Gaps = 0/14 (0%)
 Strand=Plus/Plus

Query  9         GAAGAAGGTGAAGG  22
                 ||||||||||||||
Sbjct  73647440  GAAGAAGGTGAAGG  73647453


 Score = 28.2 bits (14),  Expect = 4.5
 Identities = 14/14 (100%), Gaps = 0/14 (0%)
 Strand=Plus/Plus

Query  8         AGAAGAAGGTGAAG  21
                 ||||||||||||||
Sbjct  80472266  AGAAGAAGGTGAAG  80472279


 Score = 28.2 bits (14),  Expect = 4.5
 Identities = 14/14 (100%), Gaps = 0/14 (0%)
 Strand=Plus/Plus

Query  2         AAGGGAAGAAGAAG  15
                 ||||||||||||||
Sbjct  80622265  AAGGGAAGAAGAAG  80622278


 Score = 28.2 bits (14),  Expect = 4.5
 Identities = 14/14 (100%), Gaps = 0/14 (0%)
 Strand=Plus/Plus

Query  8         AGAAGAAGGTGAAG  21
                 ||||||||||||||
Sbjct  82090903  AGAAGAAGGTGAAG  82090916


 Score = 28.2 bits (14),  Expect = 4.5
 Identities = 14/14 (100%), Gaps = 0/14 (0%)
 Strand=Plus/Plus

Query  9         GAAGAAGGTGAAGG  22
                 ||||||||||||||
Sbjct  83578397  GAAGAAGGTGAAGG  83578410


 Score = 28.2 bits (14),  Expect = 4.5
 Identities = 14/14 (100%), Gaps = 0/14 (0%)
 Strand=Plus/Plus

Query  9         GAAGAAGGTGAAGG  22
                 ||||||||||||||
Sbjct  85023369  GAAGAAGGTGAAGG  85023382


 Score = 28.2 bits (14),  Expect = 4.5
 Identities = 14/14 (100%), Gaps = 0/14 (0%)
 Strand=Plus/Plus

Query  8         AGAAGAAGGTGAAG  21
                 ||||||||||||||
Sbjct  88123703  AGAAGAAGGTGAAG  88123716


 Score = 28.2 bits (14),  Expect = 4.5
 Identities = 14/14 (100%), Gaps = 0/14 (0%)
 Strand=Plus/Plus

Query  8         AGAAGAAGGTGAAG  21
                 ||||||||||||||
Sbjct  88343127  AGAAGAAGGTGAAG  88343140


 Score = 28.2 bits (14),  Expect = 4.5
 Identities = 14/14 (100%), Gaps = 0/14 (0%)
 Strand=Plus/Plus

Query  8         AGAAGAAGGTGAAG  21
                 ||||||||||||||
Sbjct  88481824  AGAAGAAGGTGAAG  88481837


 Score = 28.2 bits (14),  Expect = 4.5
 Identities = 14/14 (100%), Gaps = 0/14 (0%)
 Strand=Plus/Plus

Query  8         AGAAGAAGGTGAAG  21
                 ||||||||||||||
Sbjct  92420724  AGAAGAAGGTGAAG  92420737


 Score = 28.2 bits (14),  Expect = 4.5
 Identities = 14/14 (100%), Gaps = 0/14 (0%)
 Strand=Plus/Plus

Query  8         AGAAGAAGGTGAAG  21
                 ||||||||||||||
Sbjct  95022051  AGAAGAAGGTGAAG  95022064


 Score = 28.2 bits (14),  Expect = 4.5
 Identities = 14/14 (100%), Gaps = 0/14 (0%)
 Strand=Plus/Plus

Query  8         AGAAGAAGGTGAAG  21
                 ||||||||||||||
Sbjct  96242103  AGAAGAAGGTGAAG  96242116


 Score = 28.2 bits (14),  Expect = 4.5
 Identities = 14/14 (100%), Gaps = 0/14 (0%)
 Strand=Plus/Plus

Query  9          GAAGAAGGTGAAGG  22
                  ||||||||||||||
Sbjct  104067377  GAAGAAGGTGAAGG  104067390


 Score = 28.2 bits (14),  Expect = 4.5
 Identities = 14/14 (100%), Gaps = 0/14 (0%)
 Strand=Plus/Plus

Query  7          AAGAAGAAGGTGAA  20
                  ||||||||||||||
Sbjct  105891405  AAGAAGAAGGTGAA  105891418


 Score = 28.2 bits (14),  Expect = 4.5
 Identities = 14/14 (100%), Gaps = 0/14 (0%)
 Strand=Plus/Plus

Query  7          AAGAAGAAGGTGAA  20
                  ||||||||||||||
Sbjct  107987303  AAGAAGAAGGTGAA  107987316


 Score = 28.2 bits (14),  Expect = 4.5
 Identities = 14/14 (100%), Gaps = 0/14 (0%)
 Strand=Plus/Plus

Query  8          AGAAGAAGGTGAAG  21
                  ||||||||||||||
Sbjct  108201431  AGAAGAAGGTGAAG  108201444


 Score = 28.2 bits (14),  Expect = 4.5
 Identities = 14/14 (100%), Gaps = 0/14 (0%)
 Strand=Plus/Plus

Query  8          AGAAGAAGGTGAAG  21
                  ||||||||||||||
Sbjct  108987863  AGAAGAAGGTGAAG  108987876


 Score = 28.2 bits (14),  Expect = 4.5
 Identities = 14/14 (100%), Gaps = 0/14 (0%)
 Strand=Plus/Plus

Query  8          AGAAGAAGGTGAAG  21
                  ||||||||||||||
Sbjct  111111099  AGAAGAAGGTGAAG  111111112


 Score = 28.2 bits (14),  Expect = 4.5
 Identities = 14/14 (100%), Gaps = 0/14 (0%)
 Strand=Plus/Plus

Query  7          AAGAAGAAGGTGAA  20
                  ||||||||||||||
Sbjct  115806311  AAGAAGAAGGTGAA  115806324


 Score = 28.2 bits (14),  Expect = 4.5
 Identities = 14/14 (100%), Gaps = 0/14 (0%)
 Strand=Plus/Plus

Query  8          AGAAGAAGGTGAAG  21
                  ||||||||||||||
Sbjct  117563238  AGAAGAAGGTGAAG  117563251


 Score = 28.2 bits (14),  Expect = 4.5
 Identities = 14/14 (100%), Gaps = 0/14 (0%)
 Strand=Plus/Plus

Query  7          AAGAAGAAGGTGAA  20
                  ||||||||||||||
Sbjct  117966026  AAGAAGAAGGTGAA  117966039


 Score = 28.2 bits (14),  Expect = 4.5
 Identities = 14/14 (100%), Gaps = 0/14 (0%)
 Strand=Plus/Plus

Query  4          GGGAAGAAGAAGGT  17
                  ||||||||||||||
Sbjct  118551926  GGGAAGAAGAAGGT  118551939


 Score = 28.2 bits (14),  Expect = 4.5
 Identities = 17/18 (94%), Gaps = 0/18 (0%)
 Strand=Plus/Plus

Query  3          AGGGAAGAAGAAGGTGAA  20
                  |||||||||||| |||||
Sbjct  119972976  AGGGAAGAAGAATGTGAA  119972993


 Score = 28.2 bits (14),  Expect = 4.5
 Identities = 14/14 (100%), Gaps = 0/14 (0%)
 Strand=Plus/Plus

Query  9          GAAGAAGGTGAAGG  22
                  ||||||||||||||
Sbjct  123309651  GAAGAAGGTGAAGG  123309664


 Score = 28.2 bits (14),  Expect = 4.5
 Identities = 14/14 (100%), Gaps = 0/14 (0%)
 Strand=Plus/Plus

Query  6          GAAGAAGAAGGTGA  19
                  ||||||||||||||
Sbjct  128151907  GAAGAAGAAGGTGA  128151920


 Score = 28.2 bits (14),  Expect = 4.5
 Identities = 14/14 (100%), Gaps = 0/14 (0%)
 Strand=Plus/Plus

Query  9          GAAGAAGGTGAAGG  22
                  ||||||||||||||
Sbjct  128774257  GAAGAAGGTGAAGG  128774270


 Score = 28.2 bits (14),  Expect = 4.5
 Identities = 14/14 (100%), Gaps = 0/14 (0%)
 Strand=Plus/Plus

Query  8          AGAAGAAGGTGAAG  21
                  ||||||||||||||
Sbjct  130208864  AGAAGAAGGTGAAG  130208877


 Score = 28.2 bits (14),  Expect = 4.5
 Identities = 14/14 (100%), Gaps = 0/14 (0%)
 Strand=Plus/Plus

Query  9          GAAGAAGGTGAAGG  22
                  ||||||||||||||
Sbjct  136558598  GAAGAAGGTGAAGG  136558611


 Score = 28.2 bits (14),  Expect = 4.5
 Identities = 14/14 (100%), Gaps = 0/14 (0%)
 Strand=Plus/Plus

Query  9          GAAGAAGGTGAAGG  22
                  ||||||||||||||
Sbjct  142973769  GAAGAAGGTGAAGG  142973782


 Score = 28.2 bits (14),  Expect = 4.5
 Identities = 14/14 (100%), Gaps = 0/14 (0%)
 Strand=Plus/Plus

Query  8          AGAAGAAGGTGAAG  21
                  ||||||||||||||
Sbjct  143526249  AGAAGAAGGTGAAG  143526262


 Score = 28.2 bits (14),  Expect = 4.5
 Identities = 14/14 (100%), Gaps = 0/14 (0%)
 Strand=Plus/Plus

Query  8          AGAAGAAGGTGAAG  21
                  ||||||||||||||
Sbjct  145823779  AGAAGAAGGTGAAG  145823792


 Score = 28.2 bits (14),  Expect = 4.5
 Identities = 14/14 (100%), Gaps = 0/14 (0%)
 Strand=Plus/Plus

Query  7          AAGAAGAAGGTGAA  20
                  ||||||||||||||
Sbjct  166747062  AAGAAGAAGGTGAA  166747075


 Score = 28.2 bits (14),  Expect = 4.5
 Identities = 14/14 (100%), Gaps = 0/14 (0%)
 Strand=Plus/Plus

Query  8          AGAAGAAGGTGAAG  21
                  ||||||||||||||
Sbjct  168974109  AGAAGAAGGTGAAG  168974122


 Score = 28.2 bits (14),  Expect = 4.5
 Identities = 14/14 (100%), Gaps = 0/14 (0%)
 Strand=Plus/Plus

Query  8          AGAAGAAGGTGAAG  21
                  ||||||||||||||
Sbjct  170426908  AGAAGAAGGTGAAG  170426921


 Score = 28.2 bits (14),  Expect = 4.5
 Identities = 14/14 (100%), Gaps = 0/14 (0%)
 Strand=Plus/Plus

Query  8          AGAAGAAGGTGAAG  21
                  ||||||||||||||
Sbjct  170428471  AGAAGAAGGTGAAG  170428484


 Score = 28.2 bits (14),  Expect = 4.5
 Identities = 14/14 (100%), Gaps = 0/14 (0%)
 Strand=Plus/Plus

Query  9          GAAGAAGGTGAAGG  22
                  ||||||||||||||
Sbjct  171809079  GAAGAAGGTGAAGG  171809092


 Score = 28.2 bits (14),  Expect = 4.5
 Identities = 14/14 (100%), Gaps = 0/14 (0%)
 Strand=Plus/Plus

Query  9          GAAGAAGGTGAAGG  22
                  ||||||||||||||
Sbjct  171831836  GAAGAAGGTGAAGG  171831849


 Score = 28.2 bits (14),  Expect = 4.5
 Identities = 14/14 (100%), Gaps = 0/14 (0%)
 Strand=Plus/Plus

Query  3          AGGGAAGAAGAAGG  16
                  ||||||||||||||
Sbjct  175957222  AGGGAAGAAGAAGG  175957235


 Score = 28.2 bits (14),  Expect = 4.5
 Identities = 14/14 (100%), Gaps = 0/14 (0%)
 Strand=Plus/Plus

Query  6          GAAGAAGAAGGTGA  19
                  ||||||||||||||
Sbjct  184860111  GAAGAAGAAGGTGA  184860124


 Score = 28.2 bits (14),  Expect = 4.5
 Identities = 14/14 (100%), Gaps = 0/14 (0%)
 Strand=Plus/Plus

Query  7          AAGAAGAAGGTGAA  20
                  ||||||||||||||
Sbjct  197757141  AAGAAGAAGGTGAA  197757154



Lambda      K        H
    1.37    0.711     1.31 

Gapped
Lambda      K        H
    1.37    0.711     1.31 

Effective search space used: 1416636753


  Database: datasets/ncbi_dataset/data/GCA_000950795.1/chr10.fna
    Posted date:  Sep 10, 2021  3:02 PM
  Number of letters in database: 202,376,694
  Number of sequences in database:  1



Matrix: blastn matrix 1 -3
Gap Penalties: Existence: 5, Extension: 2
