BLASTN 2.12.0+


Reference: Stephen F. Altschul, Thomas L. Madden, Alejandro A.
Schaffer, Jinghui Zhang, Zheng Zhang, Webb Miller, and David J.
Lipman (1997), "Gapped BLAST and PSI-BLAST: a new generation of
protein database search programs", Nucleic Acids Res. 25:3389-3402.



Database: datasets/ncbi_dataset/data/GCF_000710875.1/chr1.fna
           1 sequences; 301,019,445 total letters



Query= 
Length=21
                                                                      Score     E
Sequences producing significant alignments:                          (Bits)  Value

NC_029977.1 Capsicum annuum cultivar Zunla-1 chromosome 1, Pepper...  34.2    0.092


>NC_029977.1 Capsicum annuum cultivar Zunla-1 chromosome 1, Pepper Zunla 1 
Ref_v1.0, whole genome shotgun sequence
Length=301019445

 Score = 34.2 bits (17),  Expect = 0.092
 Identities = 20/21 (95%), Gaps = 0/21 (0%)
 Strand=Plus/Plus

Query  1        AACTCACTTTGGCAGTCTCTC  21
                |||||||||||||| ||||||
Sbjct  6680411  AACTCACTTTGGCAATCTCTC  6680431


 Score = 28.2 bits (14),  Expect = 5.7
 Identities = 14/14 (100%), Gaps = 0/14 (0%)
 Strand=Plus/Plus

Query  5          CACTTTGGCAGTCT  18
                  ||||||||||||||
Sbjct  259855266  CACTTTGGCAGTCT  259855279


 Score = 28.2 bits (14),  Expect = 5.7
 Identities = 14/14 (100%), Gaps = 0/14 (0%)
 Strand=Plus/Minus

Query  5         CACTTTGGCAGTCT  18
                 ||||||||||||||
Sbjct  53351722  CACTTTGGCAGTCT  53351709


 Score = 28.2 bits (14),  Expect = 5.7
 Identities = 14/14 (100%), Gaps = 0/14 (0%)
 Strand=Plus/Minus

Query  3          CTCACTTTGGCAGT  16
                  ||||||||||||||
Sbjct  113770671  CTCACTTTGGCAGT  113770658


 Score = 28.2 bits (14),  Expect = 5.7
 Identities = 14/14 (100%), Gaps = 0/14 (0%)
 Strand=Plus/Minus

Query  5          CACTTTGGCAGTCT  18
                  ||||||||||||||
Sbjct  114770043  CACTTTGGCAGTCT  114770030


 Score = 28.2 bits (14),  Expect = 5.7
 Identities = 14/14 (100%), Gaps = 0/14 (0%)
 Strand=Plus/Minus

Query  5          CACTTTGGCAGTCT  18
                  ||||||||||||||
Sbjct  141070756  CACTTTGGCAGTCT  141070743



Lambda      K        H
    1.37    0.711     1.31 

Gapped
Lambda      K        H
    1.37    0.711     1.31 

Effective search space used: 1806116580


  Database: datasets/ncbi_dataset/data/GCF_000710875.1/chr1.fna
    Posted date:  Sep 10, 2021  3:05 PM
  Number of letters in database: 301,019,445
  Number of sequences in database:  1



Matrix: blastn matrix 1 -3
Gap Penalties: Existence: 5, Extension: 2
