BLASTN 2.12.0+


Reference: Stephen F. Altschul, Thomas L. Madden, Alejandro A.
Schaffer, Jinghui Zhang, Zheng Zhang, Webb Miller, and David J.
Lipman (1997), "Gapped BLAST and PSI-BLAST: a new generation of
protein database search programs", Nucleic Acids Res. 25:3389-3402.



Database: datasets/ncbi_dataset/data/GCF_000710875.1/chr6.fna
           1 sequences; 219,521,584 total letters



Query= 
Length=20
                                                                      Score     E
Sequences producing significant alignments:                          (Bits)  Value

NC_029982.1 Capsicum annuum cultivar Zunla-1 chromosome 6, Pepper...  40.1    0.001


>NC_029982.1 Capsicum annuum cultivar Zunla-1 chromosome 6, Pepper Zunla 1 
Ref_v1.0, whole genome shotgun sequence
Length=219521584

 Score = 40.1 bits (20),  Expect = 0.001
 Identities = 20/20 (100%), Gaps = 0/20 (0%)
 Strand=Plus/Minus

Query  1          AATTGGGATGCAGCGTGTCT  20
                  ||||||||||||||||||||
Sbjct  104983475  AATTGGGATGCAGCGTGTCT  104983456


 Score = 28.2 bits (14),  Expect = 3.4
 Identities = 14/14 (100%), Gaps = 0/14 (0%)
 Strand=Plus/Minus

Query  2          ATTGGGATGCAGCG  15
                  ||||||||||||||
Sbjct  186160805  ATTGGGATGCAGCG  186160792



Lambda      K        H
    1.37    0.711     1.31 

Gapped
Lambda      K        H
    1.37    0.711     1.31 

Effective search space used: 1097607845


  Database: datasets/ncbi_dataset/data/GCF_000710875.1/chr6.fna
    Posted date:  Sep 10, 2021  3:05 PM
  Number of letters in database: 219,521,584
  Number of sequences in database:  1



Matrix: blastn matrix 1 -3
Gap Penalties: Existence: 5, Extension: 2
