BLASTN 2.12.0+


Reference: Stephen F. Altschul, Thomas L. Madden, Alejandro A.
Schaffer, Jinghui Zhang, Zheng Zhang, Webb Miller, and David J.
Lipman (1997), "Gapped BLAST and PSI-BLAST: a new generation of
protein database search programs", Nucleic Acids Res. 25:3389-3402.



Database: datasets/ncbi_dataset/data/GCF_000710875.1/chr2.fna
           1 sequences; 163,962,470 total letters



Query= 
Length=22
                                                                      Score     E
Sequences producing significant alignments:                          (Bits)  Value

NC_029978.1 Capsicum annuum cultivar Zunla-1 chromosome 2, Pepper...  44.1    6e-05


>NC_029978.1 Capsicum annuum cultivar Zunla-1 chromosome 2, Pepper Zunla 1 
Ref_v1.0, whole genome shotgun sequence
Length=163962470

 Score = 44.1 bits (22),  Expect = 6e-05
 Identities = 22/22 (100%), Gaps = 0/22 (0%)
 Strand=Plus/Minus

Query  1          GGGAAGGGAAGAGAACCATAAA  22
                  ||||||||||||||||||||||
Sbjct  135909850  GGGAAGGGAAGAGAACCATAAA  135909829


 Score = 32.2 bits (16),  Expect = 0.23
 Identities = 16/16 (100%), Gaps = 0/16 (0%)
 Strand=Plus/Minus

Query  4         AAGGGAAGAGAACCAT  19
                 ||||||||||||||||
Sbjct  22292164  AAGGGAAGAGAACCAT  22292149


 Score = 30.2 bits (15),  Expect = 0.91
 Identities = 15/15 (100%), Gaps = 0/15 (0%)
 Strand=Plus/Minus

Query  1         GGGAAGGGAAGAGAA  15
                 |||||||||||||||
Sbjct  96195208  GGGAAGGGAAGAGAA  96195194


 Score = 30.2 bits (15),  Expect = 0.91
 Identities = 18/19 (95%), Gaps = 0/19 (0%)
 Strand=Plus/Plus

Query  1          GGGAAGGGAAGAGAACCAT  19
                  ||||| |||||||||||||
Sbjct  112321646  GGGAATGGAAGAGAACCAT  112321664


 Score = 30.2 bits (15),  Expect = 0.91
 Identities = 15/15 (100%), Gaps = 0/15 (0%)
 Strand=Plus/Plus

Query  5          AGGGAAGAGAACCAT  19
                  |||||||||||||||
Sbjct  119816274  AGGGAAGAGAACCAT  119816288


 Score = 30.2 bits (15),  Expect = 0.91
 Identities = 15/15 (100%), Gaps = 0/15 (0%)
 Strand=Plus/Minus

Query  8          GAAGAGAACCATAAA  22
                  |||||||||||||||
Sbjct  129705151  GAAGAGAACCATAAA  129705137


 Score = 30.2 bits (15),  Expect = 0.91
 Identities = 15/15 (100%), Gaps = 0/15 (0%)
 Strand=Plus/Plus

Query  5          AGGGAAGAGAACCAT  19
                  |||||||||||||||
Sbjct  146267039  AGGGAAGAGAACCAT  146267053


 Score = 30.2 bits (15),  Expect = 0.91
 Identities = 15/15 (100%), Gaps = 0/15 (0%)
 Strand=Plus/Plus

Query  1          GGGAAGGGAAGAGAA  15
                  |||||||||||||||
Sbjct  148901341  GGGAAGGGAAGAGAA  148901355


 Score = 28.2 bits (14),  Expect = 3.6
 Identities = 14/14 (100%), Gaps = 0/14 (0%)
 Strand=Plus/Minus

Query  3        GAAGGGAAGAGAAC  16
                ||||||||||||||
Sbjct  2814204  GAAGGGAAGAGAAC  2814191


 Score = 28.2 bits (14),  Expect = 3.6
 Identities = 14/14 (100%), Gaps = 0/14 (0%)
 Strand=Plus/Plus

Query  9         AAGAGAACCATAAA  22
                 ||||||||||||||
Sbjct  34955705  AAGAGAACCATAAA  34955718


 Score = 28.2 bits (14),  Expect = 3.6
 Identities = 14/14 (100%), Gaps = 0/14 (0%)
 Strand=Plus/Minus

Query  4         AAGGGAAGAGAACC  17
                 ||||||||||||||
Sbjct  42343341  AAGGGAAGAGAACC  42343328


 Score = 28.2 bits (14),  Expect = 3.6
 Identities = 14/14 (100%), Gaps = 0/14 (0%)
 Strand=Plus/Plus

Query  9         AAGAGAACCATAAA  22
                 ||||||||||||||
Sbjct  55040106  AAGAGAACCATAAA  55040119


 Score = 28.2 bits (14),  Expect = 3.6
 Identities = 14/14 (100%), Gaps = 0/14 (0%)
 Strand=Plus/Minus

Query  1         GGGAAGGGAAGAGA  14
                 ||||||||||||||
Sbjct  60355490  GGGAAGGGAAGAGA  60355477


 Score = 28.2 bits (14),  Expect = 3.6
 Identities = 14/14 (100%), Gaps = 0/14 (0%)
 Strand=Plus/Plus

Query  1         GGGAAGGGAAGAGA  14
                 ||||||||||||||
Sbjct  87899830  GGGAAGGGAAGAGA  87899843


 Score = 28.2 bits (14),  Expect = 3.6
 Identities = 14/14 (100%), Gaps = 0/14 (0%)
 Strand=Plus/Minus

Query  9          AAGAGAACCATAAA  22
                  ||||||||||||||
Sbjct  120358142  AAGAGAACCATAAA  120358129


 Score = 28.2 bits (14),  Expect = 3.6
 Identities = 14/14 (100%), Gaps = 0/14 (0%)
 Strand=Plus/Minus

Query  1          GGGAAGGGAAGAGA  14
                  ||||||||||||||
Sbjct  130005851  GGGAAGGGAAGAGA  130005838


 Score = 28.2 bits (14),  Expect = 3.6
 Identities = 14/14 (100%), Gaps = 0/14 (0%)
 Strand=Plus/Minus

Query  9          AAGAGAACCATAAA  22
                  ||||||||||||||
Sbjct  144283715  AAGAGAACCATAAA  144283702


 Score = 28.2 bits (14),  Expect = 3.6
 Identities = 17/18 (94%), Gaps = 0/18 (0%)
 Strand=Plus/Plus

Query  5          AGGGAAGAGAACCATAAA  22
                  ||||||||||| ||||||
Sbjct  147524257  AGGGAAGAGAAGCATAAA  147524274


 Score = 28.2 bits (14),  Expect = 3.6
 Identities = 14/14 (100%), Gaps = 0/14 (0%)
 Strand=Plus/Plus

Query  2          GGAAGGGAAGAGAA  15
                  ||||||||||||||
Sbjct  151307444  GGAAGGGAAGAGAA  151307457



Lambda      K        H
    1.37    0.711     1.31 

Gapped
Lambda      K        H
    1.37    0.711     1.31 

Effective search space used: 1147737185


  Database: datasets/ncbi_dataset/data/GCF_000710875.1/chr2.fna
    Posted date:  Sep 10, 2021  3:05 PM
  Number of letters in database: 163,962,470
  Number of sequences in database:  1



Matrix: blastn matrix 1 -3
Gap Penalties: Existence: 5, Extension: 2
